---------------------------------------------------------------
[ 2020-01-06T00:56:46+08:00 ] 106.11.159.171 GET www.569528.com/xpw/220196_3224_572_2.html
[运行时间：0.014482s] [吞吐率：69.05req/s] [内存消耗：1,867.54kb] [文件加载：106]
[ info ] [ BEHAVIOR ] Run Closure @app_init [ RunTime:0.000014s ]
[ info ] [ CACHE ] INIT File
[ info ] [ BEHAVIOR ] Run Closure @app_init [ RunTime:0.000669s ]
[ info ] [ LANG ] /www/wwwroot/v.zzz80.cn/fasetadmin/thinkphp/lang/zh-cn.php
[ info ] [ ROUTE ] array (
  'type' => 'module',
  'module' => 
  array (
    0 => 'xpw',
    1 => '220196_3224_572_2',
    2 => NULL,
  ),
)
[ info ] [ HEADER ] array (
  'user-agent' => 'YisouSpider',
  'connection' => 'Keep-Alive',
  'thumbwidth' => '512',
  'accept-encoding' => 'gzip',
  'accept-language' => 'zh-cn,en-us,zh-tw,en-gb,en;',
  'totaltimeout' => '12000',
  'thumbquality' => '60',
  'thumbhight' => '512',
  'accept' => '*/*',
  'screenwidth' => '1200',
  'host' => 'www.569528.com',
)
[ info ] [ PARAM ] array (
)
[ info ] [ LOG ] INIT File
---------------------------------------------------------------
[ 2020-01-06T00:56:46+08:00 ] 42.156.254.58 GET www.569528.com/xpw/220196_3224_572_2.html
[运行时间：0.013380s] [吞吐率：74.74req/s] [内存消耗：1,866.70kb] [文件加载：106]
[ info ] [ BEHAVIOR ] Run Closure @app_init [ RunTime:0.000013s ]
[ info ] [ CACHE ] INIT File
[ info ] [ BEHAVIOR ] Run Closure @app_init [ RunTime:0.000625s ]
[ info ] [ LANG ] /www/wwwroot/v.zzz80.cn/fasetadmin/thinkphp/lang/zh-cn.php
[ info ] [ ROUTE ] array (
  'type' => 'module',
  'module' => 
  array (
    0 => 'xpw',
    1 => '220196_3224_572_2',
    2 => NULL,
  ),
)
[ info ] [ HEADER ] array (
  'connection' => 'close',
  'user-agent' => 'Mozilla/5.0 (Windows NT 6.1; Win64; x64) AppleWebKit/537.36 (KHTML, like Gecko) Chrome/69.0.3497.81 YisouSpider/5.0 Safari/537.36',
  'upgrade-insecure-requests' => '1',
  'host' => 'www.569528.com',
  'accept-encoding' => 'gzip, deflate',
  'accept' => 'text/html,application/xhtml+xml,application/xml;q=0.9,image/webp,image/apng,*/*;q=0.8',
)
[ info ] [ PARAM ] array (
)
[ info ] [ LOG ] INIT File
---------------------------------------------------------------
[ 2020-01-06T03:21:33+08:00 ] 101.132.144.145 GET 569528.com/
[运行时间：0.023334s] [吞吐率：42.86req/s] [内存消耗：3,392.84kb] [文件加载：128]
[ info ] [ BEHAVIOR ] Run Closure @app_init [ RunTime:0.000015s ]
[ info ] [ CACHE ] INIT File
[ info ] [ BEHAVIOR ] Run Closure @app_init [ RunTime:0.000644s ]
[ info ] [ LANG ] /www/wwwroot/v.zzz80.cn/fasetadmin/thinkphp/lang/zh-cn.php
[ info ] [ ROUTE ] array (
  'type' => 'module',
  'module' => 
  array (
    0 => '',
    1 => NULL,
    2 => NULL,
  ),
)
[ info ] [ HEADER ] array (
  'accept-encoding' => 'gzip',
  'connection' => 'Keep-Alive',
  'host' => '569528.com',
  'user-agent' => 'Mozilla/5.0 (Linux; Android 4.1.1; Nexus 7 Build/JRO03D)',
)
[ info ] [ PARAM ] array (
)
[ info ] [ LANG ] /www/wwwroot/v.zzz80.cn/fasetadmin/public/../application/index/lang/zh-cn.php
[ info ] [ BEHAVIOR ] Run app\common\behavior\Common @module_init [ RunTime:0.000961s ]
[ info ] [ TOKEN ] INIT Mysql
[ info ] [ DB ] INIT mysql
[ info ] [ VIEW ] /www/wwwroot/v.zzz80.cn/fasetadmin/public/../application/common/view/tpl/dispatch_jump.tpl [ array (
  0 => 'code',
  1 => 'msg',
  2 => 'data',
  3 => 'url',
  4 => 'wait',
) ]
[ info ] [ LOG ] INIT File
[ sql ] [ DB ] CONNECT:[ UseTime:0.000202s ] mysql:host=localhost;port=3306;dbname=fastadmin;charset=utf8
[ sql ] [ SQL ] SHOW COLUMNS FROM `fa_user_token` [ RunTime:0.000401s ]
[ sql ] [ SQL ] SELECT * FROM `fa_user_token` WHERE  `token` = 'd8aa945b8448d8a41ab99c04b04f9e522294b47c' LIMIT 1 [ RunTime:0.000190s ]
---------------------------------------------------------------
[ 2020-01-06T03:29:51+08:00 ] 47.97.215.92 GET www.569528.com/
[运行时间：0.023383s] [吞吐率：42.77req/s] [内存消耗：3,392.91kb] [文件加载：128]
[ info ] [ BEHAVIOR ] Run Closure @app_init [ RunTime:0.000017s ]
[ info ] [ CACHE ] INIT File
[ info ] [ BEHAVIOR ] Run Closure @app_init [ RunTime:0.000639s ]
[ info ] [ LANG ] /www/wwwroot/v.zzz80.cn/fasetadmin/thinkphp/lang/zh-cn.php
[ info ] [ ROUTE ] array (
  'type' => 'module',
  'module' => 
  array (
    0 => '',
    1 => NULL,
    2 => NULL,
  ),
)
[ info ] [ HEADER ] array (
  'accept-encoding' => 'gzip',
  'connection' => 'Keep-Alive',
  'host' => 'www.569528.com',
  'user-agent' => 'Mozilla/5.0 (Linux; Android 4.1.1; Nexus 7 Build/JRO03D)',
)
[ info ] [ PARAM ] array (
)
[ info ] [ LANG ] /www/wwwroot/v.zzz80.cn/fasetadmin/public/../application/index/lang/zh-cn.php
[ info ] [ BEHAVIOR ] Run app\common\behavior\Common @module_init [ RunTime:0.000943s ]
[ info ] [ TOKEN ] INIT Mysql
[ info ] [ DB ] INIT mysql
[ info ] [ VIEW ] /www/wwwroot/v.zzz80.cn/fasetadmin/public/../application/common/view/tpl/dispatch_jump.tpl [ array (
  0 => 'code',
  1 => 'msg',
  2 => 'data',
  3 => 'url',
  4 => 'wait',
) ]
[ info ] [ LOG ] INIT File
[ sql ] [ DB ] CONNECT:[ UseTime:0.000197s ] mysql:host=localhost;port=3306;dbname=fastadmin;charset=utf8
[ sql ] [ SQL ] SHOW COLUMNS FROM `fa_user_token` [ RunTime:0.000413s ]
[ sql ] [ SQL ] SELECT * FROM `fa_user_token` WHERE  `token` = 'd8aa945b8448d8a41ab99c04b04f9e522294b47c' LIMIT 1 [ RunTime:0.000200s ]
---------------------------------------------------------------
[ 2020-01-06T03:50:02+08:00 ] 207.46.13.187 GET www.569528.com/
[运行时间：0.023358s] [吞吐率：42.81req/s] [内存消耗：3,395.24kb] [文件加载：128]
[ info ] [ BEHAVIOR ] Run Closure @app_init [ RunTime:0.000014s ]
[ info ] [ CACHE ] INIT File
[ info ] [ BEHAVIOR ] Run Closure @app_init [ RunTime:0.000657s ]
[ info ] [ LANG ] /www/wwwroot/v.zzz80.cn/fasetadmin/thinkphp/lang/zh-cn.php
[ info ] [ ROUTE ] array (
  'type' => 'module',
  'module' => 
  array (
    0 => '',
    1 => NULL,
    2 => NULL,
  ),
)
[ info ] [ HEADER ] array (
  'user-agent' => 'Mozilla/5.0 (compatible; bingbot/2.0; +http://www.bing.com/bingbot.htm)',
  'host' => 'www.569528.com',
  'from' => 'bingbot(at)microsoft.com',
  'accept-encoding' => 'gzip, deflate',
  'accept' => '*/*',
  'pragma' => 'no-cache',
  'connection' => 'Keep-Alive',
  'cache-control' => 'no-cache',
)
[ info ] [ PARAM ] array (
)
[ info ] [ LANG ] /www/wwwroot/v.zzz80.cn/fasetadmin/public/../application/index/lang/zh-cn.php
[ info ] [ BEHAVIOR ] Run app\common\behavior\Common @module_init [ RunTime:0.000953s ]
[ info ] [ TOKEN ] INIT Mysql
[ info ] [ DB ] INIT mysql
[ info ] [ VIEW ] /www/wwwroot/v.zzz80.cn/fasetadmin/public/../application/common/view/tpl/dispatch_jump.tpl [ array (
  0 => 'code',
  1 => 'msg',
  2 => 'data',
  3 => 'url',
  4 => 'wait',
) ]
[ info ] [ LOG ] INIT File
[ sql ] [ DB ] CONNECT:[ UseTime:0.000205s ] mysql:host=localhost;port=3306;dbname=fastadmin;charset=utf8
[ sql ] [ SQL ] SHOW COLUMNS FROM `fa_user_token` [ RunTime:0.000409s ]
[ sql ] [ SQL ] SELECT * FROM `fa_user_token` WHERE  `token` = 'd8aa945b8448d8a41ab99c04b04f9e522294b47c' LIMIT 1 [ RunTime:0.000185s ]
---------------------------------------------------------------
[ 2020-01-06T05:30:59+08:00 ] 106.11.152.166 GET www.569528.com/xpw/372572_9900_221_8.html
[运行时间：0.013906s] [吞吐率：71.91req/s] [内存消耗：1,867.55kb] [文件加载：106]
[ info ] [ BEHAVIOR ] Run Closure @app_init [ RunTime:0.000014s ]
[ info ] [ CACHE ] INIT File
[ info ] [ BEHAVIOR ] Run Closure @app_init [ RunTime:0.000664s ]
[ info ] [ LANG ] /www/wwwroot/v.zzz80.cn/fasetadmin/thinkphp/lang/zh-cn.php
[ info ] [ ROUTE ] array (
  'type' => 'module',
  'module' => 
  array (
    0 => 'xpw',
    1 => '372572_9900_221_8',
    2 => NULL,
  ),
)
[ info ] [ HEADER ] array (
  'user-agent' => 'YisouSpider',
  'connection' => 'Keep-Alive',
  'thumbwidth' => '512',
  'accept-encoding' => 'gzip',
  'accept-language' => 'zh-cn,en-us,zh-tw,en-gb,en;',
  'totaltimeout' => '12000',
  'thumbquality' => '60',
  'thumbhight' => '512',
  'accept' => '*/*',
  'screenwidth' => '1200',
  'host' => 'www.569528.com',
)
[ info ] [ PARAM ] array (
)
[ info ] [ LOG ] INIT File
---------------------------------------------------------------
[ 2020-01-06T05:30:59+08:00 ] 106.11.157.47 GET www.569528.com/xpw/372572_9900_221_8.html
[运行时间：0.013384s] [吞吐率：74.72req/s] [内存消耗：1,866.70kb] [文件加载：106]
[ info ] [ BEHAVIOR ] Run Closure @app_init [ RunTime:0.000012s ]
[ info ] [ CACHE ] INIT File
[ info ] [ BEHAVIOR ] Run Closure @app_init [ RunTime:0.000630s ]
[ info ] [ LANG ] /www/wwwroot/v.zzz80.cn/fasetadmin/thinkphp/lang/zh-cn.php
[ info ] [ ROUTE ] array (
  'type' => 'module',
  'module' => 
  array (
    0 => 'xpw',
    1 => '372572_9900_221_8',
    2 => NULL,
  ),
)
[ info ] [ HEADER ] array (
  'connection' => 'close',
  'user-agent' => 'Mozilla/5.0 (Windows NT 6.1; Win64; x64) AppleWebKit/537.36 (KHTML, like Gecko) Chrome/69.0.3497.81 YisouSpider/5.0 Safari/537.36',
  'upgrade-insecure-requests' => '1',
  'host' => 'www.569528.com',
  'accept-encoding' => 'gzip, deflate',
  'accept' => 'text/html,application/xhtml+xml,application/xml;q=0.9,image/webp,image/apng,*/*;q=0.8',
)
[ info ] [ PARAM ] array (
)
[ info ] [ LOG ] INIT File
---------------------------------------------------------------
[ 2020-01-06T06:01:31+08:00 ] 207.46.13.187 GET www.569528.com/
[运行时间：0.024163s] [吞吐率：41.39req/s] [内存消耗：3,395.24kb] [文件加载：128]
[ info ] [ BEHAVIOR ] Run Closure @app_init [ RunTime:0.000014s ]
[ info ] [ CACHE ] INIT File
[ info ] [ BEHAVIOR ] Run Closure @app_init [ RunTime:0.000669s ]
[ info ] [ LANG ] /www/wwwroot/v.zzz80.cn/fasetadmin/thinkphp/lang/zh-cn.php
[ info ] [ ROUTE ] array (
  'type' => 'module',
  'module' => 
  array (
    0 => '',
    1 => NULL,
    2 => NULL,
  ),
)
[ info ] [ HEADER ] array (
  'user-agent' => 'Mozilla/5.0 (compatible; bingbot/2.0; +http://www.bing.com/bingbot.htm)',
  'host' => 'www.569528.com',
  'from' => 'bingbot(at)microsoft.com',
  'accept-encoding' => 'gzip, deflate',
  'accept' => '*/*',
  'pragma' => 'no-cache',
  'connection' => 'Keep-Alive',
  'cache-control' => 'no-cache',
)
[ info ] [ PARAM ] array (
)
[ info ] [ LANG ] /www/wwwroot/v.zzz80.cn/fasetadmin/public/../application/index/lang/zh-cn.php
[ info ] [ BEHAVIOR ] Run app\common\behavior\Common @module_init [ RunTime:0.000938s ]
[ info ] [ TOKEN ] INIT Mysql
[ info ] [ DB ] INIT mysql
[ info ] [ VIEW ] /www/wwwroot/v.zzz80.cn/fasetadmin/public/../application/common/view/tpl/dispatch_jump.tpl [ array (
  0 => 'code',
  1 => 'msg',
  2 => 'data',
  3 => 'url',
  4 => 'wait',
) ]
[ info ] [ LOG ] INIT File
[ sql ] [ DB ] CONNECT:[ UseTime:0.000204s ] mysql:host=localhost;port=3306;dbname=fastadmin;charset=utf8
[ sql ] [ SQL ] SHOW COLUMNS FROM `fa_user_token` [ RunTime:0.000417s ]
[ sql ] [ SQL ] SELECT * FROM `fa_user_token` WHERE  `token` = 'd8aa945b8448d8a41ab99c04b04f9e522294b47c' LIMIT 1 [ RunTime:0.000206s ]
---------------------------------------------------------------
[ 2020-01-06T06:05:55+08:00 ] 66.249.73.40 GET 569528.com/
[运行时间：0.023340s] [吞吐率：42.84req/s] [内存消耗：3,394.97kb] [文件加载：128]
[ info ] [ BEHAVIOR ] Run Closure @app_init [ RunTime:0.000013s ]
[ info ] [ CACHE ] INIT File
[ info ] [ BEHAVIOR ] Run Closure @app_init [ RunTime:0.000638s ]
[ info ] [ LANG ] /www/wwwroot/v.zzz80.cn/fasetadmin/thinkphp/lang/zh-cn.php
[ info ] [ ROUTE ] array (
  'type' => 'module',
  'module' => 
  array (
    0 => '',
    1 => NULL,
    2 => NULL,
  ),
)
[ info ] [ HEADER ] array (
  'accept-encoding' => 'gzip,deflate,br',
  'user-agent' => 'Mozilla/5.0 (compatible; Googlebot/2.1; +http://www.google.com/bot.html)',
  'from' => 'googlebot(at)googlebot.com',
  'accept' => 'text/html,application/xhtml+xml,application/xml;q=0.9,*/*;q=0.8',
  'connection' => 'keep-alive',
  'host' => '569528.com',
)
[ info ] [ PARAM ] array (
)
[ info ] [ LANG ] /www/wwwroot/v.zzz80.cn/fasetadmin/public/../application/index/lang/zh-cn.php
[ info ] [ BEHAVIOR ] Run app\common\behavior\Common @module_init [ RunTime:0.000961s ]
[ info ] [ TOKEN ] INIT Mysql
[ info ] [ DB ] INIT mysql
[ info ] [ VIEW ] /www/wwwroot/v.zzz80.cn/fasetadmin/public/../application/common/view/tpl/dispatch_jump.tpl [ array (
  0 => 'code',
  1 => 'msg',
  2 => 'data',
  3 => 'url',
  4 => 'wait',
) ]
[ info ] [ LOG ] INIT File
[ sql ] [ DB ] CONNECT:[ UseTime:0.000208s ] mysql:host=localhost;port=3306;dbname=fastadmin;charset=utf8
[ sql ] [ SQL ] SHOW COLUMNS FROM `fa_user_token` [ RunTime:0.000407s ]
[ sql ] [ SQL ] SELECT * FROM `fa_user_token` WHERE  `token` = 'd8aa945b8448d8a41ab99c04b04f9e522294b47c' LIMIT 1 [ RunTime:0.000184s ]
---------------------------------------------------------------
[ 2020-01-06T10:08:52+08:00 ] 106.11.157.162 GET www.569528.com/bdm/360730_8998_602_10.html
[运行时间：0.013638s] [吞吐率：73.32req/s] [内存消耗：1,867.55kb] [文件加载：106]
[ info ] [ BEHAVIOR ] Run Closure @app_init [ RunTime:0.000014s ]
[ info ] [ CACHE ] INIT File
[ info ] [ BEHAVIOR ] Run Closure @app_init [ RunTime:0.000638s ]
[ info ] [ LANG ] /www/wwwroot/v.zzz80.cn/fasetadmin/thinkphp/lang/zh-cn.php
[ info ] [ ROUTE ] array (
  'type' => 'module',
  'module' => 
  array (
    0 => 'bdm',
    1 => '360730_8998_602_10',
    2 => NULL,
  ),
)
[ info ] [ HEADER ] array (
  'user-agent' => 'YisouSpider',
  'connection' => 'Keep-Alive',
  'thumbwidth' => '512',
  'accept-encoding' => 'gzip',
  'accept-language' => 'zh-cn,en-us,zh-tw,en-gb,en;',
  'totaltimeout' => '12000',
  'thumbquality' => '60',
  'thumbhight' => '512',
  'accept' => '*/*',
  'screenwidth' => '1200',
  'host' => 'www.569528.com',
)
[ info ] [ PARAM ] array (
)
[ info ] [ LOG ] INIT File
---------------------------------------------------------------
[ 2020-01-06T10:08:53+08:00 ] 42.156.136.121 GET www.569528.com/bdm/360730_8998_602_10.html
[运行时间：0.013592s] [吞吐率：73.57req/s] [内存消耗：1,866.70kb] [文件加载：106]
[ info ] [ BEHAVIOR ] Run Closure @app_init [ RunTime:0.000015s ]
[ info ] [ CACHE ] INIT File
[ info ] [ BEHAVIOR ] Run Closure @app_init [ RunTime:0.000643s ]
[ info ] [ LANG ] /www/wwwroot/v.zzz80.cn/fasetadmin/thinkphp/lang/zh-cn.php
[ info ] [ ROUTE ] array (
  'type' => 'module',
  'module' => 
  array (
    0 => 'bdm',
    1 => '360730_8998_602_10',
    2 => NULL,
  ),
)
[ info ] [ HEADER ] array (
  'connection' => 'close',
  'user-agent' => 'Mozilla/5.0 (Windows NT 6.1; Win64; x64) AppleWebKit/537.36 (KHTML, like Gecko) Chrome/69.0.3497.81 YisouSpider/5.0 Safari/537.36',
  'upgrade-insecure-requests' => '1',
  'host' => 'www.569528.com',
  'accept-encoding' => 'gzip, deflate',
  'accept' => 'text/html,application/xhtml+xml,application/xml;q=0.9,image/webp,image/apng,*/*;q=0.8',
)
[ info ] [ PARAM ] array (
)
[ info ] [ LOG ] INIT File
---------------------------------------------------------------
[ 2020-01-06T14:12:04+08:00 ] 107.148.253.140 GET www.569528.com/
[运行时间：0.023282s] [吞吐率：42.95req/s] [内存消耗：3,395.40kb] [文件加载：128]
[ info ] [ BEHAVIOR ] Run Closure @app_init [ RunTime:0.000015s ]
[ info ] [ CACHE ] INIT File
[ info ] [ BEHAVIOR ] Run Closure @app_init [ RunTime:0.000650s ]
[ info ] [ LANG ] /www/wwwroot/v.zzz80.cn/fasetadmin/thinkphp/lang/zh-cn.php
[ info ] [ ROUTE ] array (
  'type' => 'module',
  'module' => 
  array (
    0 => '',
    1 => NULL,
    2 => NULL,
  ),
)
[ info ] [ HEADER ] array (
  'connection' => 'Keep-Alive',
  'host' => 'www.569528.com',
  'user-agent' => 'Mozilla/5.0 (Windows NT 6.1; WOW64; rv:17.0) Gecko/20100101 Firefox/17.0',
  'accept' => 'image/gif, image/x-xbitmap, image/jpeg, image/pjpeg, application/x-shockwave-flash, application/vnd.ms-excel, application/vnd.ms-powerpoint, application/msword, */*',
  'content-type' => 'application/x-www-form-urlencoded',
)
[ info ] [ PARAM ] array (
)
[ info ] [ LANG ] /www/wwwroot/v.zzz80.cn/fasetadmin/public/../application/index/lang/zh-cn.php
[ info ] [ BEHAVIOR ] Run app\common\behavior\Common @module_init [ RunTime:0.000937s ]
[ info ] [ TOKEN ] INIT Mysql
[ info ] [ DB ] INIT mysql
[ info ] [ VIEW ] /www/wwwroot/v.zzz80.cn/fasetadmin/public/../application/common/view/tpl/dispatch_jump.tpl [ array (
  0 => 'code',
  1 => 'msg',
  2 => 'data',
  3 => 'url',
  4 => 'wait',
) ]
[ info ] [ LOG ] INIT File
[ sql ] [ DB ] CONNECT:[ UseTime:0.000204s ] mysql:host=localhost;port=3306;dbname=fastadmin;charset=utf8
[ sql ] [ SQL ] SHOW COLUMNS FROM `fa_user_token` [ RunTime:0.000405s ]
[ sql ] [ SQL ] SELECT * FROM `fa_user_token` WHERE  `token` = 'd8aa945b8448d8a41ab99c04b04f9e522294b47c' LIMIT 1 [ RunTime:0.000183s ]
---------------------------------------------------------------
[ 2020-01-06T14:46:29+08:00 ] 106.11.156.189 GET www.569528.com/xpw/379446_10476_271_4.html
[运行时间：0.013703s] [吞吐率：72.98req/s] [内存消耗：1,867.55kb] [文件加载：106]
[ info ] [ BEHAVIOR ] Run Closure @app_init [ RunTime:0.000015s ]
[ info ] [ CACHE ] INIT File
[ info ] [ BEHAVIOR ] Run Closure @app_init [ RunTime:0.000654s ]
[ info ] [ LANG ] /www/wwwroot/v.zzz80.cn/fasetadmin/thinkphp/lang/zh-cn.php
[ info ] [ ROUTE ] array (
  'type' => 'module',
  'module' => 
  array (
    0 => 'xpw',
    1 => '379446_10476_271_4',
    2 => NULL,
  ),
)
[ info ] [ HEADER ] array (
  'user-agent' => 'YisouSpider',
  'connection' => 'Keep-Alive',
  'thumbwidth' => '512',
  'accept-encoding' => 'gzip',
  'accept-language' => 'zh-cn,en-us,zh-tw,en-gb,en;',
  'totaltimeout' => '12000',
  'thumbquality' => '60',
  'thumbhight' => '512',
  'accept' => '*/*',
  'screenwidth' => '1200',
  'host' => 'www.569528.com',
)
[ info ] [ PARAM ] array (
)
[ info ] [ LOG ] INIT File
---------------------------------------------------------------
[ 2020-01-06T14:46:29+08:00 ] 42.156.137.20 GET www.569528.com/xpw/379446_10476_271_4.html
[运行时间：0.013427s] [吞吐率：74.48req/s] [内存消耗：1,866.70kb] [文件加载：106]
[ info ] [ BEHAVIOR ] Run Closure @app_init [ RunTime:0.000012s ]
[ info ] [ CACHE ] INIT File
[ info ] [ BEHAVIOR ] Run Closure @app_init [ RunTime:0.000613s ]
[ info ] [ LANG ] /www/wwwroot/v.zzz80.cn/fasetadmin/thinkphp/lang/zh-cn.php
[ info ] [ ROUTE ] array (
  'type' => 'module',
  'module' => 
  array (
    0 => 'xpw',
    1 => '379446_10476_271_4',
    2 => NULL,
  ),
)
[ info ] [ HEADER ] array (
  'connection' => 'close',
  'user-agent' => 'Mozilla/5.0 (Windows NT 6.1; Win64; x64) AppleWebKit/537.36 (KHTML, like Gecko) Chrome/69.0.3497.81 YisouSpider/5.0 Safari/537.36',
  'upgrade-insecure-requests' => '1',
  'host' => 'www.569528.com',
  'accept-encoding' => 'gzip, deflate',
  'accept' => 'text/html,application/xhtml+xml,application/xml;q=0.9,image/webp,image/apng,*/*;q=0.8',
)
[ info ] [ PARAM ] array (
)
[ info ] [ LOG ] INIT File
---------------------------------------------------------------
[ 2020-01-06T19:13:21+08:00 ] 106.11.158.166 GET www.569528.com/wsgfj/370972_9709_303_0.html
[运行时间：0.014489s] [吞吐率：69.02req/s] [内存消耗：1,867.55kb] [文件加载：106]
[ info ] [ BEHAVIOR ] Run Closure @app_init [ RunTime:0.000015s ]
[ info ] [ CACHE ] INIT File
[ info ] [ BEHAVIOR ] Run Closure @app_init [ RunTime:0.000658s ]
[ info ] [ LANG ] /www/wwwroot/v.zzz80.cn/fasetadmin/thinkphp/lang/zh-cn.php
[ info ] [ ROUTE ] array (
  'type' => 'module',
  'module' => 
  array (
    0 => 'wsgfj',
    1 => '370972_9709_303_0',
    2 => NULL,
  ),
)
[ info ] [ HEADER ] array (
  'user-agent' => 'YisouSpider',
  'connection' => 'Keep-Alive',
  'thumbwidth' => '512',
  'accept-encoding' => 'gzip',
  'accept-language' => 'zh-cn,en-us,zh-tw,en-gb,en;',
  'totaltimeout' => '12000',
  'thumbquality' => '60',
  'thumbhight' => '512',
  'accept' => '*/*',
  'screenwidth' => '1200',
  'host' => 'www.569528.com',
)
[ info ] [ PARAM ] array (
)
[ info ] [ LOG ] INIT File
---------------------------------------------------------------
[ 2020-01-06T19:13:22+08:00 ] 106.11.156.100 GET www.569528.com/wsgfj/370972_9709_303_0.html
[运行时间：0.013469s] [吞吐率：74.24req/s] [内存消耗：1,866.70kb] [文件加载：106]
[ info ] [ BEHAVIOR ] Run Closure @app_init [ RunTime:0.000012s ]
[ info ] [ CACHE ] INIT File
[ info ] [ BEHAVIOR ] Run Closure @app_init [ RunTime:0.000638s ]
[ info ] [ LANG ] /www/wwwroot/v.zzz80.cn/fasetadmin/thinkphp/lang/zh-cn.php
[ info ] [ ROUTE ] array (
  'type' => 'module',
  'module' => 
  array (
    0 => 'wsgfj',
    1 => '370972_9709_303_0',
    2 => NULL,
  ),
)
[ info ] [ HEADER ] array (
  'connection' => 'close',
  'user-agent' => 'Mozilla/5.0 (Windows NT 6.1; Win64; x64) AppleWebKit/537.36 (KHTML, like Gecko) Chrome/69.0.3497.81 YisouSpider/5.0 Safari/537.36',
  'upgrade-insecure-requests' => '1',
  'host' => 'www.569528.com',
  'accept-encoding' => 'gzip, deflate',
  'accept' => 'text/html,application/xhtml+xml,application/xml;q=0.9,image/webp,image/apng,*/*;q=0.8',
)
[ info ] [ PARAM ] array (
)
[ info ] [ LOG ] INIT File
---------------------------------------------------------------
[ 2020-01-06T20:26:06+08:00 ] 40.77.167.91 GET www.569528.com/
[运行时间：0.023366s] [吞吐率：42.80req/s] [内存消耗：3,395.24kb] [文件加载：128]
[ info ] [ BEHAVIOR ] Run Closure @app_init [ RunTime:0.000014s ]
[ info ] [ CACHE ] INIT File
[ info ] [ BEHAVIOR ] Run Closure @app_init [ RunTime:0.000629s ]
[ info ] [ LANG ] /www/wwwroot/v.zzz80.cn/fasetadmin/thinkphp/lang/zh-cn.php
[ info ] [ ROUTE ] array (
  'type' => 'module',
  'module' => 
  array (
    0 => '',
    1 => NULL,
    2 => NULL,
  ),
)
[ info ] [ HEADER ] array (
  'user-agent' => 'Mozilla/5.0 (compatible; bingbot/2.0; +http://www.bing.com/bingbot.htm)',
  'host' => 'www.569528.com',
  'from' => 'bingbot(at)microsoft.com',
  'accept-encoding' => 'gzip, deflate',
  'accept' => '*/*',
  'pragma' => 'no-cache',
  'connection' => 'Keep-Alive',
  'cache-control' => 'no-cache',
)
[ info ] [ PARAM ] array (
)
[ info ] [ LANG ] /www/wwwroot/v.zzz80.cn/fasetadmin/public/../application/index/lang/zh-cn.php
[ info ] [ BEHAVIOR ] Run app\common\behavior\Common @module_init [ RunTime:0.000938s ]
[ info ] [ TOKEN ] INIT Mysql
[ info ] [ DB ] INIT mysql
[ info ] [ VIEW ] /www/wwwroot/v.zzz80.cn/fasetadmin/public/../application/common/view/tpl/dispatch_jump.tpl [ array (
  0 => 'code',
  1 => 'msg',
  2 => 'data',
  3 => 'url',
  4 => 'wait',
) ]
[ info ] [ LOG ] INIT File
[ sql ] [ DB ] CONNECT:[ UseTime:0.000199s ] mysql:host=localhost;port=3306;dbname=fastadmin;charset=utf8
[ sql ] [ SQL ] SHOW COLUMNS FROM `fa_user_token` [ RunTime:0.000418s ]
[ sql ] [ SQL ] SELECT * FROM `fa_user_token` WHERE  `token` = 'd8aa945b8448d8a41ab99c04b04f9e522294b47c' LIMIT 1 [ RunTime:0.000199s ]
---------------------------------------------------------------
[ 2020-01-06T21:24:19+08:00 ] 40.77.167.91 GET www.569528.com/wsgfj/100326_815_882_1.html
[运行时间：0.013689s] [吞吐率：73.05req/s] [内存消耗：1,866.70kb] [文件加载：106]
[ info ] [ BEHAVIOR ] Run Closure @app_init [ RunTime:0.000015s ]
[ info ] [ CACHE ] INIT File
[ info ] [ BEHAVIOR ] Run Closure @app_init [ RunTime:0.000652s ]
[ info ] [ LANG ] /www/wwwroot/v.zzz80.cn/fasetadmin/thinkphp/lang/zh-cn.php
[ info ] [ ROUTE ] array (
  'type' => 'module',
  'module' => 
  array (
    0 => 'wsgfj',
    1 => '100326_815_882_1',
    2 => NULL,
  ),
)
[ info ] [ HEADER ] array (
  'user-agent' => 'Mozilla/5.0 (compatible; bingbot/2.0; +http://www.bing.com/bingbot.htm)',
  'host' => 'www.569528.com',
  'from' => 'bingbot(at)microsoft.com',
  'accept-encoding' => 'gzip, deflate',
  'accept' => '*/*',
  'pragma' => 'no-cache',
  'connection' => 'Keep-Alive',
  'cache-control' => 'no-cache',
)
[ info ] [ PARAM ] array (
)
[ info ] [ LOG ] INIT File
---------------------------------------------------------------
[ 2020-01-06T21:24:35+08:00 ] 157.55.39.134 GET www.569528.com/bdm/307854_5923_599_4.html
[运行时间：0.013695s] [吞吐率：73.02req/s] [内存消耗：1,866.70kb] [文件加载：106]
[ info ] [ BEHAVIOR ] Run Closure @app_init [ RunTime:0.000021s ]
[ info ] [ CACHE ] INIT File
[ info ] [ BEHAVIOR ] Run Closure @app_init [ RunTime:0.000642s ]
[ info ] [ LANG ] /www/wwwroot/v.zzz80.cn/fasetadmin/thinkphp/lang/zh-cn.php
[ info ] [ ROUTE ] array (
  'type' => 'module',
  'module' => 
  array (
    0 => 'bdm',
    1 => '307854_5923_599_4',
    2 => NULL,
  ),
)
[ info ] [ HEADER ] array (
  'user-agent' => 'Mozilla/5.0 (compatible; bingbot/2.0; +http://www.bing.com/bingbot.htm)',
  'host' => 'www.569528.com',
  'from' => 'bingbot(at)microsoft.com',
  'accept-encoding' => 'gzip, deflate',
  'accept' => '*/*',
  'pragma' => 'no-cache',
  'connection' => 'Keep-Alive',
  'cache-control' => 'no-cache',
)
[ info ] [ PARAM ] array (
)
[ info ] [ LOG ] INIT File
---------------------------------------------------------------
[ 2020-01-06T21:24:47+08:00 ] 40.77.167.104 GET www.569528.com/cmz/273207_4934_802_0.html
[运行时间：0.013780s] [吞吐率：72.57req/s] [内存消耗：1,866.70kb] [文件加载：106]
[ info ] [ BEHAVIOR ] Run Closure @app_init [ RunTime:0.000014s ]
[ info ] [ CACHE ] INIT File
[ info ] [ BEHAVIOR ] Run Closure @app_init [ RunTime:0.000641s ]
[ info ] [ LANG ] /www/wwwroot/v.zzz80.cn/fasetadmin/thinkphp/lang/zh-cn.php
[ info ] [ ROUTE ] array (
  'type' => 'module',
  'module' => 
  array (
    0 => 'cmz',
    1 => '273207_4934_802_0',
    2 => NULL,
  ),
)
[ info ] [ HEADER ] array (
  'user-agent' => 'Mozilla/5.0 (compatible; bingbot/2.0; +http://www.bing.com/bingbot.htm)',
  'host' => 'www.569528.com',
  'from' => 'bingbot(at)microsoft.com',
  'accept-encoding' => 'gzip, deflate',
  'accept' => '*/*',
  'pragma' => 'no-cache',
  'connection' => 'Keep-Alive',
  'cache-control' => 'no-cache',
)
[ info ] [ PARAM ] array (
)
[ info ] [ LOG ] INIT File
---------------------------------------------------------------
[ 2020-01-06T21:42:48+08:00 ] 220.181.108.115 GET www.569528.com/
[运行时间：0.023439s] [吞吐率：42.66req/s] [内存消耗：3,395.08kb] [文件加载：128]
[ info ] [ BEHAVIOR ] Run Closure @app_init [ RunTime:0.000015s ]
[ info ] [ CACHE ] INIT File
[ info ] [ BEHAVIOR ] Run Closure @app_init [ RunTime:0.000652s ]
[ info ] [ LANG ] /www/wwwroot/v.zzz80.cn/fasetadmin/thinkphp/lang/zh-cn.php
[ info ] [ ROUTE ] array (
  'type' => 'module',
  'module' => 
  array (
    0 => '',
    1 => NULL,
    2 => NULL,
  ),
)
[ info ] [ HEADER ] array (
  'accept' => '*/*',
  'accept-encoding' => 'gzip',
  'if-none-match' => '"@NULL@"',
  'accept-language' => 'zh-cn,zh-tw',
  'user-agent' => 'Mozilla/5.0 (compatible; Baiduspider/2.0; +http://www.baidu.com/search/spider.html)',
  'connection' => 'close',
  'host' => 'www.569528.com',
)
[ info ] [ PARAM ] array (
)
[ info ] [ LANG ] /www/wwwroot/v.zzz80.cn/fasetadmin/public/../application/index/lang/zh-cn.php
[ info ] [ BEHAVIOR ] Run app\common\behavior\Common @module_init [ RunTime:0.000955s ]
[ info ] [ TOKEN ] INIT Mysql
[ info ] [ DB ] INIT mysql
[ info ] [ VIEW ] /www/wwwroot/v.zzz80.cn/fasetadmin/public/../application/common/view/tpl/dispatch_jump.tpl [ array (
  0 => 'code',
  1 => 'msg',
  2 => 'data',
  3 => 'url',
  4 => 'wait',
) ]
[ info ] [ LOG ] INIT File
[ sql ] [ DB ] CONNECT:[ UseTime:0.000205s ] mysql:host=localhost;port=3306;dbname=fastadmin;charset=utf8
[ sql ] [ SQL ] SHOW COLUMNS FROM `fa_user_token` [ RunTime:0.000422s ]
[ sql ] [ SQL ] SELECT * FROM `fa_user_token` WHERE  `token` = 'd8aa945b8448d8a41ab99c04b04f9e522294b47c' LIMIT 1 [ RunTime:0.000215s ]
---------------------------------------------------------------
[ 2020-01-06T23:23:56+08:00 ] 207.46.13.109 GET 569528.com/cmz/
[运行时间：0.014399s] [吞吐率：69.45req/s] [内存消耗：1,865.96kb] [文件加载：106]
[ info ] [ BEHAVIOR ] Run Closure @app_init [ RunTime:0.000014s ]
[ info ] [ CACHE ] INIT File
[ info ] [ BEHAVIOR ] Run Closure @app_init [ RunTime:0.000665s ]
[ info ] [ LANG ] /www/wwwroot/v.zzz80.cn/fasetadmin/thinkphp/lang/zh-cn.php
[ info ] [ ROUTE ] array (
  'type' => 'module',
  'module' => 
  array (
    0 => 'cmz',
    1 => NULL,
    2 => NULL,
  ),
)
[ info ] [ HEADER ] array (
  'user-agent' => 'Mozilla/5.0 (compatible; bingbot/2.0; +http://www.bing.com/bingbot.htm)',
  'host' => '569528.com',
  'accept-encoding' => 'gzip, deflate',
  'accept' => '*/*',
  'pragma' => 'no-cache',
  'connection' => 'Keep-Alive',
  'cache-control' => 'no-cache',
)
[ info ] [ PARAM ] array (
)
[ info ] [ LOG ] INIT File
