---------------------------------------------------------------
[ 2019-10-21T10:01:02+08:00 ] 0.0.0.0 GET localhost:777/BHtwcrWyps.php/auth/rule?addtabs=1
[运行时间：1.265000s] [吞吐率：0.79req/s] [内存消耗：4,367.37kb] [文件加载：135]
[ info ] [ BEHAVIOR ] Run Closure @app_init [ RunTime:0.001000s ]
[ info ] [ CACHE ] INIT File
[ info ] [ BEHAVIOR ] Run Closure @app_init [ RunTime:0.035000s ]
[ info ] [ LANG ] C:\Users\Administrator\Desktop\fastAdmin\thinkphp\lang\zh-cn.php
[ info ] [ ROUTE ] array (
  'type' => 'module',
  'module' => 
  array (
    0 => 'admin',
    1 => 'auth.rule',
    2 => NULL,
  ),
)
[ info ] [ HEADER ] array (
  'cookie' => '_ga=GA1.1.1676223138.1569549790; PHPSESSID=4ls6koq334qpvt9b49e08ev3q0; Hm_lvt_f8d0a8c400404989e195270b0bbf060a=1570499845; Hm_lpvt_f8d0a8c400404989e195270b0bbf060a=1570695979; uid=6; token=3f7ecfd0-3a6a-4ad5-a262-dc0182905899',
  'accept-language' => 'zh-CN,zh;q=0.9',
  'accept-encoding' => 'gzip, deflate, br',
  'referer' => 'http://localhost:777/BHtwcrWyps.php/auth/rule?ref=addtabs',
  'sec-fetch-site' => 'same-origin',
  'accept' => 'text/html,application/xhtml+xml,application/xml;q=0.9,image/webp,image/apng,*/*;q=0.8,application/signed-exchange;v=b3',
  'sec-fetch-mode' => 'nested-navigate',
  'user-agent' => 'Mozilla/5.0 (Windows NT 6.1; WOW64) AppleWebKit/537.36 (KHTML, like Gecko) Chrome/77.0.3865.120 Safari/537.36',
  'upgrade-insecure-requests' => '1',
  'connection' => 'close',
  'host' => 'localhost:777',
)
[ info ] [ PARAM ] array (
  'addtabs' => '1',
)
[ info ] [ LANG ] C:\Users\Administrator\Desktop\fastAdmin\public/../application/admin\lang\zh-cn.php
[ info ] [ BEHAVIOR ] Run app\common\behavior\Common @module_init [ RunTime:0.006000s ]
[ info ] [ SESSION ] INIT array (
  'id' => '',
  'var_session_id' => '',
  'prefix' => 'think',
  'type' => '',
  'auto_start' => true,
)
[ info ] [ DB ] INIT mysql
[ info ] [ LANG ] C:\Users\Administrator\Desktop\fastAdmin\public/../application/admin/lang/zh-cn/auth/rule.php
[ info ] [ RUN ] app\admin\controller\auth\Rule->index[ C:\Users\Administrator\Desktop\fastAdmin\application\admin\controller\auth\Rule.php ]
[ info ] [ VIEW ] C:\Users\Administrator\Desktop\fastAdmin\public/../application/admin\view\auth\rule\index.html [ array (
  0 => 'breadcrumb',
  1 => 'site',
  2 => 'config',
  3 => 'auth',
  4 => 'admin',
  5 => 'ruledata',
) ]
[ info ] [ BEHAVIOR ] Run app\admin\behavior\AdminLog @app_end [ RunTime:0.001000s ]
[ info ] [ LOG ] INIT File
[ sql ] [ DB ] CONNECT:[ UseTime:0.011000s ] mysql:host=127.0.0.1;dbname=fastadmin;charset=utf8
[ sql ] [ SQL ] SHOW COLUMNS FROM `fa_auth_group_access` [ RunTime:0.035000s ]
[ sql ] [ SQL ] SELECT `aga`.`uid`,`aga`.`group_id`,`ag`.`id`,`ag`.`pid`,`ag`.`name`,`ag`.`rules` FROM `fa_auth_group_access` `aga` LEFT JOIN `fa_auth_group` `ag` ON `aga`.`group_id`=`ag`.`id` WHERE  (  aga.uid='1' and ag.status='normal' ) [ RunTime:0.002000s ]
[ sql ] [ SQL ] SHOW COLUMNS FROM `fa_auth_rule` [ RunTime:0.009000s ]
[ sql ] [ SQL ] SELECT `id`,`pid`,`condition`,`icon`,`name`,`title`,`ismenu` FROM `fa_auth_rule` WHERE  `status` = 'normal' [ RunTime:0.003000s ]
[ sql ] [ SQL ] SELECT * FROM `fa_auth_rule` ORDER BY `weigh` DESC,`id` ASC [ RunTime:0.019000s ]
[ sql ] [ SQL ] SELECT `title`,`remark` FROM `fa_auth_rule` WHERE  `name` = 'auth/rule' LIMIT 1 [ RunTime:0.002000s ]
---------------------------------------------------------------
[ 2019-10-21T10:01:04+08:00 ] 0.0.0.0 GET localhost:777/BHtwcrWyps.php/ajax/lang?callback=define&controllername=auth.rule&v=1571623262
[运行时间：0.325000s] [吞吐率：3.08req/s] [内存消耗：3,214.82kb] [文件加载：125]
[ info ] [ BEHAVIOR ] Run Closure @app_init [ RunTime:0.000000s ]
[ info ] [ CACHE ] INIT File
[ info ] [ BEHAVIOR ] Run Closure @app_init [ RunTime:0.006000s ]
[ info ] [ LANG ] C:\Users\Administrator\Desktop\fastAdmin\thinkphp\lang\zh-cn.php
[ info ] [ ROUTE ] array (
  'type' => 'module',
  'module' => 
  array (
    0 => 'admin',
    1 => 'ajax',
    2 => 'lang',
  ),
)
[ info ] [ HEADER ] array (
  'cookie' => '_ga=GA1.1.1676223138.1569549790; PHPSESSID=4ls6koq334qpvt9b49e08ev3q0; Hm_lvt_f8d0a8c400404989e195270b0bbf060a=1570499845; Hm_lpvt_f8d0a8c400404989e195270b0bbf060a=1570695979; uid=6; token=3f7ecfd0-3a6a-4ad5-a262-dc0182905899',
  'accept-language' => 'zh-CN,zh;q=0.9',
  'accept-encoding' => 'gzip, deflate, br',
  'referer' => 'http://localhost:777/BHtwcrWyps.php/auth/rule?addtabs=1',
  'sec-fetch-site' => 'same-origin',
  'accept' => '*/*',
  'user-agent' => 'Mozilla/5.0 (Windows NT 6.1; WOW64) AppleWebKit/537.36 (KHTML, like Gecko) Chrome/77.0.3865.120 Safari/537.36',
  'sec-fetch-mode' => 'no-cors',
  'connection' => 'close',
  'host' => 'localhost:777',
)
[ info ] [ PARAM ] array (
  'callback' => 'define',
  'controllername' => 'auth.rule',
  'v' => '1571623262',
)
[ info ] [ LANG ] C:\Users\Administrator\Desktop\fastAdmin\public/../application/admin\lang\zh-cn.php
[ info ] [ BEHAVIOR ] Run app\common\behavior\Common @module_init [ RunTime:0.005000s ]
[ info ] [ SESSION ] INIT array (
  'id' => '',
  'var_session_id' => '',
  'prefix' => 'think',
  'type' => '',
  'auto_start' => true,
)
[ info ] [ LANG ] C:\Users\Administrator\Desktop\fastAdmin\public/../application/admin/lang/zh-cn/ajax.php
[ info ] [ RUN ] app\admin\controller\Ajax->lang[ C:\Users\Administrator\Desktop\fastAdmin\application\admin\controller\Ajax.php ]
[ info ] [ LANG ] C:\Users\Administrator\Desktop\fastAdmin\public/../application/admin/lang/zh-cn/auth/rule.php
[ info ] [ BEHAVIOR ] Run app\admin\behavior\AdminLog @app_end [ RunTime:0.000000s ]
[ info ] [ LOG ] INIT File
---------------------------------------------------------------
[ 2019-10-21T10:01:05+08:00 ] 0.0.0.0 GET localhost:777/BHtwcrWyps.php/auth/rule/index?sort=weigh&order=desc&_=1571623263569
[运行时间：0.558000s] [吞吐率：1.79req/s] [内存消耗：4,454.13kb] [文件加载：135]
[ info ] [ BEHAVIOR ] Run Closure @app_init [ RunTime:0.000000s ]
[ info ] [ CACHE ] INIT File
[ info ] [ BEHAVIOR ] Run Closure @app_init [ RunTime:0.005000s ]
[ info ] [ LANG ] C:\Users\Administrator\Desktop\fastAdmin\thinkphp\lang\zh-cn.php
[ info ] [ ROUTE ] array (
  'type' => 'module',
  'module' => 
  array (
    0 => 'admin',
    1 => 'auth.rule',
    2 => 'index',
  ),
)
[ info ] [ HEADER ] array (
  'cookie' => '_ga=GA1.1.1676223138.1569549790; PHPSESSID=4ls6koq334qpvt9b49e08ev3q0; Hm_lvt_f8d0a8c400404989e195270b0bbf060a=1570499845; Hm_lpvt_f8d0a8c400404989e195270b0bbf060a=1570695979; uid=6; token=3f7ecfd0-3a6a-4ad5-a262-dc0182905899',
  'accept-language' => 'zh-CN,zh;q=0.9',
  'accept-encoding' => 'gzip, deflate, br',
  'referer' => 'http://localhost:777/BHtwcrWyps.php/auth/rule?addtabs=1',
  'sec-fetch-site' => 'same-origin',
  'content-type' => 'application/json',
  'sec-fetch-mode' => 'cors',
  'user-agent' => 'Mozilla/5.0 (Windows NT 6.1; WOW64) AppleWebKit/537.36 (KHTML, like Gecko) Chrome/77.0.3865.120 Safari/537.36',
  'x-requested-with' => 'XMLHttpRequest',
  'accept' => 'application/json, text/javascript, */*; q=0.01',
  'connection' => 'close',
  'host' => 'localhost:777',
)
[ info ] [ PARAM ] array (
  'sort' => 'weigh',
  'order' => 'desc',
  '_' => '1571623263569',
)
[ info ] [ LANG ] C:\Users\Administrator\Desktop\fastAdmin\public/../application/admin\lang\zh-cn.php
[ info ] [ BEHAVIOR ] Run app\common\behavior\Common @module_init [ RunTime:0.005000s ]
[ info ] [ SESSION ] INIT array (
  'id' => '',
  'var_session_id' => '',
  'prefix' => 'think',
  'type' => '',
  'auto_start' => true,
)
[ info ] [ DB ] INIT mysql
[ info ] [ LANG ] C:\Users\Administrator\Desktop\fastAdmin\public/../application/admin/lang/zh-cn/auth/rule.php
[ info ] [ RUN ] app\admin\controller\auth\Rule->index[ C:\Users\Administrator\Desktop\fastAdmin\application\admin\controller\auth\Rule.php ]
[ info ] [ BEHAVIOR ] Run app\admin\behavior\AdminLog @app_end [ RunTime:0.000000s ]
[ info ] [ LOG ] INIT File
[ sql ] [ DB ] CONNECT:[ UseTime:0.001000s ] mysql:host=127.0.0.1;dbname=fastadmin;charset=utf8
[ sql ] [ SQL ] SHOW COLUMNS FROM `fa_auth_group_access` [ RunTime:0.007000s ]
[ sql ] [ SQL ] SELECT `aga`.`uid`,`aga`.`group_id`,`ag`.`id`,`ag`.`pid`,`ag`.`name`,`ag`.`rules` FROM `fa_auth_group_access` `aga` LEFT JOIN `fa_auth_group` `ag` ON `aga`.`group_id`=`ag`.`id` WHERE  (  aga.uid='1' and ag.status='normal' ) [ RunTime:0.002000s ]
[ sql ] [ SQL ] SHOW COLUMNS FROM `fa_auth_rule` [ RunTime:0.007000s ]
[ sql ] [ SQL ] SELECT `id`,`pid`,`condition`,`icon`,`name`,`title`,`ismenu` FROM `fa_auth_rule` WHERE  `status` = 'normal' [ RunTime:0.002000s ]
[ sql ] [ SQL ] SELECT * FROM `fa_auth_rule` ORDER BY `weigh` DESC,`id` ASC [ RunTime:0.003000s ]
---------------------------------------------------------------
[ 2019-10-21T10:01:07+08:00 ] 0.0.0.0 GET localhost:777/BHtwcrWyps.php/auth/rule/add?dialog=1
[运行时间：0.673000s] [吞吐率：1.49req/s] [内存消耗：4,420.77kb] [文件加载：135]
[ info ] [ BEHAVIOR ] Run Closure @app_init [ RunTime:0.000000s ]
[ info ] [ CACHE ] INIT File
[ info ] [ BEHAVIOR ] Run Closure @app_init [ RunTime:0.010000s ]
[ info ] [ LANG ] C:\Users\Administrator\Desktop\fastAdmin\thinkphp\lang\zh-cn.php
[ info ] [ ROUTE ] array (
  'type' => 'module',
  'module' => 
  array (
    0 => 'admin',
    1 => 'auth.rule',
    2 => 'add',
  ),
)
[ info ] [ HEADER ] array (
  'cookie' => '_ga=GA1.1.1676223138.1569549790; PHPSESSID=4ls6koq334qpvt9b49e08ev3q0; Hm_lvt_f8d0a8c400404989e195270b0bbf060a=1570499845; Hm_lpvt_f8d0a8c400404989e195270b0bbf060a=1570695979; uid=6; token=3f7ecfd0-3a6a-4ad5-a262-dc0182905899',
  'accept-language' => 'zh-CN,zh;q=0.9',
  'accept-encoding' => 'gzip, deflate, br',
  'referer' => 'http://localhost:777/BHtwcrWyps.php/auth/rule?addtabs=1',
  'sec-fetch-site' => 'same-origin',
  'accept' => 'text/html,application/xhtml+xml,application/xml;q=0.9,image/webp,image/apng,*/*;q=0.8,application/signed-exchange;v=b3',
  'sec-fetch-mode' => 'nested-navigate',
  'user-agent' => 'Mozilla/5.0 (Windows NT 6.1; WOW64) AppleWebKit/537.36 (KHTML, like Gecko) Chrome/77.0.3865.120 Safari/537.36',
  'upgrade-insecure-requests' => '1',
  'connection' => 'close',
  'host' => 'localhost:777',
)
[ info ] [ PARAM ] array (
  'dialog' => '1',
)
[ info ] [ LANG ] C:\Users\Administrator\Desktop\fastAdmin\public/../application/admin\lang\zh-cn.php
[ info ] [ BEHAVIOR ] Run app\common\behavior\Common @module_init [ RunTime:0.005000s ]
[ info ] [ SESSION ] INIT array (
  'id' => '',
  'var_session_id' => '',
  'prefix' => 'think',
  'type' => '',
  'auto_start' => true,
)
[ info ] [ DB ] INIT mysql
[ info ] [ LANG ] C:\Users\Administrator\Desktop\fastAdmin\public/../application/admin/lang/zh-cn/auth/rule.php
[ info ] [ RUN ] app\admin\controller\auth\Rule->add[ C:\Users\Administrator\Desktop\fastAdmin\application\admin\controller\auth\Rule.php ]
[ info ] [ VIEW ] C:\Users\Administrator\Desktop\fastAdmin\public/../application/admin\view\auth\rule\add.html [ array (
  0 => 'breadcrumb',
  1 => 'site',
  2 => 'config',
  3 => 'auth',
  4 => 'admin',
  5 => 'ruledata',
) ]
[ info ] [ BEHAVIOR ] Run app\admin\behavior\AdminLog @app_end [ RunTime:0.001000s ]
[ info ] [ LOG ] INIT File
[ sql ] [ DB ] CONNECT:[ UseTime:0.010000s ] mysql:host=127.0.0.1;dbname=fastadmin;charset=utf8
[ sql ] [ SQL ] SHOW COLUMNS FROM `fa_auth_group_access` [ RunTime:0.008000s ]
[ sql ] [ SQL ] SELECT `aga`.`uid`,`aga`.`group_id`,`ag`.`id`,`ag`.`pid`,`ag`.`name`,`ag`.`rules` FROM `fa_auth_group_access` `aga` LEFT JOIN `fa_auth_group` `ag` ON `aga`.`group_id`=`ag`.`id` WHERE  (  aga.uid='1' and ag.status='normal' ) [ RunTime:0.001000s ]
[ sql ] [ SQL ] SHOW COLUMNS FROM `fa_auth_rule` [ RunTime:0.010000s ]
[ sql ] [ SQL ] SELECT `id`,`pid`,`condition`,`icon`,`name`,`title`,`ismenu` FROM `fa_auth_rule` WHERE  `status` = 'normal' [ RunTime:0.002000s ]
[ sql ] [ SQL ] SELECT * FROM `fa_auth_rule` ORDER BY `weigh` DESC,`id` ASC [ RunTime:0.004000s ]
---------------------------------------------------------------
[ 2019-10-21T10:01:09+08:00 ] 0.0.0.0 GET localhost:777/BHtwcrWyps.php/ajax/lang?callback=define&controllername=auth.rule&v=1571623267
[运行时间：0.397000s] [吞吐率：2.52req/s] [内存消耗：3,214.82kb] [文件加载：125]
[ info ] [ BEHAVIOR ] Run Closure @app_init [ RunTime:0.000000s ]
[ info ] [ CACHE ] INIT File
[ info ] [ BEHAVIOR ] Run Closure @app_init [ RunTime:0.008000s ]
[ info ] [ LANG ] C:\Users\Administrator\Desktop\fastAdmin\thinkphp\lang\zh-cn.php
[ info ] [ ROUTE ] array (
  'type' => 'module',
  'module' => 
  array (
    0 => 'admin',
    1 => 'ajax',
    2 => 'lang',
  ),
)
[ info ] [ HEADER ] array (
  'cookie' => '_ga=GA1.1.1676223138.1569549790; PHPSESSID=4ls6koq334qpvt9b49e08ev3q0; Hm_lvt_f8d0a8c400404989e195270b0bbf060a=1570499845; Hm_lpvt_f8d0a8c400404989e195270b0bbf060a=1570695979; uid=6; token=3f7ecfd0-3a6a-4ad5-a262-dc0182905899',
  'accept-language' => 'zh-CN,zh;q=0.9',
  'accept-encoding' => 'gzip, deflate, br',
  'referer' => 'http://localhost:777/BHtwcrWyps.php/auth/rule/add?dialog=1',
  'sec-fetch-site' => 'same-origin',
  'accept' => '*/*',
  'user-agent' => 'Mozilla/5.0 (Windows NT 6.1; WOW64) AppleWebKit/537.36 (KHTML, like Gecko) Chrome/77.0.3865.120 Safari/537.36',
  'sec-fetch-mode' => 'no-cors',
  'connection' => 'close',
  'host' => 'localhost:777',
)
[ info ] [ PARAM ] array (
  'callback' => 'define',
  'controllername' => 'auth.rule',
  'v' => '1571623267',
)
[ info ] [ LANG ] C:\Users\Administrator\Desktop\fastAdmin\public/../application/admin\lang\zh-cn.php
[ info ] [ BEHAVIOR ] Run app\common\behavior\Common @module_init [ RunTime:0.009000s ]
[ info ] [ SESSION ] INIT array (
  'id' => '',
  'var_session_id' => '',
  'prefix' => 'think',
  'type' => '',
  'auto_start' => true,
)
[ info ] [ LANG ] C:\Users\Administrator\Desktop\fastAdmin\public/../application/admin/lang/zh-cn/ajax.php
[ info ] [ RUN ] app\admin\controller\Ajax->lang[ C:\Users\Administrator\Desktop\fastAdmin\application\admin\controller\Ajax.php ]
[ info ] [ LANG ] C:\Users\Administrator\Desktop\fastAdmin\public/../application/admin/lang/zh-cn/auth/rule.php
[ info ] [ BEHAVIOR ] Run app\admin\behavior\AdminLog @app_end [ RunTime:0.001000s ]
[ info ] [ LOG ] INIT File
---------------------------------------------------------------
[ 2019-10-21T10:01:15+08:00 ] 0.0.0.0 GET localhost:777/BHtwcrWyps.php/auth/rule/add?dialog=1
[运行时间：0.648000s] [吞吐率：1.54req/s] [内存消耗：4,420.77kb] [文件加载：135]
[ info ] [ BEHAVIOR ] Run Closure @app_init [ RunTime:0.000000s ]
[ info ] [ CACHE ] INIT File
[ info ] [ BEHAVIOR ] Run Closure @app_init [ RunTime:0.006000s ]
[ info ] [ LANG ] C:\Users\Administrator\Desktop\fastAdmin\thinkphp\lang\zh-cn.php
[ info ] [ ROUTE ] array (
  'type' => 'module',
  'module' => 
  array (
    0 => 'admin',
    1 => 'auth.rule',
    2 => 'add',
  ),
)
[ info ] [ HEADER ] array (
  'cookie' => '_ga=GA1.1.1676223138.1569549790; PHPSESSID=4ls6koq334qpvt9b49e08ev3q0; Hm_lvt_f8d0a8c400404989e195270b0bbf060a=1570499845; Hm_lpvt_f8d0a8c400404989e195270b0bbf060a=1570695979; uid=6; token=3f7ecfd0-3a6a-4ad5-a262-dc0182905899',
  'accept-language' => 'zh-CN,zh;q=0.9',
  'accept-encoding' => 'gzip, deflate, br',
  'referer' => 'http://localhost:777/BHtwcrWyps.php/auth/rule?addtabs=1',
  'sec-fetch-site' => 'same-origin',
  'accept' => 'text/html,application/xhtml+xml,application/xml;q=0.9,image/webp,image/apng,*/*;q=0.8,application/signed-exchange;v=b3',
  'sec-fetch-mode' => 'nested-navigate',
  'user-agent' => 'Mozilla/5.0 (Windows NT 6.1; WOW64) AppleWebKit/537.36 (KHTML, like Gecko) Chrome/77.0.3865.120 Safari/537.36',
  'upgrade-insecure-requests' => '1',
  'connection' => 'close',
  'host' => 'localhost:777',
)
[ info ] [ PARAM ] array (
  'dialog' => '1',
)
[ info ] [ LANG ] C:\Users\Administrator\Desktop\fastAdmin\public/../application/admin\lang\zh-cn.php
[ info ] [ BEHAVIOR ] Run app\common\behavior\Common @module_init [ RunTime:0.007000s ]
[ info ] [ SESSION ] INIT array (
  'id' => '',
  'var_session_id' => '',
  'prefix' => 'think',
  'type' => '',
  'auto_start' => true,
)
[ info ] [ DB ] INIT mysql
[ info ] [ LANG ] C:\Users\Administrator\Desktop\fastAdmin\public/../application/admin/lang/zh-cn/auth/rule.php
[ info ] [ RUN ] app\admin\controller\auth\Rule->add[ C:\Users\Administrator\Desktop\fastAdmin\application\admin\controller\auth\Rule.php ]
[ info ] [ VIEW ] C:\Users\Administrator\Desktop\fastAdmin\public/../application/admin\view\auth\rule\add.html [ array (
  0 => 'breadcrumb',
  1 => 'site',
  2 => 'config',
  3 => 'auth',
  4 => 'admin',
  5 => 'ruledata',
) ]
[ info ] [ BEHAVIOR ] Run app\admin\behavior\AdminLog @app_end [ RunTime:0.001000s ]
[ info ] [ LOG ] INIT File
[ sql ] [ DB ] CONNECT:[ UseTime:0.012000s ] mysql:host=127.0.0.1;dbname=fastadmin;charset=utf8
[ sql ] [ SQL ] SHOW COLUMNS FROM `fa_auth_group_access` [ RunTime:0.009000s ]
[ sql ] [ SQL ] SELECT `aga`.`uid`,`aga`.`group_id`,`ag`.`id`,`ag`.`pid`,`ag`.`name`,`ag`.`rules` FROM `fa_auth_group_access` `aga` LEFT JOIN `fa_auth_group` `ag` ON `aga`.`group_id`=`ag`.`id` WHERE  (  aga.uid='1' and ag.status='normal' ) [ RunTime:0.001000s ]
[ sql ] [ SQL ] SHOW COLUMNS FROM `fa_auth_rule` [ RunTime:0.009000s ]
[ sql ] [ SQL ] SELECT `id`,`pid`,`condition`,`icon`,`name`,`title`,`ismenu` FROM `fa_auth_rule` WHERE  `status` = 'normal' [ RunTime:0.003000s ]
[ sql ] [ SQL ] SELECT * FROM `fa_auth_rule` ORDER BY `weigh` DESC,`id` ASC [ RunTime:0.004000s ]
---------------------------------------------------------------
[ 2019-10-21T10:01:16+08:00 ] 0.0.0.0 GET localhost:777/BHtwcrWyps.php/ajax/lang?callback=define&controllername=auth.rule&v=1571623274
[运行时间：0.354000s] [吞吐率：2.82req/s] [内存消耗：3,214.82kb] [文件加载：125]
[ info ] [ BEHAVIOR ] Run Closure @app_init [ RunTime:0.000000s ]
[ info ] [ CACHE ] INIT File
[ info ] [ BEHAVIOR ] Run Closure @app_init [ RunTime:0.008000s ]
[ info ] [ LANG ] C:\Users\Administrator\Desktop\fastAdmin\thinkphp\lang\zh-cn.php
[ info ] [ ROUTE ] array (
  'type' => 'module',
  'module' => 
  array (
    0 => 'admin',
    1 => 'ajax',
    2 => 'lang',
  ),
)
[ info ] [ HEADER ] array (
  'cookie' => '_ga=GA1.1.1676223138.1569549790; PHPSESSID=4ls6koq334qpvt9b49e08ev3q0; Hm_lvt_f8d0a8c400404989e195270b0bbf060a=1570499845; Hm_lpvt_f8d0a8c400404989e195270b0bbf060a=1570695979; uid=6; token=3f7ecfd0-3a6a-4ad5-a262-dc0182905899',
  'accept-language' => 'zh-CN,zh;q=0.9',
  'accept-encoding' => 'gzip, deflate, br',
  'referer' => 'http://localhost:777/BHtwcrWyps.php/auth/rule/add?dialog=1',
  'sec-fetch-site' => 'same-origin',
  'accept' => '*/*',
  'user-agent' => 'Mozilla/5.0 (Windows NT 6.1; WOW64) AppleWebKit/537.36 (KHTML, like Gecko) Chrome/77.0.3865.120 Safari/537.36',
  'sec-fetch-mode' => 'no-cors',
  'connection' => 'close',
  'host' => 'localhost:777',
)
[ info ] [ PARAM ] array (
  'callback' => 'define',
  'controllername' => 'auth.rule',
  'v' => '1571623274',
)
[ info ] [ LANG ] C:\Users\Administrator\Desktop\fastAdmin\public/../application/admin\lang\zh-cn.php
[ info ] [ BEHAVIOR ] Run app\common\behavior\Common @module_init [ RunTime:0.007000s ]
[ info ] [ SESSION ] INIT array (
  'id' => '',
  'var_session_id' => '',
  'prefix' => 'think',
  'type' => '',
  'auto_start' => true,
)
[ info ] [ LANG ] C:\Users\Administrator\Desktop\fastAdmin\public/../application/admin/lang/zh-cn/ajax.php
[ info ] [ RUN ] app\admin\controller\Ajax->lang[ C:\Users\Administrator\Desktop\fastAdmin\application\admin\controller\Ajax.php ]
[ info ] [ LANG ] C:\Users\Administrator\Desktop\fastAdmin\public/../application/admin/lang/zh-cn/auth/rule.php
[ info ] [ BEHAVIOR ] Run app\admin\behavior\AdminLog @app_end [ RunTime:0.001000s ]
[ info ] [ LOG ] INIT File
