---------------------------------------------------------------
[ 2019-10-22T13:50:30+08:00 ] 0.0.0.0 GET localhost:777/index/user/rechargeorder.html
[运行时间：1.635000s] [吞吐率：0.61req/s] [内存消耗：4,134.55kb] [文件加载：134]
[ info ] [ BEHAVIOR ] Run Closure @app_init [ RunTime:0.000000s ]
[ info ] [ CACHE ] INIT File
[ info ] [ BEHAVIOR ] Run Closure @app_init [ RunTime:0.010000s ]
[ info ] [ LANG ] C:\Users\Administrator\Desktop\fastAdmin\thinkphp\lang\zh-cn.php
[ info ] [ ROUTE ] array (
  'type' => 'module',
  'module' => 
  array (
    0 => 'index',
    1 => 'user',
    2 => 'rechargeorder',
  ),
)
[ info ] [ HEADER ] array (
  'cookie' => '_ga=GA1.1.1676223138.1569549790; PHPSESSID=4ls6koq334qpvt9b49e08ev3q0; Hm_lvt_f8d0a8c400404989e195270b0bbf060a=1570499845; Hm_lpvt_f8d0a8c400404989e195270b0bbf060a=1570695979; uid=1; token=21da7f40-17c7-4a1f-b221-9ba2786fbfbd',
  'accept-language' => 'zh-CN,zh;q=0.9',
  'accept-encoding' => 'gzip, deflate, br',
  'referer' => 'http://localhost:777/index/user/balancelog.html',
  'sec-fetch-site' => 'same-origin',
  'accept' => 'text/html,application/xhtml+xml,application/xml;q=0.9,image/webp,image/apng,*/*;q=0.8,application/signed-exchange;v=b3',
  'sec-fetch-user' => '?1',
  'sec-fetch-mode' => 'navigate',
  'user-agent' => 'Mozilla/5.0 (Windows NT 6.1; WOW64) AppleWebKit/537.36 (KHTML, like Gecko) Chrome/77.0.3865.120 Safari/537.36',
  'upgrade-insecure-requests' => '1',
  'cache-control' => 'max-age=0',
  'connection' => 'close',
  'host' => 'localhost:777',
)
[ info ] [ PARAM ] array (
)
[ info ] [ LANG ] C:\Users\Administrator\Desktop\fastAdmin\public/../application/index\lang\zh-cn.php
[ info ] [ BEHAVIOR ] Run app\common\behavior\Common @module_init [ RunTime:0.007000s ]
[ info ] [ TOKEN ] INIT Mysql
[ info ] [ DB ] INIT mysql
[ info ] [ LANG ] C:\Users\Administrator\Desktop\fastAdmin\public/../application/index/lang/zh-cn/user.php
[ info ] [ RUN ] app\index\controller\User->rechargeorder[ C:\Users\Administrator\Desktop\fastAdmin\application\index\controller\User.php ]
[ info ] [ VIEW ] C:\Users\Administrator\Desktop\fastAdmin\public/../application/index\view\user\rechargeorder.html [ array (
  0 => 'user',
  1 => 'site',
  2 => 'config',
  3 => 'title',
  4 => 'data',
) ]
[ info ] [ LOG ] INIT File
[ sql ] [ DB ] CONNECT:[ UseTime:0.422000s ] mysql:host=39.105.175.43;port=3306;dbname=fastadmin;charset=utf8
[ sql ] [ SQL ] SHOW COLUMNS FROM `fa_user_token` [ RunTime:0.111000s ]
[ sql ] [ SQL ] SELECT * FROM `fa_user_token` WHERE  `token` = '04e1caa672ea92142f5f53782a795c005f75ce97' LIMIT 1 [ RunTime:0.113000s ]
[ sql ] [ SQL ] SHOW COLUMNS FROM `fa_user` [ RunTime:0.113000s ]
[ sql ] [ SQL ] SELECT * FROM `fa_user` WHERE  `id` = 1 LIMIT 1 [ RunTime:0.111000s ]
[ sql ] [ SQL ] SHOW COLUMNS FROM `fa_rechargeablecard_log` [ RunTime:0.111000s ]
[ sql ] [ SQL ] SELECT * FROM `fa_rechargeablecard_log` WHERE  (  user_id=1 ) [ RunTime:0.110000s ]
---------------------------------------------------------------
[ 2019-10-22T13:50:33+08:00 ] 0.0.0.0 GET localhost:777/index/ajax/lang?callback=define&controllername=user&v=1571723429
[运行时间：1.256000s] [吞吐率：0.80req/s] [内存消耗：3,813.80kb] [文件加载：132]
[ info ] [ BEHAVIOR ] Run Closure @app_init [ RunTime:0.001000s ]
[ info ] [ CACHE ] INIT File
[ info ] [ BEHAVIOR ] Run Closure @app_init [ RunTime:0.008000s ]
[ info ] [ LANG ] C:\Users\Administrator\Desktop\fastAdmin\thinkphp\lang\zh-cn.php
[ info ] [ ROUTE ] array (
  'type' => 'module',
  'module' => 
  array (
    0 => 'index',
    1 => 'ajax',
    2 => 'lang',
  ),
)
[ info ] [ HEADER ] array (
  'cookie' => '_ga=GA1.1.1676223138.1569549790; PHPSESSID=4ls6koq334qpvt9b49e08ev3q0; Hm_lvt_f8d0a8c400404989e195270b0bbf060a=1570499845; Hm_lpvt_f8d0a8c400404989e195270b0bbf060a=1570695979; uid=1; token=21da7f40-17c7-4a1f-b221-9ba2786fbfbd',
  'accept-language' => 'zh-CN,zh;q=0.9',
  'accept-encoding' => 'gzip, deflate, br',
  'referer' => 'http://localhost:777/index/user/rechargeorder.html',
  'sec-fetch-site' => 'same-origin',
  'accept' => '*/*',
  'user-agent' => 'Mozilla/5.0 (Windows NT 6.1; WOW64) AppleWebKit/537.36 (KHTML, like Gecko) Chrome/77.0.3865.120 Safari/537.36',
  'sec-fetch-mode' => 'no-cors',
  'connection' => 'close',
  'host' => 'localhost:777',
)
[ info ] [ PARAM ] array (
  'callback' => 'define',
  'controllername' => 'user',
  'v' => '1571723429',
)
[ info ] [ LANG ] C:\Users\Administrator\Desktop\fastAdmin\public/../application/index\lang\zh-cn.php
[ info ] [ BEHAVIOR ] Run app\common\behavior\Common @module_init [ RunTime:0.005000s ]
[ info ] [ TOKEN ] INIT Mysql
[ info ] [ DB ] INIT mysql
[ info ] [ LANG ] C:\Users\Administrator\Desktop\fastAdmin\public/../application/index/lang/zh-cn/ajax.php
[ info ] [ RUN ] app\index\controller\Ajax->lang[ C:\Users\Administrator\Desktop\fastAdmin\application\index\controller\Ajax.php ]
[ info ] [ LANG ] C:\Users\Administrator\Desktop\fastAdmin\public/../application/index/lang/zh-cn/user.php
[ info ] [ LOG ] INIT File
[ sql ] [ DB ] CONNECT:[ UseTime:0.425000s ] mysql:host=39.105.175.43;port=3306;dbname=fastadmin;charset=utf8
[ sql ] [ SQL ] SHOW COLUMNS FROM `fa_user_token` [ RunTime:0.117000s ]
[ sql ] [ SQL ] SELECT * FROM `fa_user_token` WHERE  `token` = '04e1caa672ea92142f5f53782a795c005f75ce97' LIMIT 1 [ RunTime:0.117000s ]
[ sql ] [ SQL ] SHOW COLUMNS FROM `fa_user` [ RunTime:0.114000s ]
[ sql ] [ SQL ] SELECT * FROM `fa_user` WHERE  `id` = 1 LIMIT 1 [ RunTime:0.114000s ]
---------------------------------------------------------------
[ 2019-10-22T13:51:26+08:00 ] 0.0.0.0 GET localhost:777/index/user/mainaccountnumber.html
[运行时间：0.763000s] [吞吐率：1.31req/s] [内存消耗：4,032.28kb] [文件加载：133]
[ info ] [ BEHAVIOR ] Run Closure @app_init [ RunTime:0.000000s ]
[ info ] [ CACHE ] INIT File
[ info ] [ BEHAVIOR ] Run Closure @app_init [ RunTime:0.011000s ]
[ info ] [ LANG ] C:\Users\Administrator\Desktop\fastAdmin\thinkphp\lang\zh-cn.php
[ info ] [ ROUTE ] array (
  'type' => 'module',
  'module' => 
  array (
    0 => 'index',
    1 => 'user',
    2 => 'mainaccountnumber',
  ),
)
[ info ] [ HEADER ] array (
  'cookie' => '_ga=GA1.1.1676223138.1569549790; PHPSESSID=4ls6koq334qpvt9b49e08ev3q0; Hm_lvt_f8d0a8c400404989e195270b0bbf060a=1570499845; Hm_lpvt_f8d0a8c400404989e195270b0bbf060a=1570695979; uid=1; token=21da7f40-17c7-4a1f-b221-9ba2786fbfbd',
  'accept-language' => 'zh-CN,zh;q=0.9',
  'accept-encoding' => 'gzip, deflate, br',
  'referer' => 'http://localhost:777/index/user/rechargeorder.html',
  'sec-fetch-site' => 'same-origin',
  'accept' => 'text/html,application/xhtml+xml,application/xml;q=0.9,image/webp,image/apng,*/*;q=0.8,application/signed-exchange;v=b3',
  'sec-fetch-user' => '?1',
  'sec-fetch-mode' => 'navigate',
  'user-agent' => 'Mozilla/5.0 (Windows NT 6.1; WOW64) AppleWebKit/537.36 (KHTML, like Gecko) Chrome/77.0.3865.120 Safari/537.36',
  'upgrade-insecure-requests' => '1',
  'connection' => 'close',
  'host' => 'localhost:777',
)
[ info ] [ PARAM ] array (
)
[ info ] [ LANG ] C:\Users\Administrator\Desktop\fastAdmin\public/../application/index\lang\zh-cn.php
[ info ] [ BEHAVIOR ] Run app\common\behavior\Common @module_init [ RunTime:0.006000s ]
[ info ] [ TOKEN ] INIT Mysql
[ info ] [ DB ] INIT mysql
[ info ] [ LANG ] C:\Users\Administrator\Desktop\fastAdmin\public/../application/index/lang/zh-cn/user.php
[ info ] [ RUN ] app\index\controller\User->_empty[ C:\Users\Administrator\Desktop\fastAdmin\application\index\controller\User.php ]
[ info ] [ VIEW ] C:\Users\Administrator\Desktop\fastAdmin\public/../application/index\view\user\mainaccountnumber.html [ array (
  0 => 'user',
  1 => 'site',
  2 => 'config',
) ]
[ info ] [ LOG ] INIT File
[ sql ] [ DB ] CONNECT:[ UseTime:0.281000s ] mysql:host=39.105.175.43;port=3306;dbname=fastadmin;charset=utf8
[ sql ] [ SQL ] SHOW COLUMNS FROM `fa_user_token` [ RunTime:0.015000s ]
[ sql ] [ SQL ] SELECT * FROM `fa_user_token` WHERE  `token` = '04e1caa672ea92142f5f53782a795c005f75ce97' LIMIT 1 [ RunTime:0.017000s ]
[ sql ] [ SQL ] SHOW COLUMNS FROM `fa_user` [ RunTime:0.017000s ]
[ sql ] [ SQL ] SELECT * FROM `fa_user` WHERE  `id` = 1 LIMIT 1 [ RunTime:0.015000s ]
---------------------------------------------------------------
[ 2019-10-22T13:51:28+08:00 ] 0.0.0.0 GET localhost:777/index/ajax/lang?callback=define&controllername=user&v=1571723486
[运行时间：0.691000s] [吞吐率：1.45req/s] [内存消耗：3,813.80kb] [文件加载：132]
[ info ] [ BEHAVIOR ] Run Closure @app_init [ RunTime:0.000000s ]
[ info ] [ CACHE ] INIT File
[ info ] [ BEHAVIOR ] Run Closure @app_init [ RunTime:0.008000s ]
[ info ] [ LANG ] C:\Users\Administrator\Desktop\fastAdmin\thinkphp\lang\zh-cn.php
[ info ] [ ROUTE ] array (
  'type' => 'module',
  'module' => 
  array (
    0 => 'index',
    1 => 'ajax',
    2 => 'lang',
  ),
)
[ info ] [ HEADER ] array (
  'cookie' => '_ga=GA1.1.1676223138.1569549790; PHPSESSID=4ls6koq334qpvt9b49e08ev3q0; Hm_lvt_f8d0a8c400404989e195270b0bbf060a=1570499845; Hm_lpvt_f8d0a8c400404989e195270b0bbf060a=1570695979; uid=1; token=21da7f40-17c7-4a1f-b221-9ba2786fbfbd',
  'accept-language' => 'zh-CN,zh;q=0.9',
  'accept-encoding' => 'gzip, deflate, br',
  'referer' => 'http://localhost:777/index/user/mainaccountnumber.html',
  'sec-fetch-site' => 'same-origin',
  'accept' => '*/*',
  'user-agent' => 'Mozilla/5.0 (Windows NT 6.1; WOW64) AppleWebKit/537.36 (KHTML, like Gecko) Chrome/77.0.3865.120 Safari/537.36',
  'sec-fetch-mode' => 'no-cors',
  'connection' => 'close',
  'host' => 'localhost:777',
)
[ info ] [ PARAM ] array (
  'callback' => 'define',
  'controllername' => 'user',
  'v' => '1571723486',
)
[ info ] [ LANG ] C:\Users\Administrator\Desktop\fastAdmin\public/../application/index\lang\zh-cn.php
[ info ] [ BEHAVIOR ] Run app\common\behavior\Common @module_init [ RunTime:0.006000s ]
[ info ] [ TOKEN ] INIT Mysql
[ info ] [ DB ] INIT mysql
[ info ] [ LANG ] C:\Users\Administrator\Desktop\fastAdmin\public/../application/index/lang/zh-cn/ajax.php
[ info ] [ RUN ] app\index\controller\Ajax->lang[ C:\Users\Administrator\Desktop\fastAdmin\application\index\controller\Ajax.php ]
[ info ] [ LANG ] C:\Users\Administrator\Desktop\fastAdmin\public/../application/index/lang/zh-cn/user.php
[ info ] [ LOG ] INIT File
[ sql ] [ DB ] CONNECT:[ UseTime:0.276000s ] mysql:host=39.105.175.43;port=3306;dbname=fastadmin;charset=utf8
[ sql ] [ SQL ] SHOW COLUMNS FROM `fa_user_token` [ RunTime:0.012000s ]
[ sql ] [ SQL ] SELECT * FROM `fa_user_token` WHERE  `token` = '04e1caa672ea92142f5f53782a795c005f75ce97' LIMIT 1 [ RunTime:0.013000s ]
[ sql ] [ SQL ] SHOW COLUMNS FROM `fa_user` [ RunTime:0.015000s ]
[ sql ] [ SQL ] SELECT * FROM `fa_user` WHERE  `id` = 1 LIMIT 1 [ RunTime:0.012000s ]
---------------------------------------------------------------
[ 2019-10-22T13:51:31+08:00 ] 0.0.0.0 GET localhost:777/index/ajax/lang?callback=define&controllername=user&v=1571723429
[运行时间：1.210000s] [吞吐率：0.83req/s] [内存消耗：3,813.80kb] [文件加载：132]
[ info ] [ BEHAVIOR ] Run Closure @app_init [ RunTime:0.000000s ]
[ info ] [ CACHE ] INIT File
[ info ] [ BEHAVIOR ] Run Closure @app_init [ RunTime:0.006000s ]
[ info ] [ LANG ] C:\Users\Administrator\Desktop\fastAdmin\thinkphp\lang\zh-cn.php
[ info ] [ ROUTE ] array (
  'type' => 'module',
  'module' => 
  array (
    0 => 'index',
    1 => 'ajax',
    2 => 'lang',
  ),
)
[ info ] [ HEADER ] array (
  'cookie' => '_ga=GA1.1.1676223138.1569549790; PHPSESSID=4ls6koq334qpvt9b49e08ev3q0; Hm_lvt_f8d0a8c400404989e195270b0bbf060a=1570499845; Hm_lpvt_f8d0a8c400404989e195270b0bbf060a=1570695979; uid=1; token=21da7f40-17c7-4a1f-b221-9ba2786fbfbd',
  'accept-language' => 'zh-CN,zh;q=0.9',
  'accept-encoding' => 'gzip, deflate, br',
  'referer' => 'http://localhost:777/index/user/rechargeorder.html',
  'sec-fetch-site' => 'same-origin',
  'accept' => '*/*',
  'user-agent' => 'Mozilla/5.0 (Windows NT 6.1; WOW64) AppleWebKit/537.36 (KHTML, like Gecko) Chrome/77.0.3865.120 Safari/537.36',
  'sec-fetch-mode' => 'no-cors',
  'connection' => 'close',
  'host' => 'localhost:777',
)
[ info ] [ PARAM ] array (
  'callback' => 'define',
  'controllername' => 'user',
  'v' => '1571723429',
)
[ info ] [ LANG ] C:\Users\Administrator\Desktop\fastAdmin\public/../application/index\lang\zh-cn.php
[ info ] [ BEHAVIOR ] Run app\common\behavior\Common @module_init [ RunTime:0.005000s ]
[ info ] [ TOKEN ] INIT Mysql
[ info ] [ DB ] INIT mysql
[ info ] [ LANG ] C:\Users\Administrator\Desktop\fastAdmin\public/../application/index/lang/zh-cn/ajax.php
[ info ] [ RUN ] app\index\controller\Ajax->lang[ C:\Users\Administrator\Desktop\fastAdmin\application\index\controller\Ajax.php ]
[ info ] [ LANG ] C:\Users\Administrator\Desktop\fastAdmin\public/../application/index/lang/zh-cn/user.php
[ info ] [ LOG ] INIT File
[ sql ] [ DB ] CONNECT:[ UseTime:0.430000s ] mysql:host=39.105.175.43;port=3306;dbname=fastadmin;charset=utf8
[ sql ] [ SQL ] SHOW COLUMNS FROM `fa_user_token` [ RunTime:0.109000s ]
[ sql ] [ SQL ] SELECT * FROM `fa_user_token` WHERE  `token` = '04e1caa672ea92142f5f53782a795c005f75ce97' LIMIT 1 [ RunTime:0.119000s ]
[ sql ] [ SQL ] SHOW COLUMNS FROM `fa_user` [ RunTime:0.108000s ]
[ sql ] [ SQL ] SELECT * FROM `fa_user` WHERE  `id` = 1 LIMIT 1 [ RunTime:0.112000s ]
---------------------------------------------------------------
[ 2019-10-22T17:56:30+08:00 ] 0.0.0.0 GET localhost:777/index/user/rechargeorder.html
[运行时间：12.649000s] [吞吐率：0.08req/s] [内存消耗：3,933.90kb] [文件加载：132]
[ info ] [ BEHAVIOR ] Run Closure @app_init [ RunTime:0.000000s ]
[ info ] [ CACHE ] INIT File
[ info ] [ BEHAVIOR ] Run Closure @app_init [ RunTime:0.193000s ]
[ info ] [ LANG ] C:\Users\Administrator\Desktop\fastAdmin\thinkphp\lang\zh-cn.php
[ info ] [ ROUTE ] array (
  'type' => 'module',
  'module' => 
  array (
    0 => 'index',
    1 => 'user',
    2 => 'rechargeorder',
  ),
)
[ info ] [ HEADER ] array (
  'cookie' => '_ga=GA1.1.1676223138.1569549790; PHPSESSID=4ls6koq334qpvt9b49e08ev3q0; Hm_lvt_f8d0a8c400404989e195270b0bbf060a=1570499845; Hm_lpvt_f8d0a8c400404989e195270b0bbf060a=1570695979; uid=1; token=21da7f40-17c7-4a1f-b221-9ba2786fbfbd; ci_session=c144a671ac97d411409791d9245bd338e6a0a275',
  'accept-language' => 'zh-CN,zh;q=0.9',
  'accept-encoding' => 'gzip, deflate, br',
  'referer' => 'http://localhost:777/index/user/rechargeorder.html',
  'sec-fetch-site' => 'same-origin',
  'accept' => 'text/html,application/xhtml+xml,application/xml;q=0.9,image/webp,image/apng,*/*;q=0.8,application/signed-exchange;v=b3',
  'sec-fetch-user' => '?1',
  'sec-fetch-mode' => 'navigate',
  'user-agent' => 'Mozilla/5.0 (Windows NT 6.1; WOW64) AppleWebKit/537.36 (KHTML, like Gecko) Chrome/77.0.3865.120 Safari/537.36',
  'upgrade-insecure-requests' => '1',
  'connection' => 'close',
  'host' => 'localhost:777',
)
[ info ] [ PARAM ] array (
)
[ info ] [ LANG ] C:\Users\Administrator\Desktop\fastAdmin\public/../application/index\lang\zh-cn.php
[ info ] [ BEHAVIOR ] Run app\common\behavior\Common @module_init [ RunTime:0.426000s ]
[ info ] [ TOKEN ] INIT Mysql
[ info ] [ DB ] INIT mysql
[ info ] [ LANG ] C:\Users\Administrator\Desktop\fastAdmin\public/../application/index/lang/zh-cn/user.php
[ info ] [ RUN ] app\index\controller\User->rechargeorder[ C:\Users\Administrator\Desktop\fastAdmin\application\index\controller\User.php ]
[ info ] [ VIEW ] C:\Users\Administrator\Desktop\fastAdmin\public/../application/index\view\user\rechargeorder.html [ array (
  0 => 'user',
  1 => 'site',
  2 => 'config',
  3 => 'title',
  4 => 'data',
) ]
[ info ] [ LOG ] INIT File
[ sql ] [ DB ] CONNECT:[ UseTime:0.283000s ] mysql:host=39.105.175.43;port=3306;dbname=fastadmin;charset=utf8
[ sql ] [ SQL ] SHOW COLUMNS FROM `fa_user_token` [ RunTime:0.260000s ]
[ sql ] [ SQL ] SELECT * FROM `fa_user_token` WHERE  `token` = '04e1caa672ea92142f5f53782a795c005f75ce97' LIMIT 1 [ RunTime:0.016000s ]
[ sql ] [ SQL ] SHOW COLUMNS FROM `fa_user` [ RunTime:0.015000s ]
[ sql ] [ SQL ] SELECT * FROM `fa_user` WHERE  `id` = 1 LIMIT 1 [ RunTime:0.017000s ]
[ sql ] [ SQL ] SHOW COLUMNS FROM `fa_rechargeablecard_log` [ RunTime:0.021000s ]
[ sql ] [ SQL ] SELECT * FROM `fa_rechargeablecard_log` WHERE  (  user_id=1 ) [ RunTime:0.020000s ]
---------------------------------------------------------------
[ 2019-10-22T17:57:38+08:00 ] 0.0.0.0 GET localhost:777/index/ajax/lang?callback=define&controllername=user&v=1571738181
[运行时间：15.167000s] [吞吐率：0.07req/s] [内存消耗：3,813.98kb] [文件加载：132]
[ info ] [ BEHAVIOR ] Run Closure @app_init [ RunTime:0.001000s ]
[ info ] [ CACHE ] INIT File
[ info ] [ BEHAVIOR ] Run Closure @app_init [ RunTime:0.334000s ]
[ info ] [ LANG ] C:\Users\Administrator\Desktop\fastAdmin\thinkphp\lang\zh-cn.php
[ info ] [ ROUTE ] array (
  'type' => 'module',
  'module' => 
  array (
    0 => 'index',
    1 => 'ajax',
    2 => 'lang',
  ),
)
[ info ] [ HEADER ] array (
  'cookie' => '_ga=GA1.1.1676223138.1569549790; PHPSESSID=4ls6koq334qpvt9b49e08ev3q0; Hm_lvt_f8d0a8c400404989e195270b0bbf060a=1570499845; Hm_lpvt_f8d0a8c400404989e195270b0bbf060a=1570695979; uid=1; token=21da7f40-17c7-4a1f-b221-9ba2786fbfbd; ci_session=c144a671ac97d411409791d9245bd338e6a0a275',
  'accept-language' => 'zh-CN,zh;q=0.9',
  'accept-encoding' => 'gzip, deflate, br',
  'referer' => 'http://localhost:777/index/user/rechargeorder.html',
  'sec-fetch-site' => 'same-origin',
  'accept' => '*/*',
  'user-agent' => 'Mozilla/5.0 (Windows NT 6.1; WOW64) AppleWebKit/537.36 (KHTML, like Gecko) Chrome/77.0.3865.120 Safari/537.36',
  'sec-fetch-mode' => 'no-cors',
  'connection' => 'close',
  'host' => 'localhost:777',
)
[ info ] [ PARAM ] array (
  'callback' => 'define',
  'controllername' => 'user',
  'v' => '1571738181',
)
[ info ] [ LANG ] C:\Users\Administrator\Desktop\fastAdmin\public/../application/index\lang\zh-cn.php
[ info ] [ BEHAVIOR ] Run app\common\behavior\Common @module_init [ RunTime:0.447000s ]
[ info ] [ TOKEN ] INIT Mysql
[ info ] [ DB ] INIT mysql
[ info ] [ LANG ] C:\Users\Administrator\Desktop\fastAdmin\public/../application/index/lang/zh-cn/ajax.php
[ info ] [ RUN ] app\index\controller\Ajax->lang[ C:\Users\Administrator\Desktop\fastAdmin\application\index\controller\Ajax.php ]
[ info ] [ LANG ] C:\Users\Administrator\Desktop\fastAdmin\public/../application/index/lang/zh-cn/user.php
[ info ] [ LOG ] INIT File
[ sql ] [ DB ] CONNECT:[ UseTime:0.277000s ] mysql:host=39.105.175.43;port=3306;dbname=fastadmin;charset=utf8
[ sql ] [ SQL ] SHOW COLUMNS FROM `fa_user_token` [ RunTime:0.012000s ]
[ sql ] [ SQL ] SELECT * FROM `fa_user_token` WHERE  `token` = '04e1caa672ea92142f5f53782a795c005f75ce97' LIMIT 1 [ RunTime:0.012000s ]
[ sql ] [ SQL ] SHOW COLUMNS FROM `fa_user` [ RunTime:0.015000s ]
[ sql ] [ SQL ] SELECT * FROM `fa_user` WHERE  `id` = 1 LIMIT 1 [ RunTime:0.014000s ]
