---------------------------------------------------------------
[ 2019-10-25T15:40:36+08:00 ] 0.0.0.0 GET localhost:777/BHtwcrWyps.php/index/index
[运行时间：1.093000s] [吞吐率：0.91req/s] [内存消耗：4,552.02kb] [文件加载：146]
[ info ] [ BEHAVIOR ] Run Closure @app_init [ RunTime:0.000000s ]
[ info ] [ CACHE ] INIT File
[ info ] [ BEHAVIOR ] Run Closure @app_init [ RunTime:0.008000s ]
[ info ] [ LANG ] C:\Users\Administrator\Desktop\fastAdmin\thinkphp\lang\zh-cn.php
[ info ] [ ROUTE ] array (
  'type' => 'module',
  'module' => 
  array (
    0 => 'admin',
    1 => 'index',
    2 => 'index',
  ),
)
[ info ] [ HEADER ] array (
  'cookie' => '_ga=GA1.1.1676223138.1569549790; PHPSESSID=4ls6koq334qpvt9b49e08ev3q0; Hm_lvt_f8d0a8c400404989e195270b0bbf060a=1570499845; Hm_lpvt_f8d0a8c400404989e195270b0bbf060a=1570695979; uid=1; token=1c344001-9bc5-4e6d-a9d5-c57f8506625b',
  'accept-language' => 'zh-CN,zh;q=0.9',
  'accept-encoding' => 'gzip, deflate, br',
  'sec-fetch-site' => 'cross-site',
  'accept' => 'text/html,application/xhtml+xml,application/xml;q=0.9,image/webp,image/apng,*/*;q=0.8,application/signed-exchange;v=b3',
  'sec-fetch-mode' => 'navigate',
  'user-agent' => 'Mozilla/5.0 (Windows NT 6.1; WOW64) AppleWebKit/537.36 (KHTML, like Gecko) Chrome/77.0.3865.120 Safari/537.36',
  'upgrade-insecure-requests' => '1',
  'cache-control' => 'max-age=0',
  'connection' => 'close',
  'host' => 'localhost:777',
)
[ info ] [ PARAM ] array (
)
[ info ] [ LANG ] C:\Users\Administrator\Desktop\fastAdmin\public/../application/admin\lang\zh-cn.php
[ info ] [ BEHAVIOR ] Run app\common\behavior\Common @module_init [ RunTime:0.006000s ]
[ info ] [ SESSION ] INIT array (
  'id' => '',
  'var_session_id' => '',
  'prefix' => 'think',
  'type' => '',
  'auto_start' => true,
)
[ info ] [ LANG ] C:\Users\Administrator\Desktop\fastAdmin\public/../application/admin/lang/zh-cn/index.php
[ info ] [ RUN ] app\admin\controller\Index->index[ C:\Users\Administrator\Desktop\fastAdmin\application\admin\controller\Index.php ]
[ info ] [ DB ] INIT mysql
[ info ] [ VIEW ] C:\Users\Administrator\Desktop\fastAdmin\public/../application/admin\view\index\index.html [ array (
  0 => 'breadcrumb',
  1 => 'site',
  2 => 'config',
  3 => 'auth',
  4 => 'admin',
  5 => 'menulist',
  6 => 'navlist',
  7 => 'fixedmenu',
  8 => 'referermenu',
  9 => 'title',
) ]
[ info ] [ BEHAVIOR ] Run app\admin\behavior\AdminLog @app_end [ RunTime:0.001000s ]
[ info ] [ LOG ] INIT File
[ sql ] [ DB ] CONNECT:[ UseTime:0.275000s ] mysql:host=39.105.175.43;port=3306;dbname=fastadmin;charset=utf8
[ sql ] [ SQL ] SHOW COLUMNS FROM `fa_auth_group_access` [ RunTime:0.015000s ]
[ sql ] [ SQL ] SELECT `aga`.`uid`,`aga`.`group_id`,`ag`.`id`,`ag`.`pid`,`ag`.`name`,`ag`.`rules` FROM `fa_auth_group_access` `aga` LEFT JOIN `fa_auth_group` `ag` ON `aga`.`group_id`=`ag`.`id` WHERE  (  aga.uid='1' and ag.status='normal' ) [ RunTime:0.014000s ]
[ sql ] [ SQL ] SHOW COLUMNS FROM `fa_auth_rule` [ RunTime:0.016000s ]
[ sql ] [ SQL ] SELECT `id`,`pid`,`condition`,`icon`,`name`,`title`,`ismenu` FROM `fa_auth_rule` WHERE  `status` = 'normal' [ RunTime:0.016000s ]
[ sql ] [ SQL ] SELECT `name`,`pid` FROM `fa_auth_rule` WHERE  `status` = 'normal'  AND `ismenu` = 0  AND `name` LIKE '%/index' [ RunTime:0.014000s ]
---------------------------------------------------------------
[ 2019-10-25T15:40:37+08:00 ] 0.0.0.0 GET localhost:777/BHtwcrWyps.php/dashboard?addtabs=1
[运行时间：0.772000s] [吞吐率：1.30req/s] [内存消耗：4,248.38kb] [文件加载：134]
[ info ] [ BEHAVIOR ] Run Closure @app_init [ RunTime:0.000000s ]
[ info ] [ CACHE ] INIT File
[ info ] [ BEHAVIOR ] Run Closure @app_init [ RunTime:0.008000s ]
[ info ] [ LANG ] C:\Users\Administrator\Desktop\fastAdmin\thinkphp\lang\zh-cn.php
[ info ] [ ROUTE ] array (
  'type' => 'module',
  'module' => 
  array (
    0 => 'admin',
    1 => 'dashboard',
    2 => NULL,
  ),
)
[ info ] [ HEADER ] array (
  'cookie' => '_ga=GA1.1.1676223138.1569549790; PHPSESSID=4ls6koq334qpvt9b49e08ev3q0; Hm_lvt_f8d0a8c400404989e195270b0bbf060a=1570499845; Hm_lpvt_f8d0a8c400404989e195270b0bbf060a=1570695979; uid=1; token=1c344001-9bc5-4e6d-a9d5-c57f8506625b',
  'accept-language' => 'zh-CN,zh;q=0.9',
  'accept-encoding' => 'gzip, deflate, br',
  'referer' => 'http://localhost:777/BHtwcrWyps.php/index/index',
  'sec-fetch-site' => 'same-origin',
  'accept' => 'text/html,application/xhtml+xml,application/xml;q=0.9,image/webp,image/apng,*/*;q=0.8,application/signed-exchange;v=b3',
  'sec-fetch-mode' => 'nested-navigate',
  'user-agent' => 'Mozilla/5.0 (Windows NT 6.1; WOW64) AppleWebKit/537.36 (KHTML, like Gecko) Chrome/77.0.3865.120 Safari/537.36',
  'upgrade-insecure-requests' => '1',
  'connection' => 'close',
  'host' => 'localhost:777',
)
[ info ] [ PARAM ] array (
  'addtabs' => '1',
)
[ info ] [ LANG ] C:\Users\Administrator\Desktop\fastAdmin\public/../application/admin\lang\zh-cn.php
[ info ] [ BEHAVIOR ] Run app\common\behavior\Common @module_init [ RunTime:0.008000s ]
[ info ] [ SESSION ] INIT array (
  'id' => '',
  'var_session_id' => '',
  'prefix' => 'think',
  'type' => '',
  'auto_start' => true,
)
[ info ] [ DB ] INIT mysql
[ info ] [ LANG ] C:\Users\Administrator\Desktop\fastAdmin\public/../application/admin/lang/zh-cn/dashboard.php
[ info ] [ RUN ] app\admin\controller\Dashboard->index[ C:\Users\Administrator\Desktop\fastAdmin\application\admin\controller\Dashboard.php ]
[ info ] [ VIEW ] C:\Users\Administrator\Desktop\fastAdmin\public/../application/admin\view\dashboard\index.html [ array (
  0 => 'breadcrumb',
  1 => 'site',
  2 => 'config',
  3 => 'auth',
  4 => 'admin',
  5 => 'totaluser',
  6 => 'totalviews',
  7 => 'totalorder',
  8 => 'totalorderamount',
  9 => 'todayuserlogin',
  10 => 'todayusersignup',
  11 => 'todayorder',
  12 => 'unsettleorder',
  13 => 'sevendnu',
  14 => 'sevendau',
  15 => 'paylist',
  16 => 'createlist',
  17 => 'addonversion',
  18 => 'uploadmode',
) ]
[ info ] [ BEHAVIOR ] Run app\admin\behavior\AdminLog @app_end [ RunTime:0.001000s ]
[ info ] [ LOG ] INIT File
[ sql ] [ DB ] CONNECT:[ UseTime:0.286000s ] mysql:host=39.105.175.43;port=3306;dbname=fastadmin;charset=utf8
[ sql ] [ SQL ] SHOW COLUMNS FROM `fa_auth_group_access` [ RunTime:0.017000s ]
[ sql ] [ SQL ] SELECT `aga`.`uid`,`aga`.`group_id`,`ag`.`id`,`ag`.`pid`,`ag`.`name`,`ag`.`rules` FROM `fa_auth_group_access` `aga` LEFT JOIN `fa_auth_group` `ag` ON `aga`.`group_id`=`ag`.`id` WHERE  (  aga.uid='1' and ag.status='normal' ) [ RunTime:0.022000s ]
[ sql ] [ SQL ] SHOW COLUMNS FROM `fa_auth_rule` [ RunTime:0.013000s ]
[ sql ] [ SQL ] SELECT `id`,`pid`,`condition`,`icon`,`name`,`title`,`ismenu` FROM `fa_auth_rule` WHERE  `status` = 'normal' [ RunTime:0.013000s ]
[ sql ] [ SQL ] SELECT `title`,`remark` FROM `fa_auth_rule` WHERE  `name` = 'dashboard' LIMIT 1 [ RunTime:0.012000s ]
---------------------------------------------------------------
[ 2019-10-25T15:40:39+08:00 ] 0.0.0.0 GET localhost:777/BHtwcrWyps.php/ajax/lang?callback=define&controllername=index&v=1571989235
[运行时间：0.420000s] [吞吐率：2.38req/s] [内存消耗：3,217.71kb] [文件加载：125]
[ info ] [ BEHAVIOR ] Run Closure @app_init [ RunTime:0.003000s ]
[ info ] [ CACHE ] INIT File
[ info ] [ BEHAVIOR ] Run Closure @app_init [ RunTime:0.023000s ]
[ info ] [ LANG ] C:\Users\Administrator\Desktop\fastAdmin\thinkphp\lang\zh-cn.php
[ info ] [ ROUTE ] array (
  'type' => 'module',
  'module' => 
  array (
    0 => 'admin',
    1 => 'ajax',
    2 => 'lang',
  ),
)
[ info ] [ HEADER ] array (
  'cookie' => '_ga=GA1.1.1676223138.1569549790; PHPSESSID=4ls6koq334qpvt9b49e08ev3q0; Hm_lvt_f8d0a8c400404989e195270b0bbf060a=1570499845; Hm_lpvt_f8d0a8c400404989e195270b0bbf060a=1570695979; uid=1; token=1c344001-9bc5-4e6d-a9d5-c57f8506625b',
  'accept-language' => 'zh-CN,zh;q=0.9',
  'accept-encoding' => 'gzip, deflate, br',
  'referer' => 'http://localhost:777/BHtwcrWyps.php/index/index',
  'sec-fetch-site' => 'same-origin',
  'accept' => '*/*',
  'user-agent' => 'Mozilla/5.0 (Windows NT 6.1; WOW64) AppleWebKit/537.36 (KHTML, like Gecko) Chrome/77.0.3865.120 Safari/537.36',
  'sec-fetch-mode' => 'no-cors',
  'connection' => 'close',
  'host' => 'localhost:777',
)
[ info ] [ PARAM ] array (
  'callback' => 'define',
  'controllername' => 'index',
  'v' => '1571989235',
)
[ info ] [ LANG ] C:\Users\Administrator\Desktop\fastAdmin\public/../application/admin\lang\zh-cn.php
[ info ] [ BEHAVIOR ] Run app\common\behavior\Common @module_init [ RunTime:0.008000s ]
[ info ] [ SESSION ] INIT array (
  'id' => '',
  'var_session_id' => '',
  'prefix' => 'think',
  'type' => '',
  'auto_start' => true,
)
[ info ] [ LANG ] C:\Users\Administrator\Desktop\fastAdmin\public/../application/admin/lang/zh-cn/ajax.php
[ info ] [ RUN ] app\admin\controller\Ajax->lang[ C:\Users\Administrator\Desktop\fastAdmin\application\admin\controller\Ajax.php ]
[ info ] [ LANG ] C:\Users\Administrator\Desktop\fastAdmin\public/../application/admin/lang/zh-cn/index.php
[ info ] [ BEHAVIOR ] Run app\admin\behavior\AdminLog @app_end [ RunTime:0.001000s ]
[ info ] [ LOG ] INIT File
---------------------------------------------------------------
[ 2019-10-25T15:40:40+08:00 ] 0.0.0.0 GET localhost:777/BHtwcrWyps.php/ajax/lang?callback=define&controllername=dashboard&v=1571989237
[运行时间：0.342000s] [吞吐率：2.92req/s] [内存消耗：3,216.59kb] [文件加载：125]
[ info ] [ BEHAVIOR ] Run Closure @app_init [ RunTime:0.000000s ]
[ info ] [ CACHE ] INIT File
[ info ] [ BEHAVIOR ] Run Closure @app_init [ RunTime:0.010000s ]
[ info ] [ LANG ] C:\Users\Administrator\Desktop\fastAdmin\thinkphp\lang\zh-cn.php
[ info ] [ ROUTE ] array (
  'type' => 'module',
  'module' => 
  array (
    0 => 'admin',
    1 => 'ajax',
    2 => 'lang',
  ),
)
[ info ] [ HEADER ] array (
  'cookie' => '_ga=GA1.1.1676223138.1569549790; PHPSESSID=4ls6koq334qpvt9b49e08ev3q0; Hm_lvt_f8d0a8c400404989e195270b0bbf060a=1570499845; Hm_lpvt_f8d0a8c400404989e195270b0bbf060a=1570695979; uid=1; token=1c344001-9bc5-4e6d-a9d5-c57f8506625b',
  'accept-language' => 'zh-CN,zh;q=0.9',
  'accept-encoding' => 'gzip, deflate, br',
  'referer' => 'http://localhost:777/BHtwcrWyps.php/dashboard?addtabs=1',
  'sec-fetch-site' => 'same-origin',
  'accept' => '*/*',
  'user-agent' => 'Mozilla/5.0 (Windows NT 6.1; WOW64) AppleWebKit/537.36 (KHTML, like Gecko) Chrome/77.0.3865.120 Safari/537.36',
  'sec-fetch-mode' => 'no-cors',
  'connection' => 'close',
  'host' => 'localhost:777',
)
[ info ] [ PARAM ] array (
  'callback' => 'define',
  'controllername' => 'dashboard',
  'v' => '1571989237',
)
[ info ] [ LANG ] C:\Users\Administrator\Desktop\fastAdmin\public/../application/admin\lang\zh-cn.php
[ info ] [ BEHAVIOR ] Run app\common\behavior\Common @module_init [ RunTime:0.000000s ]
[ info ] [ SESSION ] INIT array (
  'id' => '',
  'var_session_id' => '',
  'prefix' => 'think',
  'type' => '',
  'auto_start' => true,
)
[ info ] [ LANG ] C:\Users\Administrator\Desktop\fastAdmin\public/../application/admin/lang/zh-cn/ajax.php
[ info ] [ RUN ] app\admin\controller\Ajax->lang[ C:\Users\Administrator\Desktop\fastAdmin\application\admin\controller\Ajax.php ]
[ info ] [ LANG ] C:\Users\Administrator\Desktop\fastAdmin\public/../application/admin/lang/zh-cn/dashboard.php
[ info ] [ BEHAVIOR ] Run app\admin\behavior\AdminLog @app_end [ RunTime:0.000000s ]
[ info ] [ LOG ] INIT File
---------------------------------------------------------------
[ 2019-10-25T16:01:48+08:00 ] 0.0.0.0 GET localhost:777/index/user/transaction.html
[运行时间：0.873000s] [吞吐率：1.15req/s] [内存消耗：3,947.55kb] [文件加载：132]
[ info ] [ BEHAVIOR ] Run Closure @app_init [ RunTime:0.001000s ]
[ info ] [ CACHE ] INIT File
[ info ] [ BEHAVIOR ] Run Closure @app_init [ RunTime:0.008000s ]
[ info ] [ LANG ] C:\Users\Administrator\Desktop\fastAdmin\thinkphp\lang\zh-cn.php
[ info ] [ ROUTE ] array (
  'type' => 'module',
  'module' => 
  array (
    0 => 'index',
    1 => 'user',
    2 => 'transaction',
  ),
)
[ info ] [ HEADER ] array (
  'cookie' => '_ga=GA1.1.1676223138.1569549790; PHPSESSID=4ls6koq334qpvt9b49e08ev3q0; Hm_lvt_f8d0a8c400404989e195270b0bbf060a=1570499845; Hm_lpvt_f8d0a8c400404989e195270b0bbf060a=1570695979; uid=1; token=1c344001-9bc5-4e6d-a9d5-c57f8506625b; ci_session=82d5c18ddd67cdb2db16923af344b21408179519',
  'accept-language' => 'zh-CN,zh;q=0.9',
  'accept-encoding' => 'gzip, deflate, br',
  'referer' => 'http://localhost:777/index/user/exchangepoints.html',
  'sec-fetch-site' => 'same-origin',
  'accept' => 'text/html,application/xhtml+xml,application/xml;q=0.9,image/webp,image/apng,*/*;q=0.8,application/signed-exchange;v=b3',
  'sec-fetch-user' => '?1',
  'sec-fetch-mode' => 'navigate',
  'user-agent' => 'Mozilla/5.0 (Windows NT 6.1; WOW64) AppleWebKit/537.36 (KHTML, like Gecko) Chrome/77.0.3865.120 Safari/537.36',
  'upgrade-insecure-requests' => '1',
  'connection' => 'close',
  'host' => 'localhost:777',
)
[ info ] [ PARAM ] array (
)
[ info ] [ LANG ] C:\Users\Administrator\Desktop\fastAdmin\public/../application/index\lang\zh-cn.php
[ info ] [ BEHAVIOR ] Run app\common\behavior\Common @module_init [ RunTime:0.006000s ]
[ info ] [ TOKEN ] INIT Mysql
[ info ] [ DB ] INIT mysql
[ info ] [ LANG ] C:\Users\Administrator\Desktop\fastAdmin\public/../application/index/lang/zh-cn/user.php
[ info ] [ RUN ] app\index\controller\User->transaction[ C:\Users\Administrator\Desktop\fastAdmin\application\index\controller\User.php ]
[ info ] [ VIEW ] C:\Users\Administrator\Desktop\fastAdmin\public/../application/index\view\user\transaction.html [ array (
  0 => 'user',
  1 => 'site',
  2 => 'config',
  3 => 'title',
  4 => 'server_list',
  5 => 'logger',
  6 => 'user_money',
) ]
[ info ] [ LOG ] INIT File
[ sql ] [ DB ] CONNECT:[ UseTime:0.275000s ] mysql:host=39.105.175.43;port=3306;dbname=fastadmin;charset=utf8
[ sql ] [ SQL ] SHOW COLUMNS FROM `fa_user_token` [ RunTime:0.015000s ]
[ sql ] [ SQL ] SELECT * FROM `fa_user_token` WHERE  `token` = '7a9f50702a15d3f8c621248e4a24b76e88065f2e' LIMIT 1 [ RunTime:0.014000s ]
[ sql ] [ SQL ] SHOW COLUMNS FROM `fa_user` [ RunTime:0.016000s ]
[ sql ] [ SQL ] SELECT * FROM `fa_user` WHERE  `id` = 1 LIMIT 1 [ RunTime:0.015000s ]
[ sql ] [ SQL ] SHOW COLUMNS FROM `fa_exchange_amount` [ RunTime:0.016000s ]
[ sql ] [ SQL ] SELECT * FROM `fa_exchange_amount` [ RunTime:0.014000s ]
[ sql ] [ SQL ] SHOW COLUMNS FROM `fa_exchange_log` [ RunTime:0.014000s ]
[ sql ] [ SQL ] SELECT * FROM `fa_exchange_log` WHERE  (  user_id=1 ) [ RunTime:0.014000s ]
[ sql ] [ SQL ] SHOW COLUMNS FROM `fa_exchange_points` [ RunTime:0.014000s ]
[ sql ] [ SQL ] SELECT * FROM `fa_exchange_points` `p` LEFT JOIN `fa_exchange_amount` `a` ON `p`.`type`=`a`.`id` WHERE  (  user_id=1 ) [ RunTime:0.014000s ]
---------------------------------------------------------------
[ 2019-10-25T16:01:50+08:00 ] 0.0.0.0 GET localhost:777/index/ajax/lang?callback=define&controllername=user&v=1571990507
[运行时间：0.706000s] [吞吐率：1.42req/s] [内存消耗：3,813.98kb] [文件加载：132]
[ info ] [ BEHAVIOR ] Run Closure @app_init [ RunTime:0.000000s ]
[ info ] [ CACHE ] INIT File
[ info ] [ BEHAVIOR ] Run Closure @app_init [ RunTime:0.007000s ]
[ info ] [ LANG ] C:\Users\Administrator\Desktop\fastAdmin\thinkphp\lang\zh-cn.php
[ info ] [ ROUTE ] array (
  'type' => 'module',
  'module' => 
  array (
    0 => 'index',
    1 => 'ajax',
    2 => 'lang',
  ),
)
[ info ] [ HEADER ] array (
  'cookie' => '_ga=GA1.1.1676223138.1569549790; PHPSESSID=4ls6koq334qpvt9b49e08ev3q0; Hm_lvt_f8d0a8c400404989e195270b0bbf060a=1570499845; Hm_lpvt_f8d0a8c400404989e195270b0bbf060a=1570695979; uid=1; token=1c344001-9bc5-4e6d-a9d5-c57f8506625b; ci_session=82d5c18ddd67cdb2db16923af344b21408179519',
  'accept-language' => 'zh-CN,zh;q=0.9',
  'accept-encoding' => 'gzip, deflate, br',
  'referer' => 'http://localhost:777/index/user/transaction.html',
  'sec-fetch-site' => 'same-origin',
  'accept' => '*/*',
  'user-agent' => 'Mozilla/5.0 (Windows NT 6.1; WOW64) AppleWebKit/537.36 (KHTML, like Gecko) Chrome/77.0.3865.120 Safari/537.36',
  'sec-fetch-mode' => 'no-cors',
  'connection' => 'close',
  'host' => 'localhost:777',
)
[ info ] [ PARAM ] array (
  'callback' => 'define',
  'controllername' => 'user',
  'v' => '1571990507',
)
[ info ] [ LANG ] C:\Users\Administrator\Desktop\fastAdmin\public/../application/index\lang\zh-cn.php
[ info ] [ BEHAVIOR ] Run app\common\behavior\Common @module_init [ RunTime:0.005000s ]
[ info ] [ TOKEN ] INIT Mysql
[ info ] [ DB ] INIT mysql
[ info ] [ LANG ] C:\Users\Administrator\Desktop\fastAdmin\public/../application/index/lang/zh-cn/ajax.php
[ info ] [ RUN ] app\index\controller\Ajax->lang[ C:\Users\Administrator\Desktop\fastAdmin\application\index\controller\Ajax.php ]
[ info ] [ LANG ] C:\Users\Administrator\Desktop\fastAdmin\public/../application/index/lang/zh-cn/user.php
[ info ] [ LOG ] INIT File
[ sql ] [ DB ] CONNECT:[ UseTime:0.289000s ] mysql:host=39.105.175.43;port=3306;dbname=fastadmin;charset=utf8
[ sql ] [ SQL ] SHOW COLUMNS FROM `fa_user_token` [ RunTime:0.010000s ]
[ sql ] [ SQL ] SELECT * FROM `fa_user_token` WHERE  `token` = '7a9f50702a15d3f8c621248e4a24b76e88065f2e' LIMIT 1 [ RunTime:0.020000s ]
[ sql ] [ SQL ] SHOW COLUMNS FROM `fa_user` [ RunTime:0.020000s ]
[ sql ] [ SQL ] SELECT * FROM `fa_user` WHERE  `id` = 1 LIMIT 1 [ RunTime:0.020000s ]
---------------------------------------------------------------
[ 2019-10-25T16:01:57+08:00 ] 0.0.0.0 GET localhost:777/index/user/mainaccountnumber.html
[运行时间：0.753000s] [吞吐率：1.33req/s] [内存消耗：4,100.41kb] [文件加载：133]
[ info ] [ BEHAVIOR ] Run Closure @app_init [ RunTime:0.000000s ]
[ info ] [ CACHE ] INIT File
[ info ] [ BEHAVIOR ] Run Closure @app_init [ RunTime:0.006000s ]
[ info ] [ LANG ] C:\Users\Administrator\Desktop\fastAdmin\thinkphp\lang\zh-cn.php
[ info ] [ ROUTE ] array (
  'type' => 'module',
  'module' => 
  array (
    0 => 'index',
    1 => 'user',
    2 => 'mainaccountnumber',
  ),
)
[ info ] [ HEADER ] array (
  'cookie' => '_ga=GA1.1.1676223138.1569549790; PHPSESSID=4ls6koq334qpvt9b49e08ev3q0; Hm_lvt_f8d0a8c400404989e195270b0bbf060a=1570499845; Hm_lpvt_f8d0a8c400404989e195270b0bbf060a=1570695979; uid=1; token=1c344001-9bc5-4e6d-a9d5-c57f8506625b; ci_session=82d5c18ddd67cdb2db16923af344b21408179519',
  'accept-language' => 'zh-CN,zh;q=0.9',
  'accept-encoding' => 'gzip, deflate, br',
  'referer' => 'http://localhost:777/index/user/transaction.html',
  'sec-fetch-site' => 'same-origin',
  'accept' => 'text/html,application/xhtml+xml,application/xml;q=0.9,image/webp,image/apng,*/*;q=0.8,application/signed-exchange;v=b3',
  'sec-fetch-user' => '?1',
  'sec-fetch-mode' => 'navigate',
  'user-agent' => 'Mozilla/5.0 (Windows NT 6.1; WOW64) AppleWebKit/537.36 (KHTML, like Gecko) Chrome/77.0.3865.120 Safari/537.36',
  'upgrade-insecure-requests' => '1',
  'connection' => 'close',
  'host' => 'localhost:777',
)
[ info ] [ PARAM ] array (
)
[ info ] [ LANG ] C:\Users\Administrator\Desktop\fastAdmin\public/../application/index\lang\zh-cn.php
[ info ] [ BEHAVIOR ] Run app\common\behavior\Common @module_init [ RunTime:0.006000s ]
[ info ] [ TOKEN ] INIT Mysql
[ info ] [ DB ] INIT mysql
[ info ] [ LANG ] C:\Users\Administrator\Desktop\fastAdmin\public/../application/index/lang/zh-cn/user.php
[ info ] [ RUN ] app\index\controller\User->_empty[ C:\Users\Administrator\Desktop\fastAdmin\application\index\controller\User.php ]
[ info ] [ VIEW ] C:\Users\Administrator\Desktop\fastAdmin\public/../application/index\view\user\mainaccountnumber.html [ array (
  0 => 'user',
  1 => 'site',
  2 => 'config',
) ]
[ info ] [ LOG ] INIT File
[ sql ] [ DB ] CONNECT:[ UseTime:0.279000s ] mysql:host=39.105.175.43;port=3306;dbname=fastadmin;charset=utf8
[ sql ] [ SQL ] SHOW COLUMNS FROM `fa_user_token` [ RunTime:0.014000s ]
[ sql ] [ SQL ] SELECT * FROM `fa_user_token` WHERE  `token` = '7a9f50702a15d3f8c621248e4a24b76e88065f2e' LIMIT 1 [ RunTime:0.011000s ]
[ sql ] [ SQL ] SHOW COLUMNS FROM `fa_user` [ RunTime:0.016000s ]
[ sql ] [ SQL ] SELECT * FROM `fa_user` WHERE  `id` = 1 LIMIT 1 [ RunTime:0.013000s ]
---------------------------------------------------------------
[ 2019-10-25T16:01:58+08:00 ] 0.0.0.0 GET localhost:777/index/ajax/lang?callback=define&controllername=user&v=1571990516
[运行时间：0.694000s] [吞吐率：1.44req/s] [内存消耗：3,814.11kb] [文件加载：132]
[ info ] [ BEHAVIOR ] Run Closure @app_init [ RunTime:0.000000s ]
[ info ] [ CACHE ] INIT File
[ info ] [ BEHAVIOR ] Run Closure @app_init [ RunTime:0.010000s ]
[ info ] [ LANG ] C:\Users\Administrator\Desktop\fastAdmin\thinkphp\lang\zh-cn.php
[ info ] [ ROUTE ] array (
  'type' => 'module',
  'module' => 
  array (
    0 => 'index',
    1 => 'ajax',
    2 => 'lang',
  ),
)
[ info ] [ HEADER ] array (
  'cookie' => '_ga=GA1.1.1676223138.1569549790; PHPSESSID=4ls6koq334qpvt9b49e08ev3q0; Hm_lvt_f8d0a8c400404989e195270b0bbf060a=1570499845; Hm_lpvt_f8d0a8c400404989e195270b0bbf060a=1570695979; uid=1; token=1c344001-9bc5-4e6d-a9d5-c57f8506625b; ci_session=82d5c18ddd67cdb2db16923af344b21408179519',
  'accept-language' => 'zh-CN,zh;q=0.9',
  'accept-encoding' => 'gzip, deflate, br',
  'referer' => 'http://localhost:777/index/user/mainaccountnumber.html',
  'sec-fetch-site' => 'same-origin',
  'accept' => '*/*',
  'user-agent' => 'Mozilla/5.0 (Windows NT 6.1; WOW64) AppleWebKit/537.36 (KHTML, like Gecko) Chrome/77.0.3865.120 Safari/537.36',
  'sec-fetch-mode' => 'no-cors',
  'connection' => 'close',
  'host' => 'localhost:777',
)
[ info ] [ PARAM ] array (
  'callback' => 'define',
  'controllername' => 'user',
  'v' => '1571990516',
)
[ info ] [ LANG ] C:\Users\Administrator\Desktop\fastAdmin\public/../application/index\lang\zh-cn.php
[ info ] [ BEHAVIOR ] Run app\common\behavior\Common @module_init [ RunTime:0.000000s ]
[ info ] [ TOKEN ] INIT Mysql
[ info ] [ DB ] INIT mysql
[ info ] [ LANG ] C:\Users\Administrator\Desktop\fastAdmin\public/../application/index/lang/zh-cn/ajax.php
[ info ] [ RUN ] app\index\controller\Ajax->lang[ C:\Users\Administrator\Desktop\fastAdmin\application\index\controller\Ajax.php ]
[ info ] [ LANG ] C:\Users\Administrator\Desktop\fastAdmin\public/../application/index/lang/zh-cn/user.php
[ info ] [ LOG ] INIT File
[ sql ] [ DB ] CONNECT:[ UseTime:0.280000s ] mysql:host=39.105.175.43;port=3306;dbname=fastadmin;charset=utf8
[ sql ] [ SQL ] SHOW COLUMNS FROM `fa_user_token` [ RunTime:0.020000s ]
[ sql ] [ SQL ] SELECT * FROM `fa_user_token` WHERE  `token` = '7a9f50702a15d3f8c621248e4a24b76e88065f2e' LIMIT 1 [ RunTime:0.010000s ]
[ sql ] [ SQL ] SHOW COLUMNS FROM `fa_user` [ RunTime:0.020000s ]
[ sql ] [ SQL ] SELECT * FROM `fa_user` WHERE  `id` = 1 LIMIT 1 [ RunTime:0.010000s ]
---------------------------------------------------------------
[ 2019-10-25T16:02:01+08:00 ] 0.0.0.0 GET localhost:777/index/user/dynamic.html
[运行时间：0.766000s] [吞吐率：1.31req/s] [内存消耗：4,199.85kb] [文件加载：133]
[ info ] [ BEHAVIOR ] Run Closure @app_init [ RunTime:0.000000s ]
[ info ] [ CACHE ] INIT File
[ info ] [ BEHAVIOR ] Run Closure @app_init [ RunTime:0.007000s ]
[ info ] [ LANG ] C:\Users\Administrator\Desktop\fastAdmin\thinkphp\lang\zh-cn.php
[ info ] [ ROUTE ] array (
  'type' => 'module',
  'module' => 
  array (
    0 => 'index',
    1 => 'user',
    2 => 'dynamic',
  ),
)
[ info ] [ HEADER ] array (
  'cookie' => '_ga=GA1.1.1676223138.1569549790; PHPSESSID=4ls6koq334qpvt9b49e08ev3q0; Hm_lvt_f8d0a8c400404989e195270b0bbf060a=1570499845; Hm_lpvt_f8d0a8c400404989e195270b0bbf060a=1570695979; uid=1; token=1c344001-9bc5-4e6d-a9d5-c57f8506625b; ci_session=82d5c18ddd67cdb2db16923af344b21408179519',
  'accept-language' => 'zh-CN,zh;q=0.9',
  'accept-encoding' => 'gzip, deflate, br',
  'referer' => 'http://localhost:777/index/user/mainaccountnumber.html',
  'sec-fetch-site' => 'same-origin',
  'accept' => 'text/html,application/xhtml+xml,application/xml;q=0.9,image/webp,image/apng,*/*;q=0.8,application/signed-exchange;v=b3',
  'sec-fetch-user' => '?1',
  'sec-fetch-mode' => 'navigate',
  'user-agent' => 'Mozilla/5.0 (Windows NT 6.1; WOW64) AppleWebKit/537.36 (KHTML, like Gecko) Chrome/77.0.3865.120 Safari/537.36',
  'upgrade-insecure-requests' => '1',
  'connection' => 'close',
  'host' => 'localhost:777',
)
[ info ] [ PARAM ] array (
)
[ info ] [ LANG ] C:\Users\Administrator\Desktop\fastAdmin\public/../application/index\lang\zh-cn.php
[ info ] [ BEHAVIOR ] Run app\common\behavior\Common @module_init [ RunTime:0.006000s ]
[ info ] [ TOKEN ] INIT Mysql
[ info ] [ DB ] INIT mysql
[ info ] [ LANG ] C:\Users\Administrator\Desktop\fastAdmin\public/../application/index/lang/zh-cn/user.php
[ info ] [ RUN ] app\index\controller\User->_empty[ C:\Users\Administrator\Desktop\fastAdmin\application\index\controller\User.php ]
[ info ] [ VIEW ] C:\Users\Administrator\Desktop\fastAdmin\public/../application/index\view\user\dynamic.html [ array (
  0 => 'user',
  1 => 'site',
  2 => 'config',
) ]
[ info ] [ LOG ] INIT File
[ sql ] [ DB ] CONNECT:[ UseTime:0.276000s ] mysql:host=39.105.175.43;port=3306;dbname=fastadmin;charset=utf8
[ sql ] [ SQL ] SHOW COLUMNS FROM `fa_user_token` [ RunTime:0.018000s ]
[ sql ] [ SQL ] SELECT * FROM `fa_user_token` WHERE  `token` = '7a9f50702a15d3f8c621248e4a24b76e88065f2e' LIMIT 1 [ RunTime:0.015000s ]
[ sql ] [ SQL ] SHOW COLUMNS FROM `fa_user` [ RunTime:0.016000s ]
[ sql ] [ SQL ] SELECT * FROM `fa_user` WHERE  `id` = 1 LIMIT 1 [ RunTime:0.016000s ]
---------------------------------------------------------------
[ 2019-10-25T16:02:03+08:00 ] 0.0.0.0 GET localhost:777/index/ajax/lang?callback=define&controllername=user&v=1571990520
[运行时间：0.688000s] [吞吐率：1.45req/s] [内存消耗：3,813.84kb] [文件加载：132]
[ info ] [ BEHAVIOR ] Run Closure @app_init [ RunTime:0.000000s ]
[ info ] [ CACHE ] INIT File
[ info ] [ BEHAVIOR ] Run Closure @app_init [ RunTime:0.006000s ]
[ info ] [ LANG ] C:\Users\Administrator\Desktop\fastAdmin\thinkphp\lang\zh-cn.php
[ info ] [ ROUTE ] array (
  'type' => 'module',
  'module' => 
  array (
    0 => 'index',
    1 => 'ajax',
    2 => 'lang',
  ),
)
[ info ] [ HEADER ] array (
  'cookie' => '_ga=GA1.1.1676223138.1569549790; PHPSESSID=4ls6koq334qpvt9b49e08ev3q0; Hm_lvt_f8d0a8c400404989e195270b0bbf060a=1570499845; Hm_lpvt_f8d0a8c400404989e195270b0bbf060a=1570695979; uid=1; token=1c344001-9bc5-4e6d-a9d5-c57f8506625b; ci_session=82d5c18ddd67cdb2db16923af344b21408179519',
  'accept-language' => 'zh-CN,zh;q=0.9',
  'accept-encoding' => 'gzip, deflate, br',
  'referer' => 'http://localhost:777/index/user/dynamic.html',
  'sec-fetch-site' => 'same-origin',
  'accept' => '*/*',
  'user-agent' => 'Mozilla/5.0 (Windows NT 6.1; WOW64) AppleWebKit/537.36 (KHTML, like Gecko) Chrome/77.0.3865.120 Safari/537.36',
  'sec-fetch-mode' => 'no-cors',
  'connection' => 'close',
  'host' => 'localhost:777',
)
[ info ] [ PARAM ] array (
  'callback' => 'define',
  'controllername' => 'user',
  'v' => '1571990520',
)
[ info ] [ LANG ] C:\Users\Administrator\Desktop\fastAdmin\public/../application/index\lang\zh-cn.php
[ info ] [ BEHAVIOR ] Run app\common\behavior\Common @module_init [ RunTime:0.006000s ]
[ info ] [ TOKEN ] INIT Mysql
[ info ] [ DB ] INIT mysql
[ info ] [ LANG ] C:\Users\Administrator\Desktop\fastAdmin\public/../application/index/lang/zh-cn/ajax.php
[ info ] [ RUN ] app\index\controller\Ajax->lang[ C:\Users\Administrator\Desktop\fastAdmin\application\index\controller\Ajax.php ]
[ info ] [ LANG ] C:\Users\Administrator\Desktop\fastAdmin\public/../application/index/lang/zh-cn/user.php
[ info ] [ LOG ] INIT File
[ sql ] [ DB ] CONNECT:[ UseTime:0.278000s ] mysql:host=39.105.175.43;port=3306;dbname=fastadmin;charset=utf8
[ sql ] [ SQL ] SHOW COLUMNS FROM `fa_user_token` [ RunTime:0.011000s ]
[ sql ] [ SQL ] SELECT * FROM `fa_user_token` WHERE  `token` = '7a9f50702a15d3f8c621248e4a24b76e88065f2e' LIMIT 1 [ RunTime:0.011000s ]
[ sql ] [ SQL ] SHOW COLUMNS FROM `fa_user` [ RunTime:0.011000s ]
[ sql ] [ SQL ] SELECT * FROM `fa_user` WHERE  `id` = 1 LIMIT 1 [ RunTime:0.010000s ]
---------------------------------------------------------------
[ 2019-10-25T16:04:32+08:00 ] 0.0.0.0 GET localhost:777/index/user/rechargeorder.html
[运行时间：0.829000s] [吞吐率：1.21req/s] [内存消耗：4,152.84kb] [文件加载：134]
[ info ] [ BEHAVIOR ] Run Closure @app_init [ RunTime:0.001000s ]
[ info ] [ CACHE ] INIT File
[ info ] [ BEHAVIOR ] Run Closure @app_init [ RunTime:0.008000s ]
[ info ] [ LANG ] C:\Users\Administrator\Desktop\fastAdmin\thinkphp\lang\zh-cn.php
[ info ] [ ROUTE ] array (
  'type' => 'module',
  'module' => 
  array (
    0 => 'index',
    1 => 'user',
    2 => 'rechargeorder',
  ),
)
[ info ] [ HEADER ] array (
  'cookie' => '_ga=GA1.1.1676223138.1569549790; PHPSESSID=4ls6koq334qpvt9b49e08ev3q0; Hm_lvt_f8d0a8c400404989e195270b0bbf060a=1570499845; Hm_lpvt_f8d0a8c400404989e195270b0bbf060a=1570695979; uid=1; token=1c344001-9bc5-4e6d-a9d5-c57f8506625b; ci_session=82d5c18ddd67cdb2db16923af344b21408179519',
  'accept-language' => 'zh-CN,zh;q=0.9',
  'accept-encoding' => 'gzip, deflate, br',
  'referer' => 'http://localhost:777/index/user/dynamic.html',
  'sec-fetch-site' => 'same-origin',
  'accept' => 'text/html,application/xhtml+xml,application/xml;q=0.9,image/webp,image/apng,*/*;q=0.8,application/signed-exchange;v=b3',
  'sec-fetch-user' => '?1',
  'sec-fetch-mode' => 'navigate',
  'user-agent' => 'Mozilla/5.0 (Windows NT 6.1; WOW64) AppleWebKit/537.36 (KHTML, like Gecko) Chrome/77.0.3865.120 Safari/537.36',
  'upgrade-insecure-requests' => '1',
  'connection' => 'close',
  'host' => 'localhost:777',
)
[ info ] [ PARAM ] array (
)
[ info ] [ LANG ] C:\Users\Administrator\Desktop\fastAdmin\public/../application/index\lang\zh-cn.php
[ info ] [ BEHAVIOR ] Run app\common\behavior\Common @module_init [ RunTime:0.006000s ]
[ info ] [ TOKEN ] INIT Mysql
[ info ] [ DB ] INIT mysql
[ info ] [ LANG ] C:\Users\Administrator\Desktop\fastAdmin\public/../application/index/lang/zh-cn/user.php
[ info ] [ RUN ] app\index\controller\User->rechargeorder[ C:\Users\Administrator\Desktop\fastAdmin\application\index\controller\User.php ]
[ info ] [ VIEW ] C:\Users\Administrator\Desktop\fastAdmin\public/../application/index\view\user\rechargeorder.html [ array (
  0 => 'user',
  1 => 'site',
  2 => 'config',
  3 => 'title',
  4 => 'data',
) ]
[ info ] [ LOG ] INIT File
[ sql ] [ DB ] CONNECT:[ UseTime:0.281000s ] mysql:host=39.105.175.43;port=3306;dbname=fastadmin;charset=utf8
[ sql ] [ SQL ] SHOW COLUMNS FROM `fa_user_token` [ RunTime:0.017000s ]
[ sql ] [ SQL ] SELECT * FROM `fa_user_token` WHERE  `token` = '7a9f50702a15d3f8c621248e4a24b76e88065f2e' LIMIT 1 [ RunTime:0.015000s ]
[ sql ] [ SQL ] SHOW COLUMNS FROM `fa_user` [ RunTime:0.016000s ]
[ sql ] [ SQL ] SELECT * FROM `fa_user` WHERE  `id` = 1 LIMIT 1 [ RunTime:0.016000s ]
[ sql ] [ SQL ] SHOW COLUMNS FROM `fa_rechargeablecard` [ RunTime:0.017000s ]
[ sql ] [ SQL ] SELECT * FROM `fa_rechargeablecard` WHERE  (  user_id=1 ) [ RunTime:0.015000s ]
---------------------------------------------------------------
[ 2019-10-25T16:04:34+08:00 ] 0.0.0.0 GET localhost:777/index/ajax/lang?callback=define&controllername=user&v=1571990672
[运行时间：0.694000s] [吞吐率：1.44req/s] [内存消耗：3,813.98kb] [文件加载：132]
[ info ] [ BEHAVIOR ] Run Closure @app_init [ RunTime:0.000000s ]
[ info ] [ CACHE ] INIT File
[ info ] [ BEHAVIOR ] Run Closure @app_init [ RunTime:0.000000s ]
[ info ] [ LANG ] C:\Users\Administrator\Desktop\fastAdmin\thinkphp\lang\zh-cn.php
[ info ] [ ROUTE ] array (
  'type' => 'module',
  'module' => 
  array (
    0 => 'index',
    1 => 'ajax',
    2 => 'lang',
  ),
)
[ info ] [ HEADER ] array (
  'cookie' => '_ga=GA1.1.1676223138.1569549790; PHPSESSID=4ls6koq334qpvt9b49e08ev3q0; Hm_lvt_f8d0a8c400404989e195270b0bbf060a=1570499845; Hm_lpvt_f8d0a8c400404989e195270b0bbf060a=1570695979; uid=1; token=1c344001-9bc5-4e6d-a9d5-c57f8506625b; ci_session=82d5c18ddd67cdb2db16923af344b21408179519',
  'accept-language' => 'zh-CN,zh;q=0.9',
  'accept-encoding' => 'gzip, deflate, br',
  'referer' => 'http://localhost:777/index/user/rechargeorder.html',
  'sec-fetch-site' => 'same-origin',
  'accept' => '*/*',
  'user-agent' => 'Mozilla/5.0 (Windows NT 6.1; WOW64) AppleWebKit/537.36 (KHTML, like Gecko) Chrome/77.0.3865.120 Safari/537.36',
  'sec-fetch-mode' => 'no-cors',
  'connection' => 'close',
  'host' => 'localhost:777',
)
[ info ] [ PARAM ] array (
  'callback' => 'define',
  'controllername' => 'user',
  'v' => '1571990672',
)
[ info ] [ LANG ] C:\Users\Administrator\Desktop\fastAdmin\public/../application/index\lang\zh-cn.php
[ info ] [ BEHAVIOR ] Run app\common\behavior\Common @module_init [ RunTime:0.010000s ]
[ info ] [ TOKEN ] INIT Mysql
[ info ] [ DB ] INIT mysql
[ info ] [ LANG ] C:\Users\Administrator\Desktop\fastAdmin\public/../application/index/lang/zh-cn/ajax.php
[ info ] [ RUN ] app\index\controller\Ajax->lang[ C:\Users\Administrator\Desktop\fastAdmin\application\index\controller\Ajax.php ]
[ info ] [ LANG ] C:\Users\Administrator\Desktop\fastAdmin\public/../application/index/lang/zh-cn/user.php
[ info ] [ LOG ] INIT File
[ sql ] [ DB ] CONNECT:[ UseTime:0.280000s ] mysql:host=39.105.175.43;port=3306;dbname=fastadmin;charset=utf8
[ sql ] [ SQL ] SHOW COLUMNS FROM `fa_user_token` [ RunTime:0.010000s ]
[ sql ] [ SQL ] SELECT * FROM `fa_user_token` WHERE  `token` = '7a9f50702a15d3f8c621248e4a24b76e88065f2e' LIMIT 1 [ RunTime:0.020000s ]
[ sql ] [ SQL ] SHOW COLUMNS FROM `fa_user` [ RunTime:0.020000s ]
[ sql ] [ SQL ] SELECT * FROM `fa_user` WHERE  `id` = 1 LIMIT 1 [ RunTime:0.020000s ]
---------------------------------------------------------------
[ 2019-10-25T16:05:24+08:00 ] 0.0.0.0 GET localhost:777/index/user/rechargeorder.html
[运行时间：0.783000s] [吞吐率：1.28req/s] [内存消耗：4,152.30kb] [文件加载：134]
[ info ] [ BEHAVIOR ] Run Closure @app_init [ RunTime:0.000000s ]
[ info ] [ CACHE ] INIT File
[ info ] [ BEHAVIOR ] Run Closure @app_init [ RunTime:0.007000s ]
[ info ] [ LANG ] C:\Users\Administrator\Desktop\fastAdmin\thinkphp\lang\zh-cn.php
[ info ] [ ROUTE ] array (
  'type' => 'module',
  'module' => 
  array (
    0 => 'index',
    1 => 'user',
    2 => 'rechargeorder',
  ),
)
[ info ] [ HEADER ] array (
  'cookie' => '_ga=GA1.1.1676223138.1569549790; PHPSESSID=4ls6koq334qpvt9b49e08ev3q0; Hm_lvt_f8d0a8c400404989e195270b0bbf060a=1570499845; Hm_lpvt_f8d0a8c400404989e195270b0bbf060a=1570695979; uid=1; token=1c344001-9bc5-4e6d-a9d5-c57f8506625b; ci_session=82d5c18ddd67cdb2db16923af344b21408179519',
  'accept-language' => 'zh-CN,zh;q=0.9',
  'accept-encoding' => 'gzip, deflate, br',
  'referer' => 'http://localhost:777/index/user/rechargeorder.html',
  'sec-fetch-site' => 'same-origin',
  'accept' => 'text/html,application/xhtml+xml,application/xml;q=0.9,image/webp,image/apng,*/*;q=0.8,application/signed-exchange;v=b3',
  'sec-fetch-user' => '?1',
  'sec-fetch-mode' => 'navigate',
  'user-agent' => 'Mozilla/5.0 (Windows NT 6.1; WOW64) AppleWebKit/537.36 (KHTML, like Gecko) Chrome/77.0.3865.120 Safari/537.36',
  'upgrade-insecure-requests' => '1',
  'connection' => 'close',
  'host' => 'localhost:777',
)
[ info ] [ PARAM ] array (
)
[ info ] [ LANG ] C:\Users\Administrator\Desktop\fastAdmin\public/../application/index\lang\zh-cn.php
[ info ] [ BEHAVIOR ] Run app\common\behavior\Common @module_init [ RunTime:0.006000s ]
[ info ] [ TOKEN ] INIT Mysql
[ info ] [ DB ] INIT mysql
[ info ] [ LANG ] C:\Users\Administrator\Desktop\fastAdmin\public/../application/index/lang/zh-cn/user.php
[ info ] [ RUN ] app\index\controller\User->rechargeorder[ C:\Users\Administrator\Desktop\fastAdmin\application\index\controller\User.php ]
[ info ] [ VIEW ] C:\Users\Administrator\Desktop\fastAdmin\public/../application/index\view\user\rechargeorder.html [ array (
  0 => 'user',
  1 => 'site',
  2 => 'config',
  3 => 'title',
  4 => 'data',
) ]
[ info ] [ LOG ] INIT File
[ sql ] [ DB ] CONNECT:[ UseTime:0.283000s ] mysql:host=39.105.175.43;port=3306;dbname=fastadmin;charset=utf8
[ sql ] [ SQL ] SHOW COLUMNS FROM `fa_user_token` [ RunTime:0.015000s ]
[ sql ] [ SQL ] SELECT * FROM `fa_user_token` WHERE  `token` = '7a9f50702a15d3f8c621248e4a24b76e88065f2e' LIMIT 1 [ RunTime:0.014000s ]
[ sql ] [ SQL ] SHOW COLUMNS FROM `fa_user` [ RunTime:0.015000s ]
[ sql ] [ SQL ] SELECT * FROM `fa_user` WHERE  `id` = 1 LIMIT 1 [ RunTime:0.015000s ]
[ sql ] [ SQL ] SHOW COLUMNS FROM `fa_rechargeablecard` [ RunTime:0.014000s ]
[ sql ] [ SQL ] SELECT * FROM `fa_rechargeablecard` WHERE  (  user_id=1 ) [ RunTime:0.014000s ]
---------------------------------------------------------------
[ 2019-10-25T16:05:25+08:00 ] 0.0.0.0 GET localhost:777/index/ajax/lang?callback=define&controllername=user&v=1571990723
[运行时间：0.702000s] [吞吐率：1.42req/s] [内存消耗：3,813.98kb] [文件加载：132]
[ info ] [ BEHAVIOR ] Run Closure @app_init [ RunTime:0.000000s ]
[ info ] [ CACHE ] INIT File
[ info ] [ BEHAVIOR ] Run Closure @app_init [ RunTime:0.008000s ]
[ info ] [ LANG ] C:\Users\Administrator\Desktop\fastAdmin\thinkphp\lang\zh-cn.php
[ info ] [ ROUTE ] array (
  'type' => 'module',
  'module' => 
  array (
    0 => 'index',
    1 => 'ajax',
    2 => 'lang',
  ),
)
[ info ] [ HEADER ] array (
  'cookie' => '_ga=GA1.1.1676223138.1569549790; PHPSESSID=4ls6koq334qpvt9b49e08ev3q0; Hm_lvt_f8d0a8c400404989e195270b0bbf060a=1570499845; Hm_lpvt_f8d0a8c400404989e195270b0bbf060a=1570695979; uid=1; token=1c344001-9bc5-4e6d-a9d5-c57f8506625b; ci_session=82d5c18ddd67cdb2db16923af344b21408179519',
  'accept-language' => 'zh-CN,zh;q=0.9',
  'accept-encoding' => 'gzip, deflate, br',
  'referer' => 'http://localhost:777/index/user/rechargeorder.html',
  'sec-fetch-site' => 'same-origin',
  'accept' => '*/*',
  'user-agent' => 'Mozilla/5.0 (Windows NT 6.1; WOW64) AppleWebKit/537.36 (KHTML, like Gecko) Chrome/77.0.3865.120 Safari/537.36',
  'sec-fetch-mode' => 'no-cors',
  'connection' => 'close',
  'host' => 'localhost:777',
)
[ info ] [ PARAM ] array (
  'callback' => 'define',
  'controllername' => 'user',
  'v' => '1571990723',
)
[ info ] [ LANG ] C:\Users\Administrator\Desktop\fastAdmin\public/../application/index\lang\zh-cn.php
[ info ] [ BEHAVIOR ] Run app\common\behavior\Common @module_init [ RunTime:0.007000s ]
[ info ] [ TOKEN ] INIT Mysql
[ info ] [ DB ] INIT mysql
[ info ] [ LANG ] C:\Users\Administrator\Desktop\fastAdmin\public/../application/index/lang/zh-cn/ajax.php
[ info ] [ RUN ] app\index\controller\Ajax->lang[ C:\Users\Administrator\Desktop\fastAdmin\application\index\controller\Ajax.php ]
[ info ] [ LANG ] C:\Users\Administrator\Desktop\fastAdmin\public/../application/index/lang/zh-cn/user.php
[ info ] [ LOG ] INIT File
[ sql ] [ DB ] CONNECT:[ UseTime:0.279000s ] mysql:host=39.105.175.43;port=3306;dbname=fastadmin;charset=utf8
[ sql ] [ SQL ] SHOW COLUMNS FROM `fa_user_token` [ RunTime:0.013000s ]
[ sql ] [ SQL ] SELECT * FROM `fa_user_token` WHERE  `token` = '7a9f50702a15d3f8c621248e4a24b76e88065f2e' LIMIT 1 [ RunTime:0.012000s ]
[ sql ] [ SQL ] SHOW COLUMNS FROM `fa_user` [ RunTime:0.014000s ]
[ sql ] [ SQL ] SELECT * FROM `fa_user` WHERE  `id` = 1 LIMIT 1 [ RunTime:0.013000s ]
---------------------------------------------------------------
[ 2019-10-25T16:05:29+08:00 ] 0.0.0.0 GET localhost:777/index/user/balancelog.html
[运行时间：0.838000s] [吞吐率：1.19req/s] [内存消耗：4,072.81kb] [文件加载：134]
[ info ] [ BEHAVIOR ] Run Closure @app_init [ RunTime:0.000000s ]
[ info ] [ CACHE ] INIT File
[ info ] [ BEHAVIOR ] Run Closure @app_init [ RunTime:0.007000s ]
[ info ] [ LANG ] C:\Users\Administrator\Desktop\fastAdmin\thinkphp\lang\zh-cn.php
[ info ] [ ROUTE ] array (
  'type' => 'module',
  'module' => 
  array (
    0 => 'index',
    1 => 'user',
    2 => 'balancelog',
  ),
)
[ info ] [ HEADER ] array (
  'cookie' => '_ga=GA1.1.1676223138.1569549790; PHPSESSID=4ls6koq334qpvt9b49e08ev3q0; Hm_lvt_f8d0a8c400404989e195270b0bbf060a=1570499845; Hm_lpvt_f8d0a8c400404989e195270b0bbf060a=1570695979; uid=1; token=1c344001-9bc5-4e6d-a9d5-c57f8506625b; ci_session=82d5c18ddd67cdb2db16923af344b21408179519',
  'accept-language' => 'zh-CN,zh;q=0.9',
  'accept-encoding' => 'gzip, deflate, br',
  'referer' => 'http://localhost:777/index/user/rechargeorder.html',
  'sec-fetch-site' => 'same-origin',
  'accept' => 'text/html,application/xhtml+xml,application/xml;q=0.9,image/webp,image/apng,*/*;q=0.8,application/signed-exchange;v=b3',
  'sec-fetch-user' => '?1',
  'sec-fetch-mode' => 'navigate',
  'user-agent' => 'Mozilla/5.0 (Windows NT 6.1; WOW64) AppleWebKit/537.36 (KHTML, like Gecko) Chrome/77.0.3865.120 Safari/537.36',
  'upgrade-insecure-requests' => '1',
  'connection' => 'close',
  'host' => 'localhost:777',
)
[ info ] [ PARAM ] array (
)
[ info ] [ LANG ] C:\Users\Administrator\Desktop\fastAdmin\public/../application/index\lang\zh-cn.php
[ info ] [ BEHAVIOR ] Run app\common\behavior\Common @module_init [ RunTime:0.006000s ]
[ info ] [ TOKEN ] INIT Mysql
[ info ] [ DB ] INIT mysql
[ info ] [ LANG ] C:\Users\Administrator\Desktop\fastAdmin\public/../application/index/lang/zh-cn/user.php
[ info ] [ RUN ] app\index\controller\User->balancelog[ C:\Users\Administrator\Desktop\fastAdmin\application\index\controller\User.php ]
[ info ] [ VIEW ] C:\Users\Administrator\Desktop\fastAdmin\public/../application/index\view\user\balancelog.html [ array (
  0 => 'user',
  1 => 'site',
  2 => 'config',
  3 => 'title',
  4 => 'data',
  5 => 'number',
) ]
[ info ] [ LOG ] INIT File
[ sql ] [ DB ] CONNECT:[ UseTime:0.278000s ] mysql:host=39.105.175.43;port=3306;dbname=fastadmin;charset=utf8
[ sql ] [ SQL ] SHOW COLUMNS FROM `fa_user_token` [ RunTime:0.016000s ]
[ sql ] [ SQL ] SELECT * FROM `fa_user_token` WHERE  `token` = '7a9f50702a15d3f8c621248e4a24b76e88065f2e' LIMIT 1 [ RunTime:0.015000s ]
[ sql ] [ SQL ] SHOW COLUMNS FROM `fa_user` [ RunTime:0.015000s ]
[ sql ] [ SQL ] SELECT * FROM `fa_user` WHERE  `id` = 1 LIMIT 1 [ RunTime:0.015000s ]
[ sql ] [ SQL ] SHOW COLUMNS FROM `fa_rechargeablecard_log` [ RunTime:0.016000s ]
[ sql ] [ SQL ] SELECT * FROM `fa_rechargeablecard_log` WHERE  (  user_id=1 ) [ RunTime:0.016000s ]
[ sql ] [ SQL ] SHOW COLUMNS FROM `fa_rechargeablecard` [ RunTime:0.018000s ]
[ sql ] [ SQL ] SELECT * FROM `fa_rechargeablecard` WHERE  (  user_id=1 ) LIMIT 1 [ RunTime:0.020000s ]
---------------------------------------------------------------
[ 2019-10-25T16:05:30+08:00 ] 0.0.0.0 GET localhost:777/index/ajax/lang?callback=define&controllername=user&v=1571990728
[运行时间：0.714000s] [吞吐率：1.40req/s] [内存消耗：3,813.97kb] [文件加载：132]
[ info ] [ BEHAVIOR ] Run Closure @app_init [ RunTime:0.000000s ]
[ info ] [ CACHE ] INIT File
[ info ] [ BEHAVIOR ] Run Closure @app_init [ RunTime:0.006000s ]
[ info ] [ LANG ] C:\Users\Administrator\Desktop\fastAdmin\thinkphp\lang\zh-cn.php
[ info ] [ ROUTE ] array (
  'type' => 'module',
  'module' => 
  array (
    0 => 'index',
    1 => 'ajax',
    2 => 'lang',
  ),
)
[ info ] [ HEADER ] array (
  'cookie' => '_ga=GA1.1.1676223138.1569549790; PHPSESSID=4ls6koq334qpvt9b49e08ev3q0; Hm_lvt_f8d0a8c400404989e195270b0bbf060a=1570499845; Hm_lpvt_f8d0a8c400404989e195270b0bbf060a=1570695979; uid=1; token=1c344001-9bc5-4e6d-a9d5-c57f8506625b; ci_session=82d5c18ddd67cdb2db16923af344b21408179519',
  'accept-language' => 'zh-CN,zh;q=0.9',
  'accept-encoding' => 'gzip, deflate, br',
  'referer' => 'http://localhost:777/index/user/balancelog.html',
  'sec-fetch-site' => 'same-origin',
  'accept' => '*/*',
  'user-agent' => 'Mozilla/5.0 (Windows NT 6.1; WOW64) AppleWebKit/537.36 (KHTML, like Gecko) Chrome/77.0.3865.120 Safari/537.36',
  'sec-fetch-mode' => 'no-cors',
  'connection' => 'close',
  'host' => 'localhost:777',
)
[ info ] [ PARAM ] array (
  'callback' => 'define',
  'controllername' => 'user',
  'v' => '1571990728',
)
[ info ] [ LANG ] C:\Users\Administrator\Desktop\fastAdmin\public/../application/index\lang\zh-cn.php
[ info ] [ BEHAVIOR ] Run app\common\behavior\Common @module_init [ RunTime:0.005000s ]
[ info ] [ TOKEN ] INIT Mysql
[ info ] [ DB ] INIT mysql
[ info ] [ LANG ] C:\Users\Administrator\Desktop\fastAdmin\public/../application/index/lang/zh-cn/ajax.php
[ info ] [ RUN ] app\index\controller\Ajax->lang[ C:\Users\Administrator\Desktop\fastAdmin\application\index\controller\Ajax.php ]
[ info ] [ LANG ] C:\Users\Administrator\Desktop\fastAdmin\public/../application/index/lang/zh-cn/user.php
[ info ] [ LOG ] INIT File
[ sql ] [ DB ] CONNECT:[ UseTime:0.278000s ] mysql:host=39.105.175.43;port=3306;dbname=fastadmin;charset=utf8
[ sql ] [ SQL ] SHOW COLUMNS FROM `fa_user_token` [ RunTime:0.015000s ]
[ sql ] [ SQL ] SELECT * FROM `fa_user_token` WHERE  `token` = '7a9f50702a15d3f8c621248e4a24b76e88065f2e' LIMIT 1 [ RunTime:0.015000s ]
[ sql ] [ SQL ] SHOW COLUMNS FROM `fa_user` [ RunTime:0.016000s ]
[ sql ] [ SQL ] SELECT * FROM `fa_user` WHERE  `id` = 1 LIMIT 1 [ RunTime:0.015000s ]
---------------------------------------------------------------
[ 2019-10-25T16:05:32+08:00 ] 0.0.0.0 GET localhost:777/index/user/charlierecharge.html
[运行时间：0.804000s] [吞吐率：1.24req/s] [内存消耗：4,095.73kb] [文件加载：134]
[ info ] [ BEHAVIOR ] Run Closure @app_init [ RunTime:0.000000s ]
[ info ] [ CACHE ] INIT File
[ info ] [ BEHAVIOR ] Run Closure @app_init [ RunTime:0.009000s ]
[ info ] [ LANG ] C:\Users\Administrator\Desktop\fastAdmin\thinkphp\lang\zh-cn.php
[ info ] [ ROUTE ] array (
  'type' => 'module',
  'module' => 
  array (
    0 => 'index',
    1 => 'user',
    2 => 'charlierecharge',
  ),
)
[ info ] [ HEADER ] array (
  'cookie' => '_ga=GA1.1.1676223138.1569549790; PHPSESSID=4ls6koq334qpvt9b49e08ev3q0; Hm_lvt_f8d0a8c400404989e195270b0bbf060a=1570499845; Hm_lpvt_f8d0a8c400404989e195270b0bbf060a=1570695979; uid=1; token=1c344001-9bc5-4e6d-a9d5-c57f8506625b; ci_session=82d5c18ddd67cdb2db16923af344b21408179519',
  'accept-language' => 'zh-CN,zh;q=0.9',
  'accept-encoding' => 'gzip, deflate, br',
  'referer' => 'http://localhost:777/index/user/balancelog.html',
  'sec-fetch-site' => 'same-origin',
  'accept' => 'text/html,application/xhtml+xml,application/xml;q=0.9,image/webp,image/apng,*/*;q=0.8,application/signed-exchange;v=b3',
  'sec-fetch-user' => '?1',
  'sec-fetch-mode' => 'navigate',
  'user-agent' => 'Mozilla/5.0 (Windows NT 6.1; WOW64) AppleWebKit/537.36 (KHTML, like Gecko) Chrome/77.0.3865.120 Safari/537.36',
  'upgrade-insecure-requests' => '1',
  'connection' => 'close',
  'host' => 'localhost:777',
)
[ info ] [ PARAM ] array (
)
[ info ] [ LANG ] C:\Users\Administrator\Desktop\fastAdmin\public/../application/index\lang\zh-cn.php
[ info ] [ BEHAVIOR ] Run app\common\behavior\Common @module_init [ RunTime:0.006000s ]
[ info ] [ TOKEN ] INIT Mysql
[ info ] [ DB ] INIT mysql
[ info ] [ LANG ] C:\Users\Administrator\Desktop\fastAdmin\public/../application/index/lang/zh-cn/user.php
[ info ] [ RUN ] app\index\controller\User->charlierecharge[ C:\Users\Administrator\Desktop\fastAdmin\application\index\controller\User.php ]
[ info ] [ VIEW ] C:\Users\Administrator\Desktop\fastAdmin\public/../application/index\view\user\charlierecharge.html [ array (
  0 => 'user',
  1 => 'site',
  2 => 'config',
  3 => 'title',
  4 => 'data',
) ]
[ info ] [ LOG ] INIT File
[ sql ] [ DB ] CONNECT:[ UseTime:0.282000s ] mysql:host=39.105.175.43;port=3306;dbname=fastadmin;charset=utf8
[ sql ] [ SQL ] SHOW COLUMNS FROM `fa_user_token` [ RunTime:0.017000s ]
[ sql ] [ SQL ] SELECT * FROM `fa_user_token` WHERE  `token` = '7a9f50702a15d3f8c621248e4a24b76e88065f2e' LIMIT 1 [ RunTime:0.016000s ]
[ sql ] [ SQL ] SHOW COLUMNS FROM `fa_user` [ RunTime:0.016000s ]
[ sql ] [ SQL ] SELECT * FROM `fa_user` WHERE  `id` = 1 LIMIT 1 [ RunTime:0.020000s ]
[ sql ] [ SQL ] SHOW COLUMNS FROM `fa_rechargeablecard` [ RunTime:0.017000s ]
[ sql ] [ SQL ] SELECT * FROM `fa_rechargeablecard` WHERE  (  user_id=1 ) [ RunTime:0.016000s ]
---------------------------------------------------------------
[ 2019-10-25T16:05:34+08:00 ] 0.0.0.0 GET localhost:777/index/ajax/lang?callback=define&controllername=user&v=1571990732
[运行时间：0.726000s] [吞吐率：1.38req/s] [内存消耗：3,813.98kb] [文件加载：132]
[ info ] [ BEHAVIOR ] Run Closure @app_init [ RunTime:0.000000s ]
[ info ] [ CACHE ] INIT File
[ info ] [ BEHAVIOR ] Run Closure @app_init [ RunTime:0.006000s ]
[ info ] [ LANG ] C:\Users\Administrator\Desktop\fastAdmin\thinkphp\lang\zh-cn.php
[ info ] [ ROUTE ] array (
  'type' => 'module',
  'module' => 
  array (
    0 => 'index',
    1 => 'ajax',
    2 => 'lang',
  ),
)
[ info ] [ HEADER ] array (
  'cookie' => '_ga=GA1.1.1676223138.1569549790; PHPSESSID=4ls6koq334qpvt9b49e08ev3q0; Hm_lvt_f8d0a8c400404989e195270b0bbf060a=1570499845; Hm_lpvt_f8d0a8c400404989e195270b0bbf060a=1570695979; uid=1; token=1c344001-9bc5-4e6d-a9d5-c57f8506625b; ci_session=82d5c18ddd67cdb2db16923af344b21408179519',
  'accept-language' => 'zh-CN,zh;q=0.9',
  'accept-encoding' => 'gzip, deflate, br',
  'referer' => 'http://localhost:777/index/user/charlierecharge.html',
  'sec-fetch-site' => 'same-origin',
  'accept' => '*/*',
  'user-agent' => 'Mozilla/5.0 (Windows NT 6.1; WOW64) AppleWebKit/537.36 (KHTML, like Gecko) Chrome/77.0.3865.120 Safari/537.36',
  'sec-fetch-mode' => 'no-cors',
  'connection' => 'close',
  'host' => 'localhost:777',
)
[ info ] [ PARAM ] array (
  'callback' => 'define',
  'controllername' => 'user',
  'v' => '1571990732',
)
[ info ] [ LANG ] C:\Users\Administrator\Desktop\fastAdmin\public/../application/index\lang\zh-cn.php
[ info ] [ BEHAVIOR ] Run app\common\behavior\Common @module_init [ RunTime:0.006000s ]
[ info ] [ TOKEN ] INIT Mysql
[ info ] [ DB ] INIT mysql
[ info ] [ LANG ] C:\Users\Administrator\Desktop\fastAdmin\public/../application/index/lang/zh-cn/ajax.php
[ info ] [ RUN ] app\index\controller\Ajax->lang[ C:\Users\Administrator\Desktop\fastAdmin\application\index\controller\Ajax.php ]
[ info ] [ LANG ] C:\Users\Administrator\Desktop\fastAdmin\public/../application/index/lang/zh-cn/user.php
[ info ] [ LOG ] INIT File
[ sql ] [ DB ] CONNECT:[ UseTime:0.272000s ] mysql:host=39.105.175.43;port=3306;dbname=fastadmin;charset=utf8
[ sql ] [ SQL ] SHOW COLUMNS FROM `fa_user_token` [ RunTime:0.030000s ]
[ sql ] [ SQL ] SELECT * FROM `fa_user_token` WHERE  `token` = '7a9f50702a15d3f8c621248e4a24b76e88065f2e' LIMIT 1 [ RunTime:0.027000s ]
[ sql ] [ SQL ] SHOW COLUMNS FROM `fa_user` [ RunTime:0.016000s ]
[ sql ] [ SQL ] SELECT * FROM `fa_user` WHERE  `id` = 1 LIMIT 1 [ RunTime:0.014000s ]
---------------------------------------------------------------
[ 2019-10-25T16:48:58+08:00 ] 0.0.0.0 GET localhost:777/index/user/balancelog.html
[运行时间：0.811000s] [吞吐率：1.23req/s] [内存消耗：3,911.45kb] [文件加载：132]
[ info ] [ BEHAVIOR ] Run Closure @app_init [ RunTime:0.000000s ]
[ info ] [ CACHE ] INIT File
[ info ] [ BEHAVIOR ] Run Closure @app_init [ RunTime:0.008000s ]
[ info ] [ LANG ] C:\Users\Administrator\Desktop\fastAdmin\thinkphp\lang\zh-cn.php
[ info ] [ ROUTE ] array (
  'type' => 'module',
  'module' => 
  array (
    0 => 'index',
    1 => 'user',
    2 => 'balancelog',
  ),
)
[ info ] [ HEADER ] array (
  'cookie' => '_ga=GA1.1.1676223138.1569549790; PHPSESSID=4ls6koq334qpvt9b49e08ev3q0; Hm_lvt_f8d0a8c400404989e195270b0bbf060a=1570499845; Hm_lpvt_f8d0a8c400404989e195270b0bbf060a=1570695979; uid=1; token=1c344001-9bc5-4e6d-a9d5-c57f8506625b; ci_session=82d5c18ddd67cdb2db16923af344b21408179519',
  'accept-language' => 'zh-CN,zh;q=0.9',
  'accept-encoding' => 'gzip, deflate, br',
  'referer' => 'http://localhost:777/index/user/charlierecharge.html',
  'sec-fetch-site' => 'same-origin',
  'accept' => 'text/html,application/xhtml+xml,application/xml;q=0.9,image/webp,image/apng,*/*;q=0.8,application/signed-exchange;v=b3',
  'sec-fetch-user' => '?1',
  'sec-fetch-mode' => 'navigate',
  'user-agent' => 'Mozilla/5.0 (Windows NT 6.1; WOW64) AppleWebKit/537.36 (KHTML, like Gecko) Chrome/77.0.3865.120 Safari/537.36',
  'upgrade-insecure-requests' => '1',
  'connection' => 'close',
  'host' => 'localhost:777',
)
[ info ] [ PARAM ] array (
)
[ info ] [ LANG ] C:\Users\Administrator\Desktop\fastAdmin\public/../application/index\lang\zh-cn.php
[ info ] [ BEHAVIOR ] Run app\common\behavior\Common @module_init [ RunTime:0.007000s ]
[ info ] [ TOKEN ] INIT Mysql
[ info ] [ DB ] INIT mysql
[ info ] [ LANG ] C:\Users\Administrator\Desktop\fastAdmin\public/../application/index/lang/zh-cn/user.php
[ info ] [ RUN ] app\index\controller\User->balancelog[ C:\Users\Administrator\Desktop\fastAdmin\application\index\controller\User.php ]
[ info ] [ VIEW ] C:\Users\Administrator\Desktop\fastAdmin\public/../application/index\view\user\balancelog.html [ array (
  0 => 'user',
  1 => 'site',
  2 => 'config',
  3 => 'title',
  4 => 'data',
  5 => 'number',
) ]
[ info ] [ LOG ] INIT File
[ sql ] [ DB ] CONNECT:[ UseTime:0.275000s ] mysql:host=39.105.175.43;port=3306;dbname=fastadmin;charset=utf8
[ sql ] [ SQL ] SHOW COLUMNS FROM `fa_user_token` [ RunTime:0.013000s ]
[ sql ] [ SQL ] SELECT * FROM `fa_user_token` WHERE  `token` = '7a9f50702a15d3f8c621248e4a24b76e88065f2e' LIMIT 1 [ RunTime:0.011000s ]
[ sql ] [ SQL ] SHOW COLUMNS FROM `fa_user` [ RunTime:0.013000s ]
[ sql ] [ SQL ] SELECT * FROM `fa_user` WHERE  `id` = 1 LIMIT 1 [ RunTime:0.014000s ]
[ sql ] [ SQL ] SHOW COLUMNS FROM `fa_rechargeablecard_log` [ RunTime:0.013000s ]
[ sql ] [ SQL ] SELECT * FROM `fa_rechargeablecard_log` WHERE  (  user_id=1 ) [ RunTime:0.012000s ]
[ sql ] [ SQL ] SHOW COLUMNS FROM `fa_rechargeablecard` [ RunTime:0.013000s ]
[ sql ] [ SQL ] SELECT * FROM `fa_rechargeablecard` WHERE  (  user_id=1 ) LIMIT 1 [ RunTime:0.011000s ]
---------------------------------------------------------------
[ 2019-10-25T16:48:59+08:00 ] 0.0.0.0 GET localhost:777/index/ajax/lang?callback=define&controllername=user&v=1571993337
[运行时间：0.718000s] [吞吐率：1.39req/s] [内存消耗：3,813.97kb] [文件加载：132]
[ info ] [ BEHAVIOR ] Run Closure @app_init [ RunTime:0.000000s ]
[ info ] [ CACHE ] INIT File
[ info ] [ BEHAVIOR ] Run Closure @app_init [ RunTime:0.006000s ]
[ info ] [ LANG ] C:\Users\Administrator\Desktop\fastAdmin\thinkphp\lang\zh-cn.php
[ info ] [ ROUTE ] array (
  'type' => 'module',
  'module' => 
  array (
    0 => 'index',
    1 => 'ajax',
    2 => 'lang',
  ),
)
[ info ] [ HEADER ] array (
  'cookie' => '_ga=GA1.1.1676223138.1569549790; PHPSESSID=4ls6koq334qpvt9b49e08ev3q0; Hm_lvt_f8d0a8c400404989e195270b0bbf060a=1570499845; Hm_lpvt_f8d0a8c400404989e195270b0bbf060a=1570695979; uid=1; token=1c344001-9bc5-4e6d-a9d5-c57f8506625b; ci_session=82d5c18ddd67cdb2db16923af344b21408179519',
  'accept-language' => 'zh-CN,zh;q=0.9',
  'accept-encoding' => 'gzip, deflate, br',
  'referer' => 'http://localhost:777/index/user/balancelog.html',
  'sec-fetch-site' => 'same-origin',
  'accept' => '*/*',
  'user-agent' => 'Mozilla/5.0 (Windows NT 6.1; WOW64) AppleWebKit/537.36 (KHTML, like Gecko) Chrome/77.0.3865.120 Safari/537.36',
  'sec-fetch-mode' => 'no-cors',
  'connection' => 'close',
  'host' => 'localhost:777',
)
[ info ] [ PARAM ] array (
  'callback' => 'define',
  'controllername' => 'user',
  'v' => '1571993337',
)
[ info ] [ LANG ] C:\Users\Administrator\Desktop\fastAdmin\public/../application/index\lang\zh-cn.php
[ info ] [ BEHAVIOR ] Run app\common\behavior\Common @module_init [ RunTime:0.006000s ]
[ info ] [ TOKEN ] INIT Mysql
[ info ] [ DB ] INIT mysql
[ info ] [ LANG ] C:\Users\Administrator\Desktop\fastAdmin\public/../application/index/lang/zh-cn/ajax.php
[ info ] [ RUN ] app\index\controller\Ajax->lang[ C:\Users\Administrator\Desktop\fastAdmin\application\index\controller\Ajax.php ]
[ info ] [ LANG ] C:\Users\Administrator\Desktop\fastAdmin\public/../application/index/lang/zh-cn/user.php
[ info ] [ LOG ] INIT File
[ sql ] [ DB ] CONNECT:[ UseTime:0.281000s ] mysql:host=39.105.175.43;port=3306;dbname=fastadmin;charset=utf8
[ sql ] [ SQL ] SHOW COLUMNS FROM `fa_user_token` [ RunTime:0.016000s ]
[ sql ] [ SQL ] SELECT * FROM `fa_user_token` WHERE  `token` = '7a9f50702a15d3f8c621248e4a24b76e88065f2e' LIMIT 1 [ RunTime:0.015000s ]
[ sql ] [ SQL ] SHOW COLUMNS FROM `fa_user` [ RunTime:0.017000s ]
[ sql ] [ SQL ] SELECT * FROM `fa_user` WHERE  `id` = 1 LIMIT 1 [ RunTime:0.015000s ]
---------------------------------------------------------------
[ 2019-10-25T16:49:01+08:00 ] 0.0.0.0 GET localhost:777/index/user/charlierecharge.html
[运行时间：0.800000s] [吞吐率：1.25req/s] [内存消耗：3,926.38kb] [文件加载：132]
[ info ] [ BEHAVIOR ] Run Closure @app_init [ RunTime:0.000000s ]
[ info ] [ CACHE ] INIT File
[ info ] [ BEHAVIOR ] Run Closure @app_init [ RunTime:0.007000s ]
[ info ] [ LANG ] C:\Users\Administrator\Desktop\fastAdmin\thinkphp\lang\zh-cn.php
[ info ] [ ROUTE ] array (
  'type' => 'module',
  'module' => 
  array (
    0 => 'index',
    1 => 'user',
    2 => 'charlierecharge',
  ),
)
[ info ] [ HEADER ] array (
  'cookie' => '_ga=GA1.1.1676223138.1569549790; PHPSESSID=4ls6koq334qpvt9b49e08ev3q0; Hm_lvt_f8d0a8c400404989e195270b0bbf060a=1570499845; Hm_lpvt_f8d0a8c400404989e195270b0bbf060a=1570695979; uid=1; token=1c344001-9bc5-4e6d-a9d5-c57f8506625b; ci_session=82d5c18ddd67cdb2db16923af344b21408179519',
  'accept-language' => 'zh-CN,zh;q=0.9',
  'accept-encoding' => 'gzip, deflate, br',
  'referer' => 'http://localhost:777/index/user/balancelog.html',
  'sec-fetch-site' => 'same-origin',
  'accept' => 'text/html,application/xhtml+xml,application/xml;q=0.9,image/webp,image/apng,*/*;q=0.8,application/signed-exchange;v=b3',
  'sec-fetch-user' => '?1',
  'sec-fetch-mode' => 'navigate',
  'user-agent' => 'Mozilla/5.0 (Windows NT 6.1; WOW64) AppleWebKit/537.36 (KHTML, like Gecko) Chrome/77.0.3865.120 Safari/537.36',
  'upgrade-insecure-requests' => '1',
  'connection' => 'close',
  'host' => 'localhost:777',
)
[ info ] [ PARAM ] array (
)
[ info ] [ LANG ] C:\Users\Administrator\Desktop\fastAdmin\public/../application/index\lang\zh-cn.php
[ info ] [ BEHAVIOR ] Run app\common\behavior\Common @module_init [ RunTime:0.006000s ]
[ info ] [ TOKEN ] INIT Mysql
[ info ] [ DB ] INIT mysql
[ info ] [ LANG ] C:\Users\Administrator\Desktop\fastAdmin\public/../application/index/lang/zh-cn/user.php
[ info ] [ RUN ] app\index\controller\User->charlierecharge[ C:\Users\Administrator\Desktop\fastAdmin\application\index\controller\User.php ]
[ info ] [ VIEW ] C:\Users\Administrator\Desktop\fastAdmin\public/../application/index\view\user\charlierecharge.html [ array (
  0 => 'user',
  1 => 'site',
  2 => 'config',
  3 => 'title',
  4 => 'data',
) ]
[ info ] [ LOG ] INIT File
[ sql ] [ DB ] CONNECT:[ UseTime:0.275000s ] mysql:host=39.105.175.43;port=3306;dbname=fastadmin;charset=utf8
[ sql ] [ SQL ] SHOW COLUMNS FROM `fa_user_token` [ RunTime:0.015000s ]
[ sql ] [ SQL ] SELECT * FROM `fa_user_token` WHERE  `token` = '7a9f50702a15d3f8c621248e4a24b76e88065f2e' LIMIT 1 [ RunTime:0.024000s ]
[ sql ] [ SQL ] SHOW COLUMNS FROM `fa_user` [ RunTime:0.021000s ]
[ sql ] [ SQL ] SELECT * FROM `fa_user` WHERE  `id` = 1 LIMIT 1 [ RunTime:0.015000s ]
[ sql ] [ SQL ] SHOW COLUMNS FROM `fa_rechargeablecard` [ RunTime:0.015000s ]
[ sql ] [ SQL ] SELECT * FROM `fa_rechargeablecard` WHERE  (  user_id=1 ) [ RunTime:0.014000s ]
---------------------------------------------------------------
[ 2019-10-25T16:49:02+08:00 ] 0.0.0.0 GET localhost:777/index/ajax/lang?callback=define&controllername=user&v=1571993340
[运行时间：0.725000s] [吞吐率：1.38req/s] [内存消耗：3,813.98kb] [文件加载：132]
[ info ] [ BEHAVIOR ] Run Closure @app_init [ RunTime:0.000000s ]
[ info ] [ CACHE ] INIT File
[ info ] [ BEHAVIOR ] Run Closure @app_init [ RunTime:0.007000s ]
[ info ] [ LANG ] C:\Users\Administrator\Desktop\fastAdmin\thinkphp\lang\zh-cn.php
[ info ] [ ROUTE ] array (
  'type' => 'module',
  'module' => 
  array (
    0 => 'index',
    1 => 'ajax',
    2 => 'lang',
  ),
)
[ info ] [ HEADER ] array (
  'cookie' => '_ga=GA1.1.1676223138.1569549790; PHPSESSID=4ls6koq334qpvt9b49e08ev3q0; Hm_lvt_f8d0a8c400404989e195270b0bbf060a=1570499845; Hm_lpvt_f8d0a8c400404989e195270b0bbf060a=1570695979; uid=1; token=1c344001-9bc5-4e6d-a9d5-c57f8506625b; ci_session=82d5c18ddd67cdb2db16923af344b21408179519',
  'accept-language' => 'zh-CN,zh;q=0.9',
  'accept-encoding' => 'gzip, deflate, br',
  'referer' => 'http://localhost:777/index/user/charlierecharge.html',
  'sec-fetch-site' => 'same-origin',
  'accept' => '*/*',
  'user-agent' => 'Mozilla/5.0 (Windows NT 6.1; WOW64) AppleWebKit/537.36 (KHTML, like Gecko) Chrome/77.0.3865.120 Safari/537.36',
  'sec-fetch-mode' => 'no-cors',
  'connection' => 'close',
  'host' => 'localhost:777',
)
[ info ] [ PARAM ] array (
  'callback' => 'define',
  'controllername' => 'user',
  'v' => '1571993340',
)
[ info ] [ LANG ] C:\Users\Administrator\Desktop\fastAdmin\public/../application/index\lang\zh-cn.php
[ info ] [ BEHAVIOR ] Run app\common\behavior\Common @module_init [ RunTime:0.006000s ]
[ info ] [ TOKEN ] INIT Mysql
[ info ] [ DB ] INIT mysql
[ info ] [ LANG ] C:\Users\Administrator\Desktop\fastAdmin\public/../application/index/lang/zh-cn/ajax.php
[ info ] [ RUN ] app\index\controller\Ajax->lang[ C:\Users\Administrator\Desktop\fastAdmin\application\index\controller\Ajax.php ]
[ info ] [ LANG ] C:\Users\Administrator\Desktop\fastAdmin\public/../application/index/lang/zh-cn/user.php
[ info ] [ LOG ] INIT File
[ sql ] [ DB ] CONNECT:[ UseTime:0.281000s ] mysql:host=39.105.175.43;port=3306;dbname=fastadmin;charset=utf8
[ sql ] [ SQL ] SHOW COLUMNS FROM `fa_user_token` [ RunTime:0.020000s ]
[ sql ] [ SQL ] SELECT * FROM `fa_user_token` WHERE  `token` = '7a9f50702a15d3f8c621248e4a24b76e88065f2e' LIMIT 1 [ RunTime:0.013000s ]
[ sql ] [ SQL ] SHOW COLUMNS FROM `fa_user` [ RunTime:0.023000s ]
[ sql ] [ SQL ] SELECT * FROM `fa_user` WHERE  `id` = 1 LIMIT 1 [ RunTime:0.015000s ]
---------------------------------------------------------------
[ 2019-10-25T17:26:42+08:00 ] 0.0.0.0 GET localhost:777/index/user/charlierecharge.html
[运行时间：1.653000s] [吞吐率：0.60req/s] [内存消耗：3,926.39kb] [文件加载：132]
[ info ] [ BEHAVIOR ] Run Closure @app_init [ RunTime:0.001000s ]
[ info ] [ CACHE ] INIT File
[ info ] [ BEHAVIOR ] Run Closure @app_init [ RunTime:0.012000s ]
[ info ] [ LANG ] C:\Users\Administrator\Desktop\fastAdmin\thinkphp\lang\zh-cn.php
[ info ] [ ROUTE ] array (
  'type' => 'module',
  'module' => 
  array (
    0 => 'index',
    1 => 'user',
    2 => 'charlierecharge',
  ),
)
[ info ] [ HEADER ] array (
  'cookie' => '_ga=GA1.1.1676223138.1569549790; PHPSESSID=4ls6koq334qpvt9b49e08ev3q0; Hm_lvt_f8d0a8c400404989e195270b0bbf060a=1570499845; Hm_lpvt_f8d0a8c400404989e195270b0bbf060a=1570695979; uid=1; token=1c344001-9bc5-4e6d-a9d5-c57f8506625b; ci_session=82d5c18ddd67cdb2db16923af344b21408179519',
  'accept-language' => 'zh-CN,zh;q=0.9',
  'accept-encoding' => 'gzip, deflate, br',
  'referer' => 'http://localhost:777/index/user/charlierecharge.html',
  'sec-fetch-site' => 'same-origin',
  'accept' => 'text/html,application/xhtml+xml,application/xml;q=0.9,image/webp,image/apng,*/*;q=0.8,application/signed-exchange;v=b3',
  'sec-fetch-user' => '?1',
  'sec-fetch-mode' => 'navigate',
  'user-agent' => 'Mozilla/5.0 (Windows NT 6.1; WOW64) AppleWebKit/537.36 (KHTML, like Gecko) Chrome/77.0.3865.120 Safari/537.36',
  'upgrade-insecure-requests' => '1',
  'connection' => 'close',
  'host' => 'localhost:777',
)
[ info ] [ PARAM ] array (
)
[ info ] [ LANG ] C:\Users\Administrator\Desktop\fastAdmin\public/../application/index\lang\zh-cn.php
[ info ] [ BEHAVIOR ] Run app\common\behavior\Common @module_init [ RunTime:0.014000s ]
[ info ] [ TOKEN ] INIT Mysql
[ info ] [ DB ] INIT mysql
[ info ] [ LANG ] C:\Users\Administrator\Desktop\fastAdmin\public/../application/index/lang/zh-cn/user.php
[ info ] [ RUN ] app\index\controller\User->charlierecharge[ C:\Users\Administrator\Desktop\fastAdmin\application\index\controller\User.php ]
[ info ] [ VIEW ] C:\Users\Administrator\Desktop\fastAdmin\public/../application/index\view\user\charlierecharge.html [ array (
  0 => 'user',
  1 => 'site',
  2 => 'config',
  3 => 'title',
  4 => 'data',
) ]
[ info ] [ LOG ] INIT File
[ sql ] [ DB ] CONNECT:[ UseTime:0.280000s ] mysql:host=39.105.175.43;port=3306;dbname=fastadmin;charset=utf8
[ sql ] [ SQL ] SHOW COLUMNS FROM `fa_user_token` [ RunTime:0.015000s ]
[ sql ] [ SQL ] SELECT * FROM `fa_user_token` WHERE  `token` = '7a9f50702a15d3f8c621248e4a24b76e88065f2e' LIMIT 1 [ RunTime:0.013000s ]
[ sql ] [ SQL ] SHOW COLUMNS FROM `fa_user` [ RunTime:0.015000s ]
[ sql ] [ SQL ] SELECT * FROM `fa_user` WHERE  `id` = 1 LIMIT 1 [ RunTime:0.016000s ]
[ sql ] [ SQL ] SHOW COLUMNS FROM `fa_rechargeablecard` [ RunTime:0.014000s ]
[ sql ] [ SQL ] SELECT * FROM `fa_rechargeablecard` WHERE  (  user_id=1 ) [ RunTime:0.016000s ]
---------------------------------------------------------------
[ 2019-10-25T17:26:43+08:00 ] 0.0.0.0 GET localhost:777/index/ajax/lang?callback=define&controllername=user&v=1571995600
[运行时间：0.782000s] [吞吐率：1.28req/s] [内存消耗：3,813.98kb] [文件加载：132]
[ info ] [ BEHAVIOR ] Run Closure @app_init [ RunTime:0.000000s ]
[ info ] [ CACHE ] INIT File
[ info ] [ BEHAVIOR ] Run Closure @app_init [ RunTime:0.010000s ]
[ info ] [ LANG ] C:\Users\Administrator\Desktop\fastAdmin\thinkphp\lang\zh-cn.php
[ info ] [ ROUTE ] array (
  'type' => 'module',
  'module' => 
  array (
    0 => 'index',
    1 => 'ajax',
    2 => 'lang',
  ),
)
[ info ] [ HEADER ] array (
  'cookie' => '_ga=GA1.1.1676223138.1569549790; PHPSESSID=4ls6koq334qpvt9b49e08ev3q0; Hm_lvt_f8d0a8c400404989e195270b0bbf060a=1570499845; Hm_lpvt_f8d0a8c400404989e195270b0bbf060a=1570695979; uid=1; token=1c344001-9bc5-4e6d-a9d5-c57f8506625b; ci_session=82d5c18ddd67cdb2db16923af344b21408179519',
  'accept-language' => 'zh-CN,zh;q=0.9',
  'accept-encoding' => 'gzip, deflate, br',
  'referer' => 'http://localhost:777/index/user/charlierecharge.html',
  'sec-fetch-site' => 'same-origin',
  'accept' => '*/*',
  'user-agent' => 'Mozilla/5.0 (Windows NT 6.1; WOW64) AppleWebKit/537.36 (KHTML, like Gecko) Chrome/77.0.3865.120 Safari/537.36',
  'sec-fetch-mode' => 'no-cors',
  'connection' => 'close',
  'host' => 'localhost:777',
)
[ info ] [ PARAM ] array (
  'callback' => 'define',
  'controllername' => 'user',
  'v' => '1571995600',
)
[ info ] [ LANG ] C:\Users\Administrator\Desktop\fastAdmin\public/../application/index\lang\zh-cn.php
[ info ] [ BEHAVIOR ] Run app\common\behavior\Common @module_init [ RunTime:0.010000s ]
[ info ] [ TOKEN ] INIT Mysql
[ info ] [ DB ] INIT mysql
[ info ] [ LANG ] C:\Users\Administrator\Desktop\fastAdmin\public/../application/index/lang/zh-cn/ajax.php
[ info ] [ RUN ] app\index\controller\Ajax->lang[ C:\Users\Administrator\Desktop\fastAdmin\application\index\controller\Ajax.php ]
[ info ] [ LANG ] C:\Users\Administrator\Desktop\fastAdmin\public/../application/index/lang/zh-cn/user.php
[ info ] [ LOG ] INIT File
[ sql ] [ DB ] CONNECT:[ UseTime:0.290000s ] mysql:host=39.105.175.43;port=3306;dbname=fastadmin;charset=utf8
[ sql ] [ SQL ] SHOW COLUMNS FROM `fa_user_token` [ RunTime:0.015000s ]
[ sql ] [ SQL ] SELECT * FROM `fa_user_token` WHERE  `token` = '7a9f50702a15d3f8c621248e4a24b76e88065f2e' LIMIT 1 [ RunTime:0.014000s ]
[ sql ] [ SQL ] SHOW COLUMNS FROM `fa_user` [ RunTime:0.030000s ]
[ sql ] [ SQL ] SELECT * FROM `fa_user` WHERE  `id` = 1 LIMIT 1 [ RunTime:0.020000s ]
