---------------------------------------------------------------
[ 2019-10-28T09:39:33+08:00 ] 0.0.0.0 GET localhost:777/BHtwcrWyps.php/general/profile?ref=addtabs
[运行时间：0.739000s] [吞吐率：1.35req/s] [内存消耗：3,014.43kb] [文件加载：124]
[ info ] [ BEHAVIOR ] Run Closure @app_init [ RunTime:0.001000s ]
[ info ] [ CACHE ] INIT File
[ info ] [ BEHAVIOR ] Run Closure @app_init [ RunTime:0.007000s ]
[ info ] [ LANG ] C:\Users\Administrator\Desktop\fastAdmin\thinkphp\lang\zh-cn.php
[ info ] [ ROUTE ] array (
  'type' => 'module',
  'module' => 
  array (
    0 => 'admin',
    1 => 'general.profile',
    2 => NULL,
  ),
)
[ info ] [ HEADER ] array (
  'cookie' => '_ga=GA1.1.1676223138.1569549790; Hm_lvt_f8d0a8c400404989e195270b0bbf060a=1570499845; uid=1; token=1c344001-9bc5-4e6d-a9d5-c57f8506625b',
  'accept-language' => 'zh-CN,zh;q=0.9',
  'accept-encoding' => 'gzip, deflate, br',
  'sec-fetch-site' => 'none',
  'accept' => 'text/html,application/xhtml+xml,application/xml;q=0.9,image/webp,image/apng,*/*;q=0.8,application/signed-exchange;v=b3',
  'sec-fetch-user' => '?1',
  'sec-fetch-mode' => 'navigate',
  'user-agent' => 'Mozilla/5.0 (Windows NT 6.1; WOW64) AppleWebKit/537.36 (KHTML, like Gecko) Chrome/77.0.3865.120 Safari/537.36',
  'upgrade-insecure-requests' => '1',
  'connection' => 'close',
  'host' => 'localhost:777',
)
[ info ] [ PARAM ] array (
  'ref' => 'addtabs',
)
[ info ] [ LANG ] C:\Users\Administrator\Desktop\fastAdmin\public/../application/admin\lang\zh-cn.php
[ info ] [ BEHAVIOR ] Run app\common\behavior\Common @module_init [ RunTime:0.007000s ]
[ info ] [ SESSION ] INIT array (
  'id' => '',
  'var_session_id' => '',
  'prefix' => 'think',
  'type' => '',
  'auto_start' => true,
)
[ info ] [ VIEW ] C:\Users\Administrator\Desktop\fastAdmin\public/../application/common\view\tpl\dispatch_jump.tpl [ array (
  0 => 'code',
  1 => 'msg',
  2 => 'data',
  3 => 'url',
  4 => 'wait',
) ]
[ info ] [ BEHAVIOR ] Run app\admin\behavior\AdminLog @app_end [ RunTime:0.003000s ]
[ info ] [ LOG ] INIT File
---------------------------------------------------------------
[ 2019-10-28T09:39:36+08:00 ] 0.0.0.0 GET localhost:777/BHtwcrWyps.php/index/login?url=%2FBHtwcrWyps.php%2Fgeneral%2Fprofile%3Fref%3Daddtabs
[运行时间：0.395000s] [吞吐率：2.53req/s] [内存消耗：3,358.88kb] [文件加载：127]
[ info ] [ BEHAVIOR ] Run Closure @app_init [ RunTime:0.001000s ]
[ info ] [ CACHE ] INIT File
[ info ] [ BEHAVIOR ] Run Closure @app_init [ RunTime:0.009000s ]
[ info ] [ LANG ] C:\Users\Administrator\Desktop\fastAdmin\thinkphp\lang\zh-cn.php
[ info ] [ ROUTE ] array (
  'type' => 'module',
  'module' => 
  array (
    0 => 'admin',
    1 => 'index',
    2 => 'login',
  ),
)
[ info ] [ HEADER ] array (
  'cookie' => '_ga=GA1.1.1676223138.1569549790; Hm_lvt_f8d0a8c400404989e195270b0bbf060a=1570499845; uid=1; token=1c344001-9bc5-4e6d-a9d5-c57f8506625b; PHPSESSID=sumd5can1gb2h00qd91k62ibe4',
  'accept-language' => 'zh-CN,zh;q=0.9',
  'accept-encoding' => 'gzip, deflate, br',
  'referer' => 'http://localhost:777/BHtwcrWyps.php/general/profile?ref=addtabs',
  'sec-fetch-site' => 'same-origin',
  'accept' => 'text/html,application/xhtml+xml,application/xml;q=0.9,image/webp,image/apng,*/*;q=0.8,application/signed-exchange;v=b3',
  'sec-fetch-mode' => 'navigate',
  'user-agent' => 'Mozilla/5.0 (Windows NT 6.1; WOW64) AppleWebKit/537.36 (KHTML, like Gecko) Chrome/77.0.3865.120 Safari/537.36',
  'upgrade-insecure-requests' => '1',
  'connection' => 'close',
  'host' => 'localhost:777',
)
[ info ] [ PARAM ] array (
  'url' => '/BHtwcrWyps.php/general/profile?ref=addtabs',
)
[ info ] [ LANG ] C:\Users\Administrator\Desktop\fastAdmin\public/../application/admin\lang\zh-cn.php
[ info ] [ BEHAVIOR ] Run app\common\behavior\Common @module_init [ RunTime:0.006000s ]
[ info ] [ SESSION ] INIT array (
  'id' => '',
  'var_session_id' => '',
  'prefix' => 'think',
  'type' => '',
  'auto_start' => true,
)
[ info ] [ LANG ] C:\Users\Administrator\Desktop\fastAdmin\public/../application/admin/lang/zh-cn/index.php
[ info ] [ RUN ] app\admin\controller\Index->login[ C:\Users\Administrator\Desktop\fastAdmin\application\admin\controller\Index.php ]
[ info ] [ VIEW ] C:\Users\Administrator\Desktop\fastAdmin\public/../application/admin\view\index\login.html [ array (
  0 => 'breadcrumb',
  1 => 'site',
  2 => 'config',
  3 => 'auth',
  4 => 'admin',
  5 => 'background',
  6 => 'title',
) ]
[ info ] [ BEHAVIOR ] Run app\admin\behavior\AdminLog @app_end [ RunTime:0.001000s ]
[ info ] [ LOG ] INIT File
---------------------------------------------------------------
[ 2019-10-28T09:39:37+08:00 ] 0.0.0.0 GET localhost:777/index.php?s=/captcha
[运行时间：0.901000s] [吞吐率：1.11req/s] [内存消耗：1,995.66kb] [文件加载：105]
[ info ] [ BEHAVIOR ] Run Closure @app_init [ RunTime:0.000000s ]
[ info ] [ CACHE ] INIT File
[ info ] [ BEHAVIOR ] Run Closure @app_init [ RunTime:0.005000s ]
[ info ] [ LANG ] C:\Users\Administrator\Desktop\fastAdmin\thinkphp\lang\zh-cn.php
[ info ] [ ROUTE ] array (
  'type' => 'method',
  'method' => 
  array (
    0 => '\\think\\captcha\\CaptchaController',
    1 => 'index',
  ),
  'var' => 
  array (
  ),
)
[ info ] [ HEADER ] array (
  'cookie' => '_ga=GA1.1.1676223138.1569549790; Hm_lvt_f8d0a8c400404989e195270b0bbf060a=1570499845; uid=1; token=1c344001-9bc5-4e6d-a9d5-c57f8506625b; PHPSESSID=sumd5can1gb2h00qd91k62ibe4',
  'accept-language' => 'zh-CN,zh;q=0.9',
  'accept-encoding' => 'gzip, deflate, br',
  'referer' => 'http://localhost:777/BHtwcrWyps.php/index/login?url=%2FBHtwcrWyps.php%2Fgeneral%2Fprofile%3Fref%3Daddtabs',
  'sec-fetch-site' => 'same-origin',
  'accept' => 'image/webp,image/apng,image/*,*/*;q=0.8',
  'user-agent' => 'Mozilla/5.0 (Windows NT 6.1; WOW64) AppleWebKit/537.36 (KHTML, like Gecko) Chrome/77.0.3865.120 Safari/537.36',
  'sec-fetch-mode' => 'no-cors',
  'connection' => 'close',
  'host' => 'localhost:777',
)
[ info ] [ PARAM ] array (
  'id' => NULL,
)
[ info ] [ RUN ] think\captcha\CaptchaController->index[ C:\Users\Administrator\Desktop\fastAdmin\vendor\topthink\think-captcha\src\CaptchaController.php ]
[ info ] [ SESSION ] INIT array (
  'id' => '',
  'var_session_id' => '',
  'prefix' => 'think',
  'type' => '',
  'auto_start' => true,
)
[ info ] [ LOG ] INIT File
---------------------------------------------------------------
[ 2019-10-28T09:39:39+08:00 ] 0.0.0.0 GET localhost:777/BHtwcrWyps.php/ajax/lang?callback=define&controllername=index&v=1572226776
[运行时间：0.378000s] [吞吐率：2.65req/s] [内存消耗：3,216.56kb] [文件加载：125]
[ info ] [ BEHAVIOR ] Run Closure @app_init [ RunTime:0.000000s ]
[ info ] [ CACHE ] INIT File
[ info ] [ BEHAVIOR ] Run Closure @app_init [ RunTime:0.007000s ]
[ info ] [ LANG ] C:\Users\Administrator\Desktop\fastAdmin\thinkphp\lang\zh-cn.php
[ info ] [ ROUTE ] array (
  'type' => 'module',
  'module' => 
  array (
    0 => 'admin',
    1 => 'ajax',
    2 => 'lang',
  ),
)
[ info ] [ HEADER ] array (
  'cookie' => '_ga=GA1.1.1676223138.1569549790; Hm_lvt_f8d0a8c400404989e195270b0bbf060a=1570499845; uid=1; token=1c344001-9bc5-4e6d-a9d5-c57f8506625b; PHPSESSID=sumd5can1gb2h00qd91k62ibe4',
  'accept-language' => 'zh-CN,zh;q=0.9',
  'accept-encoding' => 'gzip, deflate, br',
  'referer' => 'http://localhost:777/BHtwcrWyps.php/index/login?url=%2FBHtwcrWyps.php%2Fgeneral%2Fprofile%3Fref%3Daddtabs',
  'sec-fetch-site' => 'same-origin',
  'accept' => '*/*',
  'user-agent' => 'Mozilla/5.0 (Windows NT 6.1; WOW64) AppleWebKit/537.36 (KHTML, like Gecko) Chrome/77.0.3865.120 Safari/537.36',
  'sec-fetch-mode' => 'no-cors',
  'connection' => 'close',
  'host' => 'localhost:777',
)
[ info ] [ PARAM ] array (
  'callback' => 'define',
  'controllername' => 'index',
  'v' => '1572226776',
)
[ info ] [ LANG ] C:\Users\Administrator\Desktop\fastAdmin\public/../application/admin\lang\zh-cn.php
[ info ] [ BEHAVIOR ] Run app\common\behavior\Common @module_init [ RunTime:0.006000s ]
[ info ] [ SESSION ] INIT array (
  'id' => '',
  'var_session_id' => '',
  'prefix' => 'think',
  'type' => '',
  'auto_start' => true,
)
[ info ] [ LANG ] C:\Users\Administrator\Desktop\fastAdmin\public/../application/admin/lang/zh-cn/ajax.php
[ info ] [ RUN ] app\admin\controller\Ajax->lang[ C:\Users\Administrator\Desktop\fastAdmin\application\admin\controller\Ajax.php ]
[ info ] [ LANG ] C:\Users\Administrator\Desktop\fastAdmin\public/../application/admin/lang/zh-cn/index.php
[ info ] [ BEHAVIOR ] Run app\admin\behavior\AdminLog @app_end [ RunTime:0.001000s ]
[ info ] [ LOG ] INIT File
---------------------------------------------------------------
[ 2019-10-28T09:49:34+08:00 ] 0.0.0.0 GET localhost:777/index/user/index.html
[运行时间：0.581000s] [吞吐率：1.72req/s] [内存消耗：2,225.65kb] [文件加载：109]
[ info ] [ BEHAVIOR ] Run Closure @app_init [ RunTime:0.000000s ]
[ info ] [ CACHE ] INIT File
[ info ] [ BEHAVIOR ] Run Closure @app_init [ RunTime:0.005000s ]
[ info ] [ LANG ] C:\Users\Administrator\Desktop\fastAdmin\thinkphp\lang\zh-cn.php
[ info ] [ ROUTE ] array (
  'type' => 'module',
  'module' => 
  array (
    0 => 'index',
    1 => 'user',
    2 => 'index',
  ),
)
[ info ] [ HEADER ] array (
  'cookie' => '_ga=GA1.1.1676223138.1569549790; Hm_lvt_f8d0a8c400404989e195270b0bbf060a=1570499845; uid=1; token=1c344001-9bc5-4e6d-a9d5-c57f8506625b; PHPSESSID=sumd5can1gb2h00qd91k62ibe4',
  'accept-language' => 'zh-CN,zh;q=0.9',
  'accept-encoding' => 'gzip, deflate, br',
  'sec-fetch-site' => 'none',
  'accept' => 'text/html,application/xhtml+xml,application/xml;q=0.9,image/webp,image/apng,*/*;q=0.8,application/signed-exchange;v=b3',
  'sec-fetch-user' => '?1',
  'sec-fetch-mode' => 'navigate',
  'user-agent' => 'Mozilla/5.0 (Windows NT 6.1; WOW64) AppleWebKit/537.36 (KHTML, like Gecko) Chrome/77.0.3865.120 Safari/537.36',
  'upgrade-insecure-requests' => '1',
  'connection' => 'close',
  'host' => 'localhost:777',
)
[ info ] [ PARAM ] array (
)
[ info ] [ LANG ] C:\Users\Administrator\Desktop\fastAdmin\public/../application/index\lang\zh-cn.php
[ info ] [ BEHAVIOR ] Run app\common\behavior\Common @module_init [ RunTime:0.004000s ]
[ info ] [ LOG ] INIT File
[ error ] [0]语法解析错误: syntax error, unexpected '}'[C:\Users\Administrator\Desktop\fastAdmin\application\index\controller\User.php:653]
---------------------------------------------------------------
[ 2019-10-28T09:49:35+08:00 ] 0.0.0.0 GET localhost:777/favicon.ico
[运行时间：0.463800s] [吞吐率：2.16req/s] [内存消耗：1,958.62kb] [文件加载：106]
[ info ] [ BEHAVIOR ] Run Closure @app_init [ RunTime:0.000000s ]
[ info ] [ CACHE ] INIT File
[ info ] [ BEHAVIOR ] Run Closure @app_init [ RunTime:0.003000s ]
[ info ] [ LANG ] C:\Users\Administrator\Desktop\fastAdmin\thinkphp\lang\zh-cn.php
[ info ] [ ROUTE ] array (
  'type' => 'module',
  'module' => 
  array (
    0 => 'favicon.ico',
    1 => NULL,
    2 => NULL,
  ),
)
[ info ] [ HEADER ] array (
  'cookie' => '_ga=GA1.1.1676223138.1569549790; Hm_lvt_f8d0a8c400404989e195270b0bbf060a=1570499845; uid=1; token=1c344001-9bc5-4e6d-a9d5-c57f8506625b; PHPSESSID=sumd5can1gb2h00qd91k62ibe4',
  'accept-language' => 'zh-CN,zh;q=0.9',
  'accept-encoding' => 'gzip, deflate, br',
  'referer' => 'http://localhost:777/index/user/index.html',
  'sec-fetch-site' => 'same-origin',
  'accept' => 'image/webp,image/apng,image/*,*/*;q=0.8',
  'user-agent' => 'Mozilla/5.0 (Windows NT 6.1; WOW64) AppleWebKit/537.36 (KHTML, like Gecko) Chrome/77.0.3865.120 Safari/537.36',
  'sec-fetch-mode' => 'no-cors',
  'connection' => 'close',
  'host' => 'localhost:777',
)
[ info ] [ PARAM ] array (
)
[ info ] [ LOG ] INIT File
---------------------------------------------------------------
[ 2019-10-28T09:49:44+08:00 ] 0.0.0.0 GET localhost:777/index/user/index.html
[运行时间：0.827000s] [吞吐率：1.21req/s] [内存消耗：4,086.52kb] [文件加载：133]
[ info ] [ BEHAVIOR ] Run Closure @app_init [ RunTime:0.000000s ]
[ info ] [ CACHE ] INIT File
[ info ] [ BEHAVIOR ] Run Closure @app_init [ RunTime:0.002000s ]
[ info ] [ LANG ] C:\Users\Administrator\Desktop\fastAdmin\thinkphp\lang\zh-cn.php
[ info ] [ ROUTE ] array (
  'type' => 'module',
  'module' => 
  array (
    0 => 'index',
    1 => 'user',
    2 => 'index',
  ),
)
[ info ] [ HEADER ] array (
  'cookie' => '_ga=GA1.1.1676223138.1569549790; Hm_lvt_f8d0a8c400404989e195270b0bbf060a=1570499845; uid=1; token=1c344001-9bc5-4e6d-a9d5-c57f8506625b; PHPSESSID=sumd5can1gb2h00qd91k62ibe4',
  'accept-language' => 'zh-CN,zh;q=0.9',
  'accept-encoding' => 'gzip, deflate, br',
  'sec-fetch-site' => 'none',
  'accept' => 'text/html,application/xhtml+xml,application/xml;q=0.9,image/webp,image/apng,*/*;q=0.8,application/signed-exchange;v=b3',
  'sec-fetch-user' => '?1',
  'sec-fetch-mode' => 'navigate',
  'user-agent' => 'Mozilla/5.0 (Windows NT 6.1; WOW64) AppleWebKit/537.36 (KHTML, like Gecko) Chrome/77.0.3865.120 Safari/537.36',
  'upgrade-insecure-requests' => '1',
  'cache-control' => 'max-age=0',
  'connection' => 'close',
  'host' => 'localhost:777',
)
[ info ] [ PARAM ] array (
)
[ info ] [ LANG ] C:\Users\Administrator\Desktop\fastAdmin\public/../application/index\lang\zh-cn.php
[ info ] [ BEHAVIOR ] Run app\common\behavior\Common @module_init [ RunTime:0.002000s ]
[ info ] [ TOKEN ] INIT Mysql
[ info ] [ DB ] INIT mysql
[ info ] [ LANG ] C:\Users\Administrator\Desktop\fastAdmin\public/../application/index/lang/zh-cn/user.php
[ info ] [ RUN ] app\index\controller\User->index[ C:\Users\Administrator\Desktop\fastAdmin\application\index\controller\User.php ]
[ info ] [ VIEW ] C:\Users\Administrator\Desktop\fastAdmin\public/../application/index\view\user\index.html [ array (
  0 => 'user',
  1 => 'site',
  2 => 'config',
  3 => 'title',
) ]
[ info ] [ LOG ] INIT File
[ sql ] [ DB ] CONNECT:[ UseTime:0.276000s ] mysql:host=39.105.175.43;port=3306;dbname=fastadmin;charset=utf8
[ sql ] [ SQL ] SHOW COLUMNS FROM `fa_user_token` [ RunTime:0.015000s ]
[ sql ] [ SQL ] SELECT * FROM `fa_user_token` WHERE  `token` = '7a9f50702a15d3f8c621248e4a24b76e88065f2e' LIMIT 1 [ RunTime:0.014000s ]
[ sql ] [ SQL ] SHOW COLUMNS FROM `fa_user` [ RunTime:0.018000s ]
[ sql ] [ SQL ] SELECT * FROM `fa_user` WHERE  `id` = 1 LIMIT 1 [ RunTime:0.018000s ]
---------------------------------------------------------------
[ 2019-10-28T09:49:45+08:00 ] 0.0.0.0 GET localhost:777/index/ajax/lang?callback=define&controllername=user&v=1572227383
[运行时间：0.550600s] [吞吐率：1.82req/s] [内存消耗：3,813.47kb] [文件加载：132]
[ info ] [ BEHAVIOR ] Run Closure @app_init [ RunTime:0.000000s ]
[ info ] [ CACHE ] INIT File
[ info ] [ BEHAVIOR ] Run Closure @app_init [ RunTime:0.000000s ]
[ info ] [ LANG ] C:\Users\Administrator\Desktop\fastAdmin\thinkphp\lang\zh-cn.php
[ info ] [ ROUTE ] array (
  'type' => 'module',
  'module' => 
  array (
    0 => 'index',
    1 => 'ajax',
    2 => 'lang',
  ),
)
[ info ] [ HEADER ] array (
  'cookie' => '_ga=GA1.1.1676223138.1569549790; Hm_lvt_f8d0a8c400404989e195270b0bbf060a=1570499845; uid=1; token=1c344001-9bc5-4e6d-a9d5-c57f8506625b; PHPSESSID=sumd5can1gb2h00qd91k62ibe4',
  'accept-language' => 'zh-CN,zh;q=0.9',
  'accept-encoding' => 'gzip, deflate, br',
  'referer' => 'http://localhost:777/index/user/index.html',
  'sec-fetch-site' => 'same-origin',
  'accept' => '*/*',
  'user-agent' => 'Mozilla/5.0 (Windows NT 6.1; WOW64) AppleWebKit/537.36 (KHTML, like Gecko) Chrome/77.0.3865.120 Safari/537.36',
  'sec-fetch-mode' => 'no-cors',
  'connection' => 'close',
  'host' => 'localhost:777',
)
[ info ] [ PARAM ] array (
  'callback' => 'define',
  'controllername' => 'user',
  'v' => '1572227383',
)
[ info ] [ LANG ] C:\Users\Administrator\Desktop\fastAdmin\public/../application/index\lang\zh-cn.php
[ info ] [ BEHAVIOR ] Run app\common\behavior\Common @module_init [ RunTime:0.000000s ]
[ info ] [ TOKEN ] INIT Mysql
[ info ] [ DB ] INIT mysql
[ info ] [ LANG ] C:\Users\Administrator\Desktop\fastAdmin\public/../application/index/lang/zh-cn/ajax.php
[ info ] [ RUN ] app\index\controller\Ajax->lang[ C:\Users\Administrator\Desktop\fastAdmin\application\index\controller\Ajax.php ]
[ info ] [ LANG ] C:\Users\Administrator\Desktop\fastAdmin\public/../application/index/lang/zh-cn/user.php
[ info ] [ LOG ] INIT File
[ sql ] [ DB ] CONNECT:[ UseTime:0.276000s ] mysql:host=39.105.175.43;port=3306;dbname=fastadmin;charset=utf8
[ sql ] [ SQL ] SHOW COLUMNS FROM `fa_user_token` [ RunTime:0.000000s ]
[ sql ] [ SQL ] SELECT * FROM `fa_user_token` WHERE  `token` = '7a9f50702a15d3f8c621248e4a24b76e88065f2e' LIMIT 1 [ RunTime:0.000000s ]
[ sql ] [ SQL ] SHOW COLUMNS FROM `fa_user` [ RunTime:0.015600s ]
[ sql ] [ SQL ] SELECT * FROM `fa_user` WHERE  `id` = 1 LIMIT 1 [ RunTime:0.015600s ]
---------------------------------------------------------------
[ 2019-10-28T09:49:48+08:00 ] 0.0.0.0 GET localhost:777/index/user/mainaccountnumber.html
[运行时间：0.587000s] [吞吐率：1.70req/s] [内存消耗：3,951.98kb] [文件加载：131]
[ info ] [ BEHAVIOR ] Run Closure @app_init [ RunTime:0.000000s ]
[ info ] [ CACHE ] INIT File
[ info ] [ BEHAVIOR ] Run Closure @app_init [ RunTime:0.001000s ]
[ info ] [ LANG ] C:\Users\Administrator\Desktop\fastAdmin\thinkphp\lang\zh-cn.php
[ info ] [ ROUTE ] array (
  'type' => 'module',
  'module' => 
  array (
    0 => 'index',
    1 => 'user',
    2 => 'mainaccountnumber',
  ),
)
[ info ] [ HEADER ] array (
  'cookie' => '_ga=GA1.1.1676223138.1569549790; Hm_lvt_f8d0a8c400404989e195270b0bbf060a=1570499845; uid=1; token=1c344001-9bc5-4e6d-a9d5-c57f8506625b; PHPSESSID=sumd5can1gb2h00qd91k62ibe4',
  'accept-language' => 'zh-CN,zh;q=0.9',
  'accept-encoding' => 'gzip, deflate, br',
  'referer' => 'http://localhost:777/index/user/index.html',
  'sec-fetch-site' => 'same-origin',
  'accept' => 'text/html,application/xhtml+xml,application/xml;q=0.9,image/webp,image/apng,*/*;q=0.8,application/signed-exchange;v=b3',
  'sec-fetch-user' => '?1',
  'sec-fetch-mode' => 'navigate',
  'user-agent' => 'Mozilla/5.0 (Windows NT 6.1; WOW64) AppleWebKit/537.36 (KHTML, like Gecko) Chrome/77.0.3865.120 Safari/537.36',
  'upgrade-insecure-requests' => '1',
  'connection' => 'close',
  'host' => 'localhost:777',
)
[ info ] [ PARAM ] array (
)
[ info ] [ LANG ] C:\Users\Administrator\Desktop\fastAdmin\public/../application/index\lang\zh-cn.php
[ info ] [ BEHAVIOR ] Run app\common\behavior\Common @module_init [ RunTime:0.002000s ]
[ info ] [ TOKEN ] INIT Mysql
[ info ] [ DB ] INIT mysql
[ info ] [ LANG ] C:\Users\Administrator\Desktop\fastAdmin\public/../application/index/lang/zh-cn/user.php
[ info ] [ RUN ] app\index\controller\User->_empty[ C:\Users\Administrator\Desktop\fastAdmin\application\index\controller\User.php ]
[ info ] [ VIEW ] C:\Users\Administrator\Desktop\fastAdmin\public/../application/index\view\user\mainaccountnumber.html [ array (
  0 => 'user',
  1 => 'site',
  2 => 'config',
) ]
[ info ] [ LOG ] INIT File
[ sql ] [ DB ] CONNECT:[ UseTime:0.278000s ] mysql:host=39.105.175.43;port=3306;dbname=fastadmin;charset=utf8
[ sql ] [ SQL ] SHOW COLUMNS FROM `fa_user_token` [ RunTime:0.015000s ]
[ sql ] [ SQL ] SELECT * FROM `fa_user_token` WHERE  `token` = '7a9f50702a15d3f8c621248e4a24b76e88065f2e' LIMIT 1 [ RunTime:0.013000s ]
[ sql ] [ SQL ] SHOW COLUMNS FROM `fa_user` [ RunTime:0.015000s ]
[ sql ] [ SQL ] SELECT * FROM `fa_user` WHERE  `id` = 1 LIMIT 1 [ RunTime:0.018000s ]
---------------------------------------------------------------
[ 2019-10-28T09:49:49+08:00 ] 0.0.0.0 GET localhost:777/index/ajax/lang?callback=define&controllername=user&v=1572227387
[运行时间：0.576000s] [吞吐率：1.74req/s] [内存消耗：3,813.73kb] [文件加载：132]
[ info ] [ BEHAVIOR ] Run Closure @app_init [ RunTime:0.000000s ]
[ info ] [ CACHE ] INIT File
[ info ] [ BEHAVIOR ] Run Closure @app_init [ RunTime:0.002000s ]
[ info ] [ LANG ] C:\Users\Administrator\Desktop\fastAdmin\thinkphp\lang\zh-cn.php
[ info ] [ ROUTE ] array (
  'type' => 'module',
  'module' => 
  array (
    0 => 'index',
    1 => 'ajax',
    2 => 'lang',
  ),
)
[ info ] [ HEADER ] array (
  'cookie' => '_ga=GA1.1.1676223138.1569549790; Hm_lvt_f8d0a8c400404989e195270b0bbf060a=1570499845; uid=1; token=1c344001-9bc5-4e6d-a9d5-c57f8506625b; PHPSESSID=sumd5can1gb2h00qd91k62ibe4',
  'accept-language' => 'zh-CN,zh;q=0.9',
  'accept-encoding' => 'gzip, deflate, br',
  'referer' => 'http://localhost:777/index/user/mainaccountnumber.html',
  'sec-fetch-site' => 'same-origin',
  'accept' => '*/*',
  'user-agent' => 'Mozilla/5.0 (Windows NT 6.1; WOW64) AppleWebKit/537.36 (KHTML, like Gecko) Chrome/77.0.3865.120 Safari/537.36',
  'sec-fetch-mode' => 'no-cors',
  'connection' => 'close',
  'host' => 'localhost:777',
)
[ info ] [ PARAM ] array (
  'callback' => 'define',
  'controllername' => 'user',
  'v' => '1572227387',
)
[ info ] [ LANG ] C:\Users\Administrator\Desktop\fastAdmin\public/../application/index\lang\zh-cn.php
[ info ] [ BEHAVIOR ] Run app\common\behavior\Common @module_init [ RunTime:0.002000s ]
[ info ] [ TOKEN ] INIT Mysql
[ info ] [ DB ] INIT mysql
[ info ] [ LANG ] C:\Users\Administrator\Desktop\fastAdmin\public/../application/index/lang/zh-cn/ajax.php
[ info ] [ RUN ] app\index\controller\Ajax->lang[ C:\Users\Administrator\Desktop\fastAdmin\application\index\controller\Ajax.php ]
[ info ] [ LANG ] C:\Users\Administrator\Desktop\fastAdmin\public/../application/index/lang/zh-cn/user.php
[ info ] [ LOG ] INIT File
[ sql ] [ DB ] CONNECT:[ UseTime:0.279000s ] mysql:host=39.105.175.43;port=3306;dbname=fastadmin;charset=utf8
[ sql ] [ SQL ] SHOW COLUMNS FROM `fa_user_token` [ RunTime:0.015000s ]
[ sql ] [ SQL ] SELECT * FROM `fa_user_token` WHERE  `token` = '7a9f50702a15d3f8c621248e4a24b76e88065f2e' LIMIT 1 [ RunTime:0.013000s ]
[ sql ] [ SQL ] SHOW COLUMNS FROM `fa_user` [ RunTime:0.016000s ]
[ sql ] [ SQL ] SELECT * FROM `fa_user` WHERE  `id` = 1 LIMIT 1 [ RunTime:0.013000s ]
---------------------------------------------------------------
[ 2019-10-28T09:50:23+08:00 ] 0.0.0.0 GET localhost:777/index/user/dynamic.html
[运行时间：0.765000s] [吞吐率：1.31req/s] [内存消耗：3,995.42kb] [文件加载：131]
[ info ] [ BEHAVIOR ] Run Closure @app_init [ RunTime:0.000000s ]
[ info ] [ CACHE ] INIT File
[ info ] [ BEHAVIOR ] Run Closure @app_init [ RunTime:0.010000s ]
[ info ] [ LANG ] C:\Users\Administrator\Desktop\fastAdmin\thinkphp\lang\zh-cn.php
[ info ] [ ROUTE ] array (
  'type' => 'module',
  'module' => 
  array (
    0 => 'index',
    1 => 'user',
    2 => 'dynamic',
  ),
)
[ info ] [ HEADER ] array (
  'cookie' => '_ga=GA1.1.1676223138.1569549790; Hm_lvt_f8d0a8c400404989e195270b0bbf060a=1570499845; uid=1; token=1c344001-9bc5-4e6d-a9d5-c57f8506625b; PHPSESSID=sumd5can1gb2h00qd91k62ibe4',
  'accept-language' => 'zh-CN,zh;q=0.9',
  'accept-encoding' => 'gzip, deflate, br',
  'referer' => 'http://localhost:777/index/user/mainaccountnumber.html',
  'sec-fetch-site' => 'same-origin',
  'accept' => 'text/html,application/xhtml+xml,application/xml;q=0.9,image/webp,image/apng,*/*;q=0.8,application/signed-exchange;v=b3',
  'sec-fetch-user' => '?1',
  'sec-fetch-mode' => 'navigate',
  'user-agent' => 'Mozilla/5.0 (Windows NT 6.1; WOW64) AppleWebKit/537.36 (KHTML, like Gecko) Chrome/77.0.3865.120 Safari/537.36',
  'upgrade-insecure-requests' => '1',
  'connection' => 'close',
  'host' => 'localhost:777',
)
[ info ] [ PARAM ] array (
)
[ info ] [ LANG ] C:\Users\Administrator\Desktop\fastAdmin\public/../application/index\lang\zh-cn.php
[ info ] [ BEHAVIOR ] Run app\common\behavior\Common @module_init [ RunTime:0.005000s ]
[ info ] [ TOKEN ] INIT Mysql
[ info ] [ DB ] INIT mysql
[ info ] [ LANG ] C:\Users\Administrator\Desktop\fastAdmin\public/../application/index/lang/zh-cn/user.php
[ info ] [ RUN ] app\index\controller\User->_empty[ C:\Users\Administrator\Desktop\fastAdmin\application\index\controller\User.php ]
[ info ] [ VIEW ] C:\Users\Administrator\Desktop\fastAdmin\public/../application/index\view\user\dynamic.html [ array (
  0 => 'user',
  1 => 'site',
  2 => 'config',
) ]
[ info ] [ LOG ] INIT File
[ sql ] [ DB ] CONNECT:[ UseTime:0.280000s ] mysql:host=39.105.175.43;port=3306;dbname=fastadmin;charset=utf8
[ sql ] [ SQL ] SHOW COLUMNS FROM `fa_user_token` [ RunTime:0.018000s ]
[ sql ] [ SQL ] SELECT * FROM `fa_user_token` WHERE  `token` = '7a9f50702a15d3f8c621248e4a24b76e88065f2e' LIMIT 1 [ RunTime:0.013000s ]
[ sql ] [ SQL ] SHOW COLUMNS FROM `fa_user` [ RunTime:0.015000s ]
[ sql ] [ SQL ] SELECT * FROM `fa_user` WHERE  `id` = 1 LIMIT 1 [ RunTime:0.015000s ]
---------------------------------------------------------------
[ 2019-10-28T09:50:24+08:00 ] 0.0.0.0 GET localhost:777/index/ajax/lang?callback=define&controllername=user&v=1572227422
[运行时间：0.713800s] [吞吐率：1.40req/s] [内存消耗：3,813.47kb] [文件加载：132]
[ info ] [ BEHAVIOR ] Run Closure @app_init [ RunTime:0.001000s ]
[ info ] [ CACHE ] INIT File
[ info ] [ BEHAVIOR ] Run Closure @app_init [ RunTime:0.007000s ]
[ info ] [ LANG ] C:\Users\Administrator\Desktop\fastAdmin\thinkphp\lang\zh-cn.php
[ info ] [ ROUTE ] array (
  'type' => 'module',
  'module' => 
  array (
    0 => 'index',
    1 => 'ajax',
    2 => 'lang',
  ),
)
[ info ] [ HEADER ] array (
  'cookie' => '_ga=GA1.1.1676223138.1569549790; Hm_lvt_f8d0a8c400404989e195270b0bbf060a=1570499845; uid=1; token=1c344001-9bc5-4e6d-a9d5-c57f8506625b; PHPSESSID=sumd5can1gb2h00qd91k62ibe4',
  'accept-language' => 'zh-CN,zh;q=0.9',
  'accept-encoding' => 'gzip, deflate, br',
  'referer' => 'http://localhost:777/index/user/dynamic.html',
  'sec-fetch-site' => 'same-origin',
  'accept' => '*/*',
  'user-agent' => 'Mozilla/5.0 (Windows NT 6.1; WOW64) AppleWebKit/537.36 (KHTML, like Gecko) Chrome/77.0.3865.120 Safari/537.36',
  'sec-fetch-mode' => 'no-cors',
  'connection' => 'close',
  'host' => 'localhost:777',
)
[ info ] [ PARAM ] array (
  'callback' => 'define',
  'controllername' => 'user',
  'v' => '1572227422',
)
[ info ] [ LANG ] C:\Users\Administrator\Desktop\fastAdmin\public/../application/index\lang\zh-cn.php
[ info ] [ BEHAVIOR ] Run app\common\behavior\Common @module_init [ RunTime:0.006000s ]
[ info ] [ TOKEN ] INIT Mysql
[ info ] [ DB ] INIT mysql
[ info ] [ LANG ] C:\Users\Administrator\Desktop\fastAdmin\public/../application/index/lang/zh-cn/ajax.php
[ info ] [ RUN ] app\index\controller\Ajax->lang[ C:\Users\Administrator\Desktop\fastAdmin\application\index\controller\Ajax.php ]
[ info ] [ LANG ] C:\Users\Administrator\Desktop\fastAdmin\public/../application/index/lang/zh-cn/user.php
[ info ] [ LOG ] INIT File
[ sql ] [ DB ] CONNECT:[ UseTime:0.287000s ] mysql:host=39.105.175.43;port=3306;dbname=fastadmin;charset=utf8
[ sql ] [ SQL ] SHOW COLUMNS FROM `fa_user_token` [ RunTime:0.023000s ]
[ sql ] [ SQL ] SELECT * FROM `fa_user_token` WHERE  `token` = '7a9f50702a15d3f8c621248e4a24b76e88065f2e' LIMIT 1 [ RunTime:0.013000s ]
[ sql ] [ SQL ] SHOW COLUMNS FROM `fa_user` [ RunTime:0.018000s ]
[ sql ] [ SQL ] SELECT * FROM `fa_user` WHERE  `id` = 1 LIMIT 1 [ RunTime:0.013000s ]
---------------------------------------------------------------
[ 2019-10-28T09:51:05+08:00 ] 0.0.0.0 GET localhost:777/index/user/dynamiclist.html
[运行时间：0.824000s] [吞吐率：1.21req/s] [内存消耗：4,160.65kb] [文件加载：133]
[ info ] [ BEHAVIOR ] Run Closure @app_init [ RunTime:0.000000s ]
[ info ] [ CACHE ] INIT File
[ info ] [ BEHAVIOR ] Run Closure @app_init [ RunTime:0.007000s ]
[ info ] [ LANG ] C:\Users\Administrator\Desktop\fastAdmin\thinkphp\lang\zh-cn.php
[ info ] [ ROUTE ] array (
  'type' => 'module',
  'module' => 
  array (
    0 => 'index',
    1 => 'user',
    2 => 'dynamiclist',
  ),
)
[ info ] [ HEADER ] array (
  'cookie' => '_ga=GA1.1.1676223138.1569549790; Hm_lvt_f8d0a8c400404989e195270b0bbf060a=1570499845; uid=1; token=1c344001-9bc5-4e6d-a9d5-c57f8506625b; PHPSESSID=sumd5can1gb2h00qd91k62ibe4',
  'accept-language' => 'zh-CN,zh;q=0.9',
  'accept-encoding' => 'gzip, deflate, br',
  'referer' => 'http://localhost:777/index/user/dynamic.html',
  'sec-fetch-site' => 'same-origin',
  'accept' => 'text/html,application/xhtml+xml,application/xml;q=0.9,image/webp,image/apng,*/*;q=0.8,application/signed-exchange;v=b3',
  'sec-fetch-user' => '?1',
  'sec-fetch-mode' => 'navigate',
  'user-agent' => 'Mozilla/5.0 (Windows NT 6.1; WOW64) AppleWebKit/537.36 (KHTML, like Gecko) Chrome/77.0.3865.120 Safari/537.36',
  'upgrade-insecure-requests' => '1',
  'connection' => 'close',
  'host' => 'localhost:777',
)
[ info ] [ PARAM ] array (
)
[ info ] [ LANG ] C:\Users\Administrator\Desktop\fastAdmin\public/../application/index\lang\zh-cn.php
[ info ] [ BEHAVIOR ] Run app\common\behavior\Common @module_init [ RunTime:0.006000s ]
[ info ] [ TOKEN ] INIT Mysql
[ info ] [ DB ] INIT mysql
[ info ] [ LANG ] C:\Users\Administrator\Desktop\fastAdmin\public/../application/index/lang/zh-cn/user.php
[ info ] [ RUN ] app\index\controller\User->_empty[ C:\Users\Administrator\Desktop\fastAdmin\application\index\controller\User.php ]
[ info ] [ VIEW ] C:\Users\Administrator\Desktop\fastAdmin\public/../application/index\view\user\dynamiclist.html [ array (
  0 => 'user',
  1 => 'site',
  2 => 'config',
) ]
[ info ] [ LOG ] INIT File
[ sql ] [ DB ] CONNECT:[ UseTime:0.327000s ] mysql:host=39.105.175.43;port=3306;dbname=fastadmin;charset=utf8
[ sql ] [ SQL ] SHOW COLUMNS FROM `fa_user_token` [ RunTime:0.015000s ]
[ sql ] [ SQL ] SELECT * FROM `fa_user_token` WHERE  `token` = '7a9f50702a15d3f8c621248e4a24b76e88065f2e' LIMIT 1 [ RunTime:0.013000s ]
[ sql ] [ SQL ] SHOW COLUMNS FROM `fa_user` [ RunTime:0.013000s ]
[ sql ] [ SQL ] SELECT * FROM `fa_user` WHERE  `id` = 1 LIMIT 1 [ RunTime:0.014000s ]
---------------------------------------------------------------
[ 2019-10-28T09:51:07+08:00 ] 0.0.0.0 GET localhost:777/index/ajax/lang?callback=define&controllername=user&v=1572227465
[运行时间：0.758000s] [吞吐率：1.32req/s] [内存消耗：3,813.48kb] [文件加载：132]
[ info ] [ BEHAVIOR ] Run Closure @app_init [ RunTime:0.000000s ]
[ info ] [ CACHE ] INIT File
[ info ] [ BEHAVIOR ] Run Closure @app_init [ RunTime:0.008000s ]
[ info ] [ LANG ] C:\Users\Administrator\Desktop\fastAdmin\thinkphp\lang\zh-cn.php
[ info ] [ ROUTE ] array (
  'type' => 'module',
  'module' => 
  array (
    0 => 'index',
    1 => 'ajax',
    2 => 'lang',
  ),
)
[ info ] [ HEADER ] array (
  'cookie' => '_ga=GA1.1.1676223138.1569549790; Hm_lvt_f8d0a8c400404989e195270b0bbf060a=1570499845; uid=1; token=1c344001-9bc5-4e6d-a9d5-c57f8506625b; PHPSESSID=sumd5can1gb2h00qd91k62ibe4',
  'accept-language' => 'zh-CN,zh;q=0.9',
  'accept-encoding' => 'gzip, deflate, br',
  'referer' => 'http://localhost:777/index/user/dynamiclist.html',
  'sec-fetch-site' => 'same-origin',
  'accept' => '*/*',
  'user-agent' => 'Mozilla/5.0 (Windows NT 6.1; WOW64) AppleWebKit/537.36 (KHTML, like Gecko) Chrome/77.0.3865.120 Safari/537.36',
  'sec-fetch-mode' => 'no-cors',
  'connection' => 'close',
  'host' => 'localhost:777',
)
[ info ] [ PARAM ] array (
  'callback' => 'define',
  'controllername' => 'user',
  'v' => '1572227465',
)
[ info ] [ LANG ] C:\Users\Administrator\Desktop\fastAdmin\public/../application/index\lang\zh-cn.php
[ info ] [ BEHAVIOR ] Run app\common\behavior\Common @module_init [ RunTime:0.006000s ]
[ info ] [ TOKEN ] INIT Mysql
[ info ] [ DB ] INIT mysql
[ info ] [ LANG ] C:\Users\Administrator\Desktop\fastAdmin\public/../application/index/lang/zh-cn/ajax.php
[ info ] [ RUN ] app\index\controller\Ajax->lang[ C:\Users\Administrator\Desktop\fastAdmin\application\index\controller\Ajax.php ]
[ info ] [ LANG ] C:\Users\Administrator\Desktop\fastAdmin\public/../application/index/lang/zh-cn/user.php
[ info ] [ LOG ] INIT File
[ sql ] [ DB ] CONNECT:[ UseTime:0.262400s ] mysql:host=39.105.175.43;port=3306;dbname=fastadmin;charset=utf8
[ sql ] [ SQL ] SHOW COLUMNS FROM `fa_user_token` [ RunTime:0.015600s ]
[ sql ] [ SQL ] SELECT * FROM `fa_user_token` WHERE  `token` = '7a9f50702a15d3f8c621248e4a24b76e88065f2e' LIMIT 1 [ RunTime:0.015600s ]
[ sql ] [ SQL ] SHOW COLUMNS FROM `fa_user` [ RunTime:0.015600s ]
[ sql ] [ SQL ] SELECT * FROM `fa_user` WHERE  `id` = 1 LIMIT 1 [ RunTime:0.015600s ]
---------------------------------------------------------------
[ 2019-10-28T10:46:37+08:00 ] 0.0.0.0 GET localhost:777/index/user/agentBalanceQuery
[运行时间：0.991000s] [吞吐率：1.01req/s] [内存消耗：3,916.23kb] [文件加载：130]
[ info ] [ BEHAVIOR ] Run Closure @app_init [ RunTime:0.000000s ]
[ info ] [ CACHE ] INIT File
[ info ] [ BEHAVIOR ] Run Closure @app_init [ RunTime:0.006000s ]
[ info ] [ LANG ] C:\Users\Administrator\Desktop\fastAdmin\thinkphp\lang\zh-cn.php
[ info ] [ ROUTE ] array (
  'type' => 'module',
  'module' => 
  array (
    0 => 'index',
    1 => 'user',
    2 => 'agentBalanceQuery',
  ),
)
[ info ] [ HEADER ] array (
  'cookie' => '_ga=GA1.1.1676223138.1569549790; Hm_lvt_f8d0a8c400404989e195270b0bbf060a=1570499845; uid=1; token=1c344001-9bc5-4e6d-a9d5-c57f8506625b; PHPSESSID=sumd5can1gb2h00qd91k62ibe4',
  'accept-language' => 'zh-CN,zh;q=0.9',
  'accept-encoding' => 'gzip, deflate, br',
  'sec-fetch-site' => 'none',
  'accept' => 'text/html,application/xhtml+xml,application/xml;q=0.9,image/webp,image/apng,*/*;q=0.8,application/signed-exchange;v=b3',
  'sec-fetch-mode' => 'navigate',
  'user-agent' => 'Mozilla/5.0 (Windows NT 6.1; WOW64) AppleWebKit/537.36 (KHTML, like Gecko) Chrome/77.0.3865.120 Safari/537.36',
  'upgrade-insecure-requests' => '1',
  'connection' => 'close',
  'host' => 'localhost:777',
)
[ info ] [ PARAM ] array (
)
[ info ] [ LANG ] C:\Users\Administrator\Desktop\fastAdmin\public/../application/index\lang\zh-cn.php
[ info ] [ BEHAVIOR ] Run app\common\behavior\Common @module_init [ RunTime:0.008000s ]
[ info ] [ TOKEN ] INIT Mysql
[ info ] [ DB ] INIT mysql
[ info ] [ LANG ] C:\Users\Administrator\Desktop\fastAdmin\public/../application/index/lang/zh-cn/user.php
[ info ] [ RUN ] app\index\controller\User->agentBalanceQuery[ C:\Users\Administrator\Desktop\fastAdmin\application\index\controller\User.php ]
[ info ] [ LOG ] INIT File
[ sql ] [ DB ] CONNECT:[ UseTime:0.269000s ] mysql:host=39.105.175.43;port=3306;dbname=fastadmin;charset=utf8
[ sql ] [ SQL ] SHOW COLUMNS FROM `fa_user_token` [ RunTime:0.012000s ]
[ sql ] [ SQL ] SELECT * FROM `fa_user_token` WHERE  `token` = '7a9f50702a15d3f8c621248e4a24b76e88065f2e' LIMIT 1 [ RunTime:0.010000s ]
[ sql ] [ SQL ] SHOW COLUMNS FROM `fa_user` [ RunTime:0.012000s ]
[ sql ] [ SQL ] SELECT * FROM `fa_user` WHERE  `id` = 1 LIMIT 1 [ RunTime:0.013000s ]
---------------------------------------------------------------
[ 2019-10-28T10:47:34+08:00 ] 0.0.0.0 GET localhost:777/index/user/agentBalanceQuery
[运行时间：1.389000s] [吞吐率：0.72req/s] [内存消耗：3,916.59kb] [文件加载：130]
[ info ] [ BEHAVIOR ] Run Closure @app_init [ RunTime:0.000000s ]
[ info ] [ CACHE ] INIT File
[ info ] [ BEHAVIOR ] Run Closure @app_init [ RunTime:0.007000s ]
[ info ] [ LANG ] C:\Users\Administrator\Desktop\fastAdmin\thinkphp\lang\zh-cn.php
[ info ] [ ROUTE ] array (
  'type' => 'module',
  'module' => 
  array (
    0 => 'index',
    1 => 'user',
    2 => 'agentBalanceQuery',
  ),
)
[ info ] [ HEADER ] array (
  'cookie' => '_ga=GA1.1.1676223138.1569549790; Hm_lvt_f8d0a8c400404989e195270b0bbf060a=1570499845; uid=1; token=1c344001-9bc5-4e6d-a9d5-c57f8506625b; PHPSESSID=sumd5can1gb2h00qd91k62ibe4',
  'accept-language' => 'zh-CN,zh;q=0.9',
  'accept-encoding' => 'gzip, deflate, br',
  'sec-fetch-site' => 'none',
  'accept' => 'text/html,application/xhtml+xml,application/xml;q=0.9,image/webp,image/apng,*/*;q=0.8,application/signed-exchange;v=b3',
  'sec-fetch-user' => '?1',
  'sec-fetch-mode' => 'navigate',
  'user-agent' => 'Mozilla/5.0 (Windows NT 6.1; WOW64) AppleWebKit/537.36 (KHTML, like Gecko) Chrome/77.0.3865.120 Safari/537.36',
  'upgrade-insecure-requests' => '1',
  'cache-control' => 'max-age=0',
  'connection' => 'close',
  'host' => 'localhost:777',
)
[ info ] [ PARAM ] array (
)
[ info ] [ LANG ] C:\Users\Administrator\Desktop\fastAdmin\public/../application/index\lang\zh-cn.php
[ info ] [ BEHAVIOR ] Run app\common\behavior\Common @module_init [ RunTime:0.006000s ]
[ info ] [ TOKEN ] INIT Mysql
[ info ] [ DB ] INIT mysql
[ info ] [ LANG ] C:\Users\Administrator\Desktop\fastAdmin\public/../application/index/lang/zh-cn/user.php
[ info ] [ RUN ] app\index\controller\User->agentBalanceQuery[ C:\Users\Administrator\Desktop\fastAdmin\application\index\controller\User.php ]
[ info ] [ LOG ] INIT File
[ sql ] [ DB ] CONNECT:[ UseTime:0.427000s ] mysql:host=39.105.175.43;port=3306;dbname=fastadmin;charset=utf8
[ sql ] [ SQL ] SHOW COLUMNS FROM `fa_user_token` [ RunTime:0.113000s ]
[ sql ] [ SQL ] SELECT * FROM `fa_user_token` WHERE  `token` = '7a9f50702a15d3f8c621248e4a24b76e88065f2e' LIMIT 1 [ RunTime:0.114000s ]
[ sql ] [ SQL ] SHOW COLUMNS FROM `fa_user` [ RunTime:0.113000s ]
[ sql ] [ SQL ] SELECT * FROM `fa_user` WHERE  `id` = 1 LIMIT 1 [ RunTime:0.114000s ]
---------------------------------------------------------------
[ 2019-10-28T10:48:21+08:00 ] 0.0.0.0 GET localhost:777/index/user/agentBalanceQuery
[运行时间：0.724000s] [吞吐率：1.38req/s] [内存消耗：3,916.59kb] [文件加载：130]
[ info ] [ BEHAVIOR ] Run Closure @app_init [ RunTime:0.000000s ]
[ info ] [ CACHE ] INIT File
[ info ] [ BEHAVIOR ] Run Closure @app_init [ RunTime:0.003000s ]
[ info ] [ LANG ] C:\Users\Administrator\Desktop\fastAdmin\thinkphp\lang\zh-cn.php
[ info ] [ ROUTE ] array (
  'type' => 'module',
  'module' => 
  array (
    0 => 'index',
    1 => 'user',
    2 => 'agentBalanceQuery',
  ),
)
[ info ] [ HEADER ] array (
  'cookie' => '_ga=GA1.1.1676223138.1569549790; Hm_lvt_f8d0a8c400404989e195270b0bbf060a=1570499845; uid=1; token=1c344001-9bc5-4e6d-a9d5-c57f8506625b; PHPSESSID=sumd5can1gb2h00qd91k62ibe4',
  'accept-language' => 'zh-CN,zh;q=0.9',
  'accept-encoding' => 'gzip, deflate, br',
  'sec-fetch-site' => 'none',
  'accept' => 'text/html,application/xhtml+xml,application/xml;q=0.9,image/webp,image/apng,*/*;q=0.8,application/signed-exchange;v=b3',
  'sec-fetch-user' => '?1',
  'sec-fetch-mode' => 'navigate',
  'user-agent' => 'Mozilla/5.0 (Windows NT 6.1; WOW64) AppleWebKit/537.36 (KHTML, like Gecko) Chrome/77.0.3865.120 Safari/537.36',
  'upgrade-insecure-requests' => '1',
  'cache-control' => 'max-age=0',
  'connection' => 'close',
  'host' => 'localhost:777',
)
[ info ] [ PARAM ] array (
)
[ info ] [ LANG ] C:\Users\Administrator\Desktop\fastAdmin\public/../application/index\lang\zh-cn.php
[ info ] [ BEHAVIOR ] Run app\common\behavior\Common @module_init [ RunTime:0.003000s ]
[ info ] [ TOKEN ] INIT Mysql
[ info ] [ DB ] INIT mysql
[ info ] [ LANG ] C:\Users\Administrator\Desktop\fastAdmin\public/../application/index/lang/zh-cn/user.php
[ info ] [ RUN ] app\index\controller\User->agentBalanceQuery[ C:\Users\Administrator\Desktop\fastAdmin\application\index\controller\User.php ]
[ info ] [ LOG ] INIT File
[ sql ] [ DB ] CONNECT:[ UseTime:0.277000s ] mysql:host=39.105.175.43;port=3306;dbname=fastadmin;charset=utf8
[ sql ] [ SQL ] SHOW COLUMNS FROM `fa_user_token` [ RunTime:0.016000s ]
[ sql ] [ SQL ] SELECT * FROM `fa_user_token` WHERE  `token` = '7a9f50702a15d3f8c621248e4a24b76e88065f2e' LIMIT 1 [ RunTime:0.015000s ]
[ sql ] [ SQL ] SHOW COLUMNS FROM `fa_user` [ RunTime:0.015000s ]
[ sql ] [ SQL ] SELECT * FROM `fa_user` WHERE  `id` = 1 LIMIT 1 [ RunTime:0.015000s ]
---------------------------------------------------------------
[ 2019-10-28T10:49:24+08:00 ] 0.0.0.0 GET localhost:777/index/user/agentBalanceQuery
[运行时间：0.812000s] [吞吐率：1.23req/s] [内存消耗：3,916.59kb] [文件加载：130]
[ info ] [ BEHAVIOR ] Run Closure @app_init [ RunTime:0.000000s ]
[ info ] [ CACHE ] INIT File
[ info ] [ BEHAVIOR ] Run Closure @app_init [ RunTime:0.005000s ]
[ info ] [ LANG ] C:\Users\Administrator\Desktop\fastAdmin\thinkphp\lang\zh-cn.php
[ info ] [ ROUTE ] array (
  'type' => 'module',
  'module' => 
  array (
    0 => 'index',
    1 => 'user',
    2 => 'agentBalanceQuery',
  ),
)
[ info ] [ HEADER ] array (
  'cookie' => '_ga=GA1.1.1676223138.1569549790; Hm_lvt_f8d0a8c400404989e195270b0bbf060a=1570499845; uid=1; token=1c344001-9bc5-4e6d-a9d5-c57f8506625b; PHPSESSID=sumd5can1gb2h00qd91k62ibe4',
  'accept-language' => 'zh-CN,zh;q=0.9',
  'accept-encoding' => 'gzip, deflate, br',
  'sec-fetch-site' => 'none',
  'accept' => 'text/html,application/xhtml+xml,application/xml;q=0.9,image/webp,image/apng,*/*;q=0.8,application/signed-exchange;v=b3',
  'sec-fetch-user' => '?1',
  'sec-fetch-mode' => 'navigate',
  'user-agent' => 'Mozilla/5.0 (Windows NT 6.1; WOW64) AppleWebKit/537.36 (KHTML, like Gecko) Chrome/77.0.3865.120 Safari/537.36',
  'upgrade-insecure-requests' => '1',
  'cache-control' => 'max-age=0',
  'connection' => 'close',
  'host' => 'localhost:777',
)
[ info ] [ PARAM ] array (
)
[ info ] [ LANG ] C:\Users\Administrator\Desktop\fastAdmin\public/../application/index\lang\zh-cn.php
[ info ] [ BEHAVIOR ] Run app\common\behavior\Common @module_init [ RunTime:0.005000s ]
[ info ] [ TOKEN ] INIT Mysql
[ info ] [ DB ] INIT mysql
[ info ] [ LANG ] C:\Users\Administrator\Desktop\fastAdmin\public/../application/index/lang/zh-cn/user.php
[ info ] [ RUN ] app\index\controller\User->agentBalanceQuery[ C:\Users\Administrator\Desktop\fastAdmin\application\index\controller\User.php ]
[ info ] [ LOG ] INIT File
[ sql ] [ DB ] CONNECT:[ UseTime:0.299000s ] mysql:host=39.105.175.43;port=3306;dbname=fastadmin;charset=utf8
[ sql ] [ SQL ] SHOW COLUMNS FROM `fa_user_token` [ RunTime:0.015000s ]
[ sql ] [ SQL ] SELECT * FROM `fa_user_token` WHERE  `token` = '7a9f50702a15d3f8c621248e4a24b76e88065f2e' LIMIT 1 [ RunTime:0.014000s ]
[ sql ] [ SQL ] SHOW COLUMNS FROM `fa_user` [ RunTime:0.015000s ]
[ sql ] [ SQL ] SELECT * FROM `fa_user` WHERE  `id` = 1 LIMIT 1 [ RunTime:0.014000s ]
---------------------------------------------------------------
[ 2019-10-28T10:49:47+08:00 ] 0.0.0.0 GET localhost:777/index/user/agentBalanceQuery
[运行时间：0.750000s] [吞吐率：1.33req/s] [内存消耗：3,916.59kb] [文件加载：130]
[ info ] [ BEHAVIOR ] Run Closure @app_init [ RunTime:0.001000s ]
[ info ] [ CACHE ] INIT File
[ info ] [ BEHAVIOR ] Run Closure @app_init [ RunTime:0.005000s ]
[ info ] [ LANG ] C:\Users\Administrator\Desktop\fastAdmin\thinkphp\lang\zh-cn.php
[ info ] [ ROUTE ] array (
  'type' => 'module',
  'module' => 
  array (
    0 => 'index',
    1 => 'user',
    2 => 'agentBalanceQuery',
  ),
)
[ info ] [ HEADER ] array (
  'cookie' => '_ga=GA1.1.1676223138.1569549790; Hm_lvt_f8d0a8c400404989e195270b0bbf060a=1570499845; uid=1; token=1c344001-9bc5-4e6d-a9d5-c57f8506625b; PHPSESSID=sumd5can1gb2h00qd91k62ibe4',
  'accept-language' => 'zh-CN,zh;q=0.9',
  'accept-encoding' => 'gzip, deflate, br',
  'sec-fetch-site' => 'none',
  'accept' => 'text/html,application/xhtml+xml,application/xml;q=0.9,image/webp,image/apng,*/*;q=0.8,application/signed-exchange;v=b3',
  'sec-fetch-user' => '?1',
  'sec-fetch-mode' => 'navigate',
  'user-agent' => 'Mozilla/5.0 (Windows NT 6.1; WOW64) AppleWebKit/537.36 (KHTML, like Gecko) Chrome/77.0.3865.120 Safari/537.36',
  'upgrade-insecure-requests' => '1',
  'cache-control' => 'max-age=0',
  'connection' => 'close',
  'host' => 'localhost:777',
)
[ info ] [ PARAM ] array (
)
[ info ] [ LANG ] C:\Users\Administrator\Desktop\fastAdmin\public/../application/index\lang\zh-cn.php
[ info ] [ BEHAVIOR ] Run app\common\behavior\Common @module_init [ RunTime:0.005000s ]
[ info ] [ TOKEN ] INIT Mysql
[ info ] [ DB ] INIT mysql
[ info ] [ LANG ] C:\Users\Administrator\Desktop\fastAdmin\public/../application/index/lang/zh-cn/user.php
[ info ] [ RUN ] app\index\controller\User->agentBalanceQuery[ C:\Users\Administrator\Desktop\fastAdmin\application\index\controller\User.php ]
[ info ] [ LOG ] INIT File
[ sql ] [ DB ] CONNECT:[ UseTime:0.280000s ] mysql:host=39.105.175.43;port=3306;dbname=fastadmin;charset=utf8
[ sql ] [ SQL ] SHOW COLUMNS FROM `fa_user_token` [ RunTime:0.015000s ]
[ sql ] [ SQL ] SELECT * FROM `fa_user_token` WHERE  `token` = '7a9f50702a15d3f8c621248e4a24b76e88065f2e' LIMIT 1 [ RunTime:0.013000s ]
[ sql ] [ SQL ] SHOW COLUMNS FROM `fa_user` [ RunTime:0.013000s ]
[ sql ] [ SQL ] SELECT * FROM `fa_user` WHERE  `id` = 1 LIMIT 1 [ RunTime:0.013000s ]
---------------------------------------------------------------
[ 2019-10-28T10:50:32+08:00 ] 0.0.0.0 GET localhost:777/index/user/agentBalanceQuery
[运行时间：0.839000s] [吞吐率：1.19req/s] [内存消耗：3,916.59kb] [文件加载：130]
[ info ] [ BEHAVIOR ] Run Closure @app_init [ RunTime:0.000000s ]
[ info ] [ CACHE ] INIT File
[ info ] [ BEHAVIOR ] Run Closure @app_init [ RunTime:0.007000s ]
[ info ] [ LANG ] C:\Users\Administrator\Desktop\fastAdmin\thinkphp\lang\zh-cn.php
[ info ] [ ROUTE ] array (
  'type' => 'module',
  'module' => 
  array (
    0 => 'index',
    1 => 'user',
    2 => 'agentBalanceQuery',
  ),
)
[ info ] [ HEADER ] array (
  'cookie' => '_ga=GA1.1.1676223138.1569549790; Hm_lvt_f8d0a8c400404989e195270b0bbf060a=1570499845; uid=1; token=1c344001-9bc5-4e6d-a9d5-c57f8506625b; PHPSESSID=sumd5can1gb2h00qd91k62ibe4',
  'accept-language' => 'zh-CN,zh;q=0.9',
  'accept-encoding' => 'gzip, deflate, br',
  'sec-fetch-site' => 'none',
  'accept' => 'text/html,application/xhtml+xml,application/xml;q=0.9,image/webp,image/apng,*/*;q=0.8,application/signed-exchange;v=b3',
  'sec-fetch-user' => '?1',
  'sec-fetch-mode' => 'navigate',
  'user-agent' => 'Mozilla/5.0 (Windows NT 6.1; WOW64) AppleWebKit/537.36 (KHTML, like Gecko) Chrome/77.0.3865.120 Safari/537.36',
  'upgrade-insecure-requests' => '1',
  'cache-control' => 'max-age=0',
  'connection' => 'close',
  'host' => 'localhost:777',
)
[ info ] [ PARAM ] array (
)
[ info ] [ LANG ] C:\Users\Administrator\Desktop\fastAdmin\public/../application/index\lang\zh-cn.php
[ info ] [ BEHAVIOR ] Run app\common\behavior\Common @module_init [ RunTime:0.007000s ]
[ info ] [ TOKEN ] INIT Mysql
[ info ] [ DB ] INIT mysql
[ info ] [ LANG ] C:\Users\Administrator\Desktop\fastAdmin\public/../application/index/lang/zh-cn/user.php
[ info ] [ RUN ] app\index\controller\User->agentBalanceQuery[ C:\Users\Administrator\Desktop\fastAdmin\application\index\controller\User.php ]
[ info ] [ LOG ] INIT File
[ sql ] [ DB ] CONNECT:[ UseTime:0.283000s ] mysql:host=39.105.175.43;port=3306;dbname=fastadmin;charset=utf8
[ sql ] [ SQL ] SHOW COLUMNS FROM `fa_user_token` [ RunTime:0.017000s ]
[ sql ] [ SQL ] SELECT * FROM `fa_user_token` WHERE  `token` = '7a9f50702a15d3f8c621248e4a24b76e88065f2e' LIMIT 1 [ RunTime:0.016000s ]
[ sql ] [ SQL ] SHOW COLUMNS FROM `fa_user` [ RunTime:0.018000s ]
[ sql ] [ SQL ] SELECT * FROM `fa_user` WHERE  `id` = 1 LIMIT 1 [ RunTime:0.016000s ]
---------------------------------------------------------------
[ 2019-10-28T10:50:49+08:00 ] 0.0.0.0 GET localhost:777/index/user/agentBalanceQuery
[运行时间：0.866000s] [吞吐率：1.15req/s] [内存消耗：3,916.59kb] [文件加载：130]
[ info ] [ BEHAVIOR ] Run Closure @app_init [ RunTime:0.000000s ]
[ info ] [ CACHE ] INIT File
[ info ] [ BEHAVIOR ] Run Closure @app_init [ RunTime:0.029000s ]
[ info ] [ LANG ] C:\Users\Administrator\Desktop\fastAdmin\thinkphp\lang\zh-cn.php
[ info ] [ ROUTE ] array (
  'type' => 'module',
  'module' => 
  array (
    0 => 'index',
    1 => 'user',
    2 => 'agentBalanceQuery',
  ),
)
[ info ] [ HEADER ] array (
  'cookie' => '_ga=GA1.1.1676223138.1569549790; Hm_lvt_f8d0a8c400404989e195270b0bbf060a=1570499845; uid=1; token=1c344001-9bc5-4e6d-a9d5-c57f8506625b; PHPSESSID=sumd5can1gb2h00qd91k62ibe4',
  'accept-language' => 'zh-CN,zh;q=0.9',
  'accept-encoding' => 'gzip, deflate, br',
  'sec-fetch-site' => 'none',
  'accept' => 'text/html,application/xhtml+xml,application/xml;q=0.9,image/webp,image/apng,*/*;q=0.8,application/signed-exchange;v=b3',
  'sec-fetch-user' => '?1',
  'sec-fetch-mode' => 'navigate',
  'user-agent' => 'Mozilla/5.0 (Windows NT 6.1; WOW64) AppleWebKit/537.36 (KHTML, like Gecko) Chrome/77.0.3865.120 Safari/537.36',
  'upgrade-insecure-requests' => '1',
  'cache-control' => 'max-age=0',
  'connection' => 'close',
  'host' => 'localhost:777',
)
[ info ] [ PARAM ] array (
)
[ info ] [ LANG ] C:\Users\Administrator\Desktop\fastAdmin\public/../application/index\lang\zh-cn.php
[ info ] [ BEHAVIOR ] Run app\common\behavior\Common @module_init [ RunTime:0.010000s ]
[ info ] [ TOKEN ] INIT Mysql
[ info ] [ DB ] INIT mysql
[ info ] [ LANG ] C:\Users\Administrator\Desktop\fastAdmin\public/../application/index/lang/zh-cn/user.php
[ info ] [ RUN ] app\index\controller\User->agentBalanceQuery[ C:\Users\Administrator\Desktop\fastAdmin\application\index\controller\User.php ]
[ info ] [ LOG ] INIT File
[ sql ] [ DB ] CONNECT:[ UseTime:0.271000s ] mysql:host=39.105.175.43;port=3306;dbname=fastadmin;charset=utf8
[ sql ] [ SQL ] SHOW COLUMNS FROM `fa_user_token` [ RunTime:0.014000s ]
[ sql ] [ SQL ] SELECT * FROM `fa_user_token` WHERE  `token` = '7a9f50702a15d3f8c621248e4a24b76e88065f2e' LIMIT 1 [ RunTime:0.012000s ]
[ sql ] [ SQL ] SHOW COLUMNS FROM `fa_user` [ RunTime:0.014000s ]
[ sql ] [ SQL ] SELECT * FROM `fa_user` WHERE  `id` = 1 LIMIT 1 [ RunTime:0.014000s ]
---------------------------------------------------------------
[ 2019-10-28T10:51:54+08:00 ] 0.0.0.0 GET localhost:777/index/user/agentBalanceQuery
[运行时间：0.851000s] [吞吐率：1.18req/s] [内存消耗：3,916.62kb] [文件加载：130]
[ info ] [ BEHAVIOR ] Run Closure @app_init [ RunTime:0.000000s ]
[ info ] [ CACHE ] INIT File
[ info ] [ BEHAVIOR ] Run Closure @app_init [ RunTime:0.006000s ]
[ info ] [ LANG ] C:\Users\Administrator\Desktop\fastAdmin\thinkphp\lang\zh-cn.php
[ info ] [ ROUTE ] array (
  'type' => 'module',
  'module' => 
  array (
    0 => 'index',
    1 => 'user',
    2 => 'agentBalanceQuery',
  ),
)
[ info ] [ HEADER ] array (
  'cookie' => '_ga=GA1.1.1676223138.1569549790; Hm_lvt_f8d0a8c400404989e195270b0bbf060a=1570499845; uid=1; token=1c344001-9bc5-4e6d-a9d5-c57f8506625b; PHPSESSID=sumd5can1gb2h00qd91k62ibe4',
  'accept-language' => 'zh-CN,zh;q=0.9',
  'accept-encoding' => 'gzip, deflate, br',
  'sec-fetch-site' => 'none',
  'accept' => 'text/html,application/xhtml+xml,application/xml;q=0.9,image/webp,image/apng,*/*;q=0.8,application/signed-exchange;v=b3',
  'sec-fetch-user' => '?1',
  'sec-fetch-mode' => 'navigate',
  'user-agent' => 'Mozilla/5.0 (Windows NT 6.1; WOW64) AppleWebKit/537.36 (KHTML, like Gecko) Chrome/77.0.3865.120 Safari/537.36',
  'upgrade-insecure-requests' => '1',
  'cache-control' => 'max-age=0',
  'connection' => 'close',
  'host' => 'localhost:777',
)
[ info ] [ PARAM ] array (
)
[ info ] [ LANG ] C:\Users\Administrator\Desktop\fastAdmin\public/../application/index\lang\zh-cn.php
[ info ] [ BEHAVIOR ] Run app\common\behavior\Common @module_init [ RunTime:0.006000s ]
[ info ] [ TOKEN ] INIT Mysql
[ info ] [ DB ] INIT mysql
[ info ] [ LANG ] C:\Users\Administrator\Desktop\fastAdmin\public/../application/index/lang/zh-cn/user.php
[ info ] [ RUN ] app\index\controller\User->agentBalanceQuery[ C:\Users\Administrator\Desktop\fastAdmin\application\index\controller\User.php ]
[ info ] [ LOG ] INIT File
[ sql ] [ DB ] CONNECT:[ UseTime:0.284000s ] mysql:host=39.105.175.43;port=3306;dbname=fastadmin;charset=utf8
[ sql ] [ SQL ] SHOW COLUMNS FROM `fa_user_token` [ RunTime:0.017000s ]
[ sql ] [ SQL ] SELECT * FROM `fa_user_token` WHERE  `token` = '7a9f50702a15d3f8c621248e4a24b76e88065f2e' LIMIT 1 [ RunTime:0.015000s ]
[ sql ] [ SQL ] SHOW COLUMNS FROM `fa_user` [ RunTime:0.016000s ]
[ sql ] [ SQL ] SELECT * FROM `fa_user` WHERE  `id` = 1 LIMIT 1 [ RunTime:0.015000s ]
---------------------------------------------------------------
[ 2019-10-28T10:54:48+08:00 ] 0.0.0.0 GET localhost:777/index/user/agentBalanceQuery
[运行时间：0.867000s] [吞吐率：1.15req/s] [内存消耗：3,920.64kb] [文件加载：130]
[ info ] [ BEHAVIOR ] Run Closure @app_init [ RunTime:0.001000s ]
[ info ] [ CACHE ] INIT File
[ info ] [ BEHAVIOR ] Run Closure @app_init [ RunTime:0.006000s ]
[ info ] [ LANG ] C:\Users\Administrator\Desktop\fastAdmin\thinkphp\lang\zh-cn.php
[ info ] [ ROUTE ] array (
  'type' => 'module',
  'module' => 
  array (
    0 => 'index',
    1 => 'user',
    2 => 'agentBalanceQuery',
  ),
)
[ info ] [ HEADER ] array (
  'cookie' => '_ga=GA1.1.1676223138.1569549790; Hm_lvt_f8d0a8c400404989e195270b0bbf060a=1570499845; uid=1; token=1c344001-9bc5-4e6d-a9d5-c57f8506625b; PHPSESSID=sumd5can1gb2h00qd91k62ibe4',
  'accept-language' => 'zh-CN,zh;q=0.9',
  'accept-encoding' => 'gzip, deflate, br',
  'sec-fetch-site' => 'none',
  'accept' => 'text/html,application/xhtml+xml,application/xml;q=0.9,image/webp,image/apng,*/*;q=0.8,application/signed-exchange;v=b3',
  'sec-fetch-user' => '?1',
  'sec-fetch-mode' => 'navigate',
  'user-agent' => 'Mozilla/5.0 (Windows NT 6.1; WOW64) AppleWebKit/537.36 (KHTML, like Gecko) Chrome/77.0.3865.120 Safari/537.36',
  'upgrade-insecure-requests' => '1',
  'cache-control' => 'max-age=0',
  'connection' => 'close',
  'host' => 'localhost:777',
)
[ info ] [ PARAM ] array (
)
[ info ] [ LANG ] C:\Users\Administrator\Desktop\fastAdmin\public/../application/index\lang\zh-cn.php
[ info ] [ BEHAVIOR ] Run app\common\behavior\Common @module_init [ RunTime:0.008000s ]
[ info ] [ TOKEN ] INIT Mysql
[ info ] [ DB ] INIT mysql
[ info ] [ LANG ] C:\Users\Administrator\Desktop\fastAdmin\public/../application/index/lang/zh-cn/user.php
[ info ] [ RUN ] app\index\controller\User->agentBalanceQuery[ C:\Users\Administrator\Desktop\fastAdmin\application\index\controller\User.php ]
[ info ] [ LOG ] INIT File
[ sql ] [ DB ] CONNECT:[ UseTime:0.278000s ] mysql:host=39.105.175.43;port=3306;dbname=fastadmin;charset=utf8
[ sql ] [ SQL ] SHOW COLUMNS FROM `fa_user_token` [ RunTime:0.013000s ]
[ sql ] [ SQL ] SELECT * FROM `fa_user_token` WHERE  `token` = '7a9f50702a15d3f8c621248e4a24b76e88065f2e' LIMIT 1 [ RunTime:0.012000s ]
[ sql ] [ SQL ] SHOW COLUMNS FROM `fa_user` [ RunTime:0.014000s ]
[ sql ] [ SQL ] SELECT * FROM `fa_user` WHERE  `id` = 1 LIMIT 1 [ RunTime:0.012000s ]
---------------------------------------------------------------
[ 2019-10-28T10:55:31+08:00 ] 0.0.0.0 GET localhost:777/index/user/agentBalanceQuery
[运行时间：0.728000s] [吞吐率：1.37req/s] [内存消耗：3,916.62kb] [文件加载：130]
[ info ] [ BEHAVIOR ] Run Closure @app_init [ RunTime:0.001000s ]
[ info ] [ CACHE ] INIT File
[ info ] [ BEHAVIOR ] Run Closure @app_init [ RunTime:0.002000s ]
[ info ] [ LANG ] C:\Users\Administrator\Desktop\fastAdmin\thinkphp\lang\zh-cn.php
[ info ] [ ROUTE ] array (
  'type' => 'module',
  'module' => 
  array (
    0 => 'index',
    1 => 'user',
    2 => 'agentBalanceQuery',
  ),
)
[ info ] [ HEADER ] array (
  'cookie' => '_ga=GA1.1.1676223138.1569549790; Hm_lvt_f8d0a8c400404989e195270b0bbf060a=1570499845; uid=1; token=1c344001-9bc5-4e6d-a9d5-c57f8506625b; PHPSESSID=sumd5can1gb2h00qd91k62ibe4',
  'accept-language' => 'zh-CN,zh;q=0.9',
  'accept-encoding' => 'gzip, deflate, br',
  'sec-fetch-site' => 'none',
  'accept' => 'text/html,application/xhtml+xml,application/xml;q=0.9,image/webp,image/apng,*/*;q=0.8,application/signed-exchange;v=b3',
  'sec-fetch-user' => '?1',
  'sec-fetch-mode' => 'navigate',
  'user-agent' => 'Mozilla/5.0 (Windows NT 6.1; WOW64) AppleWebKit/537.36 (KHTML, like Gecko) Chrome/77.0.3865.120 Safari/537.36',
  'upgrade-insecure-requests' => '1',
  'cache-control' => 'max-age=0',
  'connection' => 'close',
  'host' => 'localhost:777',
)
[ info ] [ PARAM ] array (
)
[ info ] [ LANG ] C:\Users\Administrator\Desktop\fastAdmin\public/../application/index\lang\zh-cn.php
[ info ] [ BEHAVIOR ] Run app\common\behavior\Common @module_init [ RunTime:0.003000s ]
[ info ] [ TOKEN ] INIT Mysql
[ info ] [ DB ] INIT mysql
[ info ] [ LANG ] C:\Users\Administrator\Desktop\fastAdmin\public/../application/index/lang/zh-cn/user.php
[ info ] [ RUN ] app\index\controller\User->agentBalanceQuery[ C:\Users\Administrator\Desktop\fastAdmin\application\index\controller\User.php ]
[ info ] [ LOG ] INIT File
[ sql ] [ DB ] CONNECT:[ UseTime:0.281000s ] mysql:host=39.105.175.43;port=3306;dbname=fastadmin;charset=utf8
[ sql ] [ SQL ] SHOW COLUMNS FROM `fa_user_token` [ RunTime:0.013000s ]
[ sql ] [ SQL ] SELECT * FROM `fa_user_token` WHERE  `token` = '7a9f50702a15d3f8c621248e4a24b76e88065f2e' LIMIT 1 [ RunTime:0.012000s ]
[ sql ] [ SQL ] SHOW COLUMNS FROM `fa_user` [ RunTime:0.013000s ]
[ sql ] [ SQL ] SELECT * FROM `fa_user` WHERE  `id` = 1 LIMIT 1 [ RunTime:0.026000s ]
---------------------------------------------------------------
[ 2019-10-28T10:57:11+08:00 ] 0.0.0.0 GET localhost:777/index/user/lineList
[运行时间：1.708000s] [吞吐率：0.59req/s] [内存消耗：3,917.07kb] [文件加载：130]
[ info ] [ BEHAVIOR ] Run Closure @app_init [ RunTime:0.000000s ]
[ info ] [ CACHE ] INIT File
[ info ] [ BEHAVIOR ] Run Closure @app_init [ RunTime:0.007000s ]
[ info ] [ LANG ] C:\Users\Administrator\Desktop\fastAdmin\thinkphp\lang\zh-cn.php
[ info ] [ ROUTE ] array (
  'type' => 'module',
  'module' => 
  array (
    0 => 'index',
    1 => 'user',
    2 => 'lineList',
  ),
)
[ info ] [ HEADER ] array (
  'cookie' => '_ga=GA1.1.1676223138.1569549790; Hm_lvt_f8d0a8c400404989e195270b0bbf060a=1570499845; uid=1; token=1c344001-9bc5-4e6d-a9d5-c57f8506625b; PHPSESSID=sumd5can1gb2h00qd91k62ibe4',
  'accept-language' => 'zh-CN,zh;q=0.9',
  'accept-encoding' => 'gzip, deflate, br',
  'sec-fetch-site' => 'none',
  'accept' => 'text/html,application/xhtml+xml,application/xml;q=0.9,image/webp,image/apng,*/*;q=0.8,application/signed-exchange;v=b3',
  'sec-fetch-mode' => 'navigate',
  'user-agent' => 'Mozilla/5.0 (Windows NT 6.1; WOW64) AppleWebKit/537.36 (KHTML, like Gecko) Chrome/77.0.3865.120 Safari/537.36',
  'upgrade-insecure-requests' => '1',
  'connection' => 'close',
  'host' => 'localhost:777',
)
[ info ] [ PARAM ] array (
)
[ info ] [ LANG ] C:\Users\Administrator\Desktop\fastAdmin\public/../application/index\lang\zh-cn.php
[ info ] [ BEHAVIOR ] Run app\common\behavior\Common @module_init [ RunTime:0.023000s ]
[ info ] [ TOKEN ] INIT Mysql
[ info ] [ DB ] INIT mysql
[ info ] [ LANG ] C:\Users\Administrator\Desktop\fastAdmin\public/../application/index/lang/zh-cn/user.php
[ info ] [ RUN ] app\index\controller\User->lineList[ C:\Users\Administrator\Desktop\fastAdmin\application\index\controller\User.php ]
[ info ] [ LOG ] INIT File
[ sql ] [ DB ] CONNECT:[ UseTime:0.278000s ] mysql:host=39.105.175.43;port=3306;dbname=fastadmin;charset=utf8
[ sql ] [ SQL ] SHOW COLUMNS FROM `fa_user_token` [ RunTime:0.012000s ]
[ sql ] [ SQL ] SELECT * FROM `fa_user_token` WHERE  `token` = '7a9f50702a15d3f8c621248e4a24b76e88065f2e' LIMIT 1 [ RunTime:0.012000s ]
[ sql ] [ SQL ] SHOW COLUMNS FROM `fa_user` [ RunTime:0.012000s ]
[ sql ] [ SQL ] SELECT * FROM `fa_user` WHERE  `id` = 1 LIMIT 1 [ RunTime:0.012000s ]
---------------------------------------------------------------
[ 2019-10-28T11:02:06+08:00 ] 0.0.0.0 GET localhost:777/index/user/lineList
[运行时间：2.173000s] [吞吐率：0.46req/s] [内存消耗：3,961.44kb] [文件加载：130]
[ info ] [ BEHAVIOR ] Run Closure @app_init [ RunTime:0.001000s ]
[ info ] [ CACHE ] INIT File
[ info ] [ BEHAVIOR ] Run Closure @app_init [ RunTime:0.011000s ]
[ info ] [ LANG ] C:\Users\Administrator\Desktop\fastAdmin\thinkphp\lang\zh-cn.php
[ info ] [ ROUTE ] array (
  'type' => 'module',
  'module' => 
  array (
    0 => 'index',
    1 => 'user',
    2 => 'lineList',
  ),
)
[ info ] [ HEADER ] array (
  'cookie' => '_ga=GA1.1.1676223138.1569549790; Hm_lvt_f8d0a8c400404989e195270b0bbf060a=1570499845; uid=1; token=1c344001-9bc5-4e6d-a9d5-c57f8506625b; PHPSESSID=sumd5can1gb2h00qd91k62ibe4',
  'accept-language' => 'zh-CN,zh;q=0.9',
  'accept-encoding' => 'gzip, deflate, br',
  'sec-fetch-site' => 'none',
  'accept' => 'text/html,application/xhtml+xml,application/xml;q=0.9,image/webp,image/apng,*/*;q=0.8,application/signed-exchange;v=b3',
  'sec-fetch-user' => '?1',
  'sec-fetch-mode' => 'navigate',
  'user-agent' => 'Mozilla/5.0 (Windows NT 6.1; WOW64) AppleWebKit/537.36 (KHTML, like Gecko) Chrome/77.0.3865.120 Safari/537.36',
  'upgrade-insecure-requests' => '1',
  'cache-control' => 'max-age=0',
  'connection' => 'close',
  'host' => 'localhost:777',
)
[ info ] [ PARAM ] array (
)
[ info ] [ LANG ] C:\Users\Administrator\Desktop\fastAdmin\public/../application/index\lang\zh-cn.php
[ info ] [ BEHAVIOR ] Run app\common\behavior\Common @module_init [ RunTime:0.006000s ]
[ info ] [ TOKEN ] INIT Mysql
[ info ] [ DB ] INIT mysql
[ info ] [ LANG ] C:\Users\Administrator\Desktop\fastAdmin\public/../application/index/lang/zh-cn/user.php
[ info ] [ RUN ] app\index\controller\User->lineList[ C:\Users\Administrator\Desktop\fastAdmin\application\index\controller\User.php ]
[ info ] [ LOG ] INIT File
[ sql ] [ DB ] CONNECT:[ UseTime:0.286000s ] mysql:host=39.105.175.43;port=3306;dbname=fastadmin;charset=utf8
[ sql ] [ SQL ] SHOW COLUMNS FROM `fa_user_token` [ RunTime:0.023000s ]
[ sql ] [ SQL ] SELECT * FROM `fa_user_token` WHERE  `token` = '7a9f50702a15d3f8c621248e4a24b76e88065f2e' LIMIT 1 [ RunTime:0.011000s ]
[ sql ] [ SQL ] SHOW COLUMNS FROM `fa_user` [ RunTime:0.012000s ]
[ sql ] [ SQL ] SELECT * FROM `fa_user` WHERE  `id` = 1 LIMIT 1 [ RunTime:0.013000s ]
---------------------------------------------------------------
[ 2019-10-28T11:17:42+08:00 ] 0.0.0.0 GET localhost:777/index/user/lineList
[运行时间：1.585000s] [吞吐率：0.63req/s] [内存消耗：3,917.50kb] [文件加载：130]
[ info ] [ BEHAVIOR ] Run Closure @app_init [ RunTime:0.001000s ]
[ info ] [ CACHE ] INIT File
[ info ] [ BEHAVIOR ] Run Closure @app_init [ RunTime:0.007000s ]
[ info ] [ LANG ] C:\Users\Administrator\Desktop\fastAdmin\thinkphp\lang\zh-cn.php
[ info ] [ ROUTE ] array (
  'type' => 'module',
  'module' => 
  array (
    0 => 'index',
    1 => 'user',
    2 => 'lineList',
  ),
)
[ info ] [ HEADER ] array (
  'cookie' => '_ga=GA1.1.1676223138.1569549790; Hm_lvt_f8d0a8c400404989e195270b0bbf060a=1570499845; uid=1; token=1c344001-9bc5-4e6d-a9d5-c57f8506625b; PHPSESSID=sumd5can1gb2h00qd91k62ibe4',
  'accept-language' => 'zh-CN,zh;q=0.9',
  'accept-encoding' => 'gzip, deflate, br',
  'sec-fetch-site' => 'none',
  'accept' => 'text/html,application/xhtml+xml,application/xml;q=0.9,image/webp,image/apng,*/*;q=0.8,application/signed-exchange;v=b3',
  'sec-fetch-user' => '?1',
  'sec-fetch-mode' => 'navigate',
  'user-agent' => 'Mozilla/5.0 (Windows NT 6.1; WOW64) AppleWebKit/537.36 (KHTML, like Gecko) Chrome/77.0.3865.120 Safari/537.36',
  'upgrade-insecure-requests' => '1',
  'cache-control' => 'max-age=0',
  'connection' => 'close',
  'host' => 'localhost:777',
)
[ info ] [ PARAM ] array (
)
[ info ] [ LANG ] C:\Users\Administrator\Desktop\fastAdmin\public/../application/index\lang\zh-cn.php
[ info ] [ BEHAVIOR ] Run app\common\behavior\Common @module_init [ RunTime:0.006000s ]
[ info ] [ TOKEN ] INIT Mysql
[ info ] [ DB ] INIT mysql
[ info ] [ LANG ] C:\Users\Administrator\Desktop\fastAdmin\public/../application/index/lang/zh-cn/user.php
[ info ] [ RUN ] app\index\controller\User->lineList[ C:\Users\Administrator\Desktop\fastAdmin\application\index\controller\User.php ]
[ info ] [ LOG ] INIT File
[ sql ] [ DB ] CONNECT:[ UseTime:0.284000s ] mysql:host=39.105.175.43;port=3306;dbname=fastadmin;charset=utf8
[ sql ] [ SQL ] SHOW COLUMNS FROM `fa_user_token` [ RunTime:0.024000s ]
[ sql ] [ SQL ] SELECT * FROM `fa_user_token` WHERE  `token` = '7a9f50702a15d3f8c621248e4a24b76e88065f2e' LIMIT 1 [ RunTime:0.014000s ]
[ sql ] [ SQL ] SHOW COLUMNS FROM `fa_user` [ RunTime:0.016000s ]
[ sql ] [ SQL ] SELECT * FROM `fa_user` WHERE  `id` = 1 LIMIT 1 [ RunTime:0.014000s ]
---------------------------------------------------------------
[ 2019-10-28T14:08:52+08:00 ] 0.0.0.0 GET localhost:777/index/user/blacklistedQuery?ip=123456
[运行时间：0.909000s] [吞吐率：1.10req/s] [内存消耗：3,922.66kb] [文件加载：130]
[ info ] [ BEHAVIOR ] Run Closure @app_init [ RunTime:0.001000s ]
[ info ] [ CACHE ] INIT File
[ info ] [ BEHAVIOR ] Run Closure @app_init [ RunTime:0.008000s ]
[ info ] [ LANG ] C:\Users\Administrator\Desktop\fastAdmin\thinkphp\lang\zh-cn.php
[ info ] [ ROUTE ] array (
  'type' => 'module',
  'module' => 
  array (
    0 => 'index',
    1 => 'user',
    2 => 'blacklistedQuery',
  ),
)
[ info ] [ HEADER ] array (
  'cookie' => '_ga=GA1.1.1676223138.1569549790; Hm_lvt_f8d0a8c400404989e195270b0bbf060a=1570499845; uid=1; token=1c344001-9bc5-4e6d-a9d5-c57f8506625b; PHPSESSID=sumd5can1gb2h00qd91k62ibe4',
  'accept-language' => 'zh-CN,zh;q=0.9',
  'accept-encoding' => 'gzip, deflate, br',
  'sec-fetch-site' => 'none',
  'accept' => 'text/html,application/xhtml+xml,application/xml;q=0.9,image/webp,image/apng,*/*;q=0.8,application/signed-exchange;v=b3',
  'sec-fetch-user' => '?1',
  'sec-fetch-mode' => 'navigate',
  'user-agent' => 'Mozilla/5.0 (Windows NT 6.1; WOW64) AppleWebKit/537.36 (KHTML, like Gecko) Chrome/77.0.3865.120 Safari/537.36',
  'upgrade-insecure-requests' => '1',
  'connection' => 'close',
  'host' => 'localhost:777',
)
[ info ] [ PARAM ] array (
  'ip' => '123456',
)
[ info ] [ LANG ] C:\Users\Administrator\Desktop\fastAdmin\public/../application/index\lang\zh-cn.php
[ info ] [ BEHAVIOR ] Run app\common\behavior\Common @module_init [ RunTime:0.006000s ]
[ info ] [ TOKEN ] INIT Mysql
[ info ] [ DB ] INIT mysql
[ info ] [ LANG ] C:\Users\Administrator\Desktop\fastAdmin\public/../application/index/lang/zh-cn/user.php
[ info ] [ RUN ] app\index\controller\User->blacklistedQuery[ C:\Users\Administrator\Desktop\fastAdmin\application\index\controller\User.php ]
[ info ] [ LOG ] INIT File
[ sql ] [ DB ] CONNECT:[ UseTime:0.286000s ] mysql:host=39.105.175.43;port=3306;dbname=fastadmin;charset=utf8
[ sql ] [ SQL ] SHOW COLUMNS FROM `fa_user_token` [ RunTime:0.016000s ]
[ sql ] [ SQL ] SELECT * FROM `fa_user_token` WHERE  `token` = '7a9f50702a15d3f8c621248e4a24b76e88065f2e' LIMIT 1 [ RunTime:0.018000s ]
[ sql ] [ SQL ] SHOW COLUMNS FROM `fa_user` [ RunTime:0.016000s ]
[ sql ] [ SQL ] SELECT * FROM `fa_user` WHERE  `id` = 1 LIMIT 1 [ RunTime:0.016000s ]
---------------------------------------------------------------
[ 2019-10-28T14:09:26+08:00 ] 0.0.0.0 GET localhost:777/index/user/checkClientIpIsBlock?ip=123456
[运行时间：1.516000s] [吞吐率：0.66req/s] [内存消耗：3,970.24kb] [文件加载：133]
[ info ] [ BEHAVIOR ] Run Closure @app_init [ RunTime:0.000000s ]
[ info ] [ CACHE ] INIT File
[ info ] [ BEHAVIOR ] Run Closure @app_init [ RunTime:0.006000s ]
[ info ] [ LANG ] C:\Users\Administrator\Desktop\fastAdmin\thinkphp\lang\zh-cn.php
[ info ] [ ROUTE ] array (
  'type' => 'module',
  'module' => 
  array (
    0 => 'index',
    1 => 'user',
    2 => 'checkClientIpIsBlock',
  ),
)
[ info ] [ HEADER ] array (
  'cookie' => '_ga=GA1.1.1676223138.1569549790; Hm_lvt_f8d0a8c400404989e195270b0bbf060a=1570499845; uid=1; token=1c344001-9bc5-4e6d-a9d5-c57f8506625b; PHPSESSID=sumd5can1gb2h00qd91k62ibe4',
  'accept-language' => 'zh-CN,zh;q=0.9',
  'accept-encoding' => 'gzip, deflate, br',
  'sec-fetch-site' => 'none',
  'accept' => 'text/html,application/xhtml+xml,application/xml;q=0.9,image/webp,image/apng,*/*;q=0.8,application/signed-exchange;v=b3',
  'sec-fetch-mode' => 'navigate',
  'user-agent' => 'Mozilla/5.0 (Windows NT 6.1; WOW64) AppleWebKit/537.36 (KHTML, like Gecko) Chrome/77.0.3865.120 Safari/537.36',
  'upgrade-insecure-requests' => '1',
  'connection' => 'close',
  'host' => 'localhost:777',
)
[ info ] [ PARAM ] array (
  'ip' => '123456',
)
[ info ] [ LANG ] C:\Users\Administrator\Desktop\fastAdmin\public/../application/index\lang\zh-cn.php
[ info ] [ BEHAVIOR ] Run app\common\behavior\Common @module_init [ RunTime:0.012000s ]
[ info ] [ TOKEN ] INIT Mysql
[ info ] [ DB ] INIT mysql
[ info ] [ LANG ] C:\Users\Administrator\Desktop\fastAdmin\public/../application/index/lang/zh-cn/user.php
[ info ] [ RUN ] app\index\controller\User->_empty[ C:\Users\Administrator\Desktop\fastAdmin\application\index\controller\User.php ]
[ info ] [ LOG ] INIT File
[ sql ] [ DB ] CONNECT:[ UseTime:0.417000s ] mysql:host=39.105.175.43;port=3306;dbname=fastadmin;charset=utf8
[ sql ] [ SQL ] SHOW COLUMNS FROM `fa_user_token` [ RunTime:0.111000s ]
[ sql ] [ SQL ] SELECT * FROM `fa_user_token` WHERE  `token` = '7a9f50702a15d3f8c621248e4a24b76e88065f2e' LIMIT 1 [ RunTime:0.110000s ]
[ sql ] [ SQL ] SHOW COLUMNS FROM `fa_user` [ RunTime:0.112000s ]
[ sql ] [ SQL ] SELECT * FROM `fa_user` WHERE  `id` = 1 LIMIT 1 [ RunTime:0.111000s ]
[ error ] [0]模板文件不存在:C:\Users\Administrator\Desktop\fastAdmin\public/../application/index\view\user\checkclientipisblock.html[C:\Users\Administrator\Desktop\fastAdmin\thinkphp\library\think\view\driver\Think.php:82]
---------------------------------------------------------------
[ 2019-10-28T14:09:35+08:00 ] 0.0.0.0 GET localhost:777/index/user/blacklistedQuery?ip=123456
[运行时间：0.865000s] [吞吐率：1.16req/s] [内存消耗：3,922.48kb] [文件加载：130]
[ info ] [ BEHAVIOR ] Run Closure @app_init [ RunTime:0.000000s ]
[ info ] [ CACHE ] INIT File
[ info ] [ BEHAVIOR ] Run Closure @app_init [ RunTime:0.007000s ]
[ info ] [ LANG ] C:\Users\Administrator\Desktop\fastAdmin\thinkphp\lang\zh-cn.php
[ info ] [ ROUTE ] array (
  'type' => 'module',
  'module' => 
  array (
    0 => 'index',
    1 => 'user',
    2 => 'blacklistedQuery',
  ),
)
[ info ] [ HEADER ] array (
  'cookie' => '_ga=GA1.1.1676223138.1569549790; Hm_lvt_f8d0a8c400404989e195270b0bbf060a=1570499845; uid=1; token=1c344001-9bc5-4e6d-a9d5-c57f8506625b; PHPSESSID=sumd5can1gb2h00qd91k62ibe4',
  'accept-language' => 'zh-CN,zh;q=0.9',
  'accept-encoding' => 'gzip, deflate, br',
  'sec-fetch-site' => 'none',
  'accept' => 'text/html,application/xhtml+xml,application/xml;q=0.9,image/webp,image/apng,*/*;q=0.8,application/signed-exchange;v=b3',
  'sec-fetch-mode' => 'navigate',
  'user-agent' => 'Mozilla/5.0 (Windows NT 6.1; WOW64) AppleWebKit/537.36 (KHTML, like Gecko) Chrome/77.0.3865.120 Safari/537.36',
  'upgrade-insecure-requests' => '1',
  'connection' => 'close',
  'host' => 'localhost:777',
)
[ info ] [ PARAM ] array (
  'ip' => '123456',
)
[ info ] [ LANG ] C:\Users\Administrator\Desktop\fastAdmin\public/../application/index\lang\zh-cn.php
[ info ] [ BEHAVIOR ] Run app\common\behavior\Common @module_init [ RunTime:0.007000s ]
[ info ] [ TOKEN ] INIT Mysql
[ info ] [ DB ] INIT mysql
[ info ] [ LANG ] C:\Users\Administrator\Desktop\fastAdmin\public/../application/index/lang/zh-cn/user.php
[ info ] [ RUN ] app\index\controller\User->blacklistedQuery[ C:\Users\Administrator\Desktop\fastAdmin\application\index\controller\User.php ]
[ info ] [ LOG ] INIT File
[ sql ] [ DB ] CONNECT:[ UseTime:0.278000s ] mysql:host=39.105.175.43;port=3306;dbname=fastadmin;charset=utf8
[ sql ] [ SQL ] SHOW COLUMNS FROM `fa_user_token` [ RunTime:0.014000s ]
[ sql ] [ SQL ] SELECT * FROM `fa_user_token` WHERE  `token` = '7a9f50702a15d3f8c621248e4a24b76e88065f2e' LIMIT 1 [ RunTime:0.019000s ]
[ sql ] [ SQL ] SHOW COLUMNS FROM `fa_user` [ RunTime:0.018000s ]
[ sql ] [ SQL ] SELECT * FROM `fa_user` WHERE  `id` = 1 LIMIT 1 [ RunTime:0.015000s ]
