---------------------------------------------------------------
[ 2019-11-04T00:05:12+08:00 ] 0.0.0.0 GET localhost:777/index/user/dynamiclist.html
[运行时间：0.839056s] [吞吐率：1.19req/s] [内存消耗：4,272.78kb] [文件加载：133]
[ info ] [ BEHAVIOR ] Run Closure @app_init [ RunTime:0.000575s ]
[ info ] [ CACHE ] INIT File
[ info ] [ BEHAVIOR ] Run Closure @app_init [ RunTime:0.010435s ]
[ info ] [ LANG ] C:\Users\user\Desktop\fastadmin\thinkphp\lang\zh-cn.php
[ info ] [ ROUTE ] array (
  'type' => 'module',
  'module' => 
  array (
    0 => 'index',
    1 => 'user',
    2 => 'dynamiclist',
  ),
)
[ info ] [ HEADER ] array (
  'cookie' => 'uid=1; token=8d19c391-54ca-4aeb-817d-3b8e97c83451; Hm_lvt_f8d0a8c400404989e195270b0bbf060a=1571472261,1572068955,1572075140,1572685813; PHPSESSID=mjuvf8p9r7efbr7hef0jou46f1',
  'accept-language' => 'zh-CN,zh;q=0.9',
  'accept-encoding' => 'gzip, deflate, br',
  'accept' => 'text/html,application/xhtml+xml,application/xml;q=0.9,image/webp,image/apng,*/*;q=0.8',
  'upgrade-insecure-requests' => '1',
  'user-agent' => 'Mozilla/5.0 (Windows NT 10.0; WOW64) AppleWebKit/537.36 (KHTML, like Gecko) Chrome/63.0.3239.132 Safari/537.36',
  'connection' => 'close',
  'host' => 'localhost:777',
)
[ info ] [ PARAM ] array (
)
[ info ] [ LANG ] C:\Users\user\Desktop\fastadmin\public/../application/index\lang\zh-cn.php
[ info ] [ BEHAVIOR ] Run app\common\behavior\Common @module_init [ RunTime:0.006735s ]
[ info ] [ TOKEN ] INIT Mysql
[ info ] [ DB ] INIT mysql
[ info ] [ LANG ] C:\Users\user\Desktop\fastadmin\public/../application/index/lang/zh-cn/user.php
[ info ] [ RUN ] app\index\controller\User->dynamiclist[ C:\Users\user\Desktop\fastadmin\application\index\controller\User.php ]
[ info ] [ VIEW ] C:\Users\user\Desktop\fastadmin\public/../application/index\view\user\dynamiclist.html [ array (
  0 => 'user',
  1 => 'site',
  2 => 'config',
  3 => 'title',
) ]
[ info ] [ LOG ] INIT File
[ sql ] [ DB ] CONNECT:[ UseTime:0.020122s ] mysql:host=39.105.175.43;port=3306;dbname=fastadmin;charset=utf8
[ sql ] [ SQL ] SHOW COLUMNS FROM `fa_user_token` [ RunTime:0.013585s ]
[ sql ] [ SQL ] SELECT * FROM `fa_user_token` WHERE  `token` = '8efc671d44366b1acafa56e2f2bb8d59a0969894' LIMIT 1 [ RunTime:0.013777s ]
[ sql ] [ SQL ] SHOW COLUMNS FROM `fa_user` [ RunTime:0.014844s ]
[ sql ] [ SQL ] SELECT * FROM `fa_user` WHERE  `id` = 1 LIMIT 1 [ RunTime:0.013677s ]
---------------------------------------------------------------
[ 2019-11-04T00:05:14+08:00 ] 0.0.0.0 GET localhost:777/index/ajax/lang?callback=define&controllername=user&v=1572797112
[运行时间：0.592284s] [吞吐率：1.69req/s] [内存消耗：3,832.54kb] [文件加载：132]
[ info ] [ BEHAVIOR ] Run Closure @app_init [ RunTime:0.000447s ]
[ info ] [ CACHE ] INIT File
[ info ] [ BEHAVIOR ] Run Closure @app_init [ RunTime:0.009907s ]
[ info ] [ LANG ] C:\Users\user\Desktop\fastadmin\thinkphp\lang\zh-cn.php
[ info ] [ ROUTE ] array (
  'type' => 'module',
  'module' => 
  array (
    0 => 'index',
    1 => 'ajax',
    2 => 'lang',
  ),
)
[ info ] [ HEADER ] array (
  'cookie' => 'uid=1; token=8d19c391-54ca-4aeb-817d-3b8e97c83451; Hm_lvt_f8d0a8c400404989e195270b0bbf060a=1571472261,1572068955,1572075140,1572685813; PHPSESSID=mjuvf8p9r7efbr7hef0jou46f1',
  'accept-language' => 'zh-CN,zh;q=0.9',
  'accept-encoding' => 'gzip, deflate, br',
  'referer' => 'http://localhost:777/index/user/dynamiclist.html',
  'accept' => '*/*',
  'user-agent' => 'Mozilla/5.0 (Windows NT 10.0; WOW64) AppleWebKit/537.36 (KHTML, like Gecko) Chrome/63.0.3239.132 Safari/537.36',
  'connection' => 'close',
  'host' => 'localhost:777',
)
[ info ] [ PARAM ] array (
  'callback' => 'define',
  'controllername' => 'user',
  'v' => '1572797112',
)
[ info ] [ LANG ] C:\Users\user\Desktop\fastadmin\public/../application/index\lang\zh-cn.php
[ info ] [ BEHAVIOR ] Run app\common\behavior\Common @module_init [ RunTime:0.006733s ]
[ info ] [ TOKEN ] INIT Mysql
[ info ] [ DB ] INIT mysql
[ info ] [ LANG ] C:\Users\user\Desktop\fastadmin\public/../application/index/lang/zh-cn/ajax.php
[ info ] [ RUN ] app\index\controller\Ajax->lang[ C:\Users\user\Desktop\fastadmin\application\index\controller\Ajax.php ]
[ info ] [ LANG ] C:\Users\user\Desktop\fastadmin\public/../application/index/lang/zh-cn/user.php
[ info ] [ LOG ] INIT File
[ sql ] [ DB ] CONNECT:[ UseTime:0.021763s ] mysql:host=39.105.175.43;port=3306;dbname=fastadmin;charset=utf8
[ sql ] [ SQL ] SHOW COLUMNS FROM `fa_user_token` [ RunTime:0.013355s ]
[ sql ] [ SQL ] SELECT * FROM `fa_user_token` WHERE  `token` = '8efc671d44366b1acafa56e2f2bb8d59a0969894' LIMIT 1 [ RunTime:0.012035s ]
[ sql ] [ SQL ] SHOW COLUMNS FROM `fa_user` [ RunTime:0.011253s ]
[ sql ] [ SQL ] SELECT * FROM `fa_user` WHERE  `id` = 1 LIMIT 1 [ RunTime:0.012594s ]
---------------------------------------------------------------
[ 2019-11-04T00:05:16+08:00 ] 0.0.0.0 GET localhost:777/index/user/lineList
[运行时间：1.397458s] [吞吐率：0.72req/s] [内存消耗：3,994.09kb] [文件加载：130]
[ info ] [ BEHAVIOR ] Run Closure @app_init [ RunTime:0.000514s ]
[ info ] [ CACHE ] INIT File
[ info ] [ BEHAVIOR ] Run Closure @app_init [ RunTime:0.012375s ]
[ info ] [ LANG ] C:\Users\user\Desktop\fastadmin\thinkphp\lang\zh-cn.php
[ info ] [ ROUTE ] array (
  'type' => 'module',
  'module' => 
  array (
    0 => 'index',
    1 => 'user',
    2 => 'lineList',
  ),
)
[ info ] [ HEADER ] array (
  'cookie' => 'uid=1; token=8d19c391-54ca-4aeb-817d-3b8e97c83451; Hm_lvt_f8d0a8c400404989e195270b0bbf060a=1571472261,1572068955,1572075140,1572685813; PHPSESSID=mjuvf8p9r7efbr7hef0jou46f1',
  'accept-language' => 'zh-CN,zh;q=0.9',
  'accept-encoding' => 'gzip, deflate, br',
  'referer' => 'http://localhost:777/index/user/dynamiclist.html',
  'user-agent' => 'Mozilla/5.0 (Windows NT 10.0; WOW64) AppleWebKit/537.36 (KHTML, like Gecko) Chrome/63.0.3239.132 Safari/537.36',
  'x-requested-with' => 'XMLHttpRequest',
  'accept' => 'application/json, text/javascript, */*; q=0.01',
  'connection' => 'close',
  'host' => 'localhost:777',
)
[ info ] [ PARAM ] array (
)
[ info ] [ LANG ] C:\Users\user\Desktop\fastadmin\public/../application/index\lang\zh-cn.php
[ info ] [ BEHAVIOR ] Run app\common\behavior\Common @module_init [ RunTime:0.014824s ]
[ info ] [ TOKEN ] INIT Mysql
[ info ] [ DB ] INIT mysql
[ info ] [ LANG ] C:\Users\user\Desktop\fastadmin\public/../application/index/lang/zh-cn/user.php
[ info ] [ RUN ] app\index\controller\User->lineList[ C:\Users\user\Desktop\fastadmin\application\index\controller\User.php ]
[ info ] [ LOG ] INIT File
[ sql ] [ DB ] CONNECT:[ UseTime:0.020696s ] mysql:host=39.105.175.43;port=3306;dbname=fastadmin;charset=utf8
[ sql ] [ SQL ] SHOW COLUMNS FROM `fa_user_token` [ RunTime:0.011266s ]
[ sql ] [ SQL ] SELECT * FROM `fa_user_token` WHERE  `token` = '8efc671d44366b1acafa56e2f2bb8d59a0969894' LIMIT 1 [ RunTime:0.010443s ]
[ sql ] [ SQL ] SHOW COLUMNS FROM `fa_user` [ RunTime:0.009975s ]
[ sql ] [ SQL ] SELECT * FROM `fa_user` WHERE  `id` = 1 LIMIT 1 [ RunTime:0.013447s ]
---------------------------------------------------------------
[ 2019-11-04T00:05:16+08:00 ] 0.0.0.0 GET localhost:777/index/user/agentSearchAccByCid?page=1&serve_id=2
[运行时间：0.955396s] [吞吐率：1.05req/s] [内存消耗：4,067.80kb] [文件加载：130]
[ info ] [ BEHAVIOR ] Run Closure @app_init [ RunTime:0.000629s ]
[ info ] [ CACHE ] INIT File
[ info ] [ BEHAVIOR ] Run Closure @app_init [ RunTime:0.014562s ]
[ info ] [ LANG ] C:\Users\user\Desktop\fastadmin\thinkphp\lang\zh-cn.php
[ info ] [ ROUTE ] array (
  'type' => 'module',
  'module' => 
  array (
    0 => 'index',
    1 => 'user',
    2 => 'agentSearchAccByCid',
  ),
)
[ info ] [ HEADER ] array (
  'cookie' => 'uid=1; token=8d19c391-54ca-4aeb-817d-3b8e97c83451; Hm_lvt_f8d0a8c400404989e195270b0bbf060a=1571472261,1572068955,1572075140,1572685813; PHPSESSID=mjuvf8p9r7efbr7hef0jou46f1',
  'accept-language' => 'zh-CN,zh;q=0.9',
  'accept-encoding' => 'gzip, deflate, br',
  'referer' => 'http://localhost:777/index/user/dynamiclist.html',
  'user-agent' => 'Mozilla/5.0 (Windows NT 10.0; WOW64) AppleWebKit/537.36 (KHTML, like Gecko) Chrome/63.0.3239.132 Safari/537.36',
  'x-requested-with' => 'XMLHttpRequest',
  'accept' => 'application/json, text/javascript, */*; q=0.01',
  'connection' => 'close',
  'host' => 'localhost:777',
)
[ info ] [ PARAM ] array (
  'page' => '1',
  'serve_id' => '2',
)
[ info ] [ LANG ] C:\Users\user\Desktop\fastadmin\public/../application/index\lang\zh-cn.php
[ info ] [ BEHAVIOR ] Run app\common\behavior\Common @module_init [ RunTime:0.011715s ]
[ info ] [ TOKEN ] INIT Mysql
[ info ] [ DB ] INIT mysql
[ info ] [ LANG ] C:\Users\user\Desktop\fastadmin\public/../application/index/lang/zh-cn/user.php
[ info ] [ RUN ] app\index\controller\User->agentSearchAccByCid[ C:\Users\user\Desktop\fastadmin\application\index\controller\User.php ]
[ info ] [ LOG ] INIT File
[ sql ] [ DB ] CONNECT:[ UseTime:0.019140s ] mysql:host=39.105.175.43;port=3306;dbname=fastadmin;charset=utf8
[ sql ] [ SQL ] SHOW COLUMNS FROM `fa_user_token` [ RunTime:0.013557s ]
[ sql ] [ SQL ] SELECT * FROM `fa_user_token` WHERE  `token` = '8efc671d44366b1acafa56e2f2bb8d59a0969894' LIMIT 1 [ RunTime:0.011522s ]
[ sql ] [ SQL ] SHOW COLUMNS FROM `fa_user` [ RunTime:0.013981s ]
[ sql ] [ SQL ] SELECT * FROM `fa_user` WHERE  `id` = 1 LIMIT 1 [ RunTime:0.023867s ]
[ sql ] [ SQL ] SHOW COLUMNS FROM `fa_agent` [ RunTime:0.011882s ]
[ sql ] [ SQL ] SELECT `name`,`count` FROM `fa_agent` WHERE  `cusId` = 15300 [ RunTime:0.012333s ]
---------------------------------------------------------------
[ 2019-11-04T00:05:17+08:00 ] 0.0.0.0 GET localhost:777/assets/css/frontend.css.map
[运行时间：0.599829s] [吞吐率：1.67req/s] [内存消耗：1,955.80kb] [文件加载：106]
[ info ] [ BEHAVIOR ] Run Closure @app_init [ RunTime:0.000823s ]
[ info ] [ CACHE ] INIT File
[ info ] [ BEHAVIOR ] Run Closure @app_init [ RunTime:0.020739s ]
[ info ] [ LANG ] C:\Users\user\Desktop\fastadmin\thinkphp\lang\zh-cn.php
[ info ] [ ROUTE ] array (
  'type' => 'module',
  'module' => 
  array (
    0 => 'assets',
    1 => 'css',
    2 => 'frontend.css.map',
  ),
)
[ info ] [ HEADER ] array (
  'cookie' => 'uid=1; token=8d19c391-54ca-4aeb-817d-3b8e97c83451; Hm_lvt_f8d0a8c400404989e195270b0bbf060a=1571472261,1572068955,1572075140,1572685813; PHPSESSID=mjuvf8p9r7efbr7hef0jou46f1',
  'accept-language' => 'zh-CN,zh;q=0.9',
  'accept-encoding' => 'gzip, deflate, br',
  'user-agent' => 'Mozilla/5.0 (Windows NT 10.0; WOW64) AppleWebKit/537.36 (KHTML, like Gecko) Chrome/63.0.3239.132 Safari/537.36',
  'connection' => 'close',
  'host' => 'localhost:777',
)
[ info ] [ PARAM ] array (
)
[ info ] [ LOG ] INIT File
---------------------------------------------------------------
[ 2019-11-04T00:05:18+08:00 ] 0.0.0.0 GET localhost:777/assets/css/fastadmin.css.map
[运行时间：0.580793s] [吞吐率：1.72req/s] [内存消耗：1,955.80kb] [文件加载：106]
[ info ] [ BEHAVIOR ] Run Closure @app_init [ RunTime:0.000641s ]
[ info ] [ CACHE ] INIT File
[ info ] [ BEHAVIOR ] Run Closure @app_init [ RunTime:0.018416s ]
[ info ] [ LANG ] C:\Users\user\Desktop\fastadmin\thinkphp\lang\zh-cn.php
[ info ] [ ROUTE ] array (
  'type' => 'module',
  'module' => 
  array (
    0 => 'assets',
    1 => 'css',
    2 => 'fastadmin.css.map',
  ),
)
[ info ] [ HEADER ] array (
  'cookie' => 'uid=1; token=8d19c391-54ca-4aeb-817d-3b8e97c83451; Hm_lvt_f8d0a8c400404989e195270b0bbf060a=1571472261,1572068955,1572075140,1572685813; PHPSESSID=mjuvf8p9r7efbr7hef0jou46f1',
  'accept-language' => 'zh-CN,zh;q=0.9',
  'accept-encoding' => 'gzip, deflate, br',
  'user-agent' => 'Mozilla/5.0 (Windows NT 10.0; WOW64) AppleWebKit/537.36 (KHTML, like Gecko) Chrome/63.0.3239.132 Safari/537.36',
  'connection' => 'close',
  'host' => 'localhost:777',
)
[ info ] [ PARAM ] array (
)
[ info ] [ LOG ] INIT File
---------------------------------------------------------------
[ 2019-11-04T00:05:18+08:00 ] 0.0.0.0 GET localhost:777/assets/css/bootstrap.css.map
[运行时间：0.588331s] [吞吐率：1.70req/s] [内存消耗：1,955.80kb] [文件加载：106]
[ info ] [ BEHAVIOR ] Run Closure @app_init [ RunTime:0.000719s ]
[ info ] [ CACHE ] INIT File
[ info ] [ BEHAVIOR ] Run Closure @app_init [ RunTime:0.021311s ]
[ info ] [ LANG ] C:\Users\user\Desktop\fastadmin\thinkphp\lang\zh-cn.php
[ info ] [ ROUTE ] array (
  'type' => 'module',
  'module' => 
  array (
    0 => 'assets',
    1 => 'css',
    2 => 'bootstrap.css.map',
  ),
)
[ info ] [ HEADER ] array (
  'cookie' => 'uid=1; token=8d19c391-54ca-4aeb-817d-3b8e97c83451; Hm_lvt_f8d0a8c400404989e195270b0bbf060a=1571472261,1572068955,1572075140,1572685813; PHPSESSID=mjuvf8p9r7efbr7hef0jou46f1',
  'accept-language' => 'zh-CN,zh;q=0.9',
  'accept-encoding' => 'gzip, deflate, br',
  'user-agent' => 'Mozilla/5.0 (Windows NT 10.0; WOW64) AppleWebKit/537.36 (KHTML, like Gecko) Chrome/63.0.3239.132 Safari/537.36',
  'connection' => 'close',
  'host' => 'localhost:777',
)
[ info ] [ PARAM ] array (
)
[ info ] [ LOG ] INIT File
---------------------------------------------------------------
[ 2019-11-04T00:05:19+08:00 ] 0.0.0.0 GET localhost:777/index/user/agentSearchAccByCid?page=1&serve_id=1
[运行时间：0.818374s] [吞吐率：1.22req/s] [内存消耗：4,067.80kb] [文件加载：130]
[ info ] [ BEHAVIOR ] Run Closure @app_init [ RunTime:0.000515s ]
[ info ] [ CACHE ] INIT File
[ info ] [ BEHAVIOR ] Run Closure @app_init [ RunTime:0.011457s ]
[ info ] [ LANG ] C:\Users\user\Desktop\fastadmin\thinkphp\lang\zh-cn.php
[ info ] [ ROUTE ] array (
  'type' => 'module',
  'module' => 
  array (
    0 => 'index',
    1 => 'user',
    2 => 'agentSearchAccByCid',
  ),
)
[ info ] [ HEADER ] array (
  'cookie' => 'uid=1; token=8d19c391-54ca-4aeb-817d-3b8e97c83451; Hm_lvt_f8d0a8c400404989e195270b0bbf060a=1571472261,1572068955,1572075140,1572685813; PHPSESSID=mjuvf8p9r7efbr7hef0jou46f1',
  'accept-language' => 'zh-CN,zh;q=0.9',
  'accept-encoding' => 'gzip, deflate, br',
  'referer' => 'http://localhost:777/index/user/dynamiclist.html',
  'user-agent' => 'Mozilla/5.0 (Windows NT 10.0; WOW64) AppleWebKit/537.36 (KHTML, like Gecko) Chrome/63.0.3239.132 Safari/537.36',
  'x-requested-with' => 'XMLHttpRequest',
  'accept' => 'application/json, text/javascript, */*; q=0.01',
  'connection' => 'close',
  'host' => 'localhost:777',
)
[ info ] [ PARAM ] array (
  'page' => '1',
  'serve_id' => '1',
)
[ info ] [ LANG ] C:\Users\user\Desktop\fastadmin\public/../application/index\lang\zh-cn.php
[ info ] [ BEHAVIOR ] Run app\common\behavior\Common @module_init [ RunTime:0.007313s ]
[ info ] [ TOKEN ] INIT Mysql
[ info ] [ DB ] INIT mysql
[ info ] [ LANG ] C:\Users\user\Desktop\fastadmin\public/../application/index/lang/zh-cn/user.php
[ info ] [ RUN ] app\index\controller\User->agentSearchAccByCid[ C:\Users\user\Desktop\fastadmin\application\index\controller\User.php ]
[ info ] [ LOG ] INIT File
[ sql ] [ DB ] CONNECT:[ UseTime:0.018377s ] mysql:host=39.105.175.43;port=3306;dbname=fastadmin;charset=utf8
[ sql ] [ SQL ] SHOW COLUMNS FROM `fa_user_token` [ RunTime:0.013323s ]
[ sql ] [ SQL ] SELECT * FROM `fa_user_token` WHERE  `token` = '8efc671d44366b1acafa56e2f2bb8d59a0969894' LIMIT 1 [ RunTime:0.015148s ]
[ sql ] [ SQL ] SHOW COLUMNS FROM `fa_user` [ RunTime:0.016587s ]
[ sql ] [ SQL ] SELECT * FROM `fa_user` WHERE  `id` = 1 LIMIT 1 [ RunTime:0.013997s ]
[ sql ] [ SQL ] SHOW COLUMNS FROM `fa_agent` [ RunTime:0.015387s ]
[ sql ] [ SQL ] SELECT `name`,`count` FROM `fa_agent` WHERE  `cusId` = 15300 [ RunTime:0.014577s ]
---------------------------------------------------------------
[ 2019-11-04T00:05:24+08:00 ] 0.0.0.0 GET localhost:777/index/user/agentSearchAccByCid?page=1&serve_id=2
[运行时间：0.861623s] [吞吐率：1.16req/s] [内存消耗：4,067.80kb] [文件加载：130]
[ info ] [ BEHAVIOR ] Run Closure @app_init [ RunTime:0.000517s ]
[ info ] [ CACHE ] INIT File
[ info ] [ BEHAVIOR ] Run Closure @app_init [ RunTime:0.013515s ]
[ info ] [ LANG ] C:\Users\user\Desktop\fastadmin\thinkphp\lang\zh-cn.php
[ info ] [ ROUTE ] array (
  'type' => 'module',
  'module' => 
  array (
    0 => 'index',
    1 => 'user',
    2 => 'agentSearchAccByCid',
  ),
)
[ info ] [ HEADER ] array (
  'cookie' => 'uid=1; token=8d19c391-54ca-4aeb-817d-3b8e97c83451; Hm_lvt_f8d0a8c400404989e195270b0bbf060a=1571472261,1572068955,1572075140,1572685813; PHPSESSID=mjuvf8p9r7efbr7hef0jou46f1',
  'accept-language' => 'zh-CN,zh;q=0.9',
  'accept-encoding' => 'gzip, deflate, br',
  'referer' => 'http://localhost:777/index/user/dynamiclist.html',
  'user-agent' => 'Mozilla/5.0 (Windows NT 10.0; WOW64) AppleWebKit/537.36 (KHTML, like Gecko) Chrome/63.0.3239.132 Safari/537.36',
  'x-requested-with' => 'XMLHttpRequest',
  'accept' => 'application/json, text/javascript, */*; q=0.01',
  'connection' => 'close',
  'host' => 'localhost:777',
)
[ info ] [ PARAM ] array (
  'page' => '1',
  'serve_id' => '2',
)
[ info ] [ LANG ] C:\Users\user\Desktop\fastadmin\public/../application/index\lang\zh-cn.php
[ info ] [ BEHAVIOR ] Run app\common\behavior\Common @module_init [ RunTime:0.010185s ]
[ info ] [ TOKEN ] INIT Mysql
[ info ] [ DB ] INIT mysql
[ info ] [ LANG ] C:\Users\user\Desktop\fastadmin\public/../application/index/lang/zh-cn/user.php
[ info ] [ RUN ] app\index\controller\User->agentSearchAccByCid[ C:\Users\user\Desktop\fastadmin\application\index\controller\User.php ]
[ info ] [ LOG ] INIT File
[ sql ] [ DB ] CONNECT:[ UseTime:0.018286s ] mysql:host=39.105.175.43;port=3306;dbname=fastadmin;charset=utf8
[ sql ] [ SQL ] SHOW COLUMNS FROM `fa_user_token` [ RunTime:0.013555s ]
[ sql ] [ SQL ] SELECT * FROM `fa_user_token` WHERE  `token` = '8efc671d44366b1acafa56e2f2bb8d59a0969894' LIMIT 1 [ RunTime:0.013952s ]
[ sql ] [ SQL ] SHOW COLUMNS FROM `fa_user` [ RunTime:0.014276s ]
[ sql ] [ SQL ] SELECT * FROM `fa_user` WHERE  `id` = 1 LIMIT 1 [ RunTime:0.028062s ]
[ sql ] [ SQL ] SHOW COLUMNS FROM `fa_agent` [ RunTime:0.015725s ]
[ sql ] [ SQL ] SELECT `name`,`count` FROM `fa_agent` WHERE  `cusId` = 15300 [ RunTime:0.014480s ]
---------------------------------------------------------------
[ 2019-11-04T00:10:48+08:00 ] 0.0.0.0 GET localhost:777/index/user/agentSearchAccByCid?page=1&serve_id=1
[运行时间：2.566738s] [吞吐率：0.39req/s] [内存消耗：4,041.34kb] [文件加载：134]
[ info ] [ BEHAVIOR ] Run Closure @app_init [ RunTime:0.000624s ]
[ info ] [ CACHE ] INIT File
[ info ] [ BEHAVIOR ] Run Closure @app_init [ RunTime:0.020143s ]
[ info ] [ LANG ] C:\Users\user\Desktop\fastadmin\thinkphp\lang\zh-cn.php
[ info ] [ ROUTE ] array (
  'type' => 'module',
  'module' => 
  array (
    0 => 'index',
    1 => 'user',
    2 => 'agentSearchAccByCid',
  ),
)
[ info ] [ HEADER ] array (
  'cookie' => 'uid=1; token=8d19c391-54ca-4aeb-817d-3b8e97c83451; Hm_lvt_f8d0a8c400404989e195270b0bbf060a=1571472261,1572068955,1572075140,1572685813; PHPSESSID=mjuvf8p9r7efbr7hef0jou46f1',
  'accept-language' => 'zh-CN,zh;q=0.9',
  'accept-encoding' => 'gzip, deflate, br',
  'referer' => 'http://localhost:777/index/user/dynamiclist.html',
  'user-agent' => 'Mozilla/5.0 (Windows NT 10.0; WOW64) AppleWebKit/537.36 (KHTML, like Gecko) Chrome/63.0.3239.132 Safari/537.36',
  'x-requested-with' => 'XMLHttpRequest',
  'accept' => 'application/json, text/javascript, */*; q=0.01',
  'connection' => 'close',
  'host' => 'localhost:777',
)
[ info ] [ PARAM ] array (
  'page' => '1',
  'serve_id' => '1',
)
[ info ] [ LANG ] C:\Users\user\Desktop\fastadmin\public/../application/index\lang\zh-cn.php
[ info ] [ BEHAVIOR ] Run app\common\behavior\Common @module_init [ RunTime:0.010100s ]
[ info ] [ TOKEN ] INIT Mysql
[ info ] [ DB ] INIT mysql
[ info ] [ LANG ] C:\Users\user\Desktop\fastadmin\public/../application/index/lang/zh-cn/user.php
[ info ] [ RUN ] app\index\controller\User->agentSearchAccByCid[ C:\Users\user\Desktop\fastadmin\application\index\controller\User.php ]
[ info ] [ LOG ] INIT File
[ sql ] [ DB ] CONNECT:[ UseTime:0.026865s ] mysql:host=39.105.175.43;port=3306;dbname=fastadmin;charset=utf8
[ sql ] [ SQL ] SHOW COLUMNS FROM `fa_user_token` [ RunTime:0.014953s ]
[ sql ] [ SQL ] SELECT * FROM `fa_user_token` WHERE  `token` = '8efc671d44366b1acafa56e2f2bb8d59a0969894' LIMIT 1 [ RunTime:0.015519s ]
[ sql ] [ SQL ] SHOW COLUMNS FROM `fa_user` [ RunTime:0.015920s ]
[ sql ] [ SQL ] SELECT * FROM `fa_user` WHERE  `id` = 1 LIMIT 1 [ RunTime:0.016676s ]
[ sql ] [ SQL ] SHOW COLUMNS FROM `fa_agent` [ RunTime:0.016285s ]
[ sql ] [ SQL ] SELECT `name`,`count` FROM `fa_agent` WHERE  `cusId` = 15300 [ RunTime:0.015012s ]
[ error ] [2]Invalid argument supplied for foreach()[C:\Users\user\Desktop\fastadmin\application\index\controller\User.php:1099]
---------------------------------------------------------------
[ 2019-11-04T00:10:59+08:00 ] 0.0.0.0 GET localhost:777/index/user/agentSearchAccByCid?page=1&serve_id=2
[运行时间：0.961510s] [吞吐率：1.04req/s] [内存消耗：4,067.93kb] [文件加载：130]
[ info ] [ BEHAVIOR ] Run Closure @app_init [ RunTime:0.000915s ]
[ info ] [ CACHE ] INIT File
[ info ] [ BEHAVIOR ] Run Closure @app_init [ RunTime:0.018361s ]
[ info ] [ LANG ] C:\Users\user\Desktop\fastadmin\thinkphp\lang\zh-cn.php
[ info ] [ ROUTE ] array (
  'type' => 'module',
  'module' => 
  array (
    0 => 'index',
    1 => 'user',
    2 => 'agentSearchAccByCid',
  ),
)
[ info ] [ HEADER ] array (
  'cookie' => 'uid=1; token=8d19c391-54ca-4aeb-817d-3b8e97c83451; Hm_lvt_f8d0a8c400404989e195270b0bbf060a=1571472261,1572068955,1572075140,1572685813; PHPSESSID=mjuvf8p9r7efbr7hef0jou46f1',
  'accept-language' => 'zh-CN,zh;q=0.9',
  'accept-encoding' => 'gzip, deflate, br',
  'referer' => 'http://localhost:777/index/user/dynamiclist.html',
  'user-agent' => 'Mozilla/5.0 (Windows NT 10.0; WOW64) AppleWebKit/537.36 (KHTML, like Gecko) Chrome/63.0.3239.132 Safari/537.36',
  'x-requested-with' => 'XMLHttpRequest',
  'accept' => 'application/json, text/javascript, */*; q=0.01',
  'connection' => 'close',
  'host' => 'localhost:777',
)
[ info ] [ PARAM ] array (
  'page' => '1',
  'serve_id' => '2',
)
[ info ] [ LANG ] C:\Users\user\Desktop\fastadmin\public/../application/index\lang\zh-cn.php
[ info ] [ BEHAVIOR ] Run app\common\behavior\Common @module_init [ RunTime:0.008172s ]
[ info ] [ TOKEN ] INIT Mysql
[ info ] [ DB ] INIT mysql
[ info ] [ LANG ] C:\Users\user\Desktop\fastadmin\public/../application/index/lang/zh-cn/user.php
[ info ] [ RUN ] app\index\controller\User->agentSearchAccByCid[ C:\Users\user\Desktop\fastadmin\application\index\controller\User.php ]
[ info ] [ LOG ] INIT File
[ sql ] [ DB ] CONNECT:[ UseTime:0.019798s ] mysql:host=39.105.175.43;port=3306;dbname=fastadmin;charset=utf8
[ sql ] [ SQL ] SHOW COLUMNS FROM `fa_user_token` [ RunTime:0.008838s ]
[ sql ] [ SQL ] SELECT * FROM `fa_user_token` WHERE  `token` = '8efc671d44366b1acafa56e2f2bb8d59a0969894' LIMIT 1 [ RunTime:0.010391s ]
[ sql ] [ SQL ] SHOW COLUMNS FROM `fa_user` [ RunTime:0.010203s ]
[ sql ] [ SQL ] SELECT * FROM `fa_user` WHERE  `id` = 1 LIMIT 1 [ RunTime:0.015698s ]
[ sql ] [ SQL ] SHOW COLUMNS FROM `fa_agent` [ RunTime:0.010931s ]
[ sql ] [ SQL ] SELECT `name`,`count` FROM `fa_agent` WHERE  `cusId` = 15300 [ RunTime:0.010371s ]
---------------------------------------------------------------
[ 2019-11-04T00:11:05+08:00 ] 0.0.0.0 GET localhost:777/index/user/agentSearchAccByCid?page=1&serve_id=1
[运行时间：1.329694s] [吞吐率：0.75req/s] [内存消耗：4,041.34kb] [文件加载：134]
[ info ] [ BEHAVIOR ] Run Closure @app_init [ RunTime:0.001653s ]
[ info ] [ CACHE ] INIT File
[ info ] [ BEHAVIOR ] Run Closure @app_init [ RunTime:0.025193s ]
[ info ] [ LANG ] C:\Users\user\Desktop\fastadmin\thinkphp\lang\zh-cn.php
[ info ] [ ROUTE ] array (
  'type' => 'module',
  'module' => 
  array (
    0 => 'index',
    1 => 'user',
    2 => 'agentSearchAccByCid',
  ),
)
[ info ] [ HEADER ] array (
  'cookie' => 'uid=1; token=8d19c391-54ca-4aeb-817d-3b8e97c83451; Hm_lvt_f8d0a8c400404989e195270b0bbf060a=1571472261,1572068955,1572075140,1572685813; PHPSESSID=mjuvf8p9r7efbr7hef0jou46f1',
  'accept-language' => 'zh-CN,zh;q=0.9',
  'accept-encoding' => 'gzip, deflate, br',
  'referer' => 'http://localhost:777/index/user/dynamiclist.html',
  'user-agent' => 'Mozilla/5.0 (Windows NT 10.0; WOW64) AppleWebKit/537.36 (KHTML, like Gecko) Chrome/63.0.3239.132 Safari/537.36',
  'x-requested-with' => 'XMLHttpRequest',
  'accept' => 'application/json, text/javascript, */*; q=0.01',
  'connection' => 'close',
  'host' => 'localhost:777',
)
[ info ] [ PARAM ] array (
  'page' => '1',
  'serve_id' => '1',
)
[ info ] [ LANG ] C:\Users\user\Desktop\fastadmin\public/../application/index\lang\zh-cn.php
[ info ] [ BEHAVIOR ] Run app\common\behavior\Common @module_init [ RunTime:0.010880s ]
[ info ] [ TOKEN ] INIT Mysql
[ info ] [ DB ] INIT mysql
[ info ] [ LANG ] C:\Users\user\Desktop\fastadmin\public/../application/index/lang/zh-cn/user.php
[ info ] [ RUN ] app\index\controller\User->agentSearchAccByCid[ C:\Users\user\Desktop\fastadmin\application\index\controller\User.php ]
[ info ] [ LOG ] INIT File
[ sql ] [ DB ] CONNECT:[ UseTime:0.018435s ] mysql:host=39.105.175.43;port=3306;dbname=fastadmin;charset=utf8
[ sql ] [ SQL ] SHOW COLUMNS FROM `fa_user_token` [ RunTime:0.014049s ]
[ sql ] [ SQL ] SELECT * FROM `fa_user_token` WHERE  `token` = '8efc671d44366b1acafa56e2f2bb8d59a0969894' LIMIT 1 [ RunTime:0.013204s ]
[ sql ] [ SQL ] SHOW COLUMNS FROM `fa_user` [ RunTime:0.014258s ]
[ sql ] [ SQL ] SELECT * FROM `fa_user` WHERE  `id` = 1 LIMIT 1 [ RunTime:0.014261s ]
[ sql ] [ SQL ] SHOW COLUMNS FROM `fa_agent` [ RunTime:0.013568s ]
[ sql ] [ SQL ] SELECT `name`,`count` FROM `fa_agent` WHERE  `cusId` = 15300 [ RunTime:0.011919s ]
[ error ] [2]Invalid argument supplied for foreach()[C:\Users\user\Desktop\fastadmin\application\index\controller\User.php:1099]
---------------------------------------------------------------
[ 2019-11-04T00:17:07+08:00 ] 0.0.0.0 GET localhost:777/index/user/agentSearchAccByCid?page=1&serve_id=1
[运行时间：337.407484s] [吞吐率：0.00req/s] [内存消耗：4,082.88kb] [文件加载：134]
[ info ] [ BEHAVIOR ] Run Closure @app_init [ RunTime:0.001459s ]
[ info ] [ CACHE ] INIT File
[ info ] [ BEHAVIOR ] Run Closure @app_init [ RunTime:0.014386s ]
[ info ] [ LANG ] C:\Users\user\Desktop\fastadmin\thinkphp\lang\zh-cn.php
[ info ] [ ROUTE ] array (
  'type' => 'module',
  'module' => 
  array (
    0 => 'index',
    1 => 'user',
    2 => 'agentSearchAccByCid',
  ),
)
[ info ] [ HEADER ] array (
  'cookie' => 'uid=1; token=8d19c391-54ca-4aeb-817d-3b8e97c83451; Hm_lvt_f8d0a8c400404989e195270b0bbf060a=1571472261,1572068955,1572075140,1572685813; PHPSESSID=mjuvf8p9r7efbr7hef0jou46f1',
  'accept-language' => 'zh-CN,zh;q=0.9',
  'accept-encoding' => 'gzip, deflate, br',
  'accept' => 'text/html,application/xhtml+xml,application/xml;q=0.9,image/webp,image/apng,*/*;q=0.8',
  'upgrade-insecure-requests' => '1',
  'user-agent' => 'Mozilla/5.0 (Windows NT 10.0; WOW64) AppleWebKit/537.36 (KHTML, like Gecko) Chrome/63.0.3239.132 Safari/537.36',
  'connection' => 'close',
  'host' => 'localhost:777',
)
[ info ] [ PARAM ] array (
  'page' => '1',
  'serve_id' => '1',
)
[ info ] [ LANG ] C:\Users\user\Desktop\fastadmin\public/../application/index\lang\zh-cn.php
[ info ] [ BEHAVIOR ] Run app\common\behavior\Common @module_init [ RunTime:0.010830s ]
[ info ] [ TOKEN ] INIT Mysql
[ info ] [ DB ] INIT mysql
[ info ] [ LANG ] C:\Users\user\Desktop\fastadmin\public/../application/index/lang/zh-cn/user.php
[ info ] [ RUN ] app\index\controller\User->agentSearchAccByCid[ C:\Users\user\Desktop\fastadmin\application\index\controller\User.php ]
[ info ] [ LOG ] INIT File
[ sql ] [ DB ] CONNECT:[ UseTime:0.012666s ] mysql:host=39.105.175.43;port=3306;dbname=fastadmin;charset=utf8
[ sql ] [ SQL ] SHOW COLUMNS FROM `fa_user_token` [ RunTime:0.008129s ]
[ sql ] [ SQL ] SELECT * FROM `fa_user_token` WHERE  `token` = '8efc671d44366b1acafa56e2f2bb8d59a0969894' LIMIT 1 [ RunTime:0.007633s ]
[ sql ] [ SQL ] SHOW COLUMNS FROM `fa_user` [ RunTime:0.008382s ]
[ sql ] [ SQL ] SELECT * FROM `fa_user` WHERE  `id` = 1 LIMIT 1 [ RunTime:0.009480s ]
[ sql ] [ SQL ] SHOW COLUMNS FROM `fa_agent` [ RunTime:0.011699s ]
[ sql ] [ SQL ] SELECT `name`,`count` FROM `fa_agent` WHERE  `cusId` = 15300 [ RunTime:0.014213s ]
[ error ] [1]Uncaught think\exception\ErrorException: Invalid argument supplied for foreach() in C:\Users\user\Desktop\fastadmin\application\index\controller\User.php:1099
Stack trace:
#0 C:\Users\user\Desktop\fastadmin\application\index\controller\User.php(1099): think\Error::appError(2, 'Invalid argumen...', 'C:\\Users\\user\\D...', 1099, Array)
#1 [internal function]: app\index\controller\User->agentSearchAccByCid()
#2 C:\Users\user\Desktop\fastadmin\thinkphp\library\think\App.php(343): ReflectionMethod->invokeArgs(Object(app\index\controller\User), Array)
#3 C:\Users\user\Desktop\fastadmin\thinkphp\library\think\App.php(611): think\App::invokeMethod(Array, Array)
#4 C:\Users\user\Desktop\fastadmin\thinkphp\library\think\App.php(456): think\App::module(Array, Array, true)
#5 C:\Users\user\Desktop\fastadmin\thinkphp\library\think\App.php(139): think\App::exec(Array, Array)
#6 C:\Users\user\Desktop\fastadmin\thinkphp\start.php(19): think\App::run()
#7 C:\Users\user\Desktop\fastadmin\public\index.php(24): require('C:\\Use[C:\Users\user\Desktop\fastadmin\application\index\controller\User.php:1099]
---------------------------------------------------------------
[ 2019-11-04T00:18:18+08:00 ] 0.0.0.0 GET localhost:777/index/user/agentSearchAccByCid?page=1&serve_id=1
[运行时间：1.582378s] [吞吐率：0.63req/s] [内存消耗：3,995.66kb] [文件加载：130]
[ info ] [ BEHAVIOR ] Run Closure @app_init [ RunTime:0.000621s ]
[ info ] [ CACHE ] INIT File
[ info ] [ BEHAVIOR ] Run Closure @app_init [ RunTime:0.011656s ]
[ info ] [ LANG ] C:\Users\user\Desktop\fastadmin\thinkphp\lang\zh-cn.php
[ info ] [ ROUTE ] array (
  'type' => 'module',
  'module' => 
  array (
    0 => 'index',
    1 => 'user',
    2 => 'agentSearchAccByCid',
  ),
)
[ info ] [ HEADER ] array (
  'cookie' => 'uid=1; token=8d19c391-54ca-4aeb-817d-3b8e97c83451; Hm_lvt_f8d0a8c400404989e195270b0bbf060a=1571472261,1572068955,1572075140,1572685813; PHPSESSID=mjuvf8p9r7efbr7hef0jou46f1',
  'accept-language' => 'zh-CN,zh;q=0.9',
  'accept-encoding' => 'gzip, deflate, br',
  'accept' => 'text/html,application/xhtml+xml,application/xml;q=0.9,image/webp,image/apng,*/*;q=0.8',
  'upgrade-insecure-requests' => '1',
  'user-agent' => 'Mozilla/5.0 (Windows NT 10.0; WOW64) AppleWebKit/537.36 (KHTML, like Gecko) Chrome/63.0.3239.132 Safari/537.36',
  'cache-control' => 'max-age=0',
  'connection' => 'close',
  'host' => 'localhost:777',
)
[ info ] [ PARAM ] array (
  'page' => '1',
  'serve_id' => '1',
)
[ info ] [ LANG ] C:\Users\user\Desktop\fastadmin\public/../application/index\lang\zh-cn.php
[ info ] [ BEHAVIOR ] Run app\common\behavior\Common @module_init [ RunTime:0.007220s ]
[ info ] [ TOKEN ] INIT Mysql
[ info ] [ DB ] INIT mysql
[ info ] [ LANG ] C:\Users\user\Desktop\fastadmin\public/../application/index/lang/zh-cn/user.php
[ info ] [ RUN ] app\index\controller\User->agentSearchAccByCid[ C:\Users\user\Desktop\fastadmin\application\index\controller\User.php ]
[ info ] [ LOG ] INIT File
[ sql ] [ DB ] CONNECT:[ UseTime:0.020381s ] mysql:host=39.105.175.43;port=3306;dbname=fastadmin;charset=utf8
[ sql ] [ SQL ] SHOW COLUMNS FROM `fa_user_token` [ RunTime:0.014949s ]
[ sql ] [ SQL ] SELECT * FROM `fa_user_token` WHERE  `token` = '8efc671d44366b1acafa56e2f2bb8d59a0969894' LIMIT 1 [ RunTime:0.015203s ]
[ sql ] [ SQL ] SHOW COLUMNS FROM `fa_user` [ RunTime:0.013925s ]
[ sql ] [ SQL ] SELECT * FROM `fa_user` WHERE  `id` = 1 LIMIT 1 [ RunTime:0.015693s ]
