---------------------------------------------------------------
[ 2019-12-23T00:40:34+08:00 ] 117.48.201.107 GET 569528.com/blog/wp-login.php
[运行时间：0.014130s] [吞吐率：70.77req/s] [内存消耗：1,864.11kb] [文件加载：106]
[ info ] [ BEHAVIOR ] Run Closure @app_init [ RunTime:0.000014s ]
[ info ] [ CACHE ] INIT File
[ info ] [ BEHAVIOR ] Run Closure @app_init [ RunTime:0.000641s ]
[ info ] [ LANG ] /www/wwwroot/v.zzz80.cn/fasetadmin/thinkphp/lang/zh-cn.php
[ info ] [ ROUTE ] array (
  'type' => 'module',
  'module' => 
  array (
    0 => 'blog',
    1 => 'wp-login.php',
    2 => NULL,
  ),
)
[ info ] [ HEADER ] array (
  'connection' => 'close',
  'accept-encoding' => 'gzip',
  'user-agent' => 'Mozilla/5.0 (X11; Ubuntu; Linux x86_64; rv:62.0) Gecko/20100101 Firefox/62.0',
  'host' => '569528.com',
)
[ info ] [ PARAM ] array (
)
[ info ] [ LOG ] INIT File
---------------------------------------------------------------
[ 2019-12-23T01:13:24+08:00 ] 106.11.156.133 GET www.569528.com/qccg/304106_5813_245_1.html
[运行时间：0.013683s] [吞吐率：73.08req/s] [内存消耗：1,867.55kb] [文件加载：106]
[ info ] [ BEHAVIOR ] Run Closure @app_init [ RunTime:0.000015s ]
[ info ] [ CACHE ] INIT File
[ info ] [ BEHAVIOR ] Run Closure @app_init [ RunTime:0.000646s ]
[ info ] [ LANG ] /www/wwwroot/v.zzz80.cn/fasetadmin/thinkphp/lang/zh-cn.php
[ info ] [ ROUTE ] array (
  'type' => 'module',
  'module' => 
  array (
    0 => 'qccg',
    1 => '304106_5813_245_1',
    2 => NULL,
  ),
)
[ info ] [ HEADER ] array (
  'user-agent' => 'YisouSpider',
  'connection' => 'Keep-Alive',
  'thumbwidth' => '512',
  'accept-encoding' => 'gzip',
  'accept-language' => 'zh-cn,en-us,zh-tw,en-gb,en;',
  'totaltimeout' => '12000',
  'thumbquality' => '60',
  'thumbhight' => '512',
  'accept' => '*/*',
  'screenwidth' => '1200',
  'host' => 'www.569528.com',
)
[ info ] [ PARAM ] array (
)
[ info ] [ LOG ] INIT File
---------------------------------------------------------------
[ 2019-12-23T01:13:25+08:00 ] 106.11.154.50 GET www.569528.com/qccg/304106_5813_245_1.html
[运行时间：0.013566s] [吞吐率：73.71req/s] [内存消耗：1,866.70kb] [文件加载：106]
[ info ] [ BEHAVIOR ] Run Closure @app_init [ RunTime:0.000014s ]
[ info ] [ CACHE ] INIT File
[ info ] [ BEHAVIOR ] Run Closure @app_init [ RunTime:0.000653s ]
[ info ] [ LANG ] /www/wwwroot/v.zzz80.cn/fasetadmin/thinkphp/lang/zh-cn.php
[ info ] [ ROUTE ] array (
  'type' => 'module',
  'module' => 
  array (
    0 => 'qccg',
    1 => '304106_5813_245_1',
    2 => NULL,
  ),
)
[ info ] [ HEADER ] array (
  'connection' => 'close',
  'user-agent' => 'Mozilla/5.0 (Windows NT 6.1; Win64; x64) AppleWebKit/537.36 (KHTML, like Gecko) Chrome/69.0.3497.81 YisouSpider/5.0 Safari/537.36',
  'upgrade-insecure-requests' => '1',
  'host' => 'www.569528.com',
  'accept-encoding' => 'gzip, deflate',
  'accept' => 'text/html,application/xhtml+xml,application/xml;q=0.9,image/webp,image/apng,*/*;q=0.8',
)
[ info ] [ PARAM ] array (
)
[ info ] [ LOG ] INIT File
---------------------------------------------------------------
[ 2019-12-23T01:33:17+08:00 ] 42.156.138.37 GET www.569528.com/bdm/374724_10242_180_5.html
[运行时间：0.014300s] [吞吐率：69.93req/s] [内存消耗：1,866.70kb] [文件加载：106]
[ info ] [ BEHAVIOR ] Run Closure @app_init [ RunTime:0.000020s ]
[ info ] [ CACHE ] INIT File
[ info ] [ BEHAVIOR ] Run Closure @app_init [ RunTime:0.000636s ]
[ info ] [ LANG ] /www/wwwroot/v.zzz80.cn/fasetadmin/thinkphp/lang/zh-cn.php
[ info ] [ ROUTE ] array (
  'type' => 'module',
  'module' => 
  array (
    0 => 'bdm',
    1 => '374724_10242_180_5',
    2 => NULL,
  ),
)
[ info ] [ HEADER ] array (
  'connection' => 'close',
  'user-agent' => 'Mozilla/5.0 (Windows NT 6.1; Win64; x64) AppleWebKit/537.36 (KHTML, like Gecko) Chrome/69.0.3497.81 YisouSpider/5.0 Safari/537.36',
  'upgrade-insecure-requests' => '1',
  'host' => 'www.569528.com',
  'accept-encoding' => 'gzip, deflate',
  'accept' => 'text/html,application/xhtml+xml,application/xml;q=0.9,image/webp,image/apng,*/*;q=0.8',
)
[ info ] [ PARAM ] array (
)
[ info ] [ LOG ] INIT File
---------------------------------------------------------------
[ 2019-12-23T02:07:18+08:00 ] 178.34.188.52 GET 569528.com/wp/wp-login.php
[运行时间：0.014410s] [吞吐率：69.40req/s] [内存消耗：1,864.07kb] [文件加载：106]
[ info ] [ BEHAVIOR ] Run Closure @app_init [ RunTime:0.000014s ]
[ info ] [ CACHE ] INIT File
[ info ] [ BEHAVIOR ] Run Closure @app_init [ RunTime:0.000662s ]
[ info ] [ LANG ] /www/wwwroot/v.zzz80.cn/fasetadmin/thinkphp/lang/zh-cn.php
[ info ] [ ROUTE ] array (
  'type' => 'module',
  'module' => 
  array (
    0 => 'wp',
    1 => 'wp-login.php',
    2 => NULL,
  ),
)
[ info ] [ HEADER ] array (
  'connection' => 'close',
  'accept-encoding' => 'gzip',
  'user-agent' => 'Mozilla/5.0 (X11; Ubuntu; Linux x86_64; rv:62.0) Gecko/20100101 Firefox/62.0',
  'host' => '569528.com',
)
[ info ] [ PARAM ] array (
)
[ info ] [ LOG ] INIT File
---------------------------------------------------------------
[ 2019-12-23T03:03:23+08:00 ] 42.156.136.123 GET www.569528.com/wsgfj/328316_6905_625_7.html
[运行时间：0.013683s] [吞吐率：73.08req/s] [内存消耗：1,866.70kb] [文件加载：106]
[ info ] [ BEHAVIOR ] Run Closure @app_init [ RunTime:0.000015s ]
[ info ] [ CACHE ] INIT File
[ info ] [ BEHAVIOR ] Run Closure @app_init [ RunTime:0.000650s ]
[ info ] [ LANG ] /www/wwwroot/v.zzz80.cn/fasetadmin/thinkphp/lang/zh-cn.php
[ info ] [ ROUTE ] array (
  'type' => 'module',
  'module' => 
  array (
    0 => 'wsgfj',
    1 => '328316_6905_625_7',
    2 => NULL,
  ),
)
[ info ] [ HEADER ] array (
  'connection' => 'close',
  'user-agent' => 'Mozilla/5.0 (Windows NT 6.1; Win64; x64) AppleWebKit/537.36 (KHTML, like Gecko) Chrome/69.0.3497.81 YisouSpider/5.0 Safari/537.36',
  'upgrade-insecure-requests' => '1',
  'host' => 'www.569528.com',
  'accept-encoding' => 'gzip, deflate',
  'accept' => 'text/html,application/xhtml+xml,application/xml;q=0.9,image/webp,image/apng,*/*;q=0.8',
)
[ info ] [ PARAM ] array (
)
[ info ] [ LOG ] INIT File
---------------------------------------------------------------
[ 2019-12-23T03:30:40+08:00 ] 139.99.148.4 GET 569528.com/wordpress/wp-login.php
[运行时间：0.014278s] [吞吐率：70.04req/s] [内存消耗：1,864.13kb] [文件加载：106]
[ info ] [ BEHAVIOR ] Run Closure @app_init [ RunTime:0.000015s ]
[ info ] [ CACHE ] INIT File
[ info ] [ BEHAVIOR ] Run Closure @app_init [ RunTime:0.000644s ]
[ info ] [ LANG ] /www/wwwroot/v.zzz80.cn/fasetadmin/thinkphp/lang/zh-cn.php
[ info ] [ ROUTE ] array (
  'type' => 'module',
  'module' => 
  array (
    0 => 'wordpress',
    1 => 'wp-login.php',
    2 => NULL,
  ),
)
[ info ] [ HEADER ] array (
  'connection' => 'close',
  'accept-encoding' => 'gzip',
  'user-agent' => 'Mozilla/5.0 (X11; Ubuntu; Linux x86_64; rv:62.0) Gecko/20100101 Firefox/62.0',
  'host' => '569528.com',
)
[ info ] [ PARAM ] array (
)
[ info ] [ LOG ] INIT File
---------------------------------------------------------------
[ 2019-12-23T03:41:15+08:00 ] 207.46.13.205 GET 569528.com/xpw/index22.html
[运行时间：0.013695s] [吞吐率：73.02req/s] [内存消耗：1,866.54kb] [文件加载：106]
[ info ] [ BEHAVIOR ] Run Closure @app_init [ RunTime:0.000014s ]
[ info ] [ CACHE ] INIT File
[ info ] [ BEHAVIOR ] Run Closure @app_init [ RunTime:0.000649s ]
[ info ] [ LANG ] /www/wwwroot/v.zzz80.cn/fasetadmin/thinkphp/lang/zh-cn.php
[ info ] [ ROUTE ] array (
  'type' => 'module',
  'module' => 
  array (
    0 => 'xpw',
    1 => 'index22',
    2 => NULL,
  ),
)
[ info ] [ HEADER ] array (
  'user-agent' => 'Mozilla/5.0 (compatible; bingbot/2.0; +http://www.bing.com/bingbot.htm)',
  'host' => '569528.com',
  'from' => 'bingbot(at)microsoft.com',
  'accept-encoding' => 'gzip, deflate',
  'accept' => '*/*',
  'pragma' => 'no-cache',
  'connection' => 'Keep-Alive',
  'cache-control' => 'no-cache',
)
[ info ] [ PARAM ] array (
)
[ info ] [ LOG ] INIT File
---------------------------------------------------------------
[ 2019-12-23T03:45:09+08:00 ] 163.177.13.2 HEAD 569528.com/
[运行时间：0.023224s] [吞吐率：43.06req/s] [内存消耗：3,392.16kb] [文件加载：128]
[ info ] [ BEHAVIOR ] Run Closure @app_init [ RunTime:0.000014s ]
[ info ] [ CACHE ] INIT File
[ info ] [ BEHAVIOR ] Run Closure @app_init [ RunTime:0.000644s ]
[ info ] [ LANG ] /www/wwwroot/v.zzz80.cn/fasetadmin/thinkphp/lang/zh-cn.php
[ info ] [ ROUTE ] array (
  'type' => 'module',
  'module' => 
  array (
    0 => '',
    1 => NULL,
    2 => NULL,
  ),
)
[ info ] [ HEADER ] array (
  'host' => '569528.com',
  'accept' => '*/*',
  'user-agent' => 'libcurl-agent/7.19.0',
)
[ info ] [ PARAM ] array (
)
[ info ] [ LANG ] /www/wwwroot/v.zzz80.cn/fasetadmin/public/../application/index/lang/zh-cn.php
[ info ] [ BEHAVIOR ] Run app\common\behavior\Common @module_init [ RunTime:0.000959s ]
[ info ] [ TOKEN ] INIT Mysql
[ info ] [ DB ] INIT mysql
[ info ] [ VIEW ] /www/wwwroot/v.zzz80.cn/fasetadmin/public/../application/common/view/tpl/dispatch_jump.tpl [ array (
  0 => 'code',
  1 => 'msg',
  2 => 'data',
  3 => 'url',
  4 => 'wait',
) ]
[ info ] [ LOG ] INIT File
[ sql ] [ DB ] CONNECT:[ UseTime:0.000201s ] mysql:host=localhost;port=3306;dbname=fastadmin;charset=utf8
[ sql ] [ SQL ] SHOW COLUMNS FROM `fa_user_token` [ RunTime:0.000440s ]
[ sql ] [ SQL ] SELECT * FROM `fa_user_token` WHERE  `token` = 'd8aa945b8448d8a41ab99c04b04f9e522294b47c' LIMIT 1 [ RunTime:0.000190s ]
---------------------------------------------------------------
[ 2019-12-23T03:49:40+08:00 ] 42.156.138.44 GET www.569528.com/cmz/364860_9244_653_6.html
[运行时间：0.013676s] [吞吐率：73.12req/s] [内存消耗：1,866.70kb] [文件加载：106]
[ info ] [ BEHAVIOR ] Run Closure @app_init [ RunTime:0.000015s ]
[ info ] [ CACHE ] INIT File
[ info ] [ BEHAVIOR ] Run Closure @app_init [ RunTime:0.000665s ]
[ info ] [ LANG ] /www/wwwroot/v.zzz80.cn/fasetadmin/thinkphp/lang/zh-cn.php
[ info ] [ ROUTE ] array (
  'type' => 'module',
  'module' => 
  array (
    0 => 'cmz',
    1 => '364860_9244_653_6',
    2 => NULL,
  ),
)
[ info ] [ HEADER ] array (
  'connection' => 'close',
  'user-agent' => 'Mozilla/5.0 (Windows NT 6.1; Win64; x64) AppleWebKit/537.36 (KHTML, like Gecko) Chrome/69.0.3497.81 YisouSpider/5.0 Safari/537.36',
  'upgrade-insecure-requests' => '1',
  'host' => 'www.569528.com',
  'accept-encoding' => 'gzip, deflate',
  'accept' => 'text/html,application/xhtml+xml,application/xml;q=0.9,image/webp,image/apng,*/*;q=0.8',
)
[ info ] [ PARAM ] array (
)
[ info ] [ LOG ] INIT File
---------------------------------------------------------------
[ 2019-12-23T03:50:21+08:00 ] 163.177.13.2 HEAD 569528.com/
[运行时间：0.023365s] [吞吐率：42.80req/s] [内存消耗：3,392.16kb] [文件加载：128]
[ info ] [ BEHAVIOR ] Run Closure @app_init [ RunTime:0.000016s ]
[ info ] [ CACHE ] INIT File
[ info ] [ BEHAVIOR ] Run Closure @app_init [ RunTime:0.000630s ]
[ info ] [ LANG ] /www/wwwroot/v.zzz80.cn/fasetadmin/thinkphp/lang/zh-cn.php
[ info ] [ ROUTE ] array (
  'type' => 'module',
  'module' => 
  array (
    0 => '',
    1 => NULL,
    2 => NULL,
  ),
)
[ info ] [ HEADER ] array (
  'host' => '569528.com',
  'accept' => '*/*',
  'user-agent' => 'libcurl-agent/7.19.0',
)
[ info ] [ PARAM ] array (
)
[ info ] [ LANG ] /www/wwwroot/v.zzz80.cn/fasetadmin/public/../application/index/lang/zh-cn.php
[ info ] [ BEHAVIOR ] Run app\common\behavior\Common @module_init [ RunTime:0.000942s ]
[ info ] [ TOKEN ] INIT Mysql
[ info ] [ DB ] INIT mysql
[ info ] [ VIEW ] /www/wwwroot/v.zzz80.cn/fasetadmin/public/../application/common/view/tpl/dispatch_jump.tpl [ array (
  0 => 'code',
  1 => 'msg',
  2 => 'data',
  3 => 'url',
  4 => 'wait',
) ]
[ info ] [ LOG ] INIT File
[ sql ] [ DB ] CONNECT:[ UseTime:0.000219s ] mysql:host=localhost;port=3306;dbname=fastadmin;charset=utf8
[ sql ] [ SQL ] SHOW COLUMNS FROM `fa_user_token` [ RunTime:0.000410s ]
[ sql ] [ SQL ] SELECT * FROM `fa_user_token` WHERE  `token` = 'd8aa945b8448d8a41ab99c04b04f9e522294b47c' LIMIT 1 [ RunTime:0.000188s ]
---------------------------------------------------------------
[ 2019-12-23T03:51:45+08:00 ] 101.132.177.30 GET www.569528.com/
[运行时间：0.024163s] [吞吐率：41.39req/s] [内存消耗：3,392.91kb] [文件加载：128]
[ info ] [ BEHAVIOR ] Run Closure @app_init [ RunTime:0.000014s ]
[ info ] [ CACHE ] INIT File
[ info ] [ BEHAVIOR ] Run Closure @app_init [ RunTime:0.000657s ]
[ info ] [ LANG ] /www/wwwroot/v.zzz80.cn/fasetadmin/thinkphp/lang/zh-cn.php
[ info ] [ ROUTE ] array (
  'type' => 'module',
  'module' => 
  array (
    0 => '',
    1 => NULL,
    2 => NULL,
  ),
)
[ info ] [ HEADER ] array (
  'accept-encoding' => 'gzip',
  'connection' => 'Keep-Alive',
  'host' => 'www.569528.com',
  'user-agent' => 'Mozilla/5.0 (Linux; Android 4.1.1; Nexus 7 Build/JRO03D)',
)
[ info ] [ PARAM ] array (
)
[ info ] [ LANG ] /www/wwwroot/v.zzz80.cn/fasetadmin/public/../application/index/lang/zh-cn.php
[ info ] [ BEHAVIOR ] Run app\common\behavior\Common @module_init [ RunTime:0.000946s ]
[ info ] [ TOKEN ] INIT Mysql
[ info ] [ DB ] INIT mysql
[ info ] [ VIEW ] /www/wwwroot/v.zzz80.cn/fasetadmin/public/../application/common/view/tpl/dispatch_jump.tpl [ array (
  0 => 'code',
  1 => 'msg',
  2 => 'data',
  3 => 'url',
  4 => 'wait',
) ]
[ info ] [ LOG ] INIT File
[ sql ] [ DB ] CONNECT:[ UseTime:0.000205s ] mysql:host=localhost;port=3306;dbname=fastadmin;charset=utf8
[ sql ] [ SQL ] SHOW COLUMNS FROM `fa_user_token` [ RunTime:0.000424s ]
[ sql ] [ SQL ] SELECT * FROM `fa_user_token` WHERE  `token` = 'd8aa945b8448d8a41ab99c04b04f9e522294b47c' LIMIT 1 [ RunTime:0.000183s ]
---------------------------------------------------------------
[ 2019-12-23T03:52:25+08:00 ] 121.237.57.51 GET www.569528.com/skin/js/common_tpl.js
[运行时间：0.013611s] [吞吐率：73.47req/s] [内存消耗：1,864.22kb] [文件加载：106]
[ info ] [ BEHAVIOR ] Run Closure @app_init [ RunTime:0.000014s ]
[ info ] [ CACHE ] INIT File
[ info ] [ BEHAVIOR ] Run Closure @app_init [ RunTime:0.000656s ]
[ info ] [ LANG ] /www/wwwroot/v.zzz80.cn/fasetadmin/thinkphp/lang/zh-cn.php
[ info ] [ ROUTE ] array (
  'type' => 'module',
  'module' => 
  array (
    0 => 'skin',
    1 => 'js',
    2 => 'common_tpl.js',
  ),
)
[ info ] [ HEADER ] array (
  'accept-encoding' => 'gzip',
  'user-agent' => 'Mozilla/5.0 (iPhone; CPU iPhone OS 11_0 like Mac OS X) AppleWebKit/604.1.38 (KHTML, like Gecko) Version/11.0 Mobile/15A372 Safari/604.1',
  'host' => 'www.569528.com',
)
[ info ] [ PARAM ] array (
)
[ info ] [ LOG ] INIT File
---------------------------------------------------------------
[ 2019-12-23T03:52:39+08:00 ] 47.97.215.92 GET 569528.com/
[运行时间：0.023609s] [吞吐率：42.36req/s] [内存消耗：3,392.84kb] [文件加载：128]
[ info ] [ BEHAVIOR ] Run Closure @app_init [ RunTime:0.000014s ]
[ info ] [ CACHE ] INIT File
[ info ] [ BEHAVIOR ] Run Closure @app_init [ RunTime:0.000637s ]
[ info ] [ LANG ] /www/wwwroot/v.zzz80.cn/fasetadmin/thinkphp/lang/zh-cn.php
[ info ] [ ROUTE ] array (
  'type' => 'module',
  'module' => 
  array (
    0 => '',
    1 => NULL,
    2 => NULL,
  ),
)
[ info ] [ HEADER ] array (
  'accept-encoding' => 'gzip',
  'connection' => 'Keep-Alive',
  'host' => '569528.com',
  'user-agent' => 'Mozilla/5.0 (Linux; Android 4.1.1; Nexus 7 Build/JRO03D)',
)
[ info ] [ PARAM ] array (
)
[ info ] [ LANG ] /www/wwwroot/v.zzz80.cn/fasetadmin/public/../application/index/lang/zh-cn.php
[ info ] [ BEHAVIOR ] Run app\common\behavior\Common @module_init [ RunTime:0.000924s ]
[ info ] [ TOKEN ] INIT Mysql
[ info ] [ DB ] INIT mysql
[ info ] [ VIEW ] /www/wwwroot/v.zzz80.cn/fasetadmin/public/../application/common/view/tpl/dispatch_jump.tpl [ array (
  0 => 'code',
  1 => 'msg',
  2 => 'data',
  3 => 'url',
  4 => 'wait',
) ]
[ info ] [ LOG ] INIT File
[ sql ] [ DB ] CONNECT:[ UseTime:0.000202s ] mysql:host=localhost;port=3306;dbname=fastadmin;charset=utf8
[ sql ] [ SQL ] SHOW COLUMNS FROM `fa_user_token` [ RunTime:0.000409s ]
[ sql ] [ SQL ] SELECT * FROM `fa_user_token` WHERE  `token` = 'd8aa945b8448d8a41ab99c04b04f9e522294b47c' LIMIT 1 [ RunTime:0.000183s ]
---------------------------------------------------------------
[ 2019-12-23T03:57:22+08:00 ] 175.162.175.53 GET www.569528.com/
[运行时间：0.023631s] [吞吐率：42.32req/s] [内存消耗：3,393.43kb] [文件加载：128]
[ info ] [ BEHAVIOR ] Run Closure @app_init [ RunTime:0.000014s ]
[ info ] [ CACHE ] INIT File
[ info ] [ BEHAVIOR ] Run Closure @app_init [ RunTime:0.000651s ]
[ info ] [ LANG ] /www/wwwroot/v.zzz80.cn/fasetadmin/thinkphp/lang/zh-cn.php
[ info ] [ ROUTE ] array (
  'type' => 'module',
  'module' => 
  array (
    0 => '',
    1 => NULL,
    2 => NULL,
  ),
)
[ info ] [ HEADER ] array (
  'connection' => 'Close',
  'host' => 'www.569528.com',
  'user-agent' => 'Mozilla/5.0 (Windows NT 6.1; WOW64) AppleWebKit/537.36 (KHTML, like Gecko) Chrome/50.0.2661.102 Safari/537.36',
  'accept' => 'text/html,application/xhtml+xml,application/xml;q=0.9,image/webp,*/*;q=0.8',
)
[ info ] [ PARAM ] array (
)
[ info ] [ LANG ] /www/wwwroot/v.zzz80.cn/fasetadmin/public/../application/index/lang/zh-cn.php
[ info ] [ BEHAVIOR ] Run app\common\behavior\Common @module_init [ RunTime:0.001011s ]
[ info ] [ TOKEN ] INIT Mysql
[ info ] [ DB ] INIT mysql
[ info ] [ VIEW ] /www/wwwroot/v.zzz80.cn/fasetadmin/public/../application/common/view/tpl/dispatch_jump.tpl [ array (
  0 => 'code',
  1 => 'msg',
  2 => 'data',
  3 => 'url',
  4 => 'wait',
) ]
[ info ] [ LOG ] INIT File
[ sql ] [ DB ] CONNECT:[ UseTime:0.000270s ] mysql:host=localhost;port=3306;dbname=fastadmin;charset=utf8
[ sql ] [ SQL ] SHOW COLUMNS FROM `fa_user_token` [ RunTime:0.000427s ]
[ sql ] [ SQL ] SELECT * FROM `fa_user_token` WHERE  `token` = 'd8aa945b8448d8a41ab99c04b04f9e522294b47c' LIMIT 1 [ RunTime:0.000210s ]
---------------------------------------------------------------
[ 2019-12-23T04:00:16+08:00 ] 47.92.120.136 GET www.569528.com/
[运行时间：0.023239s] [吞吐率：43.03req/s] [内存消耗：3,392.84kb] [文件加载：128]
[ info ] [ BEHAVIOR ] Run Closure @app_init [ RunTime:0.000014s ]
[ info ] [ CACHE ] INIT File
[ info ] [ BEHAVIOR ] Run Closure @app_init [ RunTime:0.000654s ]
[ info ] [ LANG ] /www/wwwroot/v.zzz80.cn/fasetadmin/thinkphp/lang/zh-cn.php
[ info ] [ ROUTE ] array (
  'type' => 'module',
  'module' => 
  array (
    0 => '',
    1 => NULL,
    2 => NULL,
  ),
)
[ info ] [ HEADER ] array (
  'accept-encoding' => 'gzip',
  'connection' => 'Keep-Alive',
  'host' => 'www.569528.com',
  'user-agent' => 'Mozilla/5.0 (iPhone; CPU iPhone OS 8_0_2 like Mac OS X)',
)
[ info ] [ PARAM ] array (
)
[ info ] [ LANG ] /www/wwwroot/v.zzz80.cn/fasetadmin/public/../application/index/lang/zh-cn.php
[ info ] [ BEHAVIOR ] Run app\common\behavior\Common @module_init [ RunTime:0.000952s ]
[ info ] [ TOKEN ] INIT Mysql
[ info ] [ DB ] INIT mysql
[ info ] [ VIEW ] /www/wwwroot/v.zzz80.cn/fasetadmin/public/../application/common/view/tpl/dispatch_jump.tpl [ array (
  0 => 'code',
  1 => 'msg',
  2 => 'data',
  3 => 'url',
  4 => 'wait',
) ]
[ info ] [ LOG ] INIT File
[ sql ] [ DB ] CONNECT:[ UseTime:0.000195s ] mysql:host=localhost;port=3306;dbname=fastadmin;charset=utf8
[ sql ] [ SQL ] SHOW COLUMNS FROM `fa_user_token` [ RunTime:0.000398s ]
[ sql ] [ SQL ] SELECT * FROM `fa_user_token` WHERE  `token` = 'd8aa945b8448d8a41ab99c04b04f9e522294b47c' LIMIT 1 [ RunTime:0.000192s ]
---------------------------------------------------------------
[ 2019-12-23T04:03:01+08:00 ] 47.92.75.171 GET 569528.com/
[运行时间：0.023323s] [吞吐率：42.88req/s] [内存消耗：3,392.81kb] [文件加载：128]
[ info ] [ BEHAVIOR ] Run Closure @app_init [ RunTime:0.000015s ]
[ info ] [ CACHE ] INIT File
[ info ] [ BEHAVIOR ] Run Closure @app_init [ RunTime:0.000638s ]
[ info ] [ LANG ] /www/wwwroot/v.zzz80.cn/fasetadmin/thinkphp/lang/zh-cn.php
[ info ] [ ROUTE ] array (
  'type' => 'module',
  'module' => 
  array (
    0 => '',
    1 => NULL,
    2 => NULL,
  ),
)
[ info ] [ HEADER ] array (
  'accept-encoding' => 'gzip',
  'connection' => 'Keep-Alive',
  'host' => '569528.com',
  'user-agent' => 'Mozilla/5.0 (iPhone; CPU iPhone OS 8_0_2 like Mac OS X)',
)
[ info ] [ PARAM ] array (
)
[ info ] [ LANG ] /www/wwwroot/v.zzz80.cn/fasetadmin/public/../application/index/lang/zh-cn.php
[ info ] [ BEHAVIOR ] Run app\common\behavior\Common @module_init [ RunTime:0.000949s ]
[ info ] [ TOKEN ] INIT Mysql
[ info ] [ DB ] INIT mysql
[ info ] [ VIEW ] /www/wwwroot/v.zzz80.cn/fasetadmin/public/../application/common/view/tpl/dispatch_jump.tpl [ array (
  0 => 'code',
  1 => 'msg',
  2 => 'data',
  3 => 'url',
  4 => 'wait',
) ]
[ info ] [ LOG ] INIT File
[ sql ] [ DB ] CONNECT:[ UseTime:0.000208s ] mysql:host=localhost;port=3306;dbname=fastadmin;charset=utf8
[ sql ] [ SQL ] SHOW COLUMNS FROM `fa_user_token` [ RunTime:0.000417s ]
[ sql ] [ SQL ] SELECT * FROM `fa_user_token` WHERE  `token` = 'd8aa945b8448d8a41ab99c04b04f9e522294b47c' LIMIT 1 [ RunTime:0.000182s ]
---------------------------------------------------------------
[ 2019-12-23T04:15:29+08:00 ] 40.77.167.93 GET www.569528.com/
[运行时间：0.023622s] [吞吐率：42.33req/s] [内存消耗：3,395.24kb] [文件加载：128]
[ info ] [ BEHAVIOR ] Run Closure @app_init [ RunTime:0.000014s ]
[ info ] [ CACHE ] INIT File
[ info ] [ BEHAVIOR ] Run Closure @app_init [ RunTime:0.000651s ]
[ info ] [ LANG ] /www/wwwroot/v.zzz80.cn/fasetadmin/thinkphp/lang/zh-cn.php
[ info ] [ ROUTE ] array (
  'type' => 'module',
  'module' => 
  array (
    0 => '',
    1 => NULL,
    2 => NULL,
  ),
)
[ info ] [ HEADER ] array (
  'user-agent' => 'Mozilla/5.0 (compatible; bingbot/2.0; +http://www.bing.com/bingbot.htm)',
  'host' => 'www.569528.com',
  'from' => 'bingbot(at)microsoft.com',
  'accept-encoding' => 'gzip, deflate',
  'accept' => '*/*',
  'pragma' => 'no-cache',
  'connection' => 'Keep-Alive',
  'cache-control' => 'no-cache',
)
[ info ] [ PARAM ] array (
)
[ info ] [ LANG ] /www/wwwroot/v.zzz80.cn/fasetadmin/public/../application/index/lang/zh-cn.php
[ info ] [ BEHAVIOR ] Run app\common\behavior\Common @module_init [ RunTime:0.000931s ]
[ info ] [ TOKEN ] INIT Mysql
[ info ] [ DB ] INIT mysql
[ info ] [ VIEW ] /www/wwwroot/v.zzz80.cn/fasetadmin/public/../application/common/view/tpl/dispatch_jump.tpl [ array (
  0 => 'code',
  1 => 'msg',
  2 => 'data',
  3 => 'url',
  4 => 'wait',
) ]
[ info ] [ LOG ] INIT File
[ sql ] [ DB ] CONNECT:[ UseTime:0.000197s ] mysql:host=localhost;port=3306;dbname=fastadmin;charset=utf8
[ sql ] [ SQL ] SHOW COLUMNS FROM `fa_user_token` [ RunTime:0.000415s ]
[ sql ] [ SQL ] SELECT * FROM `fa_user_token` WHERE  `token` = 'd8aa945b8448d8a41ab99c04b04f9e522294b47c' LIMIT 1 [ RunTime:0.000185s ]
---------------------------------------------------------------
[ 2019-12-23T04:21:46+08:00 ] 163.177.13.2 HEAD www.569528.com/
[运行时间：0.024024s] [吞吐率：41.63req/s] [内存消耗：3,392.19kb] [文件加载：128]
[ info ] [ BEHAVIOR ] Run Closure @app_init [ RunTime:0.000019s ]
[ info ] [ CACHE ] INIT File
[ info ] [ BEHAVIOR ] Run Closure @app_init [ RunTime:0.000659s ]
[ info ] [ LANG ] /www/wwwroot/v.zzz80.cn/fasetadmin/thinkphp/lang/zh-cn.php
[ info ] [ ROUTE ] array (
  'type' => 'module',
  'module' => 
  array (
    0 => '',
    1 => NULL,
    2 => NULL,
  ),
)
[ info ] [ HEADER ] array (
  'host' => 'www.569528.com',
  'accept' => '*/*',
  'user-agent' => 'libcurl-agent/7.19.0',
)
[ info ] [ PARAM ] array (
)
[ info ] [ LANG ] /www/wwwroot/v.zzz80.cn/fasetadmin/public/../application/index/lang/zh-cn.php
[ info ] [ BEHAVIOR ] Run app\common\behavior\Common @module_init [ RunTime:0.000949s ]
[ info ] [ TOKEN ] INIT Mysql
[ info ] [ DB ] INIT mysql
[ info ] [ VIEW ] /www/wwwroot/v.zzz80.cn/fasetadmin/public/../application/common/view/tpl/dispatch_jump.tpl [ array (
  0 => 'code',
  1 => 'msg',
  2 => 'data',
  3 => 'url',
  4 => 'wait',
) ]
[ info ] [ LOG ] INIT File
[ sql ] [ DB ] CONNECT:[ UseTime:0.000215s ] mysql:host=localhost;port=3306;dbname=fastadmin;charset=utf8
[ sql ] [ SQL ] SHOW COLUMNS FROM `fa_user_token` [ RunTime:0.000418s ]
[ sql ] [ SQL ] SELECT * FROM `fa_user_token` WHERE  `token` = 'd8aa945b8448d8a41ab99c04b04f9e522294b47c' LIMIT 1 [ RunTime:0.000191s ]
---------------------------------------------------------------
[ 2019-12-23T05:27:07+08:00 ] 119.109.34.33 GET www.569528.com/
[运行时间：0.023221s] [吞吐率：43.06req/s] [内存消耗：3,393.43kb] [文件加载：128]
[ info ] [ BEHAVIOR ] Run Closure @app_init [ RunTime:0.000014s ]
[ info ] [ CACHE ] INIT File
[ info ] [ BEHAVIOR ] Run Closure @app_init [ RunTime:0.000644s ]
[ info ] [ LANG ] /www/wwwroot/v.zzz80.cn/fasetadmin/thinkphp/lang/zh-cn.php
[ info ] [ ROUTE ] array (
  'type' => 'module',
  'module' => 
  array (
    0 => '',
    1 => NULL,
    2 => NULL,
  ),
)
[ info ] [ HEADER ] array (
  'connection' => 'Close',
  'host' => 'www.569528.com',
  'user-agent' => 'Mozilla/5.0 (Windows NT 6.1; WOW64) AppleWebKit/537.36 (KHTML, like Gecko) Chrome/50.0.2661.102 Safari/537.36',
  'accept' => 'text/html,application/xhtml+xml,application/xml;q=0.9,image/webp,*/*;q=0.8',
)
[ info ] [ PARAM ] array (
)
[ info ] [ LANG ] /www/wwwroot/v.zzz80.cn/fasetadmin/public/../application/index/lang/zh-cn.php
[ info ] [ BEHAVIOR ] Run app\common\behavior\Common @module_init [ RunTime:0.000947s ]
[ info ] [ TOKEN ] INIT Mysql
[ info ] [ DB ] INIT mysql
[ info ] [ VIEW ] /www/wwwroot/v.zzz80.cn/fasetadmin/public/../application/common/view/tpl/dispatch_jump.tpl [ array (
  0 => 'code',
  1 => 'msg',
  2 => 'data',
  3 => 'url',
  4 => 'wait',
) ]
[ info ] [ LOG ] INIT File
[ sql ] [ DB ] CONNECT:[ UseTime:0.000204s ] mysql:host=localhost;port=3306;dbname=fastadmin;charset=utf8
[ sql ] [ SQL ] SHOW COLUMNS FROM `fa_user_token` [ RunTime:0.000420s ]
[ sql ] [ SQL ] SELECT * FROM `fa_user_token` WHERE  `token` = 'd8aa945b8448d8a41ab99c04b04f9e522294b47c' LIMIT 1 [ RunTime:0.000179s ]
---------------------------------------------------------------
[ 2019-12-23T06:47:02+08:00 ] 42.120.161.109 GET www.569528.com/cmz/358797_8775_103_4.html
[运行时间：0.014040s] [吞吐率：71.23req/s] [内存消耗：1,866.70kb] [文件加载：106]
[ info ] [ BEHAVIOR ] Run Closure @app_init [ RunTime:0.000014s ]
[ info ] [ CACHE ] INIT File
[ info ] [ BEHAVIOR ] Run Closure @app_init [ RunTime:0.000644s ]
[ info ] [ LANG ] /www/wwwroot/v.zzz80.cn/fasetadmin/thinkphp/lang/zh-cn.php
[ info ] [ ROUTE ] array (
  'type' => 'module',
  'module' => 
  array (
    0 => 'cmz',
    1 => '358797_8775_103_4',
    2 => NULL,
  ),
)
[ info ] [ HEADER ] array (
  'connection' => 'close',
  'user-agent' => 'Mozilla/5.0 (Windows NT 6.1; Win64; x64) AppleWebKit/537.36 (KHTML, like Gecko) Chrome/69.0.3497.81 YisouSpider/5.0 Safari/537.36',
  'upgrade-insecure-requests' => '1',
  'host' => 'www.569528.com',
  'accept-encoding' => 'gzip, deflate',
  'accept' => 'text/html,application/xhtml+xml,application/xml;q=0.9,image/webp,image/apng,*/*;q=0.8',
)
[ info ] [ PARAM ] array (
)
[ info ] [ LOG ] INIT File
---------------------------------------------------------------
[ 2019-12-23T07:12:03+08:00 ] 196.245.219.228 GET 569528.com/
[运行时间：0.023317s] [吞吐率：42.89req/s] [内存消耗：3,361.91kb] [文件加载：126]
[ info ] [ BEHAVIOR ] Run Closure @app_init [ RunTime:0.000017s ]
[ info ] [ CACHE ] INIT File
[ info ] [ BEHAVIOR ] Run Closure @app_init [ RunTime:0.000649s ]
[ info ] [ ROUTE ] array (
  'type' => 'module',
  'module' => 
  array (
    0 => '',
    1 => NULL,
    2 => NULL,
  ),
)
[ info ] [ HEADER ] array (
  'cache-control' => 'max-age=259200',
  'user-agent' => 'Mozilla/5.0 (Windows NT 6.1) AppleWebKit/537.36 (KHTML, like Gecko) Chrome/41.0.2228.0 Safari/537.36',
  'upgrade-insecure-requests' => '1',
  'accept-language' => 'en-US,en;q=0.9',
  'accept-encoding' => 'gzip, deflate',
  'accept' => 'text/html,application/xhtml+xml,application/xml;q=0.9,image/webp,image/apng,*/*;q=0.8',
  'connection' => 'keep-alive',
  'host' => '569528.com',
)
[ info ] [ PARAM ] array (
)
[ info ] [ BEHAVIOR ] Run app\common\behavior\Common @module_init [ RunTime:0.000960s ]
[ info ] [ TOKEN ] INIT Mysql
[ info ] [ DB ] INIT mysql
[ info ] [ VIEW ] /www/wwwroot/v.zzz80.cn/fasetadmin/public/../application/common/view/tpl/dispatch_jump.tpl [ array (
  0 => 'code',
  1 => 'msg',
  2 => 'data',
  3 => 'url',
  4 => 'wait',
) ]
[ info ] [ LOG ] INIT File
[ sql ] [ DB ] CONNECT:[ UseTime:0.000196s ] mysql:host=localhost;port=3306;dbname=fastadmin;charset=utf8
[ sql ] [ SQL ] SHOW COLUMNS FROM `fa_user_token` [ RunTime:0.000413s ]
[ sql ] [ SQL ] SELECT * FROM `fa_user_token` WHERE  `token` = 'd8aa945b8448d8a41ab99c04b04f9e522294b47c' LIMIT 1 [ RunTime:0.000196s ]
---------------------------------------------------------------
[ 2019-12-23T07:55:47+08:00 ] 163.177.13.2 HEAD www.569528.com/
[运行时间：0.023159s] [吞吐率：43.18req/s] [内存消耗：3,392.19kb] [文件加载：128]
[ info ] [ BEHAVIOR ] Run Closure @app_init [ RunTime:0.000015s ]
[ info ] [ CACHE ] INIT File
[ info ] [ BEHAVIOR ] Run Closure @app_init [ RunTime:0.000650s ]
[ info ] [ LANG ] /www/wwwroot/v.zzz80.cn/fasetadmin/thinkphp/lang/zh-cn.php
[ info ] [ ROUTE ] array (
  'type' => 'module',
  'module' => 
  array (
    0 => '',
    1 => NULL,
    2 => NULL,
  ),
)
[ info ] [ HEADER ] array (
  'host' => 'www.569528.com',
  'accept' => '*/*',
  'user-agent' => 'libcurl-agent/7.19.0',
)
[ info ] [ PARAM ] array (
)
[ info ] [ LANG ] /www/wwwroot/v.zzz80.cn/fasetadmin/public/../application/index/lang/zh-cn.php
[ info ] [ BEHAVIOR ] Run app\common\behavior\Common @module_init [ RunTime:0.000937s ]
[ info ] [ TOKEN ] INIT Mysql
[ info ] [ DB ] INIT mysql
[ info ] [ VIEW ] /www/wwwroot/v.zzz80.cn/fasetadmin/public/../application/common/view/tpl/dispatch_jump.tpl [ array (
  0 => 'code',
  1 => 'msg',
  2 => 'data',
  3 => 'url',
  4 => 'wait',
) ]
[ info ] [ LOG ] INIT File
[ sql ] [ DB ] CONNECT:[ UseTime:0.000198s ] mysql:host=localhost;port=3306;dbname=fastadmin;charset=utf8
[ sql ] [ SQL ] SHOW COLUMNS FROM `fa_user_token` [ RunTime:0.000402s ]
[ sql ] [ SQL ] SELECT * FROM `fa_user_token` WHERE  `token` = 'd8aa945b8448d8a41ab99c04b04f9e522294b47c' LIMIT 1 [ RunTime:0.000200s ]
---------------------------------------------------------------
[ 2019-12-23T08:00:15+08:00 ] 163.177.13.2 HEAD www.569528.com/
[运行时间：0.023118s] [吞吐率：43.26req/s] [内存消耗：3,392.19kb] [文件加载：128]
[ info ] [ BEHAVIOR ] Run Closure @app_init [ RunTime:0.000015s ]
[ info ] [ CACHE ] INIT File
[ info ] [ BEHAVIOR ] Run Closure @app_init [ RunTime:0.000649s ]
[ info ] [ LANG ] /www/wwwroot/v.zzz80.cn/fasetadmin/thinkphp/lang/zh-cn.php
[ info ] [ ROUTE ] array (
  'type' => 'module',
  'module' => 
  array (
    0 => '',
    1 => NULL,
    2 => NULL,
  ),
)
[ info ] [ HEADER ] array (
  'host' => 'www.569528.com',
  'accept' => '*/*',
  'user-agent' => 'libcurl-agent/7.19.0',
)
[ info ] [ PARAM ] array (
)
[ info ] [ LANG ] /www/wwwroot/v.zzz80.cn/fasetadmin/public/../application/index/lang/zh-cn.php
[ info ] [ BEHAVIOR ] Run app\common\behavior\Common @module_init [ RunTime:0.000924s ]
[ info ] [ TOKEN ] INIT Mysql
[ info ] [ DB ] INIT mysql
[ info ] [ VIEW ] /www/wwwroot/v.zzz80.cn/fasetadmin/public/../application/common/view/tpl/dispatch_jump.tpl [ array (
  0 => 'code',
  1 => 'msg',
  2 => 'data',
  3 => 'url',
  4 => 'wait',
) ]
[ info ] [ LOG ] INIT File
[ sql ] [ DB ] CONNECT:[ UseTime:0.000205s ] mysql:host=localhost;port=3306;dbname=fastadmin;charset=utf8
[ sql ] [ SQL ] SHOW COLUMNS FROM `fa_user_token` [ RunTime:0.000422s ]
[ sql ] [ SQL ] SELECT * FROM `fa_user_token` WHERE  `token` = 'd8aa945b8448d8a41ab99c04b04f9e522294b47c' LIMIT 1 [ RunTime:0.000181s ]
---------------------------------------------------------------
[ 2019-12-23T08:22:15+08:00 ] 42.120.161.14 GET www.569528.com/xpw/212069_2995_809_3.html
[运行时间：0.013643s] [吞吐率：73.30req/s] [内存消耗：1,866.70kb] [文件加载：106]
[ info ] [ BEHAVIOR ] Run Closure @app_init [ RunTime:0.000014s ]
[ info ] [ CACHE ] INIT File
[ info ] [ BEHAVIOR ] Run Closure @app_init [ RunTime:0.000650s ]
[ info ] [ LANG ] /www/wwwroot/v.zzz80.cn/fasetadmin/thinkphp/lang/zh-cn.php
[ info ] [ ROUTE ] array (
  'type' => 'module',
  'module' => 
  array (
    0 => 'xpw',
    1 => '212069_2995_809_3',
    2 => NULL,
  ),
)
[ info ] [ HEADER ] array (
  'connection' => 'close',
  'user-agent' => 'Mozilla/5.0 (Windows NT 6.1; Win64; x64) AppleWebKit/537.36 (KHTML, like Gecko) Chrome/69.0.3497.81 YisouSpider/5.0 Safari/537.36',
  'upgrade-insecure-requests' => '1',
  'host' => 'www.569528.com',
  'accept-encoding' => 'gzip, deflate',
  'accept' => 'text/html,application/xhtml+xml,application/xml;q=0.9,image/webp,image/apng,*/*;q=0.8',
)
[ info ] [ PARAM ] array (
)
[ info ] [ LOG ] INIT File
---------------------------------------------------------------
[ 2019-12-23T09:23:57+08:00 ] 42.156.139.71 GET www.569528.com/cmz/369569_9541_275_6.html
[运行时间：0.014438s] [吞吐率：69.26req/s] [内存消耗：1,866.70kb] [文件加载：106]
[ info ] [ BEHAVIOR ] Run Closure @app_init [ RunTime:0.000015s ]
[ info ] [ CACHE ] INIT File
[ info ] [ BEHAVIOR ] Run Closure @app_init [ RunTime:0.000666s ]
[ info ] [ LANG ] /www/wwwroot/v.zzz80.cn/fasetadmin/thinkphp/lang/zh-cn.php
[ info ] [ ROUTE ] array (
  'type' => 'module',
  'module' => 
  array (
    0 => 'cmz',
    1 => '369569_9541_275_6',
    2 => NULL,
  ),
)
[ info ] [ HEADER ] array (
  'connection' => 'close',
  'user-agent' => 'Mozilla/5.0 (Windows NT 6.1; Win64; x64) AppleWebKit/537.36 (KHTML, like Gecko) Chrome/69.0.3497.81 YisouSpider/5.0 Safari/537.36',
  'upgrade-insecure-requests' => '1',
  'host' => 'www.569528.com',
  'accept-encoding' => 'gzip, deflate',
  'accept' => 'text/html,application/xhtml+xml,application/xml;q=0.9,image/webp,image/apng,*/*;q=0.8',
)
[ info ] [ PARAM ] array (
)
[ info ] [ LOG ] INIT File
---------------------------------------------------------------
[ 2019-12-23T11:39:01+08:00 ] 123.125.125.249 GET www.569528.com/
[运行时间：0.024198s] [吞吐率：41.33req/s] [内存消耗：3,393.20kb] [文件加载：128]
[ info ] [ BEHAVIOR ] Run Closure @app_init [ RunTime:0.000015s ]
[ info ] [ CACHE ] INIT File
[ info ] [ BEHAVIOR ] Run Closure @app_init [ RunTime:0.001432s ]
[ info ] [ LANG ] /www/wwwroot/v.zzz80.cn/fasetadmin/thinkphp/lang/zh-cn.php
[ info ] [ ROUTE ] array (
  'type' => 'module',
  'module' => 
  array (
    0 => '',
    1 => NULL,
    2 => NULL,
  ),
)
[ info ] [ HEADER ] array (
  'accept-encoding' => 'gzip,deflate',
  'connection' => 'Keep-Alive',
  'host' => 'www.569528.com',
  'user-agent' => 'Mozilla/5.0 (Windows NT 10.0; WOW64) AppleWebKit/537.36 (KHTML, like Gecko) Chrome/62.0.3202.94 Safari/537.36',
)
[ info ] [ PARAM ] array (
)
[ info ] [ LANG ] /www/wwwroot/v.zzz80.cn/fasetadmin/public/../application/index/lang/zh-cn.php
[ info ] [ BEHAVIOR ] Run app\common\behavior\Common @module_init [ RunTime:0.000962s ]
[ info ] [ TOKEN ] INIT Mysql
[ info ] [ DB ] INIT mysql
[ info ] [ VIEW ] /www/wwwroot/v.zzz80.cn/fasetadmin/public/../application/common/view/tpl/dispatch_jump.tpl [ array (
  0 => 'code',
  1 => 'msg',
  2 => 'data',
  3 => 'url',
  4 => 'wait',
) ]
[ info ] [ LOG ] INIT File
[ sql ] [ DB ] CONNECT:[ UseTime:0.000199s ] mysql:host=localhost;port=3306;dbname=fastadmin;charset=utf8
[ sql ] [ SQL ] SHOW COLUMNS FROM `fa_user_token` [ RunTime:0.000433s ]
[ sql ] [ SQL ] SELECT * FROM `fa_user_token` WHERE  `token` = 'd8aa945b8448d8a41ab99c04b04f9e522294b47c' LIMIT 1 [ RunTime:0.000193s ]
---------------------------------------------------------------
[ 2019-12-23T11:41:08+08:00 ] 39.106.68.3 GET www.569528.com/
[运行时间：0.023463s] [吞吐率：42.62req/s] [内存消耗：3,393.05kb] [文件加载：128]
[ info ] [ BEHAVIOR ] Run Closure @app_init [ RunTime:0.000016s ]
[ info ] [ CACHE ] INIT File
[ info ] [ BEHAVIOR ] Run Closure @app_init [ RunTime:0.000646s ]
[ info ] [ LANG ] /www/wwwroot/v.zzz80.cn/fasetadmin/thinkphp/lang/zh-cn.php
[ info ] [ ROUTE ] array (
  'type' => 'module',
  'module' => 
  array (
    0 => '',
    1 => NULL,
    2 => NULL,
  ),
)
[ info ] [ HEADER ] array (
  'connection' => 'Keep-Alive',
  'host' => 'www.569528.com',
  'accept-encoding' => 'gzip, deflate',
  'user-agent' => 'Mozilla/5.0 (compatible, MSIE 11, Windows NT 6.3; Trident/7.0; rv:11.0) like Gecko',
)
[ info ] [ PARAM ] array (
)
[ info ] [ LANG ] /www/wwwroot/v.zzz80.cn/fasetadmin/public/../application/index/lang/zh-cn.php
[ info ] [ BEHAVIOR ] Run app\common\behavior\Common @module_init [ RunTime:0.000986s ]
[ info ] [ TOKEN ] INIT Mysql
[ info ] [ DB ] INIT mysql
[ info ] [ VIEW ] /www/wwwroot/v.zzz80.cn/fasetadmin/public/../application/common/view/tpl/dispatch_jump.tpl [ array (
  0 => 'code',
  1 => 'msg',
  2 => 'data',
  3 => 'url',
  4 => 'wait',
) ]
[ info ] [ LOG ] INIT File
[ sql ] [ DB ] CONNECT:[ UseTime:0.000203s ] mysql:host=localhost;port=3306;dbname=fastadmin;charset=utf8
[ sql ] [ SQL ] SHOW COLUMNS FROM `fa_user_token` [ RunTime:0.000458s ]
[ sql ] [ SQL ] SELECT * FROM `fa_user_token` WHERE  `token` = 'd8aa945b8448d8a41ab99c04b04f9e522294b47c' LIMIT 1 [ RunTime:0.000184s ]
---------------------------------------------------------------
[ 2019-12-23T12:16:30+08:00 ] 69.30.213.138 GET www.569528.com/wsgfj/93401_717_562_10.html
[运行时间：0.013562s] [吞吐率：73.73req/s] [内存消耗：1,844.66kb] [文件加载：105]
[ info ] [ BEHAVIOR ] Run Closure @app_init [ RunTime:0.000014s ]
[ info ] [ CACHE ] INIT File
[ info ] [ BEHAVIOR ] Run Closure @app_init [ RunTime:0.000655s ]
[ info ] [ ROUTE ] array (
  'type' => 'module',
  'module' => 
  array (
    0 => 'wsgfj',
    1 => '93401_717_562_10',
    2 => NULL,
  ),
)
[ info ] [ HEADER ] array (
  'host' => 'www.569528.com',
  'accept-language' => 'en',
  'accept-encoding' => 'br,gzip',
  'user-agent' => 'Mozilla/5.0 (compatible; MJ12bot/v1.4.8; http://mj12bot.com/)',
  'accept' => 'text/html,text/plain,text/xml,text/*,application/xml,application/xhtml+xml,application/rss+xml,application/atom+xml,application/rdf+xml,application/php,application/x-php,application/x-httpd-php',
)
[ info ] [ PARAM ] array (
)
[ info ] [ LOG ] INIT File
---------------------------------------------------------------
[ 2019-12-23T12:16:32+08:00 ] 69.30.213.138 GET www.569528.com/wsgfj/96940_769_734_5.html
[运行时间：0.013526s] [吞吐率：73.93req/s] [内存消耗：1,844.65kb] [文件加载：105]
[ info ] [ BEHAVIOR ] Run Closure @app_init [ RunTime:0.000014s ]
[ info ] [ CACHE ] INIT File
[ info ] [ BEHAVIOR ] Run Closure @app_init [ RunTime:0.000643s ]
[ info ] [ ROUTE ] array (
  'type' => 'module',
  'module' => 
  array (
    0 => 'wsgfj',
    1 => '96940_769_734_5',
    2 => NULL,
  ),
)
[ info ] [ HEADER ] array (
  'host' => 'www.569528.com',
  'accept-language' => 'en',
  'accept-encoding' => 'br,gzip',
  'user-agent' => 'Mozilla/5.0 (compatible; MJ12bot/v1.4.8; http://mj12bot.com/)',
  'accept' => 'text/html,text/plain,text/xml,text/*,application/xml,application/xhtml+xml,application/rss+xml,application/atom+xml,application/rdf+xml,application/php,application/x-php,application/x-httpd-php',
)
[ info ] [ PARAM ] array (
)
[ info ] [ LOG ] INIT File
---------------------------------------------------------------
[ 2019-12-23T12:17:15+08:00 ] 42.120.160.115 GET www.569528.com/sitemap/sitemap41.html
[运行时间：0.013632s] [吞吐率：73.36req/s] [内存消耗：1,866.63kb] [文件加载：106]
[ info ] [ BEHAVIOR ] Run Closure @app_init [ RunTime:0.000015s ]
[ info ] [ CACHE ] INIT File
[ info ] [ BEHAVIOR ] Run Closure @app_init [ RunTime:0.000650s ]
[ info ] [ LANG ] /www/wwwroot/v.zzz80.cn/fasetadmin/thinkphp/lang/zh-cn.php
[ info ] [ ROUTE ] array (
  'type' => 'module',
  'module' => 
  array (
    0 => 'sitemap',
    1 => 'sitemap41',
    2 => NULL,
  ),
)
[ info ] [ HEADER ] array (
  'connection' => 'close',
  'user-agent' => 'Mozilla/5.0 (Windows NT 6.1; Win64; x64) AppleWebKit/537.36 (KHTML, like Gecko) Chrome/69.0.3497.81 YisouSpider/5.0 Safari/537.36',
  'upgrade-insecure-requests' => '1',
  'host' => 'www.569528.com',
  'accept-encoding' => 'gzip, deflate',
  'accept' => 'text/html,application/xhtml+xml,application/xml;q=0.9,image/webp,image/apng,*/*;q=0.8',
)
[ info ] [ PARAM ] array (
)
[ info ] [ LOG ] INIT File
---------------------------------------------------------------
[ 2019-12-23T12:55:54+08:00 ] 112.98.25.194 GET www.569528.com/
[运行时间：0.023547s] [吞吐率：42.47req/s] [内存消耗：3,395.51kb] [文件加载：128]
[ info ] [ BEHAVIOR ] Run Closure @app_init [ RunTime:0.000014s ]
[ info ] [ CACHE ] INIT File
[ info ] [ BEHAVIOR ] Run Closure @app_init [ RunTime:0.000649s ]
[ info ] [ LANG ] /www/wwwroot/v.zzz80.cn/fasetadmin/thinkphp/lang/zh-cn.php
[ info ] [ ROUTE ] array (
  'type' => 'module',
  'module' => 
  array (
    0 => '',
    1 => NULL,
    2 => NULL,
  ),
)
[ info ] [ HEADER ] array (
  'connection' => 'Keep-Alive',
  'host' => 'www.569528.com',
  'accept-encoding' => 'gzip, deflate',
  'accept' => 'text/html,application/xhtml+xml,application/xml;q=0.9,image/webp,image/apng,*/*;q=0.8',
  'upgrade-insecure-requests' => '1',
  'user-agent' => 'Mozilla/5.0 (Windows NT 6.1; Win64; x64) AppleWebKit/537.36 (KHTML, like Gecko) Chrome/71.0.3578.10 Safari/537.36',
)
[ info ] [ PARAM ] array (
)
[ info ] [ LANG ] /www/wwwroot/v.zzz80.cn/fasetadmin/public/../application/index/lang/zh-cn.php
[ info ] [ BEHAVIOR ] Run app\common\behavior\Common @module_init [ RunTime:0.000969s ]
[ info ] [ TOKEN ] INIT Mysql
[ info ] [ DB ] INIT mysql
[ info ] [ VIEW ] /www/wwwroot/v.zzz80.cn/fasetadmin/public/../application/common/view/tpl/dispatch_jump.tpl [ array (
  0 => 'code',
  1 => 'msg',
  2 => 'data',
  3 => 'url',
  4 => 'wait',
) ]
[ info ] [ LOG ] INIT File
[ sql ] [ DB ] CONNECT:[ UseTime:0.000190s ] mysql:host=localhost;port=3306;dbname=fastadmin;charset=utf8
[ sql ] [ SQL ] SHOW COLUMNS FROM `fa_user_token` [ RunTime:0.000411s ]
[ sql ] [ SQL ] SELECT * FROM `fa_user_token` WHERE  `token` = 'd8aa945b8448d8a41ab99c04b04f9e522294b47c' LIMIT 1 [ RunTime:0.000191s ]
---------------------------------------------------------------
[ 2019-12-23T13:27:27+08:00 ] 123.168.88.49 GET www.569528.com/
[运行时间：0.024034s] [吞吐率：41.61req/s] [内存消耗：3,392.85kb] [文件加载：128]
[ info ] [ BEHAVIOR ] Run Closure @app_init [ RunTime:0.000015s ]
[ info ] [ CACHE ] INIT File
[ info ] [ BEHAVIOR ] Run Closure @app_init [ RunTime:0.000670s ]
[ info ] [ LANG ] /www/wwwroot/v.zzz80.cn/fasetadmin/thinkphp/lang/zh-cn.php
[ info ] [ ROUTE ] array (
  'type' => 'module',
  'module' => 
  array (
    0 => '',
    1 => NULL,
    2 => NULL,
  ),
)
[ info ] [ HEADER ] array (
  'user-agent' => 'Mozilla/4.0 (compatible; MSIE 8.0; Windows NT 6.0)',
  'accept-encoding' => 'identity',
  'accept' => 'text/html, */*',
  'host' => 'www.569528.com',
)
[ info ] [ PARAM ] array (
)
[ info ] [ LANG ] /www/wwwroot/v.zzz80.cn/fasetadmin/public/../application/index/lang/zh-cn.php
[ info ] [ BEHAVIOR ] Run app\common\behavior\Common @module_init [ RunTime:0.000939s ]
[ info ] [ TOKEN ] INIT Mysql
[ info ] [ DB ] INIT mysql
[ info ] [ VIEW ] /www/wwwroot/v.zzz80.cn/fasetadmin/public/../application/common/view/tpl/dispatch_jump.tpl [ array (
  0 => 'code',
  1 => 'msg',
  2 => 'data',
  3 => 'url',
  4 => 'wait',
) ]
[ info ] [ LOG ] INIT File
[ sql ] [ DB ] CONNECT:[ UseTime:0.000206s ] mysql:host=localhost;port=3306;dbname=fastadmin;charset=utf8
[ sql ] [ SQL ] SHOW COLUMNS FROM `fa_user_token` [ RunTime:0.000399s ]
[ sql ] [ SQL ] SELECT * FROM `fa_user_token` WHERE  `token` = 'd8aa945b8448d8a41ab99c04b04f9e522294b47c' LIMIT 1 [ RunTime:0.000191s ]
---------------------------------------------------------------
[ 2019-12-23T14:03:06+08:00 ] 107.148.253.140 GET www.569528.com/
[运行时间：0.023305s] [吞吐率：42.91req/s] [内存消耗：3,395.40kb] [文件加载：128]
[ info ] [ BEHAVIOR ] Run Closure @app_init [ RunTime:0.000015s ]
[ info ] [ CACHE ] INIT File
[ info ] [ BEHAVIOR ] Run Closure @app_init [ RunTime:0.000649s ]
[ info ] [ LANG ] /www/wwwroot/v.zzz80.cn/fasetadmin/thinkphp/lang/zh-cn.php
[ info ] [ ROUTE ] array (
  'type' => 'module',
  'module' => 
  array (
    0 => '',
    1 => NULL,
    2 => NULL,
  ),
)
[ info ] [ HEADER ] array (
  'connection' => 'Keep-Alive',
  'host' => 'www.569528.com',
  'user-agent' => 'Mozilla/5.0 (Windows NT 6.1; WOW64; rv:17.0) Gecko/20100101 Firefox/17.0',
  'accept' => 'image/gif, image/x-xbitmap, image/jpeg, image/pjpeg, application/x-shockwave-flash, application/vnd.ms-excel, application/vnd.ms-powerpoint, application/msword, */*',
  'content-type' => 'application/x-www-form-urlencoded',
)
[ info ] [ PARAM ] array (
)
[ info ] [ LANG ] /www/wwwroot/v.zzz80.cn/fasetadmin/public/../application/index/lang/zh-cn.php
[ info ] [ BEHAVIOR ] Run app\common\behavior\Common @module_init [ RunTime:0.000955s ]
[ info ] [ TOKEN ] INIT Mysql
[ info ] [ DB ] INIT mysql
[ info ] [ VIEW ] /www/wwwroot/v.zzz80.cn/fasetadmin/public/../application/common/view/tpl/dispatch_jump.tpl [ array (
  0 => 'code',
  1 => 'msg',
  2 => 'data',
  3 => 'url',
  4 => 'wait',
) ]
[ info ] [ LOG ] INIT File
[ sql ] [ DB ] CONNECT:[ UseTime:0.000210s ] mysql:host=localhost;port=3306;dbname=fastadmin;charset=utf8
[ sql ] [ SQL ] SHOW COLUMNS FROM `fa_user_token` [ RunTime:0.000404s ]
[ sql ] [ SQL ] SELECT * FROM `fa_user_token` WHERE  `token` = 'd8aa945b8448d8a41ab99c04b04f9e522294b47c' LIMIT 1 [ RunTime:0.000196s ]
---------------------------------------------------------------
[ 2019-12-23T15:09:44+08:00 ] 42.156.138.50 GET www.569528.com/wsgfj/344025_7776_436_0.html
[运行时间：0.013798s] [吞吐率：72.47req/s] [内存消耗：1,866.70kb] [文件加载：106]
[ info ] [ BEHAVIOR ] Run Closure @app_init [ RunTime:0.000014s ]
[ info ] [ CACHE ] INIT File
[ info ] [ BEHAVIOR ] Run Closure @app_init [ RunTime:0.000661s ]
[ info ] [ LANG ] /www/wwwroot/v.zzz80.cn/fasetadmin/thinkphp/lang/zh-cn.php
[ info ] [ ROUTE ] array (
  'type' => 'module',
  'module' => 
  array (
    0 => 'wsgfj',
    1 => '344025_7776_436_0',
    2 => NULL,
  ),
)
[ info ] [ HEADER ] array (
  'connection' => 'close',
  'user-agent' => 'Mozilla/5.0 (Windows NT 6.1; Win64; x64) AppleWebKit/537.36 (KHTML, like Gecko) Chrome/69.0.3497.81 YisouSpider/5.0 Safari/537.36',
  'upgrade-insecure-requests' => '1',
  'host' => 'www.569528.com',
  'accept-encoding' => 'gzip, deflate',
  'accept' => 'text/html,application/xhtml+xml,application/xml;q=0.9,image/webp,image/apng,*/*;q=0.8',
)
[ info ] [ PARAM ] array (
)
[ info ] [ LOG ] INIT File
---------------------------------------------------------------
[ 2019-12-23T15:33:00+08:00 ] 40.77.167.93 GET www.569528.com/
[运行时间：0.023441s] [吞吐率：42.66req/s] [内存消耗：3,395.24kb] [文件加载：128]
[ info ] [ BEHAVIOR ] Run Closure @app_init [ RunTime:0.000017s ]
[ info ] [ CACHE ] INIT File
[ info ] [ BEHAVIOR ] Run Closure @app_init [ RunTime:0.000648s ]
[ info ] [ LANG ] /www/wwwroot/v.zzz80.cn/fasetadmin/thinkphp/lang/zh-cn.php
[ info ] [ ROUTE ] array (
  'type' => 'module',
  'module' => 
  array (
    0 => '',
    1 => NULL,
    2 => NULL,
  ),
)
[ info ] [ HEADER ] array (
  'user-agent' => 'Mozilla/5.0 (compatible; bingbot/2.0; +http://www.bing.com/bingbot.htm)',
  'host' => 'www.569528.com',
  'from' => 'bingbot(at)microsoft.com',
  'accept-encoding' => 'gzip, deflate',
  'accept' => '*/*',
  'pragma' => 'no-cache',
  'connection' => 'Keep-Alive',
  'cache-control' => 'no-cache',
)
[ info ] [ PARAM ] array (
)
[ info ] [ LANG ] /www/wwwroot/v.zzz80.cn/fasetadmin/public/../application/index/lang/zh-cn.php
[ info ] [ BEHAVIOR ] Run app\common\behavior\Common @module_init [ RunTime:0.000948s ]
[ info ] [ TOKEN ] INIT Mysql
[ info ] [ DB ] INIT mysql
[ info ] [ VIEW ] /www/wwwroot/v.zzz80.cn/fasetadmin/public/../application/common/view/tpl/dispatch_jump.tpl [ array (
  0 => 'code',
  1 => 'msg',
  2 => 'data',
  3 => 'url',
  4 => 'wait',
) ]
[ info ] [ LOG ] INIT File
[ sql ] [ DB ] CONNECT:[ UseTime:0.000207s ] mysql:host=localhost;port=3306;dbname=fastadmin;charset=utf8
[ sql ] [ SQL ] SHOW COLUMNS FROM `fa_user_token` [ RunTime:0.000409s ]
[ sql ] [ SQL ] SELECT * FROM `fa_user_token` WHERE  `token` = 'd8aa945b8448d8a41ab99c04b04f9e522294b47c' LIMIT 1 [ RunTime:0.000189s ]
---------------------------------------------------------------
[ 2019-12-23T15:51:28+08:00 ] 106.11.158.57 GET www.569528.com/bdm/87826_641_830_1.html
[运行时间：0.013559s] [吞吐率：73.75req/s] [内存消耗：1,866.67kb] [文件加载：106]
[ info ] [ BEHAVIOR ] Run Closure @app_init [ RunTime:0.000015s ]
[ info ] [ CACHE ] INIT File
[ info ] [ BEHAVIOR ] Run Closure @app_init [ RunTime:0.000641s ]
[ info ] [ LANG ] /www/wwwroot/v.zzz80.cn/fasetadmin/thinkphp/lang/zh-cn.php
[ info ] [ ROUTE ] array (
  'type' => 'module',
  'module' => 
  array (
    0 => 'bdm',
    1 => '87826_641_830_1',
    2 => NULL,
  ),
)
[ info ] [ HEADER ] array (
  'connection' => 'close',
  'user-agent' => 'Mozilla/5.0 (Windows NT 6.1; Win64; x64) AppleWebKit/537.36 (KHTML, like Gecko) Chrome/69.0.3497.81 YisouSpider/5.0 Safari/537.36',
  'upgrade-insecure-requests' => '1',
  'host' => 'www.569528.com',
  'accept-encoding' => 'gzip, deflate',
  'accept' => 'text/html,application/xhtml+xml,application/xml;q=0.9,image/webp,image/apng,*/*;q=0.8',
)
[ info ] [ PARAM ] array (
)
[ info ] [ LOG ] INIT File
---------------------------------------------------------------
[ 2019-12-23T16:36:32+08:00 ] 54.169.138.216 GET 569528.COM/wp-login.php
[运行时间：0.013661s] [吞吐率：73.20req/s] [内存消耗：1,863.97kb] [文件加载：106]
[ info ] [ BEHAVIOR ] Run Closure @app_init [ RunTime:0.000014s ]
[ info ] [ CACHE ] INIT File
[ info ] [ BEHAVIOR ] Run Closure @app_init [ RunTime:0.000668s ]
[ info ] [ LANG ] /www/wwwroot/v.zzz80.cn/fasetadmin/thinkphp/lang/zh-cn.php
[ info ] [ ROUTE ] array (
  'type' => 'module',
  'module' => 
  array (
    0 => 'wp-login.php',
    1 => NULL,
    2 => NULL,
  ),
)
[ info ] [ HEADER ] array (
  'connection' => 'close',
  'accept-encoding' => 'gzip',
  'user-agent' => 'Mozilla/5.0 (X11; Ubuntu; Linux x86_64; rv:62.0) Gecko/20100101 Firefox/62.0',
  'host' => '569528.COM',
)
[ info ] [ PARAM ] array (
)
[ info ] [ LOG ] INIT File
---------------------------------------------------------------
[ 2019-12-23T16:58:00+08:00 ] 63.33.63.196 GET 569528.com/
[运行时间：0.023473s] [吞吐率：42.60req/s] [内存消耗：3,361.65kb] [文件加载：126]
[ info ] [ BEHAVIOR ] Run Closure @app_init [ RunTime:0.000018s ]
[ info ] [ CACHE ] INIT File
[ info ] [ BEHAVIOR ] Run Closure @app_init [ RunTime:0.000659s ]
[ info ] [ ROUTE ] array (
  'type' => 'module',
  'module' => 
  array (
    0 => '',
    1 => NULL,
    2 => NULL,
  ),
)
[ info ] [ HEADER ] array (
  'connection' => 'close',
  'host' => '569528.com',
  'user-agent' => 'Mozilla/5.0 (Windows NT 10.0; Win64; x64) AppleWebKit/537.36 (KHTML, like Gecko; compatible; BuiltWith/1.0; +http://builtwith.com/biup) Chrome/74.0.3729.131 Safari/537.36',
  'accept-language' => 'en-US,en;q=0.9',
  'accept-encoding' => 'gzip, deflate',
  'accept' => 'text/html,application/xhtml+xml,application/xml;q=0.9,image/webp,image/apng,*/*',
)
[ info ] [ PARAM ] array (
)
[ info ] [ BEHAVIOR ] Run app\common\behavior\Common @module_init [ RunTime:0.000971s ]
[ info ] [ TOKEN ] INIT Mysql
[ info ] [ DB ] INIT mysql
[ info ] [ VIEW ] /www/wwwroot/v.zzz80.cn/fasetadmin/public/../application/common/view/tpl/dispatch_jump.tpl [ array (
  0 => 'code',
  1 => 'msg',
  2 => 'data',
  3 => 'url',
  4 => 'wait',
) ]
[ info ] [ LOG ] INIT File
[ sql ] [ DB ] CONNECT:[ UseTime:0.000206s ] mysql:host=localhost;port=3306;dbname=fastadmin;charset=utf8
[ sql ] [ SQL ] SHOW COLUMNS FROM `fa_user_token` [ RunTime:0.000411s ]
[ sql ] [ SQL ] SELECT * FROM `fa_user_token` WHERE  `token` = 'd8aa945b8448d8a41ab99c04b04f9e522294b47c' LIMIT 1 [ RunTime:0.000218s ]
---------------------------------------------------------------
[ 2019-12-23T17:01:36+08:00 ] 163.177.13.2 HEAD www.569528.com/
[运行时间：0.024158s] [吞吐率：41.39req/s] [内存消耗：3,392.19kb] [文件加载：128]
[ info ] [ BEHAVIOR ] Run Closure @app_init [ RunTime:0.000015s ]
[ info ] [ CACHE ] INIT File
[ info ] [ BEHAVIOR ] Run Closure @app_init [ RunTime:0.000674s ]
[ info ] [ LANG ] /www/wwwroot/v.zzz80.cn/fasetadmin/thinkphp/lang/zh-cn.php
[ info ] [ ROUTE ] array (
  'type' => 'module',
  'module' => 
  array (
    0 => '',
    1 => NULL,
    2 => NULL,
  ),
)
[ info ] [ HEADER ] array (
  'host' => 'www.569528.com',
  'accept' => '*/*',
  'user-agent' => 'libcurl-agent/7.19.0',
)
[ info ] [ PARAM ] array (
)
[ info ] [ LANG ] /www/wwwroot/v.zzz80.cn/fasetadmin/public/../application/index/lang/zh-cn.php
[ info ] [ BEHAVIOR ] Run app\common\behavior\Common @module_init [ RunTime:0.000960s ]
[ info ] [ TOKEN ] INIT Mysql
[ info ] [ DB ] INIT mysql
[ info ] [ VIEW ] /www/wwwroot/v.zzz80.cn/fasetadmin/public/../application/common/view/tpl/dispatch_jump.tpl [ array (
  0 => 'code',
  1 => 'msg',
  2 => 'data',
  3 => 'url',
  4 => 'wait',
) ]
[ info ] [ LOG ] INIT File
[ sql ] [ DB ] CONNECT:[ UseTime:0.000199s ] mysql:host=localhost;port=3306;dbname=fastadmin;charset=utf8
[ sql ] [ SQL ] SHOW COLUMNS FROM `fa_user_token` [ RunTime:0.000439s ]
[ sql ] [ SQL ] SELECT * FROM `fa_user_token` WHERE  `token` = 'd8aa945b8448d8a41ab99c04b04f9e522294b47c' LIMIT 1 [ RunTime:0.000184s ]
---------------------------------------------------------------
[ 2019-12-23T17:21:03+08:00 ] 173.252.87.20 GET 569528.com/?fbclid=IwAR21kB1g4Q60ePrAiSnTK5XmMBjM_nHAo2iV0weBq-A6RYhMWgCc7iFF-Tk
[运行时间：0.023243s] [吞吐率：43.02req/s] [内存消耗：3,363.20kb] [文件加载：126]
[ info ] [ BEHAVIOR ] Run Closure @app_init [ RunTime:0.000014s ]
[ info ] [ CACHE ] INIT File
[ info ] [ BEHAVIOR ] Run Closure @app_init [ RunTime:0.000650s ]
[ info ] [ ROUTE ] array (
  'type' => 'module',
  'module' => 
  array (
    0 => '',
    1 => NULL,
    2 => NULL,
  ),
)
[ info ] [ HEADER ] array (
  'connection' => 'keep-alive',
  'host' => '569528.com',
  'accept-language' => 'en-US,en;q=0.9',
  'accept-encoding' => 'gzip, deflate',
  'accept' => 'text/html,application/xhtml+xml,application/xml;q=0.9,image/webp,image/apng,*/*;q=0.8,application/signed-exchange;v=b3;q=0.9',
  'user-agent' => 'Mozilla/5.0 (Windows NT 10.0; Win64; x64) AppleWebKit/537.36 (KHTML, like Gecko) Chrome/79.0.3945.88 Safari/537.36',
  'upgrade-insecure-requests' => '1',
)
[ info ] [ PARAM ] array (
  'fbclid' => 'IwAR21kB1g4Q60ePrAiSnTK5XmMBjM_nHAo2iV0weBq-A6RYhMWgCc7iFF-Tk',
)
[ info ] [ BEHAVIOR ] Run app\common\behavior\Common @module_init [ RunTime:0.000956s ]
[ info ] [ TOKEN ] INIT Mysql
[ info ] [ DB ] INIT mysql
[ info ] [ VIEW ] /www/wwwroot/v.zzz80.cn/fasetadmin/public/../application/common/view/tpl/dispatch_jump.tpl [ array (
  0 => 'code',
  1 => 'msg',
  2 => 'data',
  3 => 'url',
  4 => 'wait',
) ]
[ info ] [ LOG ] INIT File
[ sql ] [ DB ] CONNECT:[ UseTime:0.000202s ] mysql:host=localhost;port=3306;dbname=fastadmin;charset=utf8
[ sql ] [ SQL ] SHOW COLUMNS FROM `fa_user_token` [ RunTime:0.000437s ]
[ sql ] [ SQL ] SELECT * FROM `fa_user_token` WHERE  `token` = 'd8aa945b8448d8a41ab99c04b04f9e522294b47c' LIMIT 1 [ RunTime:0.000184s ]
---------------------------------------------------------------
[ 2019-12-23T17:21:09+08:00 ] 173.252.87.20 GET 569528.com/
[运行时间：0.023225s] [吞吐率：43.06req/s] [内存消耗：3,361.86kb] [文件加载：126]
[ info ] [ BEHAVIOR ] Run Closure @app_init [ RunTime:0.000014s ]
[ info ] [ CACHE ] INIT File
[ info ] [ BEHAVIOR ] Run Closure @app_init [ RunTime:0.000631s ]
[ info ] [ ROUTE ] array (
  'type' => 'module',
  'module' => 
  array (
    0 => '',
    1 => NULL,
    2 => NULL,
  ),
)
[ info ] [ HEADER ] array (
  'connection' => 'keep-alive',
  'host' => '569528.com',
  'accept-language' => 'en-US,en;q=0.9',
  'accept-encoding' => 'gzip, deflate',
  'accept' => 'text/html,application/xhtml+xml,application/xml;q=0.9,image/webp,image/apng,*/*;q=0.8,application/signed-exchange;v=b3;q=0.9',
  'user-agent' => 'Mozilla/5.0 (Windows NT 10.0; Win64; x64) AppleWebKit/537.36 (KHTML, like Gecko) Chrome/79.0.3945.88 Safari/537.36',
  'upgrade-insecure-requests' => '1',
)
[ info ] [ PARAM ] array (
)
[ info ] [ BEHAVIOR ] Run app\common\behavior\Common @module_init [ RunTime:0.000933s ]
[ info ] [ TOKEN ] INIT Mysql
[ info ] [ DB ] INIT mysql
[ info ] [ VIEW ] /www/wwwroot/v.zzz80.cn/fasetadmin/public/../application/common/view/tpl/dispatch_jump.tpl [ array (
  0 => 'code',
  1 => 'msg',
  2 => 'data',
  3 => 'url',
  4 => 'wait',
) ]
[ info ] [ LOG ] INIT File
[ sql ] [ DB ] CONNECT:[ UseTime:0.000194s ] mysql:host=localhost;port=3306;dbname=fastadmin;charset=utf8
[ sql ] [ SQL ] SHOW COLUMNS FROM `fa_user_token` [ RunTime:0.000406s ]
[ sql ] [ SQL ] SELECT * FROM `fa_user_token` WHERE  `token` = 'd8aa945b8448d8a41ab99c04b04f9e522294b47c' LIMIT 1 [ RunTime:0.000184s ]
---------------------------------------------------------------
[ 2019-12-23T17:21:13+08:00 ] 173.252.87.27 GET 569528.com/index/user/login.html
[运行时间：0.022652s] [吞吐率：44.15req/s] [内存消耗：3,096.27kb] [文件加载：120]
[ info ] [ BEHAVIOR ] Run Closure @app_init [ RunTime:0.000014s ]
[ info ] [ CACHE ] INIT File
[ info ] [ BEHAVIOR ] Run Closure @app_init [ RunTime:0.000657s ]
[ info ] [ ROUTE ] array (
  'type' => 'module',
  'module' => 
  array (
    0 => 'index',
    1 => 'user',
    2 => 'login',
  ),
)
[ info ] [ HEADER ] array (
  'connection' => 'keep-alive',
  'host' => '569528.com',
  'accept-language' => 'en-US,en;q=0.9',
  'accept-encoding' => 'gzip, deflate',
  'accept' => 'text/html,application/xhtml+xml,application/xml;q=0.9,image/webp,image/apng,*/*;q=0.8,application/signed-exchange;v=b3;q=0.9',
  'user-agent' => 'Mozilla/5.0 (Windows NT 10.0; Win64; x64) AppleWebKit/537.36 (KHTML, like Gecko) Chrome/79.0.3945.88 Safari/537.36',
  'upgrade-insecure-requests' => '1',
)
[ info ] [ PARAM ] array (
)
[ info ] [ BEHAVIOR ] Run app\common\behavior\Common @module_init [ RunTime:0.000961s ]
[ info ] [ RUN ] app\index\controller\User->login[ /www/wwwroot/v.zzz80.cn/fasetadmin/application/index/controller/User.php ]
[ info ] [ VIEW ] /www/wwwroot/v.zzz80.cn/fasetadmin/public/../application/index/view/user/login.html [ array (
  0 => 'user',
  1 => 'site',
  2 => 'config',
  3 => 'url',
  4 => 'title',
) ]
[ info ] [ SESSION ] INIT array (
  'id' => '',
  'var_session_id' => '',
  'prefix' => 'think',
  'type' => '',
  'auto_start' => true,
)
[ info ] [ LOG ] INIT File
---------------------------------------------------------------
[ 2019-12-23T18:03:49+08:00 ] 47.101.61.16 GET 569528.com/
[运行时间：0.023377s] [吞吐率：42.78req/s] [内存消耗：3,392.94kb] [文件加载：128]
[ info ] [ BEHAVIOR ] Run Closure @app_init [ RunTime:0.000014s ]
[ info ] [ CACHE ] INIT File
[ info ] [ BEHAVIOR ] Run Closure @app_init [ RunTime:0.000654s ]
[ info ] [ LANG ] /www/wwwroot/v.zzz80.cn/fasetadmin/thinkphp/lang/zh-cn.php
[ info ] [ ROUTE ] array (
  'type' => 'module',
  'module' => 
  array (
    0 => '',
    1 => NULL,
    2 => NULL,
  ),
)
[ info ] [ HEADER ] array (
  'accept-encoding' => 'gzip',
  'connection' => 'Keep-Alive',
  'host' => '569528.com',
  'user-agent' => 'Mozilla/5.0 (X11; Ubuntu; Linux x86_64; rv:36.0) Gecko/20100101 Firefox/36.0',
)
[ info ] [ PARAM ] array (
)
[ info ] [ LANG ] /www/wwwroot/v.zzz80.cn/fasetadmin/public/../application/index/lang/zh-cn.php
[ info ] [ BEHAVIOR ] Run app\common\behavior\Common @module_init [ RunTime:0.000972s ]
[ info ] [ TOKEN ] INIT Mysql
[ info ] [ DB ] INIT mysql
[ info ] [ VIEW ] /www/wwwroot/v.zzz80.cn/fasetadmin/public/../application/common/view/tpl/dispatch_jump.tpl [ array (
  0 => 'code',
  1 => 'msg',
  2 => 'data',
  3 => 'url',
  4 => 'wait',
) ]
[ info ] [ LOG ] INIT File
[ sql ] [ DB ] CONNECT:[ UseTime:0.000204s ] mysql:host=localhost;port=3306;dbname=fastadmin;charset=utf8
[ sql ] [ SQL ] SHOW COLUMNS FROM `fa_user_token` [ RunTime:0.000425s ]
[ sql ] [ SQL ] SELECT * FROM `fa_user_token` WHERE  `token` = 'd8aa945b8448d8a41ab99c04b04f9e522294b47c' LIMIT 1 [ RunTime:0.000188s ]
---------------------------------------------------------------
[ 2019-12-23T18:03:50+08:00 ] 110.249.201.220 GET www.569528.com/skin/js/common_tpl.js
[运行时间：0.013674s] [吞吐率：73.13req/s] [内存消耗：1,864.41kb] [文件加载：106]
[ info ] [ BEHAVIOR ] Run Closure @app_init [ RunTime:0.000014s ]
[ info ] [ CACHE ] INIT File
[ info ] [ BEHAVIOR ] Run Closure @app_init [ RunTime:0.000648s ]
[ info ] [ LANG ] /www/wwwroot/v.zzz80.cn/fasetadmin/thinkphp/lang/zh-cn.php
[ info ] [ ROUTE ] array (
  'type' => 'module',
  'module' => 
  array (
    0 => 'skin',
    1 => 'js',
    2 => 'common_tpl.js',
  ),
)
[ info ] [ HEADER ] array (
  'accept-encoding' => 'gzip',
  'user-agent' => 'Mozilla/5.0 (Linux; Android 8.0; Pixel 2 Build/OPD3.170816.012) AppleWebKit/537.36 (KHTML, like Gecko) Chrome/58.0.1657.1477 Mobile Safari/537.36; Bytespider;https://zhanzhang.toutiao.com/',
  'host' => 'www.569528.com',
)
[ info ] [ PARAM ] array (
)
[ info ] [ LOG ] INIT File
---------------------------------------------------------------
[ 2019-12-23T18:25:31+08:00 ] 42.156.137.95 GET www.569528.com/cmz/90958_681_222_3.html
[运行时间：0.013686s] [吞吐率：73.07req/s] [内存消耗：1,866.67kb] [文件加载：106]
[ info ] [ BEHAVIOR ] Run Closure @app_init [ RunTime:0.000015s ]
[ info ] [ CACHE ] INIT File
[ info ] [ BEHAVIOR ] Run Closure @app_init [ RunTime:0.000642s ]
[ info ] [ LANG ] /www/wwwroot/v.zzz80.cn/fasetadmin/thinkphp/lang/zh-cn.php
[ info ] [ ROUTE ] array (
  'type' => 'module',
  'module' => 
  array (
    0 => 'cmz',
    1 => '90958_681_222_3',
    2 => NULL,
  ),
)
[ info ] [ HEADER ] array (
  'connection' => 'close',
  'user-agent' => 'Mozilla/5.0 (Windows NT 6.1; Win64; x64) AppleWebKit/537.36 (KHTML, like Gecko) Chrome/69.0.3497.81 YisouSpider/5.0 Safari/537.36',
  'upgrade-insecure-requests' => '1',
  'host' => 'www.569528.com',
  'accept-encoding' => 'gzip, deflate',
  'accept' => 'text/html,application/xhtml+xml,application/xml;q=0.9,image/webp,image/apng,*/*;q=0.8',
)
[ info ] [ PARAM ] array (
)
[ info ] [ LOG ] INIT File
---------------------------------------------------------------
[ 2019-12-23T19:32:11+08:00 ] 120.42.168.75 GET 569528.com/
[运行时间：0.024116s] [吞吐率：41.47req/s] [内存消耗：3,395.09kb] [文件加载：128]
[ info ] [ BEHAVIOR ] Run Closure @app_init [ RunTime:0.000014s ]
[ info ] [ CACHE ] INIT File
[ info ] [ BEHAVIOR ] Run Closure @app_init [ RunTime:0.000663s ]
[ info ] [ LANG ] /www/wwwroot/v.zzz80.cn/fasetadmin/thinkphp/lang/zh-cn.php
[ info ] [ ROUTE ] array (
  'type' => 'module',
  'module' => 
  array (
    0 => '',
    1 => NULL,
    2 => NULL,
  ),
)
[ info ] [ HEADER ] array (
  'host' => '569528.com',
  'user-agent' => 'Mozilla/5.0 (compatible; MSIE 9.0; Windows NT 6.1; WOW64; Trident/5.0)',
  'accept-language' => 'zh-cn',
  'accept-encoding' => 'gbk, GB2312',
  'accept' => 'text/html, application/xhtml+xml, */*',
  'connection' => 'Keep-Alive',
  'cache-control' => 'no-cache',
)
[ info ] [ PARAM ] array (
)
[ info ] [ LANG ] /www/wwwroot/v.zzz80.cn/fasetadmin/public/../application/index/lang/zh-cn.php
[ info ] [ BEHAVIOR ] Run app\common\behavior\Common @module_init [ RunTime:0.000960s ]
[ info ] [ TOKEN ] INIT Mysql
[ info ] [ DB ] INIT mysql
[ info ] [ VIEW ] /www/wwwroot/v.zzz80.cn/fasetadmin/public/../application/common/view/tpl/dispatch_jump.tpl [ array (
  0 => 'code',
  1 => 'msg',
  2 => 'data',
  3 => 'url',
  4 => 'wait',
) ]
[ info ] [ LOG ] INIT File
[ sql ] [ DB ] CONNECT:[ UseTime:0.000210s ] mysql:host=localhost;port=3306;dbname=fastadmin;charset=utf8
[ sql ] [ SQL ] SHOW COLUMNS FROM `fa_user_token` [ RunTime:0.000429s ]
[ sql ] [ SQL ] SELECT * FROM `fa_user_token` WHERE  `token` = 'd8aa945b8448d8a41ab99c04b04f9e522294b47c' LIMIT 1 [ RunTime:0.000190s ]
---------------------------------------------------------------
[ 2019-12-23T20:11:13+08:00 ] 47.110.159.36 GET www.569528.com/
[运行时间：0.023325s] [吞吐率：42.87req/s] [内存消耗：3,394.26kb] [文件加载：128]
[ info ] [ BEHAVIOR ] Run Closure @app_init [ RunTime:0.000014s ]
[ info ] [ CACHE ] INIT File
[ info ] [ BEHAVIOR ] Run Closure @app_init [ RunTime:0.000645s ]
[ info ] [ LANG ] /www/wwwroot/v.zzz80.cn/fasetadmin/thinkphp/lang/zh-cn.php
[ info ] [ ROUTE ] array (
  'type' => 'module',
  'module' => 
  array (
    0 => '',
    1 => NULL,
    2 => NULL,
  ),
)
[ info ] [ HEADER ] array (
  'user-agent' => '',
  'connection' => 'Keep-Alive',
  'host' => 'www.569528.com',
  'accept-encoding' => 'gzip',
  'x-request-id' => 'd6500719c6b94860b33ae726f84ee25a',
)
[ info ] [ PARAM ] array (
)
[ info ] [ LANG ] /www/wwwroot/v.zzz80.cn/fasetadmin/public/../application/index/lang/zh-cn.php
[ info ] [ BEHAVIOR ] Run app\common\behavior\Common @module_init [ RunTime:0.000930s ]
[ info ] [ TOKEN ] INIT Mysql
[ info ] [ DB ] INIT mysql
[ info ] [ VIEW ] /www/wwwroot/v.zzz80.cn/fasetadmin/public/../application/common/view/tpl/dispatch_jump.tpl [ array (
  0 => 'code',
  1 => 'msg',
  2 => 'data',
  3 => 'url',
  4 => 'wait',
) ]
[ info ] [ LOG ] INIT File
[ sql ] [ DB ] CONNECT:[ UseTime:0.000198s ] mysql:host=localhost;port=3306;dbname=fastadmin;charset=utf8
[ sql ] [ SQL ] SHOW COLUMNS FROM `fa_user_token` [ RunTime:0.000432s ]
[ sql ] [ SQL ] SELECT * FROM `fa_user_token` WHERE  `token` = 'd8aa945b8448d8a41ab99c04b04f9e522294b47c' LIMIT 1 [ RunTime:0.000183s ]
---------------------------------------------------------------
[ 2019-12-23T20:54:45+08:00 ] 106.11.158.52 GET www.569528.com/cmz/358686_8730_842_3.html
[运行时间：0.013667s] [吞吐率：73.17req/s] [内存消耗：1,866.70kb] [文件加载：106]
[ info ] [ BEHAVIOR ] Run Closure @app_init [ RunTime:0.000014s ]
[ info ] [ CACHE ] INIT File
[ info ] [ BEHAVIOR ] Run Closure @app_init [ RunTime:0.000641s ]
[ info ] [ LANG ] /www/wwwroot/v.zzz80.cn/fasetadmin/thinkphp/lang/zh-cn.php
[ info ] [ ROUTE ] array (
  'type' => 'module',
  'module' => 
  array (
    0 => 'cmz',
    1 => '358686_8730_842_3',
    2 => NULL,
  ),
)
[ info ] [ HEADER ] array (
  'connection' => 'close',
  'user-agent' => 'Mozilla/5.0 (Windows NT 6.1; Win64; x64) AppleWebKit/537.36 (KHTML, like Gecko) Chrome/69.0.3497.81 YisouSpider/5.0 Safari/537.36',
  'upgrade-insecure-requests' => '1',
  'host' => 'www.569528.com',
  'accept-encoding' => 'gzip, deflate',
  'accept' => 'text/html,application/xhtml+xml,application/xml;q=0.9,image/webp,image/apng,*/*;q=0.8',
)
[ info ] [ PARAM ] array (
)
[ info ] [ LOG ] INIT File
---------------------------------------------------------------
[ 2019-12-23T21:30:21+08:00 ] 89.163.242.228 GET www.569528.com/bdm/91737_696_958_2.html
[运行时间：0.013499s] [吞吐率：74.08req/s] [内存消耗：1,844.63kb] [文件加载：105]
[ info ] [ BEHAVIOR ] Run Closure @app_init [ RunTime:0.000014s ]
[ info ] [ CACHE ] INIT File
[ info ] [ BEHAVIOR ] Run Closure @app_init [ RunTime:0.000639s ]
[ info ] [ ROUTE ] array (
  'type' => 'module',
  'module' => 
  array (
    0 => 'bdm',
    1 => '91737_696_958_2',
    2 => NULL,
  ),
)
[ info ] [ HEADER ] array (
  'host' => 'www.569528.com',
  'accept-language' => 'en',
  'accept-encoding' => 'br,gzip',
  'user-agent' => 'Mozilla/5.0 (compatible; MJ12bot/v1.4.8; http://mj12bot.com/)',
  'accept' => 'text/html,text/plain,text/xml,text/*,application/xml,application/xhtml+xml,application/rss+xml,application/atom+xml,application/rdf+xml,application/php,application/x-php,application/x-httpd-php',
)
[ info ] [ PARAM ] array (
)
[ info ] [ LOG ] INIT File
---------------------------------------------------------------
[ 2019-12-23T21:30:26+08:00 ] 89.163.242.228 GET www.569528.com/bdm/98773_785_250_8.html
[运行时间：0.013779s] [吞吐率：72.57req/s] [内存消耗：1,844.63kb] [文件加载：105]
[ info ] [ BEHAVIOR ] Run Closure @app_init [ RunTime:0.000015s ]
[ info ] [ CACHE ] INIT File
[ info ] [ BEHAVIOR ] Run Closure @app_init [ RunTime:0.000830s ]
[ info ] [ ROUTE ] array (
  'type' => 'module',
  'module' => 
  array (
    0 => 'bdm',
    1 => '98773_785_250_8',
    2 => NULL,
  ),
)
[ info ] [ HEADER ] array (
  'host' => 'www.569528.com',
  'accept-language' => 'en',
  'accept-encoding' => 'br,gzip',
  'user-agent' => 'Mozilla/5.0 (compatible; MJ12bot/v1.4.8; http://mj12bot.com/)',
  'accept' => 'text/html,text/plain,text/xml,text/*,application/xml,application/xhtml+xml,application/rss+xml,application/atom+xml,application/rdf+xml,application/php,application/x-php,application/x-httpd-php',
)
[ info ] [ PARAM ] array (
)
[ info ] [ LOG ] INIT File
---------------------------------------------------------------
[ 2019-12-23T21:55:03+08:00 ] 113.234.90.197 GET www.569528.com/
[运行时间：0.023256s] [吞吐率：43.00req/s] [内存消耗：3,393.43kb] [文件加载：128]
[ info ] [ BEHAVIOR ] Run Closure @app_init [ RunTime:0.000015s ]
[ info ] [ CACHE ] INIT File
[ info ] [ BEHAVIOR ] Run Closure @app_init [ RunTime:0.000647s ]
[ info ] [ LANG ] /www/wwwroot/v.zzz80.cn/fasetadmin/thinkphp/lang/zh-cn.php
[ info ] [ ROUTE ] array (
  'type' => 'module',
  'module' => 
  array (
    0 => '',
    1 => NULL,
    2 => NULL,
  ),
)
[ info ] [ HEADER ] array (
  'connection' => 'Close',
  'host' => 'www.569528.com',
  'user-agent' => 'Mozilla/5.0 (Windows NT 6.1; WOW64) AppleWebKit/537.36 (KHTML, like Gecko) Chrome/50.0.2661.102 Safari/537.36',
  'accept' => 'text/html,application/xhtml+xml,application/xml;q=0.9,image/webp,*/*;q=0.8',
)
[ info ] [ PARAM ] array (
)
[ info ] [ LANG ] /www/wwwroot/v.zzz80.cn/fasetadmin/public/../application/index/lang/zh-cn.php
[ info ] [ BEHAVIOR ] Run app\common\behavior\Common @module_init [ RunTime:0.000969s ]
[ info ] [ TOKEN ] INIT Mysql
[ info ] [ DB ] INIT mysql
[ info ] [ VIEW ] /www/wwwroot/v.zzz80.cn/fasetadmin/public/../application/common/view/tpl/dispatch_jump.tpl [ array (
  0 => 'code',
  1 => 'msg',
  2 => 'data',
  3 => 'url',
  4 => 'wait',
) ]
[ info ] [ LOG ] INIT File
[ sql ] [ DB ] CONNECT:[ UseTime:0.000214s ] mysql:host=localhost;port=3306;dbname=fastadmin;charset=utf8
[ sql ] [ SQL ] SHOW COLUMNS FROM `fa_user_token` [ RunTime:0.000412s ]
[ sql ] [ SQL ] SELECT * FROM `fa_user_token` WHERE  `token` = 'd8aa945b8448d8a41ab99c04b04f9e522294b47c' LIMIT 1 [ RunTime:0.000181s ]
---------------------------------------------------------------
[ 2019-12-23T21:58:27+08:00 ] 163.177.13.2 HEAD www.569528.com/
[运行时间：0.023516s] [吞吐率：42.52req/s] [内存消耗：3,392.19kb] [文件加载：128]
[ info ] [ BEHAVIOR ] Run Closure @app_init [ RunTime:0.000015s ]
[ info ] [ CACHE ] INIT File
[ info ] [ BEHAVIOR ] Run Closure @app_init [ RunTime:0.000645s ]
[ info ] [ LANG ] /www/wwwroot/v.zzz80.cn/fasetadmin/thinkphp/lang/zh-cn.php
[ info ] [ ROUTE ] array (
  'type' => 'module',
  'module' => 
  array (
    0 => '',
    1 => NULL,
    2 => NULL,
  ),
)
[ info ] [ HEADER ] array (
  'host' => 'www.569528.com',
  'accept' => '*/*',
  'user-agent' => 'libcurl-agent/7.19.0',
)
[ info ] [ PARAM ] array (
)
[ info ] [ LANG ] /www/wwwroot/v.zzz80.cn/fasetadmin/public/../application/index/lang/zh-cn.php
[ info ] [ BEHAVIOR ] Run app\common\behavior\Common @module_init [ RunTime:0.000954s ]
[ info ] [ TOKEN ] INIT Mysql
[ info ] [ DB ] INIT mysql
[ info ] [ VIEW ] /www/wwwroot/v.zzz80.cn/fasetadmin/public/../application/common/view/tpl/dispatch_jump.tpl [ array (
  0 => 'code',
  1 => 'msg',
  2 => 'data',
  3 => 'url',
  4 => 'wait',
) ]
[ info ] [ LOG ] INIT File
[ sql ] [ DB ] CONNECT:[ UseTime:0.000198s ] mysql:host=localhost;port=3306;dbname=fastadmin;charset=utf8
[ sql ] [ SQL ] SHOW COLUMNS FROM `fa_user_token` [ RunTime:0.000414s ]
[ sql ] [ SQL ] SELECT * FROM `fa_user_token` WHERE  `token` = 'd8aa945b8448d8a41ab99c04b04f9e522294b47c' LIMIT 1 [ RunTime:0.000196s ]
---------------------------------------------------------------
[ 2019-12-23T22:06:31+08:00 ] 175.162.175.53 GET www.569528.com/
[运行时间：0.024093s] [吞吐率：41.51req/s] [内存消耗：3,393.43kb] [文件加载：128]
[ info ] [ BEHAVIOR ] Run Closure @app_init [ RunTime:0.000014s ]
[ info ] [ CACHE ] INIT File
[ info ] [ BEHAVIOR ] Run Closure @app_init [ RunTime:0.000666s ]
[ info ] [ LANG ] /www/wwwroot/v.zzz80.cn/fasetadmin/thinkphp/lang/zh-cn.php
[ info ] [ ROUTE ] array (
  'type' => 'module',
  'module' => 
  array (
    0 => '',
    1 => NULL,
    2 => NULL,
  ),
)
[ info ] [ HEADER ] array (
  'connection' => 'Close',
  'host' => 'www.569528.com',
  'user-agent' => 'Mozilla/5.0 (Windows NT 6.1; WOW64) AppleWebKit/537.36 (KHTML, like Gecko) Chrome/50.0.2661.102 Safari/537.36',
  'accept' => 'text/html,application/xhtml+xml,application/xml;q=0.9,image/webp,*/*;q=0.8',
)
[ info ] [ PARAM ] array (
)
[ info ] [ LANG ] /www/wwwroot/v.zzz80.cn/fasetadmin/public/../application/index/lang/zh-cn.php
[ info ] [ BEHAVIOR ] Run app\common\behavior\Common @module_init [ RunTime:0.000952s ]
[ info ] [ TOKEN ] INIT Mysql
[ info ] [ DB ] INIT mysql
[ info ] [ VIEW ] /www/wwwroot/v.zzz80.cn/fasetadmin/public/../application/common/view/tpl/dispatch_jump.tpl [ array (
  0 => 'code',
  1 => 'msg',
  2 => 'data',
  3 => 'url',
  4 => 'wait',
) ]
[ info ] [ LOG ] INIT File
[ sql ] [ DB ] CONNECT:[ UseTime:0.000207s ] mysql:host=localhost;port=3306;dbname=fastadmin;charset=utf8
[ sql ] [ SQL ] SHOW COLUMNS FROM `fa_user_token` [ RunTime:0.000420s ]
[ sql ] [ SQL ] SELECT * FROM `fa_user_token` WHERE  `token` = 'd8aa945b8448d8a41ab99c04b04f9e522294b47c' LIMIT 1 [ RunTime:0.000219s ]
---------------------------------------------------------------
[ 2019-12-23T22:06:44+08:00 ] 175.162.175.53 GET www.569528.com/
[运行时间：0.023215s] [吞吐率：43.08req/s] [内存消耗：3,393.43kb] [文件加载：128]
[ info ] [ BEHAVIOR ] Run Closure @app_init [ RunTime:0.000015s ]
[ info ] [ CACHE ] INIT File
[ info ] [ BEHAVIOR ] Run Closure @app_init [ RunTime:0.000639s ]
[ info ] [ LANG ] /www/wwwroot/v.zzz80.cn/fasetadmin/thinkphp/lang/zh-cn.php
[ info ] [ ROUTE ] array (
  'type' => 'module',
  'module' => 
  array (
    0 => '',
    1 => NULL,
    2 => NULL,
  ),
)
[ info ] [ HEADER ] array (
  'connection' => 'Close',
  'host' => 'www.569528.com',
  'user-agent' => 'Mozilla/5.0 (Windows NT 6.1; WOW64) AppleWebKit/537.36 (KHTML, like Gecko) Chrome/50.0.2661.102 Safari/537.36',
  'accept' => 'text/html,application/xhtml+xml,application/xml;q=0.9,image/webp,*/*;q=0.8',
)
[ info ] [ PARAM ] array (
)
[ info ] [ LANG ] /www/wwwroot/v.zzz80.cn/fasetadmin/public/../application/index/lang/zh-cn.php
[ info ] [ BEHAVIOR ] Run app\common\behavior\Common @module_init [ RunTime:0.000963s ]
[ info ] [ TOKEN ] INIT Mysql
[ info ] [ DB ] INIT mysql
[ info ] [ VIEW ] /www/wwwroot/v.zzz80.cn/fasetadmin/public/../application/common/view/tpl/dispatch_jump.tpl [ array (
  0 => 'code',
  1 => 'msg',
  2 => 'data',
  3 => 'url',
  4 => 'wait',
) ]
[ info ] [ LOG ] INIT File
[ sql ] [ DB ] CONNECT:[ UseTime:0.000197s ] mysql:host=localhost;port=3306;dbname=fastadmin;charset=utf8
[ sql ] [ SQL ] SHOW COLUMNS FROM `fa_user_token` [ RunTime:0.000419s ]
[ sql ] [ SQL ] SELECT * FROM `fa_user_token` WHERE  `token` = 'd8aa945b8448d8a41ab99c04b04f9e522294b47c' LIMIT 1 [ RunTime:0.000180s ]
---------------------------------------------------------------
[ 2019-12-23T22:06:52+08:00 ] 175.162.175.53 GET www.569528.com/
[运行时间：0.023417s] [吞吐率：42.70req/s] [内存消耗：3,393.43kb] [文件加载：128]
[ info ] [ BEHAVIOR ] Run Closure @app_init [ RunTime:0.000015s ]
[ info ] [ CACHE ] INIT File
[ info ] [ BEHAVIOR ] Run Closure @app_init [ RunTime:0.000659s ]
[ info ] [ LANG ] /www/wwwroot/v.zzz80.cn/fasetadmin/thinkphp/lang/zh-cn.php
[ info ] [ ROUTE ] array (
  'type' => 'module',
  'module' => 
  array (
    0 => '',
    1 => NULL,
    2 => NULL,
  ),
)
[ info ] [ HEADER ] array (
  'connection' => 'Close',
  'host' => 'www.569528.com',
  'user-agent' => 'Mozilla/5.0 (Windows NT 6.1; WOW64) AppleWebKit/537.36 (KHTML, like Gecko) Chrome/50.0.2661.102 Safari/537.36',
  'accept' => 'text/html,application/xhtml+xml,application/xml;q=0.9,image/webp,*/*;q=0.8',
)
[ info ] [ PARAM ] array (
)
[ info ] [ LANG ] /www/wwwroot/v.zzz80.cn/fasetadmin/public/../application/index/lang/zh-cn.php
[ info ] [ BEHAVIOR ] Run app\common\behavior\Common @module_init [ RunTime:0.000939s ]
[ info ] [ TOKEN ] INIT Mysql
[ info ] [ DB ] INIT mysql
[ info ] [ VIEW ] /www/wwwroot/v.zzz80.cn/fasetadmin/public/../application/common/view/tpl/dispatch_jump.tpl [ array (
  0 => 'code',
  1 => 'msg',
  2 => 'data',
  3 => 'url',
  4 => 'wait',
) ]
[ info ] [ LOG ] INIT File
[ sql ] [ DB ] CONNECT:[ UseTime:0.000195s ] mysql:host=localhost;port=3306;dbname=fastadmin;charset=utf8
[ sql ] [ SQL ] SHOW COLUMNS FROM `fa_user_token` [ RunTime:0.000415s ]
[ sql ] [ SQL ] SELECT * FROM `fa_user_token` WHERE  `token` = 'd8aa945b8448d8a41ab99c04b04f9e522294b47c' LIMIT 1 [ RunTime:0.000185s ]
---------------------------------------------------------------
[ 2019-12-23T22:49:33+08:00 ] 175.42.46.170 GET www.569528.com/
[运行时间：0.023325s] [吞吐率：42.87req/s] [内存消耗：3,394.86kb] [文件加载：128]
[ info ] [ BEHAVIOR ] Run Closure @app_init [ RunTime:0.000015s ]
[ info ] [ CACHE ] INIT File
[ info ] [ BEHAVIOR ] Run Closure @app_init [ RunTime:0.000633s ]
[ info ] [ LANG ] /www/wwwroot/v.zzz80.cn/fasetadmin/thinkphp/lang/zh-cn.php
[ info ] [ ROUTE ] array (
  'type' => 'module',
  'module' => 
  array (
    0 => '',
    1 => NULL,
    2 => NULL,
  ),
)
[ info ] [ HEADER ] array (
  'host' => 'www.569528.com',
  'user-agent' => 'Mozilla/5.0 (Windows NT 6.1; WOW64) AppleWebKit/537.1 (KHTML, like Gecko) Chrome/21.0.1180.89 Safari/537.1',
  'accept-language' => 'zh-cn',
  'accept' => 'text/html,application/xhtml+xml,text/xml',
  'connection' => 'Keep-Alive',
)
[ info ] [ PARAM ] array (
)
[ info ] [ LANG ] /www/wwwroot/v.zzz80.cn/fasetadmin/public/../application/index/lang/zh-cn.php
[ info ] [ BEHAVIOR ] Run app\common\behavior\Common @module_init [ RunTime:0.000951s ]
[ info ] [ TOKEN ] INIT Mysql
[ info ] [ DB ] INIT mysql
[ info ] [ VIEW ] /www/wwwroot/v.zzz80.cn/fasetadmin/public/../application/common/view/tpl/dispatch_jump.tpl [ array (
  0 => 'code',
  1 => 'msg',
  2 => 'data',
  3 => 'url',
  4 => 'wait',
) ]
[ info ] [ LOG ] INIT File
[ sql ] [ DB ] CONNECT:[ UseTime:0.000202s ] mysql:host=localhost;port=3306;dbname=fastadmin;charset=utf8
[ sql ] [ SQL ] SHOW COLUMNS FROM `fa_user_token` [ RunTime:0.000424s ]
[ sql ] [ SQL ] SELECT * FROM `fa_user_token` WHERE  `token` = 'd8aa945b8448d8a41ab99c04b04f9e522294b47c' LIMIT 1 [ RunTime:0.000199s ]
---------------------------------------------------------------
[ 2019-12-23T22:49:41+08:00 ] 157.55.39.101 GET 569528.com/
[运行时间：0.023434s] [吞吐率：42.67req/s] [内存消耗：3,394.93kb] [文件加载：128]
[ info ] [ BEHAVIOR ] Run Closure @app_init [ RunTime:0.000014s ]
[ info ] [ CACHE ] INIT File
[ info ] [ BEHAVIOR ] Run Closure @app_init [ RunTime:0.000649s ]
[ info ] [ LANG ] /www/wwwroot/v.zzz80.cn/fasetadmin/thinkphp/lang/zh-cn.php
[ info ] [ ROUTE ] array (
  'type' => 'module',
  'module' => 
  array (
    0 => '',
    1 => NULL,
    2 => NULL,
  ),
)
[ info ] [ HEADER ] array (
  'user-agent' => 'Mozilla/5.0 (compatible; bingbot/2.0; +http://www.bing.com/bingbot.htm)',
  'host' => '569528.com',
  'accept-encoding' => 'gzip, deflate',
  'accept' => '*/*',
  'pragma' => 'no-cache',
  'connection' => 'Keep-Alive',
  'cache-control' => 'no-cache',
)
[ info ] [ PARAM ] array (
)
[ info ] [ LANG ] /www/wwwroot/v.zzz80.cn/fasetadmin/public/../application/index/lang/zh-cn.php
[ info ] [ BEHAVIOR ] Run app\common\behavior\Common @module_init [ RunTime:0.000929s ]
[ info ] [ TOKEN ] INIT Mysql
[ info ] [ DB ] INIT mysql
[ info ] [ VIEW ] /www/wwwroot/v.zzz80.cn/fasetadmin/public/../application/common/view/tpl/dispatch_jump.tpl [ array (
  0 => 'code',
  1 => 'msg',
  2 => 'data',
  3 => 'url',
  4 => 'wait',
) ]
[ info ] [ LOG ] INIT File
[ sql ] [ DB ] CONNECT:[ UseTime:0.000204s ] mysql:host=localhost;port=3306;dbname=fastadmin;charset=utf8
[ sql ] [ SQL ] SHOW COLUMNS FROM `fa_user_token` [ RunTime:0.000421s ]
[ sql ] [ SQL ] SELECT * FROM `fa_user_token` WHERE  `token` = 'd8aa945b8448d8a41ab99c04b04f9e522294b47c' LIMIT 1 [ RunTime:0.000182s ]
---------------------------------------------------------------
[ 2019-12-23T22:59:34+08:00 ] 157.55.39.252 GET www.569528.com/qccg/85955_614_112_2.html
[运行时间：0.013594s] [吞吐率：73.56req/s] [内存消耗：1,866.69kb] [文件加载：106]
[ info ] [ BEHAVIOR ] Run Closure @app_init [ RunTime:0.000015s ]
[ info ] [ CACHE ] INIT File
[ info ] [ BEHAVIOR ] Run Closure @app_init [ RunTime:0.000643s ]
[ info ] [ LANG ] /www/wwwroot/v.zzz80.cn/fasetadmin/thinkphp/lang/zh-cn.php
[ info ] [ ROUTE ] array (
  'type' => 'module',
  'module' => 
  array (
    0 => 'qccg',
    1 => '85955_614_112_2',
    2 => NULL,
  ),
)
[ info ] [ HEADER ] array (
  'user-agent' => 'Mozilla/5.0 (compatible; bingbot/2.0; +http://www.bing.com/bingbot.htm)',
  'host' => 'www.569528.com',
  'from' => 'bingbot(at)microsoft.com',
  'accept-encoding' => 'gzip, deflate',
  'accept' => '*/*',
  'pragma' => 'no-cache',
  'connection' => 'Keep-Alive',
  'cache-control' => 'no-cache',
)
[ info ] [ PARAM ] array (
)
[ info ] [ LOG ] INIT File
---------------------------------------------------------------
[ 2019-12-23T22:59:42+08:00 ] 157.55.39.101 GET www.569528.com/xpw/1040_89_701_1.html
[运行时间：0.013706s] [吞吐率：72.96req/s] [内存消耗：1,866.63kb] [文件加载：106]
[ info ] [ BEHAVIOR ] Run Closure @app_init [ RunTime:0.000023s ]
[ info ] [ CACHE ] INIT File
[ info ] [ BEHAVIOR ] Run Closure @app_init [ RunTime:0.000642s ]
[ info ] [ LANG ] /www/wwwroot/v.zzz80.cn/fasetadmin/thinkphp/lang/zh-cn.php
[ info ] [ ROUTE ] array (
  'type' => 'module',
  'module' => 
  array (
    0 => 'xpw',
    1 => '1040_89_701_1',
    2 => NULL,
  ),
)
[ info ] [ HEADER ] array (
  'user-agent' => 'Mozilla/5.0 (compatible; bingbot/2.0; +http://www.bing.com/bingbot.htm)',
  'host' => 'www.569528.com',
  'from' => 'bingbot(at)microsoft.com',
  'accept-encoding' => 'gzip, deflate',
  'accept' => '*/*',
  'pragma' => 'no-cache',
  'connection' => 'Keep-Alive',
  'cache-control' => 'no-cache',
)
[ info ] [ PARAM ] array (
)
[ info ] [ LOG ] INIT File
---------------------------------------------------------------
[ 2019-12-23T23:00:35+08:00 ] 40.77.167.26 GET www.569528.com/qccg/127084_1167_226_7.html
[运行时间：0.014392s] [吞吐率：69.48req/s] [内存消耗：1,866.70kb] [文件加载：106]
[ info ] [ BEHAVIOR ] Run Closure @app_init [ RunTime:0.000014s ]
[ info ] [ CACHE ] INIT File
[ info ] [ BEHAVIOR ] Run Closure @app_init [ RunTime:0.000677s ]
[ info ] [ LANG ] /www/wwwroot/v.zzz80.cn/fasetadmin/thinkphp/lang/zh-cn.php
[ info ] [ ROUTE ] array (
  'type' => 'module',
  'module' => 
  array (
    0 => 'qccg',
    1 => '127084_1167_226_7',
    2 => NULL,
  ),
)
[ info ] [ HEADER ] array (
  'user-agent' => 'Mozilla/5.0 (compatible; bingbot/2.0; +http://www.bing.com/bingbot.htm)',
  'host' => 'www.569528.com',
  'from' => 'bingbot(at)microsoft.com',
  'accept-encoding' => 'gzip, deflate',
  'accept' => '*/*',
  'pragma' => 'no-cache',
  'connection' => 'Keep-Alive',
  'cache-control' => 'no-cache',
)
[ info ] [ PARAM ] array (
)
[ info ] [ LOG ] INIT File
---------------------------------------------------------------
[ 2019-12-23T23:00:35+08:00 ] 40.77.167.26 GET www.569528.com/bdm/122071_1094_142_10.html
[运行时间：0.013601s] [吞吐率：73.52req/s] [内存消耗：1,866.70kb] [文件加载：106]
[ info ] [ BEHAVIOR ] Run Closure @app_init [ RunTime:0.000013s ]
[ info ] [ CACHE ] INIT File
[ info ] [ BEHAVIOR ] Run Closure @app_init [ RunTime:0.000637s ]
[ info ] [ LANG ] /www/wwwroot/v.zzz80.cn/fasetadmin/thinkphp/lang/zh-cn.php
[ info ] [ ROUTE ] array (
  'type' => 'module',
  'module' => 
  array (
    0 => 'bdm',
    1 => '122071_1094_142_10',
    2 => NULL,
  ),
)
[ info ] [ HEADER ] array (
  'user-agent' => 'Mozilla/5.0 (compatible; bingbot/2.0; +http://www.bing.com/bingbot.htm)',
  'host' => 'www.569528.com',
  'from' => 'bingbot(at)microsoft.com',
  'accept-encoding' => 'gzip, deflate',
  'accept' => '*/*',
  'pragma' => 'no-cache',
  'connection' => 'Keep-Alive',
  'cache-control' => 'no-cache',
)
[ info ] [ PARAM ] array (
)
[ info ] [ LOG ] INIT File
---------------------------------------------------------------
[ 2019-12-23T23:28:30+08:00 ] 195.154.182.89 GET 569528.com/
[运行时间：0.023338s] [吞吐率：42.85req/s] [内存消耗：3,394.91kb] [文件加载：128]
[ info ] [ BEHAVIOR ] Run Closure @app_init [ RunTime:0.000014s ]
[ info ] [ CACHE ] INIT File
[ info ] [ BEHAVIOR ] Run Closure @app_init [ RunTime:0.000646s ]
[ info ] [ LANG ] /www/wwwroot/v.zzz80.cn/fasetadmin/thinkphp/lang/zh-cn.php
[ info ] [ ROUTE ] array (
  'type' => 'module',
  'module' => 
  array (
    0 => '',
    1 => NULL,
    2 => NULL,
  ),
)
[ info ] [ HEADER ] array (
  'connection' => 'close',
  'host' => '569528.com',
  'referer' => 'http://569528.com/',
  'user-agent' => 'Mozilla/5.0 (Windows NT 6.1; Win64; x64) AppleWebKit/537.36 (KHTML, like Gecko) Chrome/66.0.3359.170 Safari/537.36 OPR/53.0.2907.99',
  'accept' => 'text/html,application/xhtml+xml,application/xml;q=0.9,image/webp,*/*;q=0.8',
)
[ info ] [ PARAM ] array (
)
[ info ] [ LANG ] /www/wwwroot/v.zzz80.cn/fasetadmin/public/../application/index/lang/zh-cn.php
[ info ] [ BEHAVIOR ] Run app\common\behavior\Common @module_init [ RunTime:0.000952s ]
[ info ] [ TOKEN ] INIT Mysql
[ info ] [ DB ] INIT mysql
[ info ] [ VIEW ] /www/wwwroot/v.zzz80.cn/fasetadmin/public/../application/common/view/tpl/dispatch_jump.tpl [ array (
  0 => 'code',
  1 => 'msg',
  2 => 'data',
  3 => 'url',
  4 => 'wait',
) ]
[ info ] [ LOG ] INIT File
[ sql ] [ DB ] CONNECT:[ UseTime:0.000210s ] mysql:host=localhost;port=3306;dbname=fastadmin;charset=utf8
[ sql ] [ SQL ] SHOW COLUMNS FROM `fa_user_token` [ RunTime:0.000411s ]
[ sql ] [ SQL ] SELECT * FROM `fa_user_token` WHERE  `token` = 'd8aa945b8448d8a41ab99c04b04f9e522294b47c' LIMIT 1 [ RunTime:0.000189s ]
---------------------------------------------------------------
[ 2019-12-23T23:36:19+08:00 ] 113.234.90.197 GET www.569528.com/
[运行时间：0.023320s] [吞吐率：42.88req/s] [内存消耗：3,393.43kb] [文件加载：128]
[ info ] [ BEHAVIOR ] Run Closure @app_init [ RunTime:0.000014s ]
[ info ] [ CACHE ] INIT File
[ info ] [ BEHAVIOR ] Run Closure @app_init [ RunTime:0.000658s ]
[ info ] [ LANG ] /www/wwwroot/v.zzz80.cn/fasetadmin/thinkphp/lang/zh-cn.php
[ info ] [ ROUTE ] array (
  'type' => 'module',
  'module' => 
  array (
    0 => '',
    1 => NULL,
    2 => NULL,
  ),
)
[ info ] [ HEADER ] array (
  'connection' => 'Close',
  'host' => 'www.569528.com',
  'user-agent' => 'Mozilla/5.0 (Windows NT 6.1; WOW64) AppleWebKit/537.36 (KHTML, like Gecko) Chrome/50.0.2661.102 Safari/537.36',
  'accept' => 'text/html,application/xhtml+xml,application/xml;q=0.9,image/webp,*/*;q=0.8',
)
[ info ] [ PARAM ] array (
)
[ info ] [ LANG ] /www/wwwroot/v.zzz80.cn/fasetadmin/public/../application/index/lang/zh-cn.php
[ info ] [ BEHAVIOR ] Run app\common\behavior\Common @module_init [ RunTime:0.000961s ]
[ info ] [ TOKEN ] INIT Mysql
[ info ] [ DB ] INIT mysql
[ info ] [ VIEW ] /www/wwwroot/v.zzz80.cn/fasetadmin/public/../application/common/view/tpl/dispatch_jump.tpl [ array (
  0 => 'code',
  1 => 'msg',
  2 => 'data',
  3 => 'url',
  4 => 'wait',
) ]
[ info ] [ LOG ] INIT File
[ sql ] [ DB ] CONNECT:[ UseTime:0.000200s ] mysql:host=localhost;port=3306;dbname=fastadmin;charset=utf8
[ sql ] [ SQL ] SHOW COLUMNS FROM `fa_user_token` [ RunTime:0.000409s ]
[ sql ] [ SQL ] SELECT * FROM `fa_user_token` WHERE  `token` = 'd8aa945b8448d8a41ab99c04b04f9e522294b47c' LIMIT 1 [ RunTime:0.000183s ]
---------------------------------------------------------------
[ 2019-12-23T23:40:57+08:00 ] 113.234.90.197 GET www.569528.com/
[运行时间：0.023263s] [吞吐率：42.99req/s] [内存消耗：3,393.43kb] [文件加载：128]
[ info ] [ BEHAVIOR ] Run Closure @app_init [ RunTime:0.000014s ]
[ info ] [ CACHE ] INIT File
[ info ] [ BEHAVIOR ] Run Closure @app_init [ RunTime:0.000646s ]
[ info ] [ LANG ] /www/wwwroot/v.zzz80.cn/fasetadmin/thinkphp/lang/zh-cn.php
[ info ] [ ROUTE ] array (
  'type' => 'module',
  'module' => 
  array (
    0 => '',
    1 => NULL,
    2 => NULL,
  ),
)
[ info ] [ HEADER ] array (
  'connection' => 'Close',
  'host' => 'www.569528.com',
  'user-agent' => 'Mozilla/5.0 (Windows NT 6.1; WOW64) AppleWebKit/537.36 (KHTML, like Gecko) Chrome/50.0.2661.102 Safari/537.36',
  'accept' => 'text/html,application/xhtml+xml,application/xml;q=0.9,image/webp,*/*;q=0.8',
)
[ info ] [ PARAM ] array (
)
[ info ] [ LANG ] /www/wwwroot/v.zzz80.cn/fasetadmin/public/../application/index/lang/zh-cn.php
[ info ] [ BEHAVIOR ] Run app\common\behavior\Common @module_init [ RunTime:0.000984s ]
[ info ] [ TOKEN ] INIT Mysql
[ info ] [ DB ] INIT mysql
[ info ] [ VIEW ] /www/wwwroot/v.zzz80.cn/fasetadmin/public/../application/common/view/tpl/dispatch_jump.tpl [ array (
  0 => 'code',
  1 => 'msg',
  2 => 'data',
  3 => 'url',
  4 => 'wait',
) ]
[ info ] [ LOG ] INIT File
[ sql ] [ DB ] CONNECT:[ UseTime:0.000205s ] mysql:host=localhost;port=3306;dbname=fastadmin;charset=utf8
[ sql ] [ SQL ] SHOW COLUMNS FROM `fa_user_token` [ RunTime:0.000404s ]
[ sql ] [ SQL ] SELECT * FROM `fa_user_token` WHERE  `token` = 'd8aa945b8448d8a41ab99c04b04f9e522294b47c' LIMIT 1 [ RunTime:0.000184s ]
